[ 2016-12-26T10:23:33+08:00 ] 127.0.0.1 /favicon.ico
INFO: [ app_init ] --START--
INFO: Run Behavior\BuildLiteBehavior [ RunTime:0.000055s ]
INFO: [ app_init ] --END-- [ RunTime:0.000189s ]

[ 2016-12-26T19:29:30+08:00 ] 127.0.0.1 /favicon.ico
INFO: [ app_init ] --START--
INFO: Run Behavior\BuildLiteBehavior [ RunTime:0.000037s ]
INFO: [ app_init ] --END-- [ RunTime:0.000172s ]

[ 2016-12-26T20:49:25+08:00 ] 127.0.0.1 /Uploads/2016-12-26/5861109094148.jpg
INFO: [ app_init ] --START--
INFO: Run Behavior\BuildLiteBehavior [ RunTime:0.000018s ]
INFO: [ app_init ] --END-- [ RunTime:0.000108s ]

[ 2016-12-26T20:49:25+08:00 ] 127.0.0.1 /Uploads/2016-12-26/5861109094148.jpg
INFO: [ app_init ] --START--
INFO: Run Behavior\BuildLiteBehavior [ RunTime:0.000022s ]
INFO: [ app_init ] --END-- [ RunTime:0.000126s ]

[ 2016-12-26T20:58:00+08:00 ] 127.0.0.1 /Uploads/2016-12-26/586113d1f054a.jpg
INFO: [ app_init ] --START--
INFO: Run Behavior\BuildLiteBehavior [ RunTime:0.000020s ]
INFO: [ app_init ] --END-- [ RunTime:0.000116s ]

[ 2016-12-26T20:58:00+08:00 ] 127.0.0.1 /Uploads/2016-12-26/586113d1f054a.jpg
INFO: [ app_init ] --START--
INFO: Run Behavior\BuildLiteBehavior [ RunTime:0.000031s ]
INFO: [ app_init ] --END-- [ RunTime:0.000168s ]

[ 2016-12-26T20:58:04+08:00 ] 127.0.0.1 /Uploads/2016-12-26/586113d1f054a.jpg
INFO: [ app_init ] --START--
INFO: Run Behavior\BuildLiteBehavior [ RunTime:0.000055s ]
INFO: [ app_init ] --END-- [ RunTime:0.000159s ]

[ 2016-12-26T20:58:04+08:00 ] 127.0.0.1 /Uploads/2016-12-26/586113d1f054a.jpg
INFO: [ app_init ] --START--
INFO: Run Behavior\BuildLiteBehavior [ RunTime:0.000030s ]
INFO: [ app_init ] --END-- [ RunTime:0.000145s ]

[ 2016-12-26T20:58:45+08:00 ] 127.0.0.1 /Uploads/2016-12-26/586113d1f054a.jpg
INFO: [ app_init ] --START--
INFO: Run Behavior\BuildLiteBehavior [ RunTime:0.000023s ]
INFO: [ app_init ] --END-- [ RunTime:0.000216s ]

[ 2016-12-26T20:59:18+08:00 ] 127.0.0.1 /Uploads/2016-12-26/586114095791b.jpg
INFO: [ app_init ] --START--
INFO: Run Behavior\BuildLiteBehavior [ RunTime:0.000020s ]
INFO: [ app_init ] --END-- [ RunTime:0.000121s ]

[ 2016-12-26T21:21:50+08:00 ] 127.0.0.1 /App/Admin/View/style/imges/yes.png
INFO: [ app_init ] --START--
INFO: Run Behavior\BuildLiteBehavior [ RunTime:0.000022s ]
INFO: [ app_init ] --END-- [ RunTime:0.000183s ]

[ 2016-12-26T21:22:07+08:00 ] 127.0.0.1 /App/Admin/View/style/imges/yes.png
INFO: [ app_init ] --START--
INFO: Run Behavior\BuildLiteBehavior [ RunTime:0.000018s ]
INFO: [ app_init ] --END-- [ RunTime:0.000107s ]

[ 2016-12-26T21:29:42+08:00 ] 127.0.0.1 /Uploads/2016-12-26/58611508f209e.jpg
INFO: [ app_init ] --START--
INFO: Run Behavior\BuildLiteBehavior [ RunTime:0.000019s ]
INFO: [ app_init ] --END-- [ RunTime:0.000110s ]

[ 2016-12-26T21:29:56+08:00 ] 127.0.0.1 /Uploads/2016-12-26/58611508f209e.jpg
INFO: [ app_init ] --START--
INFO: Run Behavior\BuildLiteBehavior [ RunTime:0.000039s ]
INFO: [ app_init ] --END-- [ RunTime:0.000194s ]

[ 2016-12-26T21:30:00+08:00 ] 127.0.0.1 /Uploads/2016-12-26/58611508f209e.jpg
INFO: [ app_init ] --START--
INFO: Run Behavior\BuildLiteBehavior [ RunTime:0.000024s ]
INFO: [ app_init ] --END-- [ RunTime:0.000129s ]

[ 2016-12-26T21:30:09+08:00 ] 127.0.0.1 /Uploads/2016-12-26/58611508f209e.jpg
INFO: [ app_init ] --START--
INFO: Run Behavior\BuildLiteBehavior [ RunTime:0.000024s ]
INFO: [ app_init ] --END-- [ RunTime:0.000131s ]

[ 2016-12-26T21:30:21+08:00 ] 127.0.0.1 /Uploads/2016-12-26/58611508f209e.jpg
INFO: [ app_init ] --START--
INFO: Run Behavior\BuildLiteBehavior [ RunTime:0.000041s ]
INFO: [ app_init ] --END-- [ RunTime:0.000150s ]

[ 2016-12-26T21:30:26+08:00 ] 127.0.0.1 /Uploads/2016-12-26/58611508f209e.jpg
INFO: [ app_init ] --START--
INFO: Run Behavior\BuildLiteBehavior [ RunTime:0.000028s ]
INFO: [ app_init ] --END-- [ RunTime:0.000163s ]

[ 2016-12-26T21:30:28+08:00 ] 127.0.0.1 /Uploads/2016-12-26/58611508f209e.jpg
INFO: [ app_init ] --START--
INFO: Run Behavior\BuildLiteBehavior [ RunTime:0.000020s ]
INFO: [ app_init ] --END-- [ RunTime:0.000121s ]

[ 2016-12-26T21:30:28+08:00 ] 127.0.0.1 /Uploads/2016-12-26/58611508f209e.jpg
INFO: [ app_init ] --START--
INFO: Run Behavior\BuildLiteBehavior [ RunTime:0.000024s ]
INFO: [ app_init ] --END-- [ RunTime:0.000202s ]

[ 2016-12-26T21:30:30+08:00 ] 127.0.0.1 /Uploads/2016-12-26/58611508f209e.jpg
INFO: [ app_init ] --START--
INFO: Run Behavior\BuildLiteBehavior [ RunTime:0.000018s ]
INFO: [ app_init ] --END-- [ RunTime:0.000148s ]

[ 2016-12-26T21:30:30+08:00 ] 127.0.0.1 /Uploads/2016-12-26/58611508f209e.jpg
INFO: [ app_init ] --START--
INFO: Run Behavior\BuildLiteBehavior [ RunTime:0.000019s ]
INFO: [ app_init ] --END-- [ RunTime:0.000111s ]

[ 2016-12-26T21:30:32+08:00 ] 127.0.0.1 /Uploads/2016-12-26/58611508f209e.jpg
INFO: [ app_init ] --START--
INFO: Run Behavior\BuildLiteBehavior [ RunTime:0.000038s ]
INFO: [ app_init ] --END-- [ RunTime:0.000142s ]

[ 2016-12-26T21:30:34+08:00 ] 127.0.0.1 /Uploads/2016-12-26/58611508f209e.jpg
INFO: [ app_init ] --START--
INFO: Run Behavior\BuildLiteBehavior [ RunTime:0.000022s ]
INFO: [ app_init ] --END-- [ RunTime:0.000132s ]

[ 2016-12-26T21:30:37+08:00 ] 127.0.0.1 /Uploads/2016-12-26/58611508f209e.jpg
INFO: [ app_init ] --START--
INFO: Run Behavior\BuildLiteBehavior [ RunTime:0.000021s ]
INFO: [ app_init ] --END-- [ RunTime:0.000179s ]

[ 2016-12-26T21:30:38+08:00 ] 127.0.0.1 /Uploads/2016-12-26/58611508f209e.jpg
INFO: [ app_init ] --START--
INFO: Run Behavior\BuildLiteBehavior [ RunTime:0.000024s ]
INFO: [ app_init ] --END-- [ RunTime:0.000174s ]

[ 2016-12-26T22:08:38+08:00 ] 127.0.0.1 /1_100_75.jpeg
INFO: [ app_init ] --START--
INFO: Run Behavior\BuildLiteBehavior [ RunTime:0.000038s ]
INFO: [ app_init ] --END-- [ RunTime:0.000143s ]
ERR: 无法加载控制器:1_100_75.jpeg

[ 2016-12-26T22:08:38+08:00 ] 127.0.0.1 /2_100_75.jpeg
INFO: [ app_init ] --START--
INFO: Run Behavior\BuildLiteBehavior [ RunTime:0.000018s ]
INFO: [ app_init ] --END-- [ RunTime:0.000110s ]
ERR: 无法加载控制器:2_100_75.jpeg

[ 2016-12-26T22:08:38+08:00 ] 127.0.0.1 /1_100_75.jpeg
INFO: [ app_init ] --START--
INFO: Run Behavior\BuildLiteBehavior [ RunTime:0.000030s ]
INFO: [ app_init ] --END-- [ RunTime:0.000160s ]
ERR: 无法加载控制器:1_100_75.jpeg

[ 2016-12-26T22:08:38+08:00 ] 127.0.0.1 /2_100_75.jpeg
INFO: [ app_init ] --START--
INFO: Run Behavior\BuildLiteBehavior [ RunTime:0.000021s ]
INFO: [ app_init ] --END-- [ RunTime:0.000131s ]
ERR: 无法加载控制器:2_100_75.jpeg

[ 2016-12-26T22:17:42+08:00 ] 127.0.0.1 /Uploads/product/1/1_100_75.jpeg
INFO: [ app_init ] --START--
INFO: Run Behavior\BuildLiteBehavior [ RunTime:0.000021s ]
INFO: [ app_init ] --END-- [ RunTime:0.000118s ]
ERR: 无法加载控制器:Uploads

[ 2016-12-26T22:17:42+08:00 ] 127.0.0.1 /Uploads/product/2/2_100_75.jpeg
INFO: [ app_init ] --START--
INFO: Run Behavior\BuildLiteBehavior [ RunTime:0.000021s ]
INFO: [ app_init ] --END-- [ RunTime:0.000123s ]
ERR: 无法加载控制器:Uploads

[ 2016-12-26T22:17:43+08:00 ] 127.0.0.1 /Uploads/product/1/1_100_75.jpeg
INFO: [ app_init ] --START--
INFO: Run Behavior\BuildLiteBehavior [ RunTime:0.000019s ]
INFO: [ app_init ] --END-- [ RunTime:0.000133s ]
ERR: 无法加载控制器:Uploads

[ 2016-12-26T22:17:43+08:00 ] 127.0.0.1 /Uploads/product/2/2_100_75.jpeg
INFO: [ app_init ] --START--
INFO: Run Behavior\BuildLiteBehavior [ RunTime:0.000028s ]
INFO: [ app_init ] --END-- [ RunTime:0.000132s ]
ERR: 无法加载控制器:Uploads

[ 2016-12-26T22:18:40+08:00 ] 127.0.0.1 /Uploads/product/1/1_100_75.jpeg
INFO: [ app_init ] --START--
INFO: Run Behavior\BuildLiteBehavior [ RunTime:0.000023s ]
INFO: [ app_init ] --END-- [ RunTime:0.000124s ]
ERR: 无法加载控制器:Uploads

[ 2016-12-26T22:18:40+08:00 ] 127.0.0.1 /Uploads/product/2/2_100_75.jpeg
INFO: [ app_init ] --START--
INFO: Run Behavior\BuildLiteBehavior [ RunTime:0.000019s ]
INFO: [ app_init ] --END-- [ RunTime:0.000126s ]
ERR: 无法加载控制器:Uploads

[ 2016-12-26T22:18:40+08:00 ] 127.0.0.1 /Uploads/product/1/1_100_75.jpeg
INFO: [ app_init ] --START--
INFO: Run Behavior\BuildLiteBehavior [ RunTime:0.000054s ]
INFO: [ app_init ] --END-- [ RunTime:0.000149s ]
ERR: 无法加载控制器:Uploads

[ 2016-12-26T22:18:40+08:00 ] 127.0.0.1 /Uploads/product/2/2_100_75.jpeg
INFO: [ app_init ] --START--
INFO: Run Behavior\BuildLiteBehavior [ RunTime:0.000037s ]
INFO: [ app_init ] --END-- [ RunTime:0.000154s ]
ERR: 无法加载控制器:Uploads

[ 2016-12-26T22:19:49+08:00 ] 127.0.0.1 /Uploads/product/1/1_100_75.jpeg
INFO: [ app_init ] --START--
INFO: Run Behavior\BuildLiteBehavior [ RunTime:0.000021s ]
INFO: [ app_init ] --END-- [ RunTime:0.000120s ]
ERR: 无法加载控制器:Uploads

[ 2016-12-26T22:19:49+08:00 ] 127.0.0.1 /Uploads/product/2/2_100_75.jpeg
INFO: [ app_init ] --START--
INFO: Run Behavior\BuildLiteBehavior [ RunTime:0.000023s ]
INFO: [ app_init ] --END-- [ RunTime:0.000130s ]
ERR: 无法加载控制器:Uploads

[ 2016-12-26T22:19:49+08:00 ] 127.0.0.1 /Uploads/product/1/1_100_75.jpeg
INFO: [ app_init ] --START--
INFO: Run Behavior\BuildLiteBehavior [ RunTime:0.000023s ]
INFO: [ app_init ] --END-- [ RunTime:0.000137s ]
ERR: 无法加载控制器:Uploads

[ 2016-12-26T22:19:49+08:00 ] 127.0.0.1 /Uploads/product/2/2_100_75.jpeg
INFO: [ app_init ] --START--
INFO: Run Behavior\BuildLiteBehavior [ RunTime:0.000025s ]
INFO: [ app_init ] --END-- [ RunTime:0.000140s ]
ERR: 无法加载控制器:Uploads

[ 2016-12-26T22:19:51+08:00 ] 127.0.0.1 /Uploads/product/1/1_100_75.jpeg
INFO: [ app_init ] --START--
INFO: Run Behavior\BuildLiteBehavior [ RunTime:0.000022s ]
INFO: [ app_init ] --END-- [ RunTime:0.000134s ]
ERR: 无法加载控制器:Uploads

[ 2016-12-26T22:19:51+08:00 ] 127.0.0.1 /Uploads/product/2/2_100_75.jpeg
INFO: [ app_init ] --START--
INFO: Run Behavior\BuildLiteBehavior [ RunTime:0.000028s ]
INFO: [ app_init ] --END-- [ RunTime:0.000145s ]
ERR: 无法加载控制器:Uploads

[ 2016-12-26T22:19:51+08:00 ] 127.0.0.1 /Uploads/product/1/1_100_75.jpeg
INFO: [ app_init ] --START--
INFO: Run Behavior\BuildLiteBehavior [ RunTime:0.000021s ]
INFO: [ app_init ] --END-- [ RunTime:0.000117s ]
ERR: 无法加载控制器:Uploads

[ 2016-12-26T22:19:51+08:00 ] 127.0.0.1 /Uploads/product/2/2_100_75.jpeg
INFO: [ app_init ] --START--
INFO: Run Behavior\BuildLiteBehavior [ RunTime:0.000020s ]
INFO: [ app_init ] --END-- [ RunTime:0.000119s ]
ERR: 无法加载控制器:Uploads

[ 2016-12-26T22:22:44+08:00 ] 127.0.0.1 /Uploads/product/1/1_100_75.jpeg
INFO: [ app_init ] --START--
INFO: Run Behavior\BuildLiteBehavior [ RunTime:0.000019s ]
INFO: [ app_init ] --END-- [ RunTime:0.000108s ]
ERR: 无法加载控制器:Uploads

[ 2016-12-26T22:22:44+08:00 ] 127.0.0.1 /Uploads/product/2/2_100_75.jpeg
INFO: [ app_init ] --START--
INFO: Run Behavior\BuildLiteBehavior [ RunTime:0.000020s ]
INFO: [ app_init ] --END-- [ RunTime:0.000118s ]
ERR: 无法加载控制器:Uploads

[ 2016-12-26T22:22:44+08:00 ] 127.0.0.1 /Uploads/product/1/1_100_75.jpeg
INFO: [ app_init ] --START--
INFO: Run Behavior\BuildLiteBehavior [ RunTime:0.000026s ]
INFO: [ app_init ] --END-- [ RunTime:0.000130s ]
ERR: 无法加载控制器:Uploads

[ 2016-12-26T22:22:44+08:00 ] 127.0.0.1 /Uploads/product/2/2_100_75.jpeg
INFO: [ app_init ] --START--
INFO: Run Behavior\BuildLiteBehavior [ RunTime:0.000021s ]
INFO: [ app_init ] --END-- [ RunTime:0.000144s ]
ERR: 无法加载控制器:Uploads

[ 2016-12-26T22:23:47+08:00 ] 127.0.0.1 /Uploads/product/1/1_100_75.
INFO: [ app_init ] --START--
INFO: Run Behavior\BuildLiteBehavior [ RunTime:0.000021s ]
INFO: [ app_init ] --END-- [ RunTime:0.000122s ]
ERR: 无法加载控制器:Uploads

[ 2016-12-26T22:23:47+08:00 ] 127.0.0.1 /Uploads/product/2/2_100_75.
INFO: [ app_init ] --START--
INFO: Run Behavior\BuildLiteBehavior [ RunTime:0.000018s ]
INFO: [ app_init ] --END-- [ RunTime:0.000177s ]
ERR: 无法加载控制器:Uploads

[ 2016-12-26T22:23:48+08:00 ] 127.0.0.1 /Uploads/product/1/1_100_75.
INFO: [ app_init ] --START--
INFO: Run Behavior\BuildLiteBehavior [ RunTime:0.000044s ]
INFO: [ app_init ] --END-- [ RunTime:0.000189s ]
ERR: 无法加载控制器:Uploads

[ 2016-12-26T22:23:48+08:00 ] 127.0.0.1 /Uploads/product/2/2_100_75.
INFO: [ app_init ] --START--
INFO: Run Behavior\BuildLiteBehavior [ RunTime:0.000047s ]
INFO: [ app_init ] --END-- [ RunTime:0.000246s ]
ERR: 无法加载控制器:Uploads

