[ 2017-02-26T12:24:29+08:00 ] 127.0.0.1 /favicon.ico
INFO: [ app_init ] --START--
INFO: Run Behavior\BuildLiteBehavior [ RunTime:0.000019s ]
INFO: [ app_init ] --END-- [ RunTime:0.000111s ]

[ 2017-02-26T12:24:40+08:00 ] 127.0.0.1 /favicon.ico
INFO: [ app_init ] --START--
INFO: Run Behavior\BuildLiteBehavior [ RunTime:0.000020s ]
INFO: [ app_init ] --END-- [ RunTime:0.000127s ]

[ 2017-02-26T12:41:24+08:00 ] 127.0.0.1 /
INFO: [ app_init ] --START--
INFO: Run Behavior\BuildLiteBehavior [ RunTime:0.000140s ]
INFO: [ app_init ] --END-- [ RunTime:0.001082s ]

[ 2017-02-26T13:07:31+08:00 ] 127.0.0.1 /favicon.ico
INFO: [ app_init ] --START--
INFO: Run Behavior\BuildLiteBehavior [ RunTime:0.000022s ]
INFO: [ app_init ] --END-- [ RunTime:0.000128s ]

[ 2017-02-26T14:25:15+08:00 ] 127.0.0.1 /favicon.ico
INFO: [ app_init ] --START--
INFO: Run Behavior\BuildLiteBehavior [ RunTime:0.000020s ]
INFO: [ app_init ] --END-- [ RunTime:0.000120s ]

[ 2017-02-26T14:25:15+08:00 ] 127.0.0.1 /favicon.ico
INFO: [ app_init ] --START--
INFO: Run Behavior\BuildLiteBehavior [ RunTime:0.000020s ]
INFO: [ app_init ] --END-- [ RunTime:0.000122s ]

[ 2017-02-26T14:34:21+08:00 ] 127.0.0.1 /favicon.ico
INFO: [ app_init ] --START--
INFO: Run Behavior\BuildLiteBehavior [ RunTime:0.000023s ]
INFO: [ app_init ] --END-- [ RunTime:0.000130s ]

[ 2017-02-26T14:36:57+08:00 ] 127.0.0.1 /Templates/Pc/gujianzhu/%7B%7B$style%7D%7D/Picture/vb_02.png
INFO: [ app_init ] --START--
INFO: Run Behavior\BuildLiteBehavior [ RunTime:0.000020s ]
INFO: [ app_init ] --END-- [ RunTime:0.000119s ]

[ 2017-02-26T14:36:57+08:00 ] 127.0.0.1 /Templates/Pc/gujianzhu/%7B%7B$style%7D%7D/Picture/jiakejian.png
INFO: [ app_init ] --START--
INFO: Run Behavior\BuildLiteBehavior [ RunTime:0.000020s ]
INFO: [ app_init ] --END-- [ RunTime:0.000117s ]

[ 2017-02-26T14:36:57+08:00 ] 127.0.0.1 /Templates/Pc/gujianzhu/%7B%7B$style%7D%7D/Picture/vb_03.png
INFO: [ app_init ] --START--
INFO: Run Behavior\BuildLiteBehavior [ RunTime:0.000034s ]
INFO: [ app_init ] --END-- [ RunTime:0.000136s ]

[ 2017-02-26T14:36:57+08:00 ] 127.0.0.1 /Templates/Pc/gujianzhu/%7B%7B$style%7D%7D/Picture/youqian_3.jpg
INFO: [ app_init ] --START--
INFO: Run Behavior\BuildLiteBehavior [ RunTime:0.000023s ]
INFO: [ app_init ] --END-- [ RunTime:0.000120s ]

[ 2017-02-26T14:36:57+08:00 ] 127.0.0.1 /Templates/Pc/gujianzhu/%7B%7B$style%7D%7D/Picture/vb_05.png
INFO: [ app_init ] --START--
INFO: Run Behavior\BuildLiteBehavior [ RunTime:0.000021s ]
INFO: [ app_init ] --END-- [ RunTime:0.000128s ]

[ 2017-02-26T14:36:57+08:00 ] 127.0.0.1 /Templates/Pc/gujianzhu/%7B%7B$style%7D%7D/Picture/youqian_4.jpg
INFO: [ app_init ] --START--
INFO: Run Behavior\BuildLiteBehavior [ RunTime:0.000019s ]
INFO: [ app_init ] --END-- [ RunTime:0.000135s ]

[ 2017-02-26T14:36:57+08:00 ] 127.0.0.1 /Templates/Pc/gujianzhu/%7B%7B$style%7D%7D/Picture/youqian_2.jpg
INFO: [ app_init ] --START--
INFO: Run Behavior\BuildLiteBehavior [ RunTime:0.000022s ]
INFO: [ app_init ] --END-- [ RunTime:0.000140s ]

[ 2017-02-26T14:36:57+08:00 ] 127.0.0.1 /Templates/Pc/gujianzhu/%7B%7B$style%7D%7D/Picture/youqian_1.jpg
INFO: [ app_init ] --START--
INFO: Run Behavior\BuildLiteBehavior [ RunTime:0.000021s ]
INFO: [ app_init ] --END-- [ RunTime:0.000135s ]

[ 2017-02-26T14:36:57+08:00 ] 127.0.0.1 /Templates/Pc/gujianzhu/%7B%7B$style%7D%7D/Picture/vb_04.png
INFO: [ app_init ] --START--
INFO: Run Behavior\BuildLiteBehavior [ RunTime:0.000021s ]
INFO: [ app_init ] --END-- [ RunTime:0.000142s ]

[ 2017-02-26T14:36:57+08:00 ] 127.0.0.1 /Templates/Pc/gujianzhu/%7B%7B$style%7D%7D/Picture/weixin.jpg
INFO: [ app_init ] --START--
INFO: Run Behavior\BuildLiteBehavior [ RunTime:0.000026s ]
INFO: [ app_init ] --END-- [ RunTime:0.000166s ]

[ 2017-02-26T14:36:57+08:00 ] 127.0.0.1 /Templates/Pc/gujianzhu/%7B%7B$style%7D%7D/Picture/shouji.jpg
INFO: [ app_init ] --START--
INFO: Run Behavior\BuildLiteBehavior [ RunTime:0.000020s ]
INFO: [ app_init ] --END-- [ RunTime:0.000119s ]

[ 2017-02-26T14:36:57+08:00 ] 127.0.0.1 /Templates/Pc/gujianzhu/%7B%7B$style%7D%7D/js/gujian.js
INFO: [ app_init ] --START--
INFO: Run Behavior\BuildLiteBehavior [ RunTime:0.000026s ]
INFO: [ app_init ] --END-- [ RunTime:0.000133s ]

[ 2017-02-26T15:42:30+08:00 ] 127.0.0.1 /favicon.ico
INFO: [ app_init ] --START--
INFO: Run Behavior\BuildLiteBehavior [ RunTime:0.000020s ]
INFO: [ app_init ] --END-- [ RunTime:0.000108s ]

[ 2017-02-26T17:16:13+08:00 ] 127.0.0.1 /
INFO: [ app_init ] --START--
INFO: Run Behavior\BuildLiteBehavior [ RunTime:0.000020s ]
INFO: [ app_init ] --END-- [ RunTime:0.000124s ]

[ 2017-02-26T17:16:31+08:00 ] 127.0.0.1 /home/index.html
INFO: [ app_init ] --START--
INFO: Run Behavior\BuildLiteBehavior [ RunTime:0.000019s ]
INFO: [ app_init ] --END-- [ RunTime:0.000118s ]

[ 2017-02-26T17:16:41+08:00 ] 127.0.0.1 /Home/gujiananli.html
INFO: [ app_init ] --START--
INFO: Run Behavior\BuildLiteBehavior [ RunTime:0.000019s ]
INFO: [ app_init ] --END-- [ RunTime:0.000113s ]

[ 2017-02-26T17:26:53+08:00 ] 127.0.0.1 /Home/gujiananli.html
INFO: [ app_init ] --START--
INFO: Run Behavior\BuildLiteBehavior [ RunTime:0.000020s ]
INFO: [ app_init ] --END-- [ RunTime:0.000121s ]
ERR: Think\Controller:product方法不存在！

[ 2017-02-26T17:27:04+08:00 ] 127.0.0.1 /Home/gujiananli.html
INFO: [ app_init ] --START--
INFO: Run Behavior\BuildLiteBehavior [ RunTime:0.000025s ]
INFO: [ app_init ] --END-- [ RunTime:0.000129s ]

[ 2017-02-26T17:27:21+08:00 ] 127.0.0.1 /Home/gujiangongcheng.html
INFO: [ app_init ] --START--
INFO: Run Behavior\BuildLiteBehavior [ RunTime:0.000019s ]
INFO: [ app_init ] --END-- [ RunTime:0.000114s ]

[ 2017-02-26T17:28:54+08:00 ] 127.0.0.1 /Home/gujiananli/list_1.html
INFO: [ app_init ] --START--
INFO: Run Behavior\BuildLiteBehavior [ RunTime:0.000017s ]
INFO: [ app_init ] --END-- [ RunTime:0.000107s ]

[ 2017-02-26T17:29:25+08:00 ] 127.0.0.1 /Home/gujiananli/list_1.html
INFO: [ app_init ] --START--
INFO: Run Behavior\BuildLiteBehavior [ RunTime:0.000019s ]
INFO: [ app_init ] --END-- [ RunTime:0.000110s ]
ERR: Think\Controller:product方法不存在！

[ 2017-02-26T17:29:50+08:00 ] 127.0.0.1 /Home/gujiananli/list_1.html
INFO: [ app_init ] --START--
INFO: Run Behavior\BuildLiteBehavior [ RunTime:0.000018s ]
INFO: [ app_init ] --END-- [ RunTime:0.000115s ]

[ 2017-02-26T17:30:02+08:00 ] 127.0.0.1 /Home/gujiananli/list_1.html
INFO: [ app_init ] --START--
INFO: Run Behavior\BuildLiteBehavior [ RunTime:0.000017s ]
INFO: [ app_init ] --END-- [ RunTime:0.000129s ]

[ 2017-02-26T17:31:22+08:00 ] 127.0.0.1 /Home/gujiananli/list_1.html
INFO: [ app_init ] --START--
INFO: Run Behavior\BuildLiteBehavior [ RunTime:0.000021s ]
INFO: [ app_init ] --END-- [ RunTime:0.000124s ]

[ 2017-02-26T17:32:19+08:00 ] 127.0.0.1 /Home/gujianwenhua.html
INFO: [ app_init ] --START--
INFO: Run Behavior\BuildLiteBehavior [ RunTime:0.000038s ]
INFO: [ app_init ] --END-- [ RunTime:0.000249s ]

[ 2017-02-26T17:32:44+08:00 ] 127.0.0.1 /Home/gujianwenhua.html
INFO: [ app_init ] --START--
INFO: Run Behavior\BuildLiteBehavior [ RunTime:0.000024s ]
INFO: [ app_init ] --END-- [ RunTime:0.000169s ]
ERR: 模板不存在:./Templates/pc/gujianzhu//tpl.html.html

[ 2017-02-26T17:33:35+08:00 ] 127.0.0.1 /Home/gujianwenhua.html
INFO: [ app_init ] --START--
INFO: Run Behavior\BuildLiteBehavior [ RunTime:0.000020s ]
INFO: [ app_init ] --END-- [ RunTime:0.000119s ]
ERR: 模板不存在:./Templates/pc/gujianzhu//articlelist.html.html

[ 2017-02-26T17:48:23+08:00 ] 127.0.0.1 /Home/gujianwenhua.html
INFO: [ app_init ] --START--
INFO: Run Behavior\BuildLiteBehavior [ RunTime:0.000020s ]
INFO: [ app_init ] --END-- [ RunTime:0.000116s ]

[ 2017-02-26T17:48:35+08:00 ] 127.0.0.1 /Home/gujianwenhua.html
INFO: [ app_init ] --START--
INFO: Run Behavior\BuildLiteBehavior [ RunTime:0.000058s ]
INFO: [ app_init ] --END-- [ RunTime:0.000241s ]

[ 2017-02-26T17:51:46+08:00 ] 127.0.0.1 /Home/gujianwenhua.html
INFO: [ app_init ] --START--
INFO: Run Behavior\BuildLiteBehavior [ RunTime:0.000019s ]
INFO: [ app_init ] --END-- [ RunTime:0.000151s ]

[ 2017-02-26T17:52:03+08:00 ] 127.0.0.1 /Home/gujianwenhua.html
INFO: [ app_init ] --START--
INFO: Run Behavior\BuildLiteBehavior [ RunTime:0.000020s ]
INFO: [ app_init ] --END-- [ RunTime:0.000169s ]

[ 2017-02-26T17:52:57+08:00 ] 127.0.0.1 /Home/gujianwenhua.html
INFO: [ app_init ] --START--
INFO: Run Behavior\BuildLiteBehavior [ RunTime:0.000020s ]
INFO: [ app_init ] --END-- [ RunTime:0.000119s ]

[ 2017-02-26T17:52:59+08:00 ] 127.0.0.1 /Home/gujianwenhua/list_4.html
INFO: [ app_init ] --START--
INFO: Run Behavior\BuildLiteBehavior [ RunTime:0.000019s ]
INFO: [ app_init ] --END-- [ RunTime:0.000115s ]

[ 2017-02-26T17:53:04+08:00 ] 127.0.0.1 /Home/gujianwenhua/list_3.html
INFO: [ app_init ] --START--
INFO: Run Behavior\BuildLiteBehavior [ RunTime:0.000019s ]
INFO: [ app_init ] --END-- [ RunTime:0.000111s ]

[ 2017-02-26T17:53:11+08:00 ] 127.0.0.1 /Home/gujianwenhua/list_2.html
INFO: [ app_init ] --START--
INFO: Run Behavior\BuildLiteBehavior [ RunTime:0.000019s ]
INFO: [ app_init ] --END-- [ RunTime:0.000118s ]

[ 2017-02-26T18:02:52+08:00 ] 127.0.0.1 /home/index.html
INFO: [ app_init ] --START--
INFO: Run Behavior\BuildLiteBehavior [ RunTime:0.000019s ]
INFO: [ app_init ] --END-- [ RunTime:0.000141s ]

[ 2017-02-26T18:03:36+08:00 ] 127.0.0.1 /home/index.html
INFO: [ app_init ] --START--
INFO: Run Behavior\BuildLiteBehavior [ RunTime:0.000020s ]
INFO: [ app_init ] --END-- [ RunTime:0.000126s ]

[ 2017-02-26T18:04:27+08:00 ] 127.0.0.1 /Home/gujiananli/list_1.html
INFO: [ app_init ] --START--
INFO: Run Behavior\BuildLiteBehavior [ RunTime:0.000020s ]
INFO: [ app_init ] --END-- [ RunTime:0.000115s ]

[ 2017-02-26T18:04:28+08:00 ] 127.0.0.1 /Home/ceshiurl.html
INFO: [ app_init ] --START--
INFO: Run Behavior\BuildLiteBehavior [ RunTime:0.000019s ]
INFO: [ app_init ] --END-- [ RunTime:0.000171s ]

[ 2017-02-26T18:21:39+08:00 ] 127.0.0.1 /home/index.html
INFO: [ app_init ] --START--
INFO: Run Behavior\BuildLiteBehavior [ RunTime:0.000019s ]
INFO: [ app_init ] --END-- [ RunTime:0.000110s ]

[ 2017-02-26T18:21:50+08:00 ] 127.0.0.1 /Home/gujianwenhua.html
INFO: [ app_init ] --START--
INFO: Run Behavior\BuildLiteBehavior [ RunTime:0.000061s ]
INFO: [ app_init ] --END-- [ RunTime:0.000342s ]

[ 2017-02-26T18:27:05+08:00 ] 127.0.0.1 /Home/gujianwenhua.html
INFO: [ app_init ] --START--
INFO: Run Behavior\BuildLiteBehavior [ RunTime:0.000020s ]
INFO: [ app_init ] --END-- [ RunTime:0.000119s ]

[ 2017-02-26T18:27:12+08:00 ] 127.0.0.1 /Home/index.html
INFO: [ app_init ] --START--
INFO: Run Behavior\BuildLiteBehavior [ RunTime:0.000020s ]
INFO: [ app_init ] --END-- [ RunTime:0.000118s ]

[ 2017-02-26T18:27:19+08:00 ] 127.0.0.1 /Home/index.html
INFO: [ app_init ] --START--
INFO: Run Behavior\BuildLiteBehavior [ RunTime:0.000019s ]
INFO: [ app_init ] --END-- [ RunTime:0.000116s ]

[ 2017-02-26T18:28:43+08:00 ] 127.0.0.1 /Home/gujiananli.html
INFO: [ app_init ] --START--
INFO: Run Behavior\BuildLiteBehavior [ RunTime:0.000046s ]
INFO: [ app_init ] --END-- [ RunTime:0.000206s ]

[ 2017-02-26T18:39:34+08:00 ] 127.0.0.1 /Home/gujiananli/list_2.html
INFO: [ app_init ] --START--
INFO: Run Behavior\BuildLiteBehavior [ RunTime:0.000019s ]
INFO: [ app_init ] --END-- [ RunTime:0.000118s ]

[ 2017-02-26T18:39:37+08:00 ] 127.0.0.1 /Home/gujiananli.html
INFO: [ app_init ] --START--
INFO: Run Behavior\BuildLiteBehavior [ RunTime:0.000023s ]
INFO: [ app_init ] --END-- [ RunTime:0.000129s ]
ERR: 模板不存在:./Templates/pc/gujianzhu/Home/gujiananli.html

[ 2017-02-26T18:41:33+08:00 ] 127.0.0.1 /Home/gujiananli.html
INFO: [ app_init ] --START--
INFO: Run Behavior\BuildLiteBehavior [ RunTime:0.000037s ]
INFO: [ app_init ] --END-- [ RunTime:0.000265s ]

[ 2017-02-26T18:41:33+08:00 ] 127.0.0.1 /Home/images/slide3.jpg
INFO: [ app_init ] --START--
INFO: Run Behavior\BuildLiteBehavior [ RunTime:0.000021s ]
INFO: [ app_init ] --END-- [ RunTime:0.000126s ]

[ 2017-02-26T18:42:11+08:00 ] 127.0.0.1 /Home/gujiananli.html
INFO: [ app_init ] --START--
INFO: Run Behavior\BuildLiteBehavior [ RunTime:0.000018s ]
INFO: [ app_init ] --END-- [ RunTime:0.000113s ]

[ 2017-02-26T18:42:11+08:00 ] 127.0.0.1 /Home/images/slide3.jpg
INFO: [ app_init ] --START--
INFO: Run Behavior\BuildLiteBehavior [ RunTime:0.000020s ]
INFO: [ app_init ] --END-- [ RunTime:0.000133s ]

[ 2017-02-26T18:42:33+08:00 ] 127.0.0.1 /Home/gujiananli.html
INFO: [ app_init ] --START--
INFO: Run Behavior\BuildLiteBehavior [ RunTime:0.000019s ]
INFO: [ app_init ] --END-- [ RunTime:0.000115s ]

[ 2017-02-26T18:42:49+08:00 ] 127.0.0.1 /Home/gujiananli/pr_1.html
INFO: [ app_init ] --START--
INFO: Run Behavior\BuildLiteBehavior [ RunTime:0.000024s ]
INFO: [ app_init ] --END-- [ RunTime:0.000127s ]

[ 2017-02-26T18:43:08+08:00 ] 127.0.0.1 /Home/gujiananli/pr_1.html
INFO: [ app_init ] --START--
INFO: Run Behavior\BuildLiteBehavior [ RunTime:0.000018s ]
INFO: [ app_init ] --END-- [ RunTime:0.000108s ]

[ 2017-02-26T18:43:15+08:00 ] 127.0.0.1 /Home/gujiananli.html
INFO: [ app_init ] --START--
INFO: Run Behavior\BuildLiteBehavior [ RunTime:0.000019s ]
INFO: [ app_init ] --END-- [ RunTime:0.000118s ]

[ 2017-02-26T18:44:03+08:00 ] 127.0.0.1 /Home/gujiananli/list_2.html
INFO: [ app_init ] --START--
INFO: Run Behavior\BuildLiteBehavior [ RunTime:0.000019s ]
INFO: [ app_init ] --END-- [ RunTime:0.000118s ]

[ 2017-02-26T18:48:09+08:00 ] 127.0.0.1 /Home/gujiananli/list_2.html
INFO: [ app_init ] --START--
INFO: Run Behavior\BuildLiteBehavior [ RunTime:0.000020s ]
INFO: [ app_init ] --END-- [ RunTime:0.000127s ]

[ 2017-02-26T18:48:12+08:00 ] 127.0.0.1 /Home/gujiananli/list_1.html
INFO: [ app_init ] --START--
INFO: Run Behavior\BuildLiteBehavior [ RunTime:0.000017s ]
INFO: [ app_init ] --END-- [ RunTime:0.000111s ]

[ 2017-02-26T18:48:17+08:00 ] 127.0.0.1 /Home/gujiananli.html
INFO: [ app_init ] --START--
INFO: Run Behavior\BuildLiteBehavior [ RunTime:0.000020s ]
INFO: [ app_init ] --END-- [ RunTime:0.000117s ]

[ 2017-02-26T18:48:17+08:00 ] 127.0.0.1 /Home/images/slide3.jpg
INFO: [ app_init ] --START--
INFO: Run Behavior\BuildLiteBehavior [ RunTime:0.000022s ]
INFO: [ app_init ] --END-- [ RunTime:0.000132s ]

[ 2017-02-26T18:49:07+08:00 ] 127.0.0.1 /Home/gujiananli.html
INFO: [ app_init ] --START--
INFO: Run Behavior\BuildLiteBehavior [ RunTime:0.000018s ]
INFO: [ app_init ] --END-- [ RunTime:0.000116s ]

[ 2017-02-26T18:49:12+08:00 ] 127.0.0.1 /Home/gujiananli/list_2.html
INFO: [ app_init ] --START--
INFO: Run Behavior\BuildLiteBehavior [ RunTime:0.000019s ]
INFO: [ app_init ] --END-- [ RunTime:0.000117s ]

[ 2017-02-26T18:49:13+08:00 ] 127.0.0.1 /Home/gujiananli/images/slide3.jpg
INFO: [ app_init ] --START--
INFO: Run Behavior\BuildLiteBehavior [ RunTime:0.000022s ]
INFO: [ app_init ] --END-- [ RunTime:0.000171s ]

[ 2017-02-26T18:49:40+08:00 ] 127.0.0.1 /Home/gujiananli/list_2.html
INFO: [ app_init ] --START--
INFO: Run Behavior\BuildLiteBehavior [ RunTime:0.000020s ]
INFO: [ app_init ] --END-- [ RunTime:0.000126s ]

[ 2017-02-26T18:49:43+08:00 ] 127.0.0.1 /Home/gujiananli/list_1.html
INFO: [ app_init ] --START--
INFO: Run Behavior\BuildLiteBehavior [ RunTime:0.000026s ]
INFO: [ app_init ] --END-- [ RunTime:0.000123s ]

[ 2017-02-26T18:49:48+08:00 ] 127.0.0.1 /Home/gujiananli.html
INFO: [ app_init ] --START--
INFO: Run Behavior\BuildLiteBehavior [ RunTime:0.000018s ]
INFO: [ app_init ] --END-- [ RunTime:0.000123s ]

[ 2017-02-26T18:49:52+08:00 ] 127.0.0.1 /Home/gujiananli/list_2.html
INFO: [ app_init ] --START--
INFO: Run Behavior\BuildLiteBehavior [ RunTime:0.000020s ]
INFO: [ app_init ] --END-- [ RunTime:0.000118s ]

[ 2017-02-26T18:49:53+08:00 ] 127.0.0.1 /Home/gujiananli/list_1.html
INFO: [ app_init ] --START--
INFO: Run Behavior\BuildLiteBehavior [ RunTime:0.000021s ]
INFO: [ app_init ] --END-- [ RunTime:0.000114s ]

[ 2017-02-26T18:50:00+08:00 ] 127.0.0.1 /Home/gujiananli/ar_s.html
INFO: [ app_init ] --START--
INFO: Run Behavior\BuildLiteBehavior [ RunTime:0.000018s ]
INFO: [ app_init ] --END-- [ RunTime:0.000109s ]

[ 2017-02-26T18:50:00+08:00 ] 127.0.0.1 /Home/gujiananli/images/slide3.jpg
INFO: [ app_init ] --START--
INFO: Run Behavior\BuildLiteBehavior [ RunTime:0.000021s ]
INFO: [ app_init ] --END-- [ RunTime:0.000130s ]

[ 2017-02-26T18:52:30+08:00 ] 127.0.0.1 /Home/index.html
INFO: [ app_init ] --START--
INFO: Run Behavior\BuildLiteBehavior [ RunTime:0.000020s ]
INFO: [ app_init ] --END-- [ RunTime:0.000119s ]

[ 2017-02-26T18:55:00+08:00 ] 127.0.0.1 /Home/index.html
INFO: [ app_init ] --START--
INFO: Run Behavior\BuildLiteBehavior [ RunTime:0.000019s ]
INFO: [ app_init ] --END-- [ RunTime:0.000120s ]

[ 2017-02-26T19:36:32+08:00 ] 127.0.0.1 /home/index.html
INFO: [ app_init ] --START--
INFO: Run Behavior\BuildLiteBehavior [ RunTime:0.000021s ]
INFO: [ app_init ] --END-- [ RunTime:0.000199s ]

[ 2017-02-26T19:37:07+08:00 ] 127.0.0.1 /Uploads/2016-12-28/58631e04b1eb2.jpg
INFO: [ app_init ] --START--
INFO: Run Behavior\BuildLiteBehavior [ RunTime:0.000021s ]
INFO: [ app_init ] --END-- [ RunTime:0.000121s ]

[ 2017-02-26T19:38:05+08:00 ] 127.0.0.1 /Uploads/2017-02-14/58a304bdbfa90.jpg
INFO: [ app_init ] --START--
INFO: Run Behavior\BuildLiteBehavior [ RunTime:0.000020s ]
INFO: [ app_init ] --END-- [ RunTime:0.000132s ]

[ 2017-02-26T19:38:09+08:00 ] 127.0.0.1 /Uploads/2017-02-14/58a304bdbfa90.jpg
INFO: [ app_init ] --START--
INFO: Run Behavior\BuildLiteBehavior [ RunTime:0.000021s ]
INFO: [ app_init ] --END-- [ RunTime:0.000115s ]

[ 2017-02-26T19:38:13+08:00 ] 127.0.0.1 /Uploads/2017-02-14/58a304bdbfa90.jpg
INFO: [ app_init ] --START--
INFO: Run Behavior\BuildLiteBehavior [ RunTime:0.000020s ]
INFO: [ app_init ] --END-- [ RunTime:0.000114s ]

[ 2017-02-26T19:38:18+08:00 ] 127.0.0.1 /Uploads/2017-02-14/58a304bdbfa90.jpg
INFO: [ app_init ] --START--
INFO: Run Behavior\BuildLiteBehavior [ RunTime:0.000020s ]
INFO: [ app_init ] --END-- [ RunTime:0.000129s ]

[ 2017-02-26T19:38:22+08:00 ] 127.0.0.1 /Uploads/2017-02-14/58a304bdbfa90.jpg
INFO: [ app_init ] --START--
INFO: Run Behavior\BuildLiteBehavior [ RunTime:0.000022s ]
INFO: [ app_init ] --END-- [ RunTime:0.000130s ]

[ 2017-02-26T19:38:28+08:00 ] 127.0.0.1 /Uploads/2017-02-14/58a304bdbfa90.jpg
INFO: [ app_init ] --START--
INFO: Run Behavior\BuildLiteBehavior [ RunTime:0.000020s ]
INFO: [ app_init ] --END-- [ RunTime:0.000120s ]

[ 2017-02-26T19:38:33+08:00 ] 127.0.0.1 /Uploads/2017-02-14/58a304bdbfa90.jpg
INFO: [ app_init ] --START--
INFO: Run Behavior\BuildLiteBehavior [ RunTime:0.000039s ]
INFO: [ app_init ] --END-- [ RunTime:0.000168s ]

[ 2017-02-26T19:38:36+08:00 ] 127.0.0.1 /Uploads/2017-02-14/58a304bdbfa90.jpg
INFO: [ app_init ] --START--
INFO: Run Behavior\BuildLiteBehavior [ RunTime:0.000042s ]
INFO: [ app_init ] --END-- [ RunTime:0.000251s ]

[ 2017-02-26T19:38:41+08:00 ] 127.0.0.1 /Uploads/2017-02-14/58a304bdbfa90.jpg
INFO: [ app_init ] --START--
INFO: Run Behavior\BuildLiteBehavior [ RunTime:0.000024s ]
INFO: [ app_init ] --END-- [ RunTime:0.000213s ]

[ 2017-02-26T19:38:56+08:00 ] 127.0.0.1 /Uploads/2017-02-14/58a304bdbfa90.jpg
INFO: [ app_init ] --START--
INFO: Run Behavior\BuildLiteBehavior [ RunTime:0.000020s ]
INFO: [ app_init ] --END-- [ RunTime:0.000119s ]

[ 2017-02-26T19:38:59+08:00 ] 127.0.0.1 /Uploads/2017-02-14/58a304bdbfa90.jpg
INFO: [ app_init ] --START--
INFO: Run Behavior\BuildLiteBehavior [ RunTime:0.000018s ]
INFO: [ app_init ] --END-- [ RunTime:0.000107s ]

[ 2017-02-26T19:38:59+08:00 ] 127.0.0.1 /Uploads/2017-02-14/58a304bdbfa90.jpg
INFO: [ app_init ] --START--
INFO: Run Behavior\BuildLiteBehavior [ RunTime:0.000021s ]
INFO: [ app_init ] --END-- [ RunTime:0.000126s ]

[ 2017-02-26T19:39:03+08:00 ] 127.0.0.1 /Uploads/2017-02-14/58a304bdbfa90.jpg
INFO: [ app_init ] --START--
INFO: Run Behavior\BuildLiteBehavior [ RunTime:0.000022s ]
INFO: [ app_init ] --END-- [ RunTime:0.000144s ]

[ 2017-02-26T19:39:08+08:00 ] 127.0.0.1 /Uploads/2017-02-14/58a304bdbfa90.jpg
INFO: [ app_init ] --START--
INFO: Run Behavior\BuildLiteBehavior [ RunTime:0.000022s ]
INFO: [ app_init ] --END-- [ RunTime:0.000143s ]

[ 2017-02-26T19:39:18+08:00 ] 127.0.0.1 /home/index.html
INFO: [ app_init ] --START--
INFO: Run Behavior\BuildLiteBehavior [ RunTime:0.000018s ]
INFO: [ app_init ] --END-- [ RunTime:0.000107s ]

[ 2017-02-26T19:41:00+08:00 ] 127.0.0.1 /home/index.html
INFO: [ app_init ] --START--
INFO: Run Behavior\BuildLiteBehavior [ RunTime:0.000018s ]
INFO: [ app_init ] --END-- [ RunTime:0.000113s ]

[ 2017-02-26T19:41:23+08:00 ] 127.0.0.1 /home/index.html
INFO: [ app_init ] --START--
INFO: Run Behavior\BuildLiteBehavior [ RunTime:0.000020s ]
INFO: [ app_init ] --END-- [ RunTime:0.000121s ]

[ 2017-02-26T19:41:26+08:00 ] 127.0.0.1 /Home/gujiangongcheng/product_2.html
INFO: [ app_init ] --START--
INFO: Run Behavior\BuildLiteBehavior [ RunTime:0.000037s ]
INFO: [ app_init ] --END-- [ RunTime:0.000242s ]

[ 2017-02-26T19:41:36+08:00 ] 127.0.0.1 /Home/gujiananli.html
INFO: [ app_init ] --START--
INFO: Run Behavior\BuildLiteBehavior [ RunTime:0.000028s ]
INFO: [ app_init ] --END-- [ RunTime:0.000119s ]

[ 2017-02-26T19:41:44+08:00 ] 127.0.0.1 /Home/gujianwenhua/article_12.html
INFO: [ app_init ] --START--
INFO: Run Behavior\BuildLiteBehavior [ RunTime:0.000035s ]
INFO: [ app_init ] --END-- [ RunTime:0.000185s ]

[ 2017-02-26T19:42:19+08:00 ] 127.0.0.1 /Home/gujiangongcheng/cs.html
INFO: [ app_init ] --START--
INFO: Run Behavior\BuildLiteBehavior [ RunTime:0.000021s ]
INFO: [ app_init ] --END-- [ RunTime:0.000156s ]

[ 2017-02-26T19:42:22+08:00 ] 127.0.0.1 /Home/gujiananli.html
INFO: [ app_init ] --START--
INFO: Run Behavior\BuildLiteBehavior [ RunTime:0.000018s ]
INFO: [ app_init ] --END-- [ RunTime:0.000107s ]

[ 2017-02-26T19:43:28+08:00 ] 127.0.0.1 /Home/gujiananli.html
INFO: [ app_init ] --START--
INFO: Run Behavior\BuildLiteBehavior [ RunTime:0.000019s ]
INFO: [ app_init ] --END-- [ RunTime:0.000118s ]

[ 2017-02-26T19:43:30+08:00 ] 127.0.0.1 /Home/gujiananli.html
INFO: [ app_init ] --START--
INFO: Run Behavior\BuildLiteBehavior [ RunTime:0.000018s ]
INFO: [ app_init ] --END-- [ RunTime:0.000107s ]

[ 2017-02-26T19:43:32+08:00 ] 127.0.0.1 /Home/gujiananli/product_15.html
INFO: [ app_init ] --START--
INFO: Run Behavior\BuildLiteBehavior [ RunTime:0.000019s ]
INFO: [ app_init ] --END-- [ RunTime:0.000116s ]

[ 2017-02-26T19:43:32+08:00 ] 127.0.0.1 /Home/gujiananli/images/slide3.jpg
INFO: [ app_init ] --START--
INFO: Run Behavior\BuildLiteBehavior [ RunTime:0.000019s ]
INFO: [ app_init ] --END-- [ RunTime:0.000113s ]

[ 2017-02-26T19:43:46+08:00 ] 127.0.0.1 /Home/gujiananli/product_18.html
INFO: [ app_init ] --START--
INFO: Run Behavior\BuildLiteBehavior [ RunTime:0.000019s ]
INFO: [ app_init ] --END-- [ RunTime:0.000117s ]

[ 2017-02-26T19:43:46+08:00 ] 127.0.0.1 /Home/gujiananli/images/slide3.jpg
INFO: [ app_init ] --START--
INFO: Run Behavior\BuildLiteBehavior [ RunTime:0.000020s ]
INFO: [ app_init ] --END-- [ RunTime:0.000141s ]

[ 2017-02-26T19:44:55+08:00 ] 127.0.0.1 /Home/gujiananli/product_15.html
INFO: [ app_init ] --START--
INFO: Run Behavior\BuildLiteBehavior [ RunTime:0.000021s ]
INFO: [ app_init ] --END-- [ RunTime:0.000123s ]

[ 2017-02-26T19:44:55+08:00 ] 127.0.0.1 /Home/gujiananli/images/slide3.jpg
INFO: [ app_init ] --START--
INFO: Run Behavior\BuildLiteBehavior [ RunTime:0.000022s ]
INFO: [ app_init ] --END-- [ RunTime:0.000339s ]

[ 2017-02-26T20:08:32+08:00 ] 127.0.0.1 /Home/gujiananli/cs.html
INFO: [ app_init ] --START--
INFO: Run Behavior\BuildLiteBehavior [ RunTime:0.000018s ]
INFO: [ app_init ] --END-- [ RunTime:0.000114s ]

[ 2017-02-26T20:08:32+08:00 ] 127.0.0.1 /Home/gujiananli/images/slide3.jpg
INFO: [ app_init ] --START--
INFO: Run Behavior\BuildLiteBehavior [ RunTime:0.000035s ]
INFO: [ app_init ] --END-- [ RunTime:0.000153s ]

[ 2017-02-26T20:08:52+08:00 ] 127.0.0.1 /Home/gujiananli.html
INFO: [ app_init ] --START--
INFO: Run Behavior\BuildLiteBehavior [ RunTime:0.000020s ]
INFO: [ app_init ] --END-- [ RunTime:0.000169s ]

[ 2017-02-26T20:08:54+08:00 ] 127.0.0.1 /Home/gujiananli/product_16.html
INFO: [ app_init ] --START--
INFO: Run Behavior\BuildLiteBehavior [ RunTime:0.000018s ]
INFO: [ app_init ] --END-- [ RunTime:0.000113s ]

[ 2017-02-26T20:08:54+08:00 ] 127.0.0.1 /Home/gujiananli/images/slide3.jpg
INFO: [ app_init ] --START--
INFO: Run Behavior\BuildLiteBehavior [ RunTime:0.000019s ]
INFO: [ app_init ] --END-- [ RunTime:0.000113s ]

[ 2017-02-26T20:10:56+08:00 ] 127.0.0.1 /Home/gujiananli/product_16.html
INFO: [ app_init ] --START--
INFO: Run Behavior\BuildLiteBehavior [ RunTime:0.000018s ]
INFO: [ app_init ] --END-- [ RunTime:0.000108s ]

[ 2017-02-26T20:10:56+08:00 ] 127.0.0.1 /Home/gujiananli/images/slide3.jpg
INFO: [ app_init ] --START--
INFO: Run Behavior\BuildLiteBehavior [ RunTime:0.000020s ]
INFO: [ app_init ] --END-- [ RunTime:0.000148s ]

[ 2017-02-26T20:11:20+08:00 ] 127.0.0.1 /Home/gujiananli/product_16.html
INFO: [ app_init ] --START--
INFO: Run Behavior\BuildLiteBehavior [ RunTime:0.000019s ]
INFO: [ app_init ] --END-- [ RunTime:0.000188s ]

[ 2017-02-26T20:11:20+08:00 ] 127.0.0.1 /Home/gujiananli/images/slide3.jpg
INFO: [ app_init ] --START--
INFO: Run Behavior\BuildLiteBehavior [ RunTime:0.000018s ]
INFO: [ app_init ] --END-- [ RunTime:0.000108s ]

[ 2017-02-26T20:13:05+08:00 ] 127.0.0.1 /Home/gujiananli/product_16.html
INFO: [ app_init ] --START--
INFO: Run Behavior\BuildLiteBehavior [ RunTime:0.000035s ]
INFO: [ app_init ] --END-- [ RunTime:0.000198s ]

[ 2017-02-26T20:13:05+08:00 ] 127.0.0.1 /Home/gujiananli/images/slide3.jpg
INFO: [ app_init ] --START--
INFO: Run Behavior\BuildLiteBehavior [ RunTime:0.000020s ]
INFO: [ app_init ] --END-- [ RunTime:0.000115s ]

[ 2017-02-26T20:13:32+08:00 ] 127.0.0.1 /Home/gujiananli/product_16.html
INFO: [ app_init ] --START--
INFO: Run Behavior\BuildLiteBehavior [ RunTime:0.000019s ]
INFO: [ app_init ] --END-- [ RunTime:0.000114s ]

[ 2017-02-26T20:13:32+08:00 ] 127.0.0.1 /Home/gujiananli/images/slide3.jpg
INFO: [ app_init ] --START--
INFO: Run Behavior\BuildLiteBehavior [ RunTime:0.000021s ]
INFO: [ app_init ] --END-- [ RunTime:0.000138s ]

[ 2017-02-26T20:13:42+08:00 ] 127.0.0.1 /Home/gujiananli/product.html
INFO: [ app_init ] --START--
INFO: Run Behavior\BuildLiteBehavior [ RunTime:0.000018s ]
INFO: [ app_init ] --END-- [ RunTime:0.000109s ]

[ 2017-02-26T20:13:42+08:00 ] 127.0.0.1 /Home/gujiananli/images/slide3.jpg
INFO: [ app_init ] --START--
INFO: Run Behavior\BuildLiteBehavior [ RunTime:0.000020s ]
INFO: [ app_init ] --END-- [ RunTime:0.000122s ]

[ 2017-02-26T20:18:53+08:00 ] 127.0.0.1 /Home/gujiananli/product.html
INFO: [ app_init ] --START--
INFO: Run Behavior\BuildLiteBehavior [ RunTime:0.000028s ]
INFO: [ app_init ] --END-- [ RunTime:0.000139s ]

[ 2017-02-26T20:19:03+08:00 ] 127.0.0.1 /Home/gujiananli/product.html
INFO: [ app_init ] --START--
INFO: Run Behavior\BuildLiteBehavior [ RunTime:0.000019s ]
INFO: [ app_init ] --END-- [ RunTime:0.000130s ]

[ 2017-02-26T20:19:03+08:00 ] 127.0.0.1 /Home/gujiananli/images/slide3.jpg
INFO: [ app_init ] --START--
INFO: Run Behavior\BuildLiteBehavior [ RunTime:0.000022s ]
INFO: [ app_init ] --END-- [ RunTime:0.000184s ]

[ 2017-02-26T20:19:24+08:00 ] 127.0.0.1 /Home/gujiananli/product_16.html
INFO: [ app_init ] --START--
INFO: Run Behavior\BuildLiteBehavior [ RunTime:0.000028s ]
INFO: [ app_init ] --END-- [ RunTime:0.000212s ]

[ 2017-02-26T20:19:24+08:00 ] 127.0.0.1 /Home/gujiananli/images/slide3.jpg
INFO: [ app_init ] --START--
INFO: Run Behavior\BuildLiteBehavior [ RunTime:0.000048s ]
INFO: [ app_init ] --END-- [ RunTime:0.000151s ]

[ 2017-02-26T20:19:33+08:00 ] 127.0.0.1 /Home/gujiananli/product_16.html
INFO: [ app_init ] --START--
INFO: Run Behavior\BuildLiteBehavior [ RunTime:0.000020s ]
INFO: [ app_init ] --END-- [ RunTime:0.000158s ]

[ 2017-02-26T20:21:14+08:00 ] 127.0.0.1 /Home/gujiananli.html
INFO: [ app_init ] --START--
INFO: Run Behavior\BuildLiteBehavior [ RunTime:0.000020s ]
INFO: [ app_init ] --END-- [ RunTime:0.000117s ]

[ 2017-02-26T20:21:16+08:00 ] 127.0.0.1 /Home/gujiananli/product_15.html
INFO: [ app_init ] --START--
INFO: Run Behavior\BuildLiteBehavior [ RunTime:0.000035s ]
INFO: [ app_init ] --END-- [ RunTime:0.000146s ]

[ 2017-02-26T20:21:16+08:00 ] 127.0.0.1 /Home/gujiananli/images/slide3.jpg
INFO: [ app_init ] --START--
INFO: Run Behavior\BuildLiteBehavior [ RunTime:0.000025s ]
INFO: [ app_init ] --END-- [ RunTime:0.000165s ]

[ 2017-02-26T20:22:35+08:00 ] 127.0.0.1 /Home/gujiananli/product_15.html
INFO: [ app_init ] --START--
INFO: Run Behavior\BuildLiteBehavior [ RunTime:0.000017s ]
INFO: [ app_init ] --END-- [ RunTime:0.000108s ]

[ 2017-02-26T20:22:35+08:00 ] 127.0.0.1 /Home/gujiananli/images/slide3.jpg
INFO: [ app_init ] --START--
INFO: Run Behavior\BuildLiteBehavior [ RunTime:0.000021s ]
INFO: [ app_init ] --END-- [ RunTime:0.000131s ]

[ 2017-02-26T20:22:35+08:00 ] 127.0.0.1 /Home/gujiananli/images/slide3.jpg
INFO: [ app_init ] --START--
INFO: Run Behavior\BuildLiteBehavior [ RunTime:0.000063s ]
INFO: [ app_init ] --END-- [ RunTime:0.000331s ]

[ 2017-02-26T20:22:35+08:00 ] 127.0.0.1 /Home/gujiananli/images/slide3.jpg
INFO: [ app_init ] --START--
INFO: Run Behavior\BuildLiteBehavior [ RunTime:0.000020s ]
INFO: [ app_init ] --END-- [ RunTime:0.000114s ]

[ 2017-02-26T20:22:36+08:00 ] 127.0.0.1 /Home/gujiananli/images/slide3.jpg
INFO: [ app_init ] --START--
INFO: Run Behavior\BuildLiteBehavior [ RunTime:0.000022s ]
INFO: [ app_init ] --END-- [ RunTime:0.000137s ]

[ 2017-02-26T20:22:59+08:00 ] 127.0.0.1 /Home/gujiananli/product_15.html
INFO: [ app_init ] --START--
INFO: Run Behavior\BuildLiteBehavior [ RunTime:0.000017s ]
INFO: [ app_init ] --END-- [ RunTime:0.000105s ]

[ 2017-02-26T20:24:01+08:00 ] 127.0.0.1 /Home/gujiananli/product_15.html
INFO: [ app_init ] --START--
INFO: Run Behavior\BuildLiteBehavior [ RunTime:0.000018s ]
INFO: [ app_init ] --END-- [ RunTime:0.000110s ]

[ 2017-02-26T20:24:22+08:00 ] 127.0.0.1 /Home/gujiananli/product_15.html
INFO: [ app_init ] --START--
INFO: Run Behavior\BuildLiteBehavior [ RunTime:0.000019s ]
INFO: [ app_init ] --END-- [ RunTime:0.000115s ]

[ 2017-02-26T20:25:00+08:00 ] 127.0.0.1 /Home/gujiananli/product_15.html
INFO: [ app_init ] --START--
INFO: Run Behavior\BuildLiteBehavior [ RunTime:0.000019s ]
INFO: [ app_init ] --END-- [ RunTime:0.000117s ]

[ 2017-02-26T20:26:14+08:00 ] 127.0.0.1 /Home/gujiananli/product_15.html
INFO: [ app_init ] --START--
INFO: Run Behavior\BuildLiteBehavior [ RunTime:0.000019s ]
INFO: [ app_init ] --END-- [ RunTime:0.000116s ]

[ 2017-02-26T20:27:45+08:00 ] 127.0.0.1 /Home/gujiananli/product_16.html
INFO: [ app_init ] --START--
INFO: Run Behavior\BuildLiteBehavior [ RunTime:0.000020s ]
INFO: [ app_init ] --END-- [ RunTime:0.000116s ]

[ 2017-02-26T20:28:17+08:00 ] 127.0.0.1 /Home/gujiananli/product_16.html
INFO: [ app_init ] --START--
INFO: Run Behavior\BuildLiteBehavior [ RunTime:0.000019s ]
INFO: [ app_init ] --END-- [ RunTime:0.000113s ]

[ 2017-02-26T20:28:20+08:00 ] 127.0.0.1 /Home/gujiananli/product_16.html
INFO: [ app_init ] --START--
INFO: Run Behavior\BuildLiteBehavior [ RunTime:0.000019s ]
INFO: [ app_init ] --END-- [ RunTime:0.000115s ]

[ 2017-02-26T20:28:24+08:00 ] 127.0.0.1 /Home/gujiananli/product_15.html
INFO: [ app_init ] --START--
INFO: Run Behavior\BuildLiteBehavior [ RunTime:0.000020s ]
INFO: [ app_init ] --END-- [ RunTime:0.000118s ]

[ 2017-02-26T20:28:26+08:00 ] 127.0.0.1 /Home/gujiananli/product_15.html
INFO: [ app_init ] --START--
INFO: Run Behavior\BuildLiteBehavior [ RunTime:0.000018s ]
INFO: [ app_init ] --END-- [ RunTime:0.000116s ]

[ 2017-02-26T20:29:14+08:00 ] 127.0.0.1 /Home/gujiananli/product_15.html
INFO: [ app_init ] --START--
INFO: Run Behavior\BuildLiteBehavior [ RunTime:0.000019s ]
INFO: [ app_init ] --END-- [ RunTime:0.000114s ]

[ 2017-02-26T20:29:16+08:00 ] 127.0.0.1 /Home/gujiananli/product_15.html
INFO: [ app_init ] --START--
INFO: Run Behavior\BuildLiteBehavior [ RunTime:0.000019s ]
INFO: [ app_init ] --END-- [ RunTime:0.000110s ]

[ 2017-02-26T20:29:17+08:00 ] 127.0.0.1 /Home/gujiananli/product_15.html
INFO: [ app_init ] --START--
INFO: Run Behavior\BuildLiteBehavior [ RunTime:0.000020s ]
INFO: [ app_init ] --END-- [ RunTime:0.000120s ]

[ 2017-02-26T20:29:17+08:00 ] 127.0.0.1 /Home/gujiananli/product_15.html
INFO: [ app_init ] --START--
INFO: Run Behavior\BuildLiteBehavior [ RunTime:0.000019s ]
INFO: [ app_init ] --END-- [ RunTime:0.000111s ]

[ 2017-02-26T20:29:17+08:00 ] 127.0.0.1 /Home/gujiananli/product_15.html
INFO: [ app_init ] --START--
INFO: Run Behavior\BuildLiteBehavior [ RunTime:0.000024s ]
INFO: [ app_init ] --END-- [ RunTime:0.000138s ]

[ 2017-02-26T20:30:21+08:00 ] 127.0.0.1 /Home/gujiananli/product_15.html
INFO: [ app_init ] --START--
INFO: Run Behavior\BuildLiteBehavior [ RunTime:0.000018s ]
INFO: [ app_init ] --END-- [ RunTime:0.000194s ]

[ 2017-02-26T20:30:53+08:00 ] 127.0.0.1 /Home/gujiananli/product_14.html
INFO: [ app_init ] --START--
INFO: Run Behavior\BuildLiteBehavior [ RunTime:0.000019s ]
INFO: [ app_init ] --END-- [ RunTime:0.000113s ]

[ 2017-02-26T20:30:59+08:00 ] 127.0.0.1 /Home/gujiananli/product_14.html
INFO: [ app_init ] --START--
INFO: Run Behavior\BuildLiteBehavior [ RunTime:0.000020s ]
INFO: [ app_init ] --END-- [ RunTime:0.000117s ]

[ 2017-02-26T20:31:14+08:00 ] 127.0.0.1 /Home/gujiananli/product_14.html
INFO: [ app_init ] --START--
INFO: Run Behavior\BuildLiteBehavior [ RunTime:0.000020s ]
INFO: [ app_init ] --END-- [ RunTime:0.000120s ]

[ 2017-02-26T20:31:18+08:00 ] 127.0.0.1 /Home/gujiananli/product_14.html
INFO: [ app_init ] --START--
INFO: Run Behavior\BuildLiteBehavior [ RunTime:0.000020s ]
INFO: [ app_init ] --END-- [ RunTime:0.000115s ]

[ 2017-02-26T20:32:22+08:00 ] 127.0.0.1 /Home/gujiananli/product_14.html
INFO: [ app_init ] --START--
INFO: Run Behavior\BuildLiteBehavior [ RunTime:0.000017s ]
INFO: [ app_init ] --END-- [ RunTime:0.000106s ]

[ 2017-02-26T20:33:13+08:00 ] 127.0.0.1 /Home/gujiananli/product_14.html
INFO: [ app_init ] --START--
INFO: Run Behavior\BuildLiteBehavior [ RunTime:0.000019s ]
INFO: [ app_init ] --END-- [ RunTime:0.000118s ]

[ 2017-02-26T20:33:15+08:00 ] 127.0.0.1 /Home/gujiananli/product_14.html
INFO: [ app_init ] --START--
INFO: Run Behavior\BuildLiteBehavior [ RunTime:0.000022s ]
INFO: [ app_init ] --END-- [ RunTime:0.000127s ]

[ 2017-02-26T20:34:23+08:00 ] 127.0.0.1 /Home/gujiananli/product_14.html
INFO: [ app_init ] --START--
INFO: Run Behavior\BuildLiteBehavior [ RunTime:0.000020s ]
INFO: [ app_init ] --END-- [ RunTime:0.000116s ]

[ 2017-02-26T20:34:48+08:00 ] 127.0.0.1 /Home/index.html
INFO: [ app_init ] --START--
INFO: Run Behavior\BuildLiteBehavior [ RunTime:0.000019s ]
INFO: [ app_init ] --END-- [ RunTime:0.000116s ]

[ 2017-02-26T20:34:51+08:00 ] 127.0.0.1 /Home/gujiangongcheng/product_2.html
INFO: [ app_init ] --START--
INFO: Run Behavior\BuildLiteBehavior [ RunTime:0.000040s ]
INFO: [ app_init ] --END-- [ RunTime:0.000224s ]

[ 2017-02-26T20:35:00+08:00 ] 127.0.0.1 /Home/gujiangongcheng/product_3.html
INFO: [ app_init ] --START--
INFO: Run Behavior\BuildLiteBehavior [ RunTime:0.000021s ]
INFO: [ app_init ] --END-- [ RunTime:0.000134s ]

[ 2017-02-26T20:35:05+08:00 ] 127.0.0.1 /Home/gujiananli.html
INFO: [ app_init ] --START--
INFO: Run Behavior\BuildLiteBehavior [ RunTime:0.000020s ]
INFO: [ app_init ] --END-- [ RunTime:0.000136s ]

[ 2017-02-26T20:35:09+08:00 ] 127.0.0.1 /Home/gujiananli/product_19.html
INFO: [ app_init ] --START--
INFO: Run Behavior\BuildLiteBehavior [ RunTime:0.000018s ]
INFO: [ app_init ] --END-- [ RunTime:0.000118s ]

[ 2017-02-26T20:35:16+08:00 ] 127.0.0.1 /Home/gujianwenhua.html
INFO: [ app_init ] --START--
INFO: Run Behavior\BuildLiteBehavior [ RunTime:0.000022s ]
INFO: [ app_init ] --END-- [ RunTime:0.000133s ]

[ 2017-02-26T20:35:21+08:00 ] 127.0.0.1 /Home/gujiananli.html
INFO: [ app_init ] --START--
INFO: Run Behavior\BuildLiteBehavior [ RunTime:0.000020s ]
INFO: [ app_init ] --END-- [ RunTime:0.000140s ]

[ 2017-02-26T20:35:22+08:00 ] 127.0.0.1 /Home/gujiananli/product_18.html
INFO: [ app_init ] --START--
INFO: Run Behavior\BuildLiteBehavior [ RunTime:0.000036s ]
INFO: [ app_init ] --END-- [ RunTime:0.000130s ]

[ 2017-02-26T20:35:24+08:00 ] 127.0.0.1 /Home/gujiananli.html
INFO: [ app_init ] --START--
INFO: Run Behavior\BuildLiteBehavior [ RunTime:0.000039s ]
INFO: [ app_init ] --END-- [ RunTime:0.000189s ]

[ 2017-02-26T20:35:37+08:00 ] 127.0.0.1 /Home/gujiananli/list_2.html
INFO: [ app_init ] --START--
INFO: Run Behavior\BuildLiteBehavior [ RunTime:0.000019s ]
INFO: [ app_init ] --END-- [ RunTime:0.000116s ]

[ 2017-02-26T20:35:44+08:00 ] 127.0.0.1 /Home/gujiananli/list_1.html
INFO: [ app_init ] --START--
INFO: Run Behavior\BuildLiteBehavior [ RunTime:0.000019s ]
INFO: [ app_init ] --END-- [ RunTime:0.000115s ]

[ 2017-02-26T20:40:24+08:00 ] 127.0.0.1 /Home/gujiananli/product_15.html
INFO: [ app_init ] --START--
INFO: Run Behavior\BuildLiteBehavior [ RunTime:0.000020s ]
INFO: [ app_init ] --END-- [ RunTime:0.000141s ]
ERR: 模板不存在:./Templates/pc/gujianzhu/Home/gujiananli.html

[ 2017-02-26T20:40:31+08:00 ] 127.0.0.1 /Home/gujiananli/product_15.html
INFO: [ app_init ] --START--
INFO: Run Behavior\BuildLiteBehavior [ RunTime:0.000025s ]
INFO: [ app_init ] --END-- [ RunTime:0.000178s ]
ERR: 模板不存在:./Templates/pc/gujianzhu/Home/gujiananli.html

[ 2017-02-26T20:40:36+08:00 ] 127.0.0.1 /Home/gujiananli/list_1.html
INFO: [ app_init ] --START--
INFO: Run Behavior\BuildLiteBehavior [ RunTime:0.000020s ]
INFO: [ app_init ] --END-- [ RunTime:0.000120s ]

[ 2017-02-26T20:40:39+08:00 ] 127.0.0.1 /Home/gujiananli/product_15.html
INFO: [ app_init ] --START--
INFO: Run Behavior\BuildLiteBehavior [ RunTime:0.000019s ]
INFO: [ app_init ] --END-- [ RunTime:0.000115s ]
ERR: 模板不存在:./Templates/pc/gujianzhu/Home/gujiananli.html

[ 2017-02-26T20:40:42+08:00 ] 127.0.0.1 /Home/gujiananli/product_15.html
INFO: [ app_init ] --START--
INFO: Run Behavior\BuildLiteBehavior [ RunTime:0.000023s ]
INFO: [ app_init ] --END-- [ RunTime:0.000125s ]
ERR: 模板不存在:./Templates/pc/gujianzhu/Home/gujiananli.html

[ 2017-02-26T20:41:54+08:00 ] 127.0.0.1 /Home/gujiananli/product_15.html
INFO: [ app_init ] --START--
INFO: Run Behavior\BuildLiteBehavior [ RunTime:0.000019s ]
INFO: [ app_init ] --END-- [ RunTime:0.000113s ]
ERR: 模板不存在:./Templates/pc/gujianzhu/Home/gujiananli.html

[ 2017-02-26T20:42:14+08:00 ] 127.0.0.1 /Home/gujiananli/list_1.html
INFO: [ app_init ] --START--
INFO: Run Behavior\BuildLiteBehavior [ RunTime:0.000037s ]
INFO: [ app_init ] --END-- [ RunTime:0.000198s ]

[ 2017-02-26T20:42:15+08:00 ] 127.0.0.1 /Home/gujiananli/list_2.html
INFO: [ app_init ] --START--
INFO: Run Behavior\BuildLiteBehavior [ RunTime:0.000018s ]
INFO: [ app_init ] --END-- [ RunTime:0.000110s ]

[ 2017-02-26T20:42:18+08:00 ] 127.0.0.1 /Home/gujiananli/product_25.html
INFO: [ app_init ] --START--
INFO: Run Behavior\BuildLiteBehavior [ RunTime:0.000019s ]
INFO: [ app_init ] --END-- [ RunTime:0.000115s ]
ERR: 模板不存在:./Templates/pc/gujianzhu/Home/gujiananli.html

[ 2017-02-26T20:43:05+08:00 ] 127.0.0.1 /Home/gujiananli/product_25.html
INFO: [ app_init ] --START--
INFO: Run Behavior\BuildLiteBehavior [ RunTime:0.000020s ]
INFO: [ app_init ] --END-- [ RunTime:0.000117s ]

[ 2017-02-26T20:43:29+08:00 ] 127.0.0.1 /Home/gujiananli/product_25.html
INFO: [ app_init ] --START--
INFO: Run Behavior\BuildLiteBehavior [ RunTime:0.000019s ]
INFO: [ app_init ] --END-- [ RunTime:0.000120s ]

[ 2017-02-26T20:44:32+08:00 ] 127.0.0.1 /Home/gujiananli/product_25.html
INFO: [ app_init ] --START--
INFO: Run Behavior\BuildLiteBehavior [ RunTime:0.000020s ]
INFO: [ app_init ] --END-- [ RunTime:0.000121s ]
ERR: 模板不存在:./Templates/pc/gujianzhu/Home/gujiananli.html

[ 2017-02-26T20:45:10+08:00 ] 127.0.0.1 /Home/gujiananli/product_25.html
INFO: [ app_init ] --START--
INFO: Run Behavior\BuildLiteBehavior [ RunTime:0.000019s ]
INFO: [ app_init ] --END-- [ RunTime:0.000117s ]

[ 2017-02-26T20:45:24+08:00 ] 127.0.0.1 /Home/gujiananli/product_25.html
INFO: [ app_init ] --START--
INFO: Run Behavior\BuildLiteBehavior [ RunTime:0.000018s ]
INFO: [ app_init ] --END-- [ RunTime:0.000110s ]

[ 2017-02-26T20:45:41+08:00 ] 127.0.0.1 /Home/gujiananli/product_25.html
INFO: [ app_init ] --START--
INFO: Run Behavior\BuildLiteBehavior [ RunTime:0.000019s ]
INFO: [ app_init ] --END-- [ RunTime:0.000114s ]

[ 2017-02-26T20:45:55+08:00 ] 127.0.0.1 /Home/gujiananli/product_14.html
INFO: [ app_init ] --START--
INFO: Run Behavior\BuildLiteBehavior [ RunTime:0.000020s ]
INFO: [ app_init ] --END-- [ RunTime:0.000151s ]
ERR: 模板不存在:./Templates/pc/gujianzhu/Home/gujiananli.html

[ 2017-02-26T20:47:02+08:00 ] 127.0.0.1 /Home/gujiananli/product_14.html
INFO: [ app_init ] --START--
INFO: Run Behavior\BuildLiteBehavior [ RunTime:0.000020s ]
INFO: [ app_init ] --END-- [ RunTime:0.000118s ]

[ 2017-02-26T20:47:04+08:00 ] 127.0.0.1 /Home/gujiananli/product_14.html
INFO: [ app_init ] --START--
INFO: Run Behavior\BuildLiteBehavior [ RunTime:0.000020s ]
INFO: [ app_init ] --END-- [ RunTime:0.000146s ]

[ 2017-02-26T20:47:48+08:00 ] 127.0.0.1 /Home/gujiananli/product_14.html
INFO: [ app_init ] --START--
INFO: Run Behavior\BuildLiteBehavior [ RunTime:0.000020s ]
INFO: [ app_init ] --END-- [ RunTime:0.000118s ]

[ 2017-02-26T20:47:52+08:00 ] 127.0.0.1 /Home/gujiananli/product_25.html
INFO: [ app_init ] --START--
INFO: Run Behavior\BuildLiteBehavior [ RunTime:0.000043s ]
INFO: [ app_init ] --END-- [ RunTime:0.000250s ]

[ 2017-02-26T20:48:18+08:00 ] 127.0.0.1 /Home/gujiananli/product_25.html
INFO: [ app_init ] --START--
INFO: Run Behavior\BuildLiteBehavior [ RunTime:0.000020s ]
INFO: [ app_init ] --END-- [ RunTime:0.000117s ]

[ 2017-02-26T20:48:32+08:00 ] 127.0.0.1 /Home/gujiananli/list_2.html
INFO: [ app_init ] --START--
INFO: Run Behavior\BuildLiteBehavior [ RunTime:0.000043s ]
INFO: [ app_init ] --END-- [ RunTime:0.000241s ]

[ 2017-02-26T20:48:44+08:00 ] 127.0.0.1 /Home/gujiananli/list_2.html
INFO: [ app_init ] --START--
INFO: Run Behavior\BuildLiteBehavior [ RunTime:0.000020s ]
INFO: [ app_init ] --END-- [ RunTime:0.000117s ]

[ 2017-02-26T20:48:46+08:00 ] 127.0.0.1 /Home/gujiananli/product_21.html
INFO: [ app_init ] --START--
INFO: Run Behavior\BuildLiteBehavior [ RunTime:0.000022s ]
INFO: [ app_init ] --END-- [ RunTime:0.000151s ]

[ 2017-02-26T20:48:50+08:00 ] 127.0.0.1 /Home/gujiananli/product_21.html
INFO: [ app_init ] --START--
INFO: Run Behavior\BuildLiteBehavior [ RunTime:0.000019s ]
INFO: [ app_init ] --END-- [ RunTime:0.000117s ]

[ 2017-02-26T20:48:59+08:00 ] 127.0.0.1 /Home/gujiananli/list_2.html
INFO: [ app_init ] --START--
INFO: Run Behavior\BuildLiteBehavior [ RunTime:0.000051s ]
INFO: [ app_init ] --END-- [ RunTime:0.000161s ]

[ 2017-02-26T20:49:03+08:00 ] 127.0.0.1 /Home/gujiananli/list_1.html
INFO: [ app_init ] --START--
INFO: Run Behavior\BuildLiteBehavior [ RunTime:0.000017s ]
INFO: [ app_init ] --END-- [ RunTime:0.000106s ]

[ 2017-02-26T20:49:53+08:00 ] 127.0.0.1 /Home/gujiananli/product_15.html
INFO: [ app_init ] --START--
INFO: Run Behavior\BuildLiteBehavior [ RunTime:0.000019s ]
INFO: [ app_init ] --END-- [ RunTime:0.000115s ]

[ 2017-02-26T20:50:07+08:00 ] 127.0.0.1 /Home/gujiananli/product_15.html
INFO: [ app_init ] --START--
INFO: Run Behavior\BuildLiteBehavior [ RunTime:0.000019s ]
INFO: [ app_init ] --END-- [ RunTime:0.000112s ]

[ 2017-02-26T20:52:16+08:00 ] 127.0.0.1 /Home/gujiananli/product_15.html
INFO: [ app_init ] --START--
INFO: Run Behavior\BuildLiteBehavior [ RunTime:0.000020s ]
INFO: [ app_init ] --END-- [ RunTime:0.000123s ]

[ 2017-02-26T20:52:18+08:00 ] 127.0.0.1 /Home/gujianwenhua.html
INFO: [ app_init ] --START--
INFO: Run Behavior\BuildLiteBehavior [ RunTime:0.000044s ]
INFO: [ app_init ] --END-- [ RunTime:0.000278s ]

[ 2017-02-26T20:55:02+08:00 ] 127.0.0.1 /Home/gujianwenhua.html
INFO: [ app_init ] --START--
INFO: Run Behavior\BuildLiteBehavior [ RunTime:0.000035s ]
INFO: [ app_init ] --END-- [ RunTime:0.000151s ]

[ 2017-02-26T20:55:13+08:00 ] 127.0.0.1 /Home/gujianwenhua.html
INFO: [ app_init ] --START--
INFO: Run Behavior\BuildLiteBehavior [ RunTime:0.000017s ]
INFO: [ app_init ] --END-- [ RunTime:0.000112s ]

[ 2017-02-26T20:56:07+08:00 ] 127.0.0.1 /Home/gujianwenhua.html
INFO: [ app_init ] --START--
INFO: Run Behavior\BuildLiteBehavior [ RunTime:0.000020s ]
INFO: [ app_init ] --END-- [ RunTime:0.000132s ]

[ 2017-02-26T20:56:16+08:00 ] 127.0.0.1 /Home/gujianwenhua/list_4.html
INFO: [ app_init ] --START--
INFO: Run Behavior\BuildLiteBehavior [ RunTime:0.000021s ]
INFO: [ app_init ] --END-- [ RunTime:0.000121s ]

[ 2017-02-26T20:56:19+08:00 ] 127.0.0.1 /Home/gujianwenhua/list_2.html
INFO: [ app_init ] --START--
INFO: Run Behavior\BuildLiteBehavior [ RunTime:0.000020s ]
INFO: [ app_init ] --END-- [ RunTime:0.000115s ]

[ 2017-02-26T20:57:03+08:00 ] 127.0.0.1 /Home/gujianwenhua/list_2.html
INFO: [ app_init ] --START--
INFO: Run Behavior\BuildLiteBehavior [ RunTime:0.000018s ]
INFO: [ app_init ] --END-- [ RunTime:0.000143s ]

[ 2017-02-26T20:57:07+08:00 ] 127.0.0.1 /Home/gujianwenhua/list_1.html
INFO: [ app_init ] --START--
INFO: Run Behavior\BuildLiteBehavior [ RunTime:0.000019s ]
INFO: [ app_init ] --END-- [ RunTime:0.000119s ]

[ 2017-02-26T20:57:11+08:00 ] 127.0.0.1 /Home/gujianwenhua/list_1.html
INFO: [ app_init ] --START--
INFO: Run Behavior\BuildLiteBehavior [ RunTime:0.000020s ]
INFO: [ app_init ] --END-- [ RunTime:0.000116s ]

[ 2017-02-26T20:57:26+08:00 ] 127.0.0.1 /Home/gujianwenhua/list_1.html
INFO: [ app_init ] --START--
INFO: Run Behavior\BuildLiteBehavior [ RunTime:0.000019s ]
INFO: [ app_init ] --END-- [ RunTime:0.000117s ]

[ 2017-02-26T20:57:37+08:00 ] 127.0.0.1 /Home/gujianwenhua/list_1.html
INFO: [ app_init ] --START--
INFO: Run Behavior\BuildLiteBehavior [ RunTime:0.000018s ]
INFO: [ app_init ] --END-- [ RunTime:0.000109s ]

[ 2017-02-26T20:57:45+08:00 ] 127.0.0.1 /Home/gujianwenhua/list_1.html
INFO: [ app_init ] --START--
INFO: Run Behavior\BuildLiteBehavior [ RunTime:0.000020s ]
INFO: [ app_init ] --END-- [ RunTime:0.000128s ]

[ 2017-02-26T20:58:18+08:00 ] 127.0.0.1 /Home/gujianwenhua/list_1.html
INFO: [ app_init ] --START--
INFO: Run Behavior\BuildLiteBehavior [ RunTime:0.000020s ]
INFO: [ app_init ] --END-- [ RunTime:0.000116s ]

[ 2017-02-26T20:58:21+08:00 ] 127.0.0.1 /Home/gujianwenhua/article_13.html
INFO: [ app_init ] --START--
INFO: Run Behavior\BuildLiteBehavior [ RunTime:0.000020s ]
INFO: [ app_init ] --END-- [ RunTime:0.000116s ]

[ 2017-02-26T20:58:59+08:00 ] 127.0.0.1 /Home/gujianwenhua/list_1.html
INFO: [ app_init ] --START--
INFO: Run Behavior\BuildLiteBehavior [ RunTime:0.000019s ]
INFO: [ app_init ] --END-- [ RunTime:0.000120s ]

[ 2017-02-26T20:59:01+08:00 ] 127.0.0.1 /Home/gujianwenhua/article_13.html
INFO: [ app_init ] --START--
INFO: Run Behavior\BuildLiteBehavior [ RunTime:0.000018s ]
INFO: [ app_init ] --END-- [ RunTime:0.000108s ]
ERR: 模板不存在:./Templates/pc/gujianzhu/Home/gujianwenhua.html

[ 2017-02-26T20:59:40+08:00 ] 127.0.0.1 /Home/gujianwenhua/list_1.html
INFO: [ app_init ] --START--
INFO: Run Behavior\BuildLiteBehavior [ RunTime:0.000018s ]
INFO: [ app_init ] --END-- [ RunTime:0.000111s ]

[ 2017-02-26T20:59:44+08:00 ] 127.0.0.1 /Home/gujianwenhua/article_13.html
INFO: [ app_init ] --START--
INFO: Run Behavior\BuildLiteBehavior [ RunTime:0.000020s ]
INFO: [ app_init ] --END-- [ RunTime:0.000120s ]
ERR: 模板不存在:./Templates/pc/gujianzhu/Home/gujianwenhua.html

[ 2017-02-26T21:00:13+08:00 ] 127.0.0.1 /Home/gujianwenhua/article_13.html
INFO: [ app_init ] --START--
INFO: Run Behavior\BuildLiteBehavior [ RunTime:0.000019s ]
INFO: [ app_init ] --END-- [ RunTime:0.000118s ]
ERR: 模板不存在:./Templates/pc/gujianzhu/Home/gujianwenhua.html

[ 2017-02-26T21:00:35+08:00 ] 127.0.0.1 /Home/gujianwenhua/article_13.html
INFO: [ app_init ] --START--
INFO: Run Behavior\BuildLiteBehavior [ RunTime:0.000020s ]
INFO: [ app_init ] --END-- [ RunTime:0.000122s ]
ERR: 模板不存在:./Templates/pc/gujianzhu/Home/gujianwenhua.html

[ 2017-02-26T21:00:39+08:00 ] 127.0.0.1 /Home/gujiangongcheng.html
INFO: [ app_init ] --START--
INFO: Run Behavior\BuildLiteBehavior [ RunTime:0.000020s ]
INFO: [ app_init ] --END-- [ RunTime:0.000111s ]

[ 2017-02-26T21:00:43+08:00 ] 127.0.0.1 /Home/gujianwenhua.html
INFO: [ app_init ] --START--
INFO: Run Behavior\BuildLiteBehavior [ RunTime:0.000059s ]
INFO: [ app_init ] --END-- [ RunTime:0.000567s ]

[ 2017-02-26T21:00:46+08:00 ] 127.0.0.1 /Home/gujianwenhua/list_2.html
INFO: [ app_init ] --START--
INFO: Run Behavior\BuildLiteBehavior [ RunTime:0.000022s ]
INFO: [ app_init ] --END-- [ RunTime:0.000138s ]

[ 2017-02-26T21:01:30+08:00 ] 127.0.0.1 /Home/gujianwenhua/article_17.html
INFO: [ app_init ] --START--
INFO: Run Behavior\BuildLiteBehavior [ RunTime:0.000019s ]
INFO: [ app_init ] --END-- [ RunTime:0.000119s ]
ERR: 模板不存在:./Templates/pc/gujianzhu/Home/gujianwenhua.html

[ 2017-02-26T21:02:15+08:00 ] 127.0.0.1 /Home/gujianwenhua/article_17.html
INFO: [ app_init ] --START--
INFO: Run Behavior\BuildLiteBehavior [ RunTime:0.000019s ]
INFO: [ app_init ] --END-- [ RunTime:0.000119s ]
ERR: 模板不存在:./Templates/pc/gujianzhu/Home/gujianwenhua.html

[ 2017-02-26T21:02:32+08:00 ] 127.0.0.1 /Home/gujianwenhua/article_17.html
INFO: [ app_init ] --START--
INFO: Run Behavior\BuildLiteBehavior [ RunTime:0.000019s ]
INFO: [ app_init ] --END-- [ RunTime:0.000118s ]
ERR: 模板不存在:./Templates/pc/gujianzhu/Home/gujianwenhua.html

[ 2017-02-26T21:03:53+08:00 ] 127.0.0.1 /Home/gujianwenhua/article_17.html
INFO: [ app_init ] --START--
INFO: Run Behavior\BuildLiteBehavior [ RunTime:0.000034s ]
INFO: [ app_init ] --END-- [ RunTime:0.000147s ]

[ 2017-02-26T21:04:20+08:00 ] 127.0.0.1 /Home/gujianwenhua/article_17.html
INFO: [ app_init ] --START--
INFO: Run Behavior\BuildLiteBehavior [ RunTime:0.000052s ]
INFO: [ app_init ] --END-- [ RunTime:0.000247s ]

[ 2017-02-26T21:04:34+08:00 ] 127.0.0.1 /Home/gujianwenhua/article_17.html
INFO: [ app_init ] --START--
INFO: Run Behavior\BuildLiteBehavior [ RunTime:0.000019s ]
INFO: [ app_init ] --END-- [ RunTime:0.000117s ]
ERR: 模板不存在:./Templates/pc/gujianzhu/Home/gujianwenhua.html

[ 2017-02-26T21:04:55+08:00 ] 127.0.0.1 /Home/gujianwenhua/article_17.html
INFO: [ app_init ] --START--
INFO: Run Behavior\BuildLiteBehavior [ RunTime:0.000020s ]
INFO: [ app_init ] --END-- [ RunTime:0.000156s ]
ERR: 模板不存在:./Templates/pc/gujianzhu/Home/gujianwenhua.html

[ 2017-02-26T21:05:12+08:00 ] 127.0.0.1 /Home/gujianwenhua/article_17.html
INFO: [ app_init ] --START--
INFO: Run Behavior\BuildLiteBehavior [ RunTime:0.000019s ]
INFO: [ app_init ] --END-- [ RunTime:0.000118s ]
ERR: 模板不存在:./Templates/pc/gujianzhu/Home/gujianwenhua.html

[ 2017-02-26T21:05:23+08:00 ] 127.0.0.1 /Home/gujianwenhua/article_17.html
INFO: [ app_init ] --START--
INFO: Run Behavior\BuildLiteBehavior [ RunTime:0.000018s ]
INFO: [ app_init ] --END-- [ RunTime:0.000108s ]
ERR: 模板不存在:./Templates/pc/gujianzhu/Home/gujianwenhua.html

[ 2017-02-26T21:05:41+08:00 ] 127.0.0.1 /Home/gujianwenhua/article_17.html
INFO: [ app_init ] --START--
INFO: Run Behavior\BuildLiteBehavior [ RunTime:0.000088s ]
INFO: [ app_init ] --END-- [ RunTime:0.000477s ]
ERR: 模板不存在:./Templates/pc/gujianzhu/Home/gujianwenhua.html

[ 2017-02-26T21:05:45+08:00 ] 127.0.0.1 /Home/gujianwenhua/article_17.html
INFO: [ app_init ] --START--
INFO: Run Behavior\BuildLiteBehavior [ RunTime:0.000019s ]
INFO: [ app_init ] --END-- [ RunTime:0.000121s ]
ERR: 模板不存在:./Templates/pc/gujianzhu/Home/gujianwenhua.html

[ 2017-02-26T21:06:22+08:00 ] 127.0.0.1 /Home/gujianwenhua/article_17.html
INFO: [ app_init ] --START--
INFO: Run Behavior\BuildLiteBehavior [ RunTime:0.000020s ]
INFO: [ app_init ] --END-- [ RunTime:0.000114s ]

[ 2017-02-26T21:07:16+08:00 ] 127.0.0.1 /Home/gujianwenhua/article_17.html
INFO: [ app_init ] --START--
INFO: Run Behavior\BuildLiteBehavior [ RunTime:0.000019s ]
INFO: [ app_init ] --END-- [ RunTime:0.000122s ]

[ 2017-02-26T21:07:29+08:00 ] 127.0.0.1 /Home/gujianwenhua/article_17.html
INFO: [ app_init ] --START--
INFO: Run Behavior\BuildLiteBehavior [ RunTime:0.000020s ]
INFO: [ app_init ] --END-- [ RunTime:0.000121s ]

[ 2017-02-26T21:07:59+08:00 ] 127.0.0.1 /Home/gujianwenhua/article_17.html
INFO: [ app_init ] --START--
INFO: Run Behavior\BuildLiteBehavior [ RunTime:0.000018s ]
INFO: [ app_init ] --END-- [ RunTime:0.000118s ]
ERR: 模板不存在:./Templates/pc/gujianzhu/Home/gujianwenhua.html

[ 2017-02-26T21:08:29+08:00 ] 127.0.0.1 /Home/gujianwenhua/article_17.html
INFO: [ app_init ] --START--
INFO: Run Behavior\BuildLiteBehavior [ RunTime:0.000020s ]
INFO: [ app_init ] --END-- [ RunTime:0.000120s ]
ERR: 模板不存在:./Templates/pc/gujianzhu/Home/gujianwenhua.html

[ 2017-02-26T21:09:09+08:00 ] 127.0.0.1 /Home/gujianwenhua/article_17.html
INFO: [ app_init ] --START--
INFO: Run Behavior\BuildLiteBehavior [ RunTime:0.000019s ]
INFO: [ app_init ] --END-- [ RunTime:0.000119s ]
ERR: 模板不存在:./Templates/pc/gujianzhu/Home/gujianwenhua.html

[ 2017-02-26T21:09:21+08:00 ] 127.0.0.1 /Home/gujianwenhua/article_17.html
INFO: [ app_init ] --START--
INFO: Run Behavior\BuildLiteBehavior [ RunTime:0.000020s ]
INFO: [ app_init ] --END-- [ RunTime:0.000134s ]
ERR: 模板不存在:./Templates/pc/gujianzhu/Home/gujianwenhua.html

[ 2017-02-26T21:09:58+08:00 ] 127.0.0.1 /Home/gujianwenhua/article_17.html
INFO: [ app_init ] --START--
INFO: Run Behavior\BuildLiteBehavior [ RunTime:0.000020s ]
INFO: [ app_init ] --END-- [ RunTime:0.000123s ]

[ 2017-02-26T21:10:07+08:00 ] 127.0.0.1 /Home/gujianwenhua/article_17.html
INFO: [ app_init ] --START--
INFO: Run Behavior\BuildLiteBehavior [ RunTime:0.000018s ]
INFO: [ app_init ] --END-- [ RunTime:0.000118s ]

[ 2017-02-26T21:10:07+08:00 ] 127.0.0.1 /Home/gujianwenhua/images/slide3.jpg
INFO: [ app_init ] --START--
INFO: Run Behavior\BuildLiteBehavior [ RunTime:0.000078s ]
INFO: [ app_init ] --END-- [ RunTime:0.000276s ]

[ 2017-02-26T21:10:51+08:00 ] 127.0.0.1 /Home/gujianwenhua/article_17.html
INFO: [ app_init ] --START--
INFO: Run Behavior\BuildLiteBehavior [ RunTime:0.000019s ]
INFO: [ app_init ] --END-- [ RunTime:0.000114s ]

[ 2017-02-26T21:11:01+08:00 ] 127.0.0.1 /Home/gujianwenhua/article_13.html
INFO: [ app_init ] --START--
INFO: Run Behavior\BuildLiteBehavior [ RunTime:0.000020s ]
INFO: [ app_init ] --END-- [ RunTime:0.000118s ]

[ 2017-02-26T21:11:07+08:00 ] 127.0.0.1 /Home/gujianwenhua.html
INFO: [ app_init ] --START--
INFO: Run Behavior\BuildLiteBehavior [ RunTime:0.000020s ]
INFO: [ app_init ] --END-- [ RunTime:0.000115s ]

[ 2017-02-26T21:11:09+08:00 ] 127.0.0.1 /Home/gujianwenhua/article_12.html
INFO: [ app_init ] --START--
INFO: Run Behavior\BuildLiteBehavior [ RunTime:0.000019s ]
INFO: [ app_init ] --END-- [ RunTime:0.000109s ]

[ 2017-02-26T21:11:22+08:00 ] 127.0.0.1 /Home/gujianwenhua/article_12.html
INFO: [ app_init ] --START--
INFO: Run Behavior\BuildLiteBehavior [ RunTime:0.000020s ]
INFO: [ app_init ] --END-- [ RunTime:0.000119s ]

[ 2017-02-26T21:12:05+08:00 ] 127.0.0.1 /Home/gujianwenhua.html
INFO: [ app_init ] --START--
INFO: Run Behavior\BuildLiteBehavior [ RunTime:0.000033s ]
INFO: [ app_init ] --END-- [ RunTime:0.000156s ]

[ 2017-02-26T21:12:08+08:00 ] 127.0.0.1 /Home/gujianwenhua/cs.html
INFO: [ app_init ] --START--
INFO: Run Behavior\BuildLiteBehavior [ RunTime:0.000019s ]
INFO: [ app_init ] --END-- [ RunTime:0.000107s ]

[ 2017-02-26T21:12:23+08:00 ] 127.0.0.1 /Home/gujianwenhua/article_12.html
INFO: [ app_init ] --START--
INFO: Run Behavior\BuildLiteBehavior [ RunTime:0.000020s ]
INFO: [ app_init ] --END-- [ RunTime:0.000119s ]

[ 2017-02-26T21:12:27+08:00 ] 127.0.0.1 /Home/index.html
INFO: [ app_init ] --START--
INFO: Run Behavior\BuildLiteBehavior [ RunTime:0.000024s ]
INFO: [ app_init ] --END-- [ RunTime:0.000131s ]

[ 2017-02-26T21:12:37+08:00 ] 127.0.0.1 /Home/gujianwenhua/cs.html
INFO: [ app_init ] --START--
INFO: Run Behavior\BuildLiteBehavior [ RunTime:0.000021s ]
INFO: [ app_init ] --END-- [ RunTime:0.000135s ]

[ 2017-02-26T21:12:45+08:00 ] 127.0.0.1 /Home/gujiangongcheng/product_1.html
INFO: [ app_init ] --START--
INFO: Run Behavior\BuildLiteBehavior [ RunTime:0.000020s ]
INFO: [ app_init ] --END-- [ RunTime:0.000111s ]

[ 2017-02-26T21:12:51+08:00 ] 127.0.0.1 /Home/shoufeibiaozhun.html
INFO: [ app_init ] --START--
INFO: Run Behavior\BuildLiteBehavior [ RunTime:0.000018s ]
INFO: [ app_init ] --END-- [ RunTime:0.000106s ]

[ 2017-02-26T21:12:54+08:00 ] 127.0.0.1 /Home/lianxiwomen.html
INFO: [ app_init ] --START--
INFO: Run Behavior\BuildLiteBehavior [ RunTime:0.000030s ]
INFO: [ app_init ] --END-- [ RunTime:0.000138s ]

[ 2017-02-26T21:13:06+08:00 ] 127.0.0.1 /Home/lianxiwomen.html
INFO: [ app_init ] --START--
INFO: Run Behavior\BuildLiteBehavior [ RunTime:0.000022s ]
INFO: [ app_init ] --END-- [ RunTime:0.000124s ]

[ 2017-02-26T21:15:12+08:00 ] 127.0.0.1 /Home/lianxiwomen.html
INFO: [ app_init ] --START--
INFO: Run Behavior\BuildLiteBehavior [ RunTime:0.000019s ]
INFO: [ app_init ] --END-- [ RunTime:0.000118s ]
ERR: 模板不存在:./Templates/pc/gujianzhu/Home/lianxiwomen.html

[ 2017-02-26T21:15:15+08:00 ] 127.0.0.1 /Home/lianxiwomen.html
INFO: [ app_init ] --START--
INFO: Run Behavior\BuildLiteBehavior [ RunTime:0.000020s ]
INFO: [ app_init ] --END-- [ RunTime:0.000122s ]
ERR: 模板不存在:./Templates/pc/gujianzhu/Home/lianxiwomen.html

[ 2017-02-26T21:18:56+08:00 ] 127.0.0.1 /Home/gujiananli/list_2.html
INFO: [ app_init ] --START--
INFO: Run Behavior\BuildLiteBehavior [ RunTime:0.000019s ]
INFO: [ app_init ] --END-- [ RunTime:0.000145s ]

[ 2017-02-26T21:19:05+08:00 ] 127.0.0.1 /Home/gujiananli/list_1.html
INFO: [ app_init ] --START--
INFO: Run Behavior\BuildLiteBehavior [ RunTime:0.000035s ]
INFO: [ app_init ] --END-- [ RunTime:0.000144s ]

[ 2017-02-26T21:19:07+08:00 ] 127.0.0.1 /Home/gujiananli/list_1.html
INFO: [ app_init ] --START--
INFO: Run Behavior\BuildLiteBehavior [ RunTime:0.000019s ]
INFO: [ app_init ] --END-- [ RunTime:0.000114s ]

[ 2017-02-26T21:19:10+08:00 ] 127.0.0.1 /Home/gujiananli/product_16.html
INFO: [ app_init ] --START--
INFO: Run Behavior\BuildLiteBehavior [ RunTime:0.000018s ]
INFO: [ app_init ] --END-- [ RunTime:0.000110s ]

[ 2017-02-26T21:19:15+08:00 ] 127.0.0.1 /Home/lianxiwomen.html
INFO: [ app_init ] --START--
INFO: Run Behavior\BuildLiteBehavior [ RunTime:0.000034s ]
INFO: [ app_init ] --END-- [ RunTime:0.000177s ]
ERR: 模板不存在:./Templates/pc/gujianzhu/Home/lianxiwomen.html

[ 2017-02-26T21:19:20+08:00 ] 127.0.0.1 /Home/index.html
INFO: [ app_init ] --START--
INFO: Run Behavior\BuildLiteBehavior [ RunTime:0.000053s ]
INFO: [ app_init ] --END-- [ RunTime:0.000180s ]

[ 2017-02-26T21:19:24+08:00 ] 127.0.0.1 /Home/gujianwenhua/cs.html
INFO: [ app_init ] --START--
INFO: Run Behavior\BuildLiteBehavior [ RunTime:0.000031s ]
INFO: [ app_init ] --END-- [ RunTime:0.000124s ]

[ 2017-02-26T21:19:28+08:00 ] 127.0.0.1 /Home/gujianwenhua/cs.html
INFO: [ app_init ] --START--
INFO: Run Behavior\BuildLiteBehavior [ RunTime:0.000057s ]
INFO: [ app_init ] --END-- [ RunTime:0.000304s ]

[ 2017-02-26T21:21:18+08:00 ] 127.0.0.1 /Home/lianxiwomen.html
INFO: [ app_init ] --START--
INFO: Run Behavior\BuildLiteBehavior [ RunTime:0.000019s ]
INFO: [ app_init ] --END-- [ RunTime:0.000184s ]

[ 2017-02-26T21:21:29+08:00 ] 127.0.0.1 /Home/lianxiwomen.html
INFO: [ app_init ] --START--
INFO: Run Behavior\BuildLiteBehavior [ RunTime:0.000018s ]
INFO: [ app_init ] --END-- [ RunTime:0.000178s ]
ERR: 模板不存在:./Templates/pc/gujianzhu//tpl.html

[ 2017-02-26T21:23:00+08:00 ] 127.0.0.1 /Home/lianxiwomen.html
INFO: [ app_init ] --START--
INFO: Run Behavior\BuildLiteBehavior [ RunTime:0.000034s ]
INFO: [ app_init ] --END-- [ RunTime:0.000189s ]
ERR: 模板不存在:./Templates/pc/gujianzhu//tpl.html

[ 2017-02-26T21:23:02+08:00 ] 127.0.0.1 /Home/lianxiwomen.html
INFO: [ app_init ] --START--
INFO: Run Behavior\BuildLiteBehavior [ RunTime:0.000018s ]
INFO: [ app_init ] --END-- [ RunTime:0.000108s ]
ERR: 模板不存在:./Templates/pc/gujianzhu//tpl.html

[ 2017-02-26T21:23:21+08:00 ] 127.0.0.1 /Home/lianxiwomen.html
INFO: [ app_init ] --START--
INFO: Run Behavior\BuildLiteBehavior [ RunTime:0.000018s ]
INFO: [ app_init ] --END-- [ RunTime:0.000161s ]
ERR: 模板不存在:./Templates/pc/gujianzhu/Home/lianxiwomen.html

[ 2017-02-26T21:24:00+08:00 ] 127.0.0.1 /Home/lianxiwomen.html
INFO: [ app_init ] --START--
INFO: Run Behavior\BuildLiteBehavior [ RunTime:0.000019s ]
INFO: [ app_init ] --END-- [ RunTime:0.000184s ]

[ 2017-02-26T21:24:23+08:00 ] 127.0.0.1 /Home/lianxiwomen.html
INFO: [ app_init ] --START--
INFO: Run Behavior\BuildLiteBehavior [ RunTime:0.000019s ]
INFO: [ app_init ] --END-- [ RunTime:0.000113s ]

[ 2017-02-26T21:24:25+08:00 ] 127.0.0.1 /Home/lianxiwomen.html
INFO: [ app_init ] --START--
INFO: Run Behavior\BuildLiteBehavior [ RunTime:0.000020s ]
INFO: [ app_init ] --END-- [ RunTime:0.000164s ]

[ 2017-02-26T21:24:38+08:00 ] 127.0.0.1 /Home/lianxiwomen.html
INFO: [ app_init ] --START--
INFO: Run Behavior\BuildLiteBehavior [ RunTime:0.000019s ]
INFO: [ app_init ] --END-- [ RunTime:0.000149s ]

[ 2017-02-26T21:26:46+08:00 ] 127.0.0.1 /Home/lianxiwomen.html
INFO: [ app_init ] --START--
INFO: Run Behavior\BuildLiteBehavior [ RunTime:0.000018s ]
INFO: [ app_init ] --END-- [ RunTime:0.000111s ]

[ 2017-02-26T21:27:27+08:00 ] 127.0.0.1 /Home/lianxiwomen.html
INFO: [ app_init ] --START--
INFO: Run Behavior\BuildLiteBehavior [ RunTime:0.000019s ]
INFO: [ app_init ] --END-- [ RunTime:0.000115s ]

[ 2017-02-26T21:27:27+08:00 ] 127.0.0.1 /Home/%3Cp%3E%3Cimg%20src=
INFO: [ app_init ] --START--
INFO: Run Behavior\BuildLiteBehavior [ RunTime:0.000047s ]
INFO: [ app_init ] --END-- [ RunTime:0.000237s ]

[ 2017-02-26T21:28:15+08:00 ] 127.0.0.1 /Home/lianxiwomen.html
INFO: [ app_init ] --START--
INFO: Run Behavior\BuildLiteBehavior [ RunTime:0.000019s ]
INFO: [ app_init ] --END-- [ RunTime:0.000112s ]

[ 2017-02-26T21:28:15+08:00 ] 127.0.0.1 /Home/%3Cp%3E%3Cimg%20src=
INFO: [ app_init ] --START--
INFO: Run Behavior\BuildLiteBehavior [ RunTime:0.000022s ]
INFO: [ app_init ] --END-- [ RunTime:0.000157s ]

[ 2017-02-26T21:28:33+08:00 ] 127.0.0.1 /Home/lianxiwomen.html
INFO: [ app_init ] --START--
INFO: Run Behavior\BuildLiteBehavior [ RunTime:0.000019s ]
INFO: [ app_init ] --END-- [ RunTime:0.000151s ]

[ 2017-02-26T21:28:33+08:00 ] 127.0.0.1 /Home/%3Cp%3E%3Cimg%20src=
INFO: [ app_init ] --START--
INFO: Run Behavior\BuildLiteBehavior [ RunTime:0.000022s ]
INFO: [ app_init ] --END-- [ RunTime:0.000178s ]

[ 2017-02-26T21:28:59+08:00 ] 127.0.0.1 /Home/lianxiwomen.html
INFO: [ app_init ] --START--
INFO: Run Behavior\BuildLiteBehavior [ RunTime:0.000018s ]
INFO: [ app_init ] --END-- [ RunTime:0.000111s ]

[ 2017-02-26T21:30:31+08:00 ] 127.0.0.1 /Home/lianxiwomen.html
INFO: [ app_init ] --START--
INFO: Run Behavior\BuildLiteBehavior [ RunTime:0.000019s ]
INFO: [ app_init ] --END-- [ RunTime:0.000169s ]

[ 2017-02-26T21:30:35+08:00 ] 127.0.0.1 /Home/gujiananli.html
INFO: [ app_init ] --START--
INFO: Run Behavior\BuildLiteBehavior [ RunTime:0.000036s ]
INFO: [ app_init ] --END-- [ RunTime:0.000243s ]

[ 2017-02-26T21:30:41+08:00 ] 127.0.0.1 /Home/lianxiwomen.html
INFO: [ app_init ] --START--
INFO: Run Behavior\BuildLiteBehavior [ RunTime:0.000033s ]
INFO: [ app_init ] --END-- [ RunTime:0.000170s ]

[ 2017-02-26T21:30:44+08:00 ] 127.0.0.1 /Home/shoufeibiaozhun.html
INFO: [ app_init ] --START--
INFO: Run Behavior\BuildLiteBehavior [ RunTime:0.000018s ]
INFO: [ app_init ] --END-- [ RunTime:0.000110s ]

[ 2017-02-26T21:30:46+08:00 ] 127.0.0.1 /Home/gujianwenhua.html
INFO: [ app_init ] --START--
INFO: Run Behavior\BuildLiteBehavior [ RunTime:0.000024s ]
INFO: [ app_init ] --END-- [ RunTime:0.000138s ]

[ 2017-02-26T21:30:54+08:00 ] 127.0.0.1 /Home/index.html
INFO: [ app_init ] --START--
INFO: Run Behavior\BuildLiteBehavior [ RunTime:0.000020s ]
INFO: [ app_init ] --END-- [ RunTime:0.000142s ]

[ 2017-02-26T21:30:56+08:00 ] 127.0.0.1 /Home/gujiangongcheng/product_2.html
INFO: [ app_init ] --START--
INFO: Run Behavior\BuildLiteBehavior [ RunTime:0.000019s ]
INFO: [ app_init ] --END-- [ RunTime:0.000132s ]

[ 2017-02-26T21:31:04+08:00 ] 127.0.0.1 /Home/gujiangongcheng/product_2.html
INFO: [ app_init ] --START--
INFO: Run Behavior\BuildLiteBehavior [ RunTime:0.000021s ]
INFO: [ app_init ] --END-- [ RunTime:0.000140s ]

[ 2017-02-26T21:31:07+08:00 ] 127.0.0.1 /Home/gujianwenhua/article_14.html
INFO: [ app_init ] --START--
INFO: Run Behavior\BuildLiteBehavior [ RunTime:0.000058s ]
INFO: [ app_init ] --END-- [ RunTime:0.000335s ]

[ 2017-02-26T21:31:21+08:00 ] 127.0.0.1 /Home/gujianwenhua.html
INFO: [ app_init ] --START--
INFO: Run Behavior\BuildLiteBehavior [ RunTime:0.000020s ]
INFO: [ app_init ] --END-- [ RunTime:0.000221s ]

[ 2017-02-26T21:31:24+08:00 ] 127.0.0.1 /Home/index.html
INFO: [ app_init ] --START--
INFO: Run Behavior\BuildLiteBehavior [ RunTime:0.000020s ]
INFO: [ app_init ] --END-- [ RunTime:0.000140s ]

[ 2017-02-26T21:32:29+08:00 ] 127.0.0.1 /
INFO: [ app_init ] --START--
INFO: Run Behavior\BuildLiteBehavior [ RunTime:0.000018s ]
INFO: [ app_init ] --END-- [ RunTime:0.000110s ]

[ 2017-02-26T21:32:54+08:00 ] 127.0.0.1 /Templates/mobile/default3/a.png
INFO: [ app_init ] --START--
INFO: Run Behavior\BuildLiteBehavior [ RunTime:0.000044s ]
INFO: [ app_init ] --END-- [ RunTime:0.000196s ]

[ 2017-02-26T21:33:37+08:00 ] 127.0.0.1 /
INFO: [ app_init ] --START--
INFO: Run Behavior\BuildLiteBehavior [ RunTime:0.000019s ]
INFO: [ app_init ] --END-- [ RunTime:0.000114s ]

[ 2017-02-26T21:34:01+08:00 ] 127.0.0.1 /Home/gujiananli/product_16.html
INFO: [ app_init ] --START--
INFO: Run Behavior\BuildLiteBehavior [ RunTime:0.000018s ]
INFO: [ app_init ] --END-- [ RunTime:0.000114s ]

[ 2017-02-26T21:35:19+08:00 ] 127.0.0.1 /Home/index.html
INFO: [ app_init ] --START--
INFO: Run Behavior\BuildLiteBehavior [ RunTime:0.000037s ]
INFO: [ app_init ] --END-- [ RunTime:0.000232s ]

[ 2017-02-26T21:35:41+08:00 ] 127.0.0.1 /Home/index.html
INFO: [ app_init ] --START--
INFO: Run Behavior\BuildLiteBehavior [ RunTime:0.000018s ]
INFO: [ app_init ] --END-- [ RunTime:0.000109s ]

[ 2017-02-26T21:39:49+08:00 ] 127.0.0.1 /favicon.ico
INFO: [ app_init ] --START--
INFO: Run Behavior\BuildLiteBehavior [ RunTime:0.000019s ]
INFO: [ app_init ] --END-- [ RunTime:0.000171s ]

[ 2017-02-26T21:39:51+08:00 ] 127.0.0.1 /favicon.ico
INFO: [ app_init ] --START--
INFO: Run Behavior\BuildLiteBehavior [ RunTime:0.000020s ]
INFO: [ app_init ] --END-- [ RunTime:0.000116s ]

[ 2017-02-26T21:39:51+08:00 ] 127.0.0.1 /favicon.ico
INFO: [ app_init ] --START--
INFO: Run Behavior\BuildLiteBehavior [ RunTime:0.000050s ]
INFO: [ app_init ] --END-- [ RunTime:0.000175s ]

[ 2017-02-26T21:45:23+08:00 ] 127.0.0.1 /Home/index.html
INFO: [ app_init ] --START--
INFO: Run Behavior\BuildLiteBehavior [ RunTime:0.000019s ]
INFO: [ app_init ] --END-- [ RunTime:0.000115s ]

