[ 2017-02-15T09:10:23+08:00 ] 127.0.0.1 /
INFO: [ app_init ] --START--
INFO: Run Behavior\BuildLiteBehavior [ RunTime:0.000019s ]
INFO: [ app_init ] --END-- [ RunTime:0.000107s ]

[ 2017-02-15T09:10:23+08:00 ] 127.0.0.1 /Picture/20160219035324636.jpg
INFO: [ app_init ] --START--
INFO: Run Behavior\BuildLiteBehavior [ RunTime:0.000024s ]
INFO: [ app_init ] --END-- [ RunTime:0.000128s ]

[ 2017-02-15T09:10:23+08:00 ] 127.0.0.1 /Picture/20160219034640673.jpg
INFO: [ app_init ] --START--
INFO: Run Behavior\BuildLiteBehavior [ RunTime:0.000019s ]
INFO: [ app_init ] --END-- [ RunTime:0.000112s ]

[ 2017-02-15T09:10:23+08:00 ] 127.0.0.1 /favicon.ico
INFO: [ app_init ] --START--
INFO: Run Behavior\BuildLiteBehavior [ RunTime:0.000031s ]
INFO: [ app_init ] --END-- [ RunTime:0.000171s ]

[ 2017-02-15T09:21:14+08:00 ] 127.0.0.1 /
INFO: [ app_init ] --START--
INFO: Run Behavior\BuildLiteBehavior [ RunTime:0.000020s ]
INFO: [ app_init ] --END-- [ RunTime:0.000120s ]

[ 2017-02-15T09:21:14+08:00 ] 127.0.0.1 /Picture/20160219035324636.jpg
INFO: [ app_init ] --START--
INFO: Run Behavior\BuildLiteBehavior [ RunTime:0.000025s ]
INFO: [ app_init ] --END-- [ RunTime:0.000129s ]

[ 2017-02-15T09:21:14+08:00 ] 127.0.0.1 /Picture/20160219034640673.jpg
INFO: [ app_init ] --START--
INFO: Run Behavior\BuildLiteBehavior [ RunTime:0.000023s ]
INFO: [ app_init ] --END-- [ RunTime:0.000164s ]

[ 2017-02-15T09:23:39+08:00 ] 127.0.0.1 /
INFO: [ app_init ] --START--
INFO: Run Behavior\BuildLiteBehavior [ RunTime:0.000035s ]
INFO: [ app_init ] --END-- [ RunTime:0.000176s ]
ERR: 1146:Table 'linfei.linfei_' doesn't exist
 [ SQL语句 ] : SELECT `img` FROM `linfei_` WHERE `id` = '2' LIMIT 1  

[ 2017-02-15T09:24:07+08:00 ] 127.0.0.1 /
INFO: [ app_init ] --START--
INFO: Run Behavior\BuildLiteBehavior [ RunTime:0.000023s ]
INFO: [ app_init ] --END-- [ RunTime:0.000113s ]
ERR: 1146:Table 'linfei.linfei_' doesn't exist
 [ SQL语句 ] : SELECT `img` FROM `linfei_` WHERE `id` = '2' LIMIT 1  

[ 2017-02-15T09:27:53+08:00 ] 127.0.0.1 /
INFO: [ app_init ] --START--
INFO: Run Behavior\BuildLiteBehavior [ RunTime:0.000025s ]
INFO: [ app_init ] --END-- [ RunTime:0.000126s ]
ERR: 1146:Table 'linfei.linfei_' doesn't exist
 [ SQL语句 ] : SELECT `img` FROM `linfei_` WHERE `id` = '2' LIMIT 1  

[ 2017-02-15T09:28:25+08:00 ] 127.0.0.1 /
INFO: [ app_init ] --START--
INFO: Run Behavior\BuildLiteBehavior [ RunTime:0.000020s ]
INFO: [ app_init ] --END-- [ RunTime:0.000144s ]

[ 2017-02-15T09:29:44+08:00 ] 127.0.0.1 /
INFO: [ app_init ] --START--
INFO: Run Behavior\BuildLiteBehavior [ RunTime:0.000024s ]
INFO: [ app_init ] --END-- [ RunTime:0.000121s ]

[ 2017-02-15T09:29:44+08:00 ] 127.0.0.1 /Picture/20160219034640673.jpg
INFO: [ app_init ] --START--
INFO: Run Behavior\BuildLiteBehavior [ RunTime:0.000021s ]
INFO: [ app_init ] --END-- [ RunTime:0.000116s ]

[ 2017-02-15T09:29:44+08:00 ] 127.0.0.1 /Picture/20160219035324636.jpg
INFO: [ app_init ] --START--
INFO: Run Behavior\BuildLiteBehavior [ RunTime:0.000019s ]
INFO: [ app_init ] --END-- [ RunTime:0.000114s ]

[ 2017-02-15T09:32:16+08:00 ] 127.0.0.1 /
INFO: [ app_init ] --START--
INFO: Run Behavior\BuildLiteBehavior [ RunTime:0.000021s ]
INFO: [ app_init ] --END-- [ RunTime:0.000138s ]

[ 2017-02-15T09:32:16+08:00 ] 127.0.0.1 /Picture/20160219034640673.jpg
INFO: [ app_init ] --START--
INFO: Run Behavior\BuildLiteBehavior [ RunTime:0.000019s ]
INFO: [ app_init ] --END-- [ RunTime:0.000125s ]

[ 2017-02-15T10:39:52+08:00 ] 127.0.0.1 /
INFO: [ app_init ] --START--
INFO: Run Behavior\BuildLiteBehavior [ RunTime:0.000020s ]
INFO: [ app_init ] --END-- [ RunTime:0.000115s ]

[ 2017-02-15T10:39:52+08:00 ] 127.0.0.1 /Picture/20160219034640673.jpg
INFO: [ app_init ] --START--
INFO: Run Behavior\BuildLiteBehavior [ RunTime:0.000020s ]
INFO: [ app_init ] --END-- [ RunTime:0.000118s ]

[ 2017-02-15T10:39:52+08:00 ] 127.0.0.1 /Picture/20160219035324636.jpg
INFO: [ app_init ] --START--
INFO: Run Behavior\BuildLiteBehavior [ RunTime:0.000032s ]
INFO: [ app_init ] --END-- [ RunTime:0.000134s ]

[ 2017-02-15T10:48:04+08:00 ] 127.0.0.1 /
INFO: [ app_init ] --START--
INFO: Run Behavior\BuildLiteBehavior [ RunTime:0.000020s ]
INFO: [ app_init ] --END-- [ RunTime:0.000130s ]

[ 2017-02-15T10:48:04+08:00 ] 127.0.0.1 /Picture/20160219035324636.jpg
INFO: [ app_init ] --START--
INFO: Run Behavior\BuildLiteBehavior [ RunTime:0.000028s ]
INFO: [ app_init ] --END-- [ RunTime:0.000135s ]

[ 2017-02-15T10:48:04+08:00 ] 127.0.0.1 /Picture/20160219034640673.jpg
INFO: [ app_init ] --START--
INFO: Run Behavior\BuildLiteBehavior [ RunTime:0.000027s ]
INFO: [ app_init ] --END-- [ RunTime:0.000160s ]

[ 2017-02-15T10:48:31+08:00 ] 127.0.0.1 /
INFO: [ app_init ] --START--
INFO: Run Behavior\BuildLiteBehavior [ RunTime:0.000020s ]
INFO: [ app_init ] --END-- [ RunTime:0.000119s ]

[ 2017-02-15T10:48:32+08:00 ] 127.0.0.1 /Picture/20160219035324636.jpg
INFO: [ app_init ] --START--
INFO: Run Behavior\BuildLiteBehavior [ RunTime:0.000020s ]
INFO: [ app_init ] --END-- [ RunTime:0.000131s ]

[ 2017-02-15T10:48:32+08:00 ] 127.0.0.1 /Picture/20160219034640673.jpg
INFO: [ app_init ] --START--
INFO: Run Behavior\BuildLiteBehavior [ RunTime:0.000020s ]
INFO: [ app_init ] --END-- [ RunTime:0.000127s ]

[ 2017-02-15T10:48:32+08:00 ] 127.0.0.1 /Picture/20160219034640673.jpg
INFO: [ app_init ] --START--
INFO: Run Behavior\BuildLiteBehavior [ RunTime:0.000021s ]
INFO: [ app_init ] --END-- [ RunTime:0.000119s ]

[ 2017-02-15T10:48:32+08:00 ] 127.0.0.1 /Picture/20160219035324636.jpg
INFO: [ app_init ] --START--
INFO: Run Behavior\BuildLiteBehavior [ RunTime:0.000066s ]
INFO: [ app_init ] --END-- [ RunTime:0.000201s ]

[ 2017-02-15T10:50:23+08:00 ] 127.0.0.1 /
INFO: [ app_init ] --START--
INFO: Run Behavior\BuildLiteBehavior [ RunTime:0.000020s ]
INFO: [ app_init ] --END-- [ RunTime:0.000117s ]

[ 2017-02-15T10:50:23+08:00 ] 127.0.0.1 /Picture/20160219035324636.jpg
INFO: [ app_init ] --START--
INFO: Run Behavior\BuildLiteBehavior [ RunTime:0.000031s ]
INFO: [ app_init ] --END-- [ RunTime:0.000163s ]

[ 2017-02-15T10:50:23+08:00 ] 127.0.0.1 /Picture/20160219034640673.jpg
INFO: [ app_init ] --START--
INFO: Run Behavior\BuildLiteBehavior [ RunTime:0.000023s ]
INFO: [ app_init ] --END-- [ RunTime:0.000126s ]

[ 2017-02-15T10:50:23+08:00 ] 127.0.0.1 /Picture/20160219035324636.jpg
INFO: [ app_init ] --START--
INFO: Run Behavior\BuildLiteBehavior [ RunTime:0.000024s ]
INFO: [ app_init ] --END-- [ RunTime:0.000144s ]

[ 2017-02-15T10:50:57+08:00 ] 127.0.0.1 /
INFO: [ app_init ] --START--
INFO: Run Behavior\BuildLiteBehavior [ RunTime:0.000018s ]
INFO: [ app_init ] --END-- [ RunTime:0.000112s ]

[ 2017-02-15T10:50:57+08:00 ] 127.0.0.1 /Picture/20160219034640673.jpg
INFO: [ app_init ] --START--
INFO: Run Behavior\BuildLiteBehavior [ RunTime:0.000053s ]
INFO: [ app_init ] --END-- [ RunTime:0.000188s ]

[ 2017-02-15T10:50:57+08:00 ] 127.0.0.1 /Picture/20160219035324636.jpg
INFO: [ app_init ] --START--
INFO: Run Behavior\BuildLiteBehavior [ RunTime:0.000021s ]
INFO: [ app_init ] --END-- [ RunTime:0.000152s ]

[ 2017-02-15T10:50:58+08:00 ] 127.0.0.1 /Picture/20160219034640673.jpg
INFO: [ app_init ] --START--
INFO: Run Behavior\BuildLiteBehavior [ RunTime:0.000022s ]
INFO: [ app_init ] --END-- [ RunTime:0.000121s ]

[ 2017-02-15T10:50:58+08:00 ] 127.0.0.1 /Picture/20160219035324636.jpg
INFO: [ app_init ] --START--
INFO: Run Behavior\BuildLiteBehavior [ RunTime:0.000019s ]
INFO: [ app_init ] --END-- [ RunTime:0.000354s ]

[ 2017-02-15T10:51:37+08:00 ] 127.0.0.1 /
INFO: [ app_init ] --START--
INFO: Run Behavior\BuildLiteBehavior [ RunTime:0.000032s ]
INFO: [ app_init ] --END-- [ RunTime:0.000166s ]

[ 2017-02-15T10:51:37+08:00 ] 127.0.0.1 /Picture/20160219034640673.jpg
INFO: [ app_init ] --START--
INFO: Run Behavior\BuildLiteBehavior [ RunTime:0.000020s ]
INFO: [ app_init ] --END-- [ RunTime:0.000121s ]

[ 2017-02-15T10:51:37+08:00 ] 127.0.0.1 /Picture/20160219035324636.jpg
INFO: [ app_init ] --START--
INFO: Run Behavior\BuildLiteBehavior [ RunTime:0.000020s ]
INFO: [ app_init ] --END-- [ RunTime:0.000124s ]

[ 2017-02-15T10:51:37+08:00 ] 127.0.0.1 /Picture/20160219034640673.jpg
INFO: [ app_init ] --START--
INFO: Run Behavior\BuildLiteBehavior [ RunTime:0.000052s ]
INFO: [ app_init ] --END-- [ RunTime:0.000233s ]

[ 2017-02-15T10:51:37+08:00 ] 127.0.0.1 /Picture/20160219035324636.jpg
INFO: [ app_init ] --START--
INFO: Run Behavior\BuildLiteBehavior [ RunTime:0.000077s ]
INFO: [ app_init ] --END-- [ RunTime:0.000277s ]

[ 2017-02-15T10:54:34+08:00 ] 127.0.0.1 /
INFO: [ app_init ] --START--
INFO: Run Behavior\BuildLiteBehavior [ RunTime:0.000025s ]
INFO: [ app_init ] --END-- [ RunTime:0.000266s ]

[ 2017-02-15T10:54:34+08:00 ] 127.0.0.1 /Picture/20160219035324636.jpg
INFO: [ app_init ] --START--
INFO: Run Behavior\BuildLiteBehavior [ RunTime:0.000021s ]
INFO: [ app_init ] --END-- [ RunTime:0.000119s ]

[ 2017-02-15T10:54:34+08:00 ] 127.0.0.1 /Picture/20160219034640673.jpg
INFO: [ app_init ] --START--
INFO: Run Behavior\BuildLiteBehavior [ RunTime:0.000022s ]
INFO: [ app_init ] --END-- [ RunTime:0.000124s ]

[ 2017-02-15T10:54:34+08:00 ] 127.0.0.1 /Picture/20160219035324636.jpg
INFO: [ app_init ] --START--
INFO: Run Behavior\BuildLiteBehavior [ RunTime:0.000036s ]
INFO: [ app_init ] --END-- [ RunTime:0.000348s ]

[ 2017-02-15T10:54:34+08:00 ] 127.0.0.1 /Picture/20160219034640673.jpg
INFO: [ app_init ] --START--
INFO: Run Behavior\BuildLiteBehavior [ RunTime:0.000025s ]
INFO: [ app_init ] --END-- [ RunTime:0.000184s ]

[ 2017-02-15T10:55:22+08:00 ] 127.0.0.1 /
INFO: [ app_init ] --START--
INFO: Run Behavior\BuildLiteBehavior [ RunTime:0.000018s ]
INFO: [ app_init ] --END-- [ RunTime:0.000114s ]

[ 2017-02-15T10:55:22+08:00 ] 127.0.0.1 /Picture/20160219035324636.jpg
INFO: [ app_init ] --START--
INFO: Run Behavior\BuildLiteBehavior [ RunTime:0.000020s ]
INFO: [ app_init ] --END-- [ RunTime:0.000128s ]

[ 2017-02-15T10:55:22+08:00 ] 127.0.0.1 /Picture/20160219034640673.jpg
INFO: [ app_init ] --START--
INFO: Run Behavior\BuildLiteBehavior [ RunTime:0.000021s ]
INFO: [ app_init ] --END-- [ RunTime:0.000135s ]

[ 2017-02-15T10:55:22+08:00 ] 127.0.0.1 /Picture/20160219035324636.jpg
INFO: [ app_init ] --START--
INFO: Run Behavior\BuildLiteBehavior [ RunTime:0.000037s ]
INFO: [ app_init ] --END-- [ RunTime:0.000152s ]

[ 2017-02-15T10:55:22+08:00 ] 127.0.0.1 /Picture/20160219034640673.jpg
INFO: [ app_init ] --START--
INFO: Run Behavior\BuildLiteBehavior [ RunTime:0.000020s ]
INFO: [ app_init ] --END-- [ RunTime:0.000118s ]

[ 2017-02-15T10:55:40+08:00 ] 127.0.0.1 /
INFO: [ app_init ] --START--
INFO: Run Behavior\BuildLiteBehavior [ RunTime:0.000020s ]
INFO: [ app_init ] --END-- [ RunTime:0.000117s ]

[ 2017-02-15T10:55:40+08:00 ] 127.0.0.1 /Picture/20160219035324636.jpg
INFO: [ app_init ] --START--
INFO: Run Behavior\BuildLiteBehavior [ RunTime:0.000021s ]
INFO: [ app_init ] --END-- [ RunTime:0.000114s ]

[ 2017-02-15T10:55:40+08:00 ] 127.0.0.1 /Picture/20160219034640673.jpg
INFO: [ app_init ] --START--
INFO: Run Behavior\BuildLiteBehavior [ RunTime:0.000019s ]
INFO: [ app_init ] --END-- [ RunTime:0.000129s ]

[ 2017-02-15T10:56:32+08:00 ] 127.0.0.1 /
INFO: [ app_init ] --START--
INFO: Run Behavior\BuildLiteBehavior [ RunTime:0.000020s ]
INFO: [ app_init ] --END-- [ RunTime:0.000121s ]

[ 2017-02-15T10:56:32+08:00 ] 127.0.0.1 /Picture/20160219035324636.jpg
INFO: [ app_init ] --START--
INFO: Run Behavior\BuildLiteBehavior [ RunTime:0.000030s ]
INFO: [ app_init ] --END-- [ RunTime:0.000151s ]

[ 2017-02-15T10:56:32+08:00 ] 127.0.0.1 /Picture/20160219034640673.jpg
INFO: [ app_init ] --START--
INFO: Run Behavior\BuildLiteBehavior [ RunTime:0.000025s ]
INFO: [ app_init ] --END-- [ RunTime:0.000148s ]

[ 2017-02-15T10:57:06+08:00 ] 127.0.0.1 /
INFO: [ app_init ] --START--
INFO: Run Behavior\BuildLiteBehavior [ RunTime:0.000030s ]
INFO: [ app_init ] --END-- [ RunTime:0.000157s ]

[ 2017-02-15T10:57:06+08:00 ] 127.0.0.1 /Picture/20160219035324636.jpg
INFO: [ app_init ] --START--
INFO: Run Behavior\BuildLiteBehavior [ RunTime:0.000020s ]
INFO: [ app_init ] --END-- [ RunTime:0.000123s ]

[ 2017-02-15T10:57:06+08:00 ] 127.0.0.1 /Picture/20160219034640673.jpg
INFO: [ app_init ] --START--
INFO: Run Behavior\BuildLiteBehavior [ RunTime:0.000019s ]
INFO: [ app_init ] --END-- [ RunTime:0.000116s ]

[ 2017-02-15T10:57:06+08:00 ] 127.0.0.1 /Picture/20160219035324636.jpg
INFO: [ app_init ] --START--
INFO: Run Behavior\BuildLiteBehavior [ RunTime:0.000024s ]
INFO: [ app_init ] --END-- [ RunTime:0.000136s ]

[ 2017-02-15T10:57:06+08:00 ] 127.0.0.1 /Picture/20160219034640673.jpg
INFO: [ app_init ] --START--
INFO: Run Behavior\BuildLiteBehavior [ RunTime:0.000065s ]
INFO: [ app_init ] --END-- [ RunTime:0.000230s ]

[ 2017-02-15T10:58:44+08:00 ] 127.0.0.1 /
INFO: [ app_init ] --START--
INFO: Run Behavior\BuildLiteBehavior [ RunTime:0.000020s ]
INFO: [ app_init ] --END-- [ RunTime:0.000119s ]

[ 2017-02-15T10:58:44+08:00 ] 127.0.0.1 /Picture/20160219034640673.jpg
INFO: [ app_init ] --START--
INFO: Run Behavior\BuildLiteBehavior [ RunTime:0.000022s ]
INFO: [ app_init ] --END-- [ RunTime:0.000124s ]

[ 2017-02-15T10:58:44+08:00 ] 127.0.0.1 /Picture/20160219035324636.jpg
INFO: [ app_init ] --START--
INFO: Run Behavior\BuildLiteBehavior [ RunTime:0.000022s ]
INFO: [ app_init ] --END-- [ RunTime:0.000128s ]

[ 2017-02-15T10:58:44+08:00 ] 127.0.0.1 /Picture/20160219035324636.jpg
INFO: [ app_init ] --START--
INFO: Run Behavior\BuildLiteBehavior [ RunTime:0.000020s ]
INFO: [ app_init ] --END-- [ RunTime:0.000124s ]

[ 2017-02-15T10:59:11+08:00 ] 127.0.0.1 /
INFO: [ app_init ] --START--
INFO: Run Behavior\BuildLiteBehavior [ RunTime:0.000018s ]
INFO: [ app_init ] --END-- [ RunTime:0.000118s ]

[ 2017-02-15T10:59:12+08:00 ] 127.0.0.1 /Picture/20160219035324636.jpg
INFO: [ app_init ] --START--
INFO: Run Behavior\BuildLiteBehavior [ RunTime:0.000045s ]
INFO: [ app_init ] --END-- [ RunTime:0.000280s ]

[ 2017-02-15T10:59:12+08:00 ] 127.0.0.1 /Picture/20160219034640673.jpg
INFO: [ app_init ] --START--
INFO: Run Behavior\BuildLiteBehavior [ RunTime:0.000022s ]
INFO: [ app_init ] --END-- [ RunTime:0.000452s ]

[ 2017-02-15T11:04:30+08:00 ] 127.0.0.1 /
INFO: [ app_init ] --START--
INFO: Run Behavior\BuildLiteBehavior [ RunTime:0.000018s ]
INFO: [ app_init ] --END-- [ RunTime:0.000111s ]

[ 2017-02-15T11:04:30+08:00 ] 127.0.0.1 /Picture/20160219035324636.jpg
INFO: [ app_init ] --START--
INFO: Run Behavior\BuildLiteBehavior [ RunTime:0.000020s ]
INFO: [ app_init ] --END-- [ RunTime:0.000127s ]

[ 2017-02-15T11:04:30+08:00 ] 127.0.0.1 /Picture/20160219034640673.jpg
INFO: [ app_init ] --START--
INFO: Run Behavior\BuildLiteBehavior [ RunTime:0.000022s ]
INFO: [ app_init ] --END-- [ RunTime:0.000152s ]

[ 2017-02-15T11:04:30+08:00 ] 127.0.0.1 /Picture/20160219035324636.jpg
INFO: [ app_init ] --START--
INFO: Run Behavior\BuildLiteBehavior [ RunTime:0.000037s ]
INFO: [ app_init ] --END-- [ RunTime:0.000227s ]

[ 2017-02-15T11:05:03+08:00 ] 127.0.0.1 /
INFO: [ app_init ] --START--
INFO: Run Behavior\BuildLiteBehavior [ RunTime:0.000022s ]
INFO: [ app_init ] --END-- [ RunTime:0.000128s ]

[ 2017-02-15T11:05:03+08:00 ] 127.0.0.1 /Picture/20160219034640673.jpg
INFO: [ app_init ] --START--
INFO: Run Behavior\BuildLiteBehavior [ RunTime:0.000197s ]
INFO: [ app_init ] --END-- [ RunTime:0.000307s ]

[ 2017-02-15T11:05:03+08:00 ] 127.0.0.1 /Picture/20160219035324636.jpg
INFO: [ app_init ] --START--
INFO: Run Behavior\BuildLiteBehavior [ RunTime:0.000027s ]
INFO: [ app_init ] --END-- [ RunTime:0.000423s ]

[ 2017-02-15T11:07:04+08:00 ] 127.0.0.1 /
INFO: [ app_init ] --START--
INFO: Run Behavior\BuildLiteBehavior [ RunTime:0.000022s ]
INFO: [ app_init ] --END-- [ RunTime:0.000124s ]

[ 2017-02-15T11:07:04+08:00 ] 127.0.0.1 /Picture/20160219034640673.jpg
INFO: [ app_init ] --START--
INFO: Run Behavior\BuildLiteBehavior [ RunTime:0.000021s ]
INFO: [ app_init ] --END-- [ RunTime:0.000121s ]

[ 2017-02-15T11:07:04+08:00 ] 127.0.0.1 /Picture/20160219035324636.jpg
INFO: [ app_init ] --START--
INFO: Run Behavior\BuildLiteBehavior [ RunTime:0.000020s ]
INFO: [ app_init ] --END-- [ RunTime:0.000136s ]

[ 2017-02-15T11:07:04+08:00 ] 127.0.0.1 /Picture/20160219035324636.jpg
INFO: [ app_init ] --START--
INFO: Run Behavior\BuildLiteBehavior [ RunTime:0.000019s ]
INFO: [ app_init ] --END-- [ RunTime:0.000121s ]

[ 2017-02-15T11:07:04+08:00 ] 127.0.0.1 /Picture/20160219034640673.jpg
INFO: [ app_init ] --START--
INFO: Run Behavior\BuildLiteBehavior [ RunTime:0.000019s ]
INFO: [ app_init ] --END-- [ RunTime:0.000110s ]

[ 2017-02-15T11:07:42+08:00 ] 127.0.0.1 /
INFO: [ app_init ] --START--
INFO: Run Behavior\BuildLiteBehavior [ RunTime:0.000019s ]
INFO: [ app_init ] --END-- [ RunTime:0.000113s ]

[ 2017-02-15T11:07:42+08:00 ] 127.0.0.1 /Picture/20160219034640673.jpg
INFO: [ app_init ] --START--
INFO: Run Behavior\BuildLiteBehavior [ RunTime:0.000019s ]
INFO: [ app_init ] --END-- [ RunTime:0.000171s ]

[ 2017-02-15T11:07:42+08:00 ] 127.0.0.1 /Picture/20160219035324636.jpg
INFO: [ app_init ] --START--
INFO: Run Behavior\BuildLiteBehavior [ RunTime:0.000037s ]
INFO: [ app_init ] --END-- [ RunTime:0.000160s ]

[ 2017-02-15T11:08:16+08:00 ] 127.0.0.1 /
INFO: [ app_init ] --START--
INFO: Run Behavior\BuildLiteBehavior [ RunTime:0.000021s ]
INFO: [ app_init ] --END-- [ RunTime:0.000126s ]

[ 2017-02-15T11:08:16+08:00 ] 127.0.0.1 /Picture/20160219035324636.jpg
INFO: [ app_init ] --START--
INFO: Run Behavior\BuildLiteBehavior [ RunTime:0.000023s ]
INFO: [ app_init ] --END-- [ RunTime:0.000181s ]

[ 2017-02-15T11:08:16+08:00 ] 127.0.0.1 /Picture/20160219034640673.jpg
INFO: [ app_init ] --START--
INFO: Run Behavior\BuildLiteBehavior [ RunTime:0.000020s ]
INFO: [ app_init ] --END-- [ RunTime:0.000118s ]

[ 2017-02-15T11:08:16+08:00 ] 127.0.0.1 /Picture/20160219035324636.jpg
INFO: [ app_init ] --START--
INFO: Run Behavior\BuildLiteBehavior [ RunTime:0.000020s ]
INFO: [ app_init ] --END-- [ RunTime:0.000164s ]

[ 2017-02-15T11:08:16+08:00 ] 127.0.0.1 /Picture/20160219034640673.jpg
INFO: [ app_init ] --START--
INFO: Run Behavior\BuildLiteBehavior [ RunTime:0.000027s ]
INFO: [ app_init ] --END-- [ RunTime:0.000150s ]

[ 2017-02-15T11:15:03+08:00 ] 127.0.0.1 /
INFO: [ app_init ] --START--
INFO: Run Behavior\BuildLiteBehavior [ RunTime:0.000023s ]
INFO: [ app_init ] --END-- [ RunTime:0.000153s ]

[ 2017-02-15T11:15:03+08:00 ] 127.0.0.1 /Picture/20160219035324636.jpg
INFO: [ app_init ] --START--
INFO: Run Behavior\BuildLiteBehavior [ RunTime:0.000027s ]
INFO: [ app_init ] --END-- [ RunTime:0.000137s ]

[ 2017-02-15T11:15:04+08:00 ] 127.0.0.1 /Picture/20160219034640673.jpg
INFO: [ app_init ] --START--
INFO: Run Behavior\BuildLiteBehavior [ RunTime:0.000021s ]
INFO: [ app_init ] --END-- [ RunTime:0.000131s ]

[ 2017-02-15T11:15:04+08:00 ] 127.0.0.1 /Picture/20160219035324636.jpg
INFO: [ app_init ] --START--
INFO: Run Behavior\BuildLiteBehavior [ RunTime:0.000020s ]
INFO: [ app_init ] --END-- [ RunTime:0.000123s ]

[ 2017-02-15T11:15:04+08:00 ] 127.0.0.1 /Picture/20160219034640673.jpg
INFO: [ app_init ] --START--
INFO: Run Behavior\BuildLiteBehavior [ RunTime:0.000022s ]
INFO: [ app_init ] --END-- [ RunTime:0.000161s ]

[ 2017-02-15T11:15:31+08:00 ] 127.0.0.1 /
INFO: [ app_init ] --START--
INFO: Run Behavior\BuildLiteBehavior [ RunTime:0.000020s ]
INFO: [ app_init ] --END-- [ RunTime:0.000119s ]

[ 2017-02-15T11:15:31+08:00 ] 127.0.0.1 /Picture/20160219034640673.jpg
INFO: [ app_init ] --START--
INFO: Run Behavior\BuildLiteBehavior [ RunTime:0.000020s ]
INFO: [ app_init ] --END-- [ RunTime:0.000118s ]

[ 2017-02-15T11:15:31+08:00 ] 127.0.0.1 /Picture/20160219035324636.jpg
INFO: [ app_init ] --START--
INFO: Run Behavior\BuildLiteBehavior [ RunTime:0.000038s ]
INFO: [ app_init ] --END-- [ RunTime:0.000151s ]

[ 2017-02-15T11:15:31+08:00 ] 127.0.0.1 /Picture/20160219034640673.jpg
INFO: [ app_init ] --START--
INFO: Run Behavior\BuildLiteBehavior [ RunTime:0.000020s ]
INFO: [ app_init ] --END-- [ RunTime:0.000157s ]

[ 2017-02-15T11:15:31+08:00 ] 127.0.0.1 /Picture/20160219035324636.jpg
INFO: [ app_init ] --START--
INFO: Run Behavior\BuildLiteBehavior [ RunTime:0.000020s ]
INFO: [ app_init ] --END-- [ RunTime:0.000126s ]

[ 2017-02-15T11:16:21+08:00 ] 127.0.0.1 /
INFO: [ app_init ] --START--
INFO: Run Behavior\BuildLiteBehavior [ RunTime:0.000019s ]
INFO: [ app_init ] --END-- [ RunTime:0.000118s ]

[ 2017-02-15T11:16:21+08:00 ] 127.0.0.1 /Picture/20160219034640673.jpg
INFO: [ app_init ] --START--
INFO: Run Behavior\BuildLiteBehavior [ RunTime:0.000026s ]
INFO: [ app_init ] --END-- [ RunTime:0.000148s ]

[ 2017-02-15T11:16:21+08:00 ] 127.0.0.1 /Picture/20160219035324636.jpg
INFO: [ app_init ] --START--
INFO: Run Behavior\BuildLiteBehavior [ RunTime:0.000020s ]
INFO: [ app_init ] --END-- [ RunTime:0.000127s ]

[ 2017-02-15T11:18:54+08:00 ] 127.0.0.1 /
INFO: [ app_init ] --START--
INFO: Run Behavior\BuildLiteBehavior [ RunTime:0.000019s ]
INFO: [ app_init ] --END-- [ RunTime:0.000118s ]

[ 2017-02-15T11:20:31+08:00 ] 127.0.0.1 /Templates/pc/gujianzhu/%7B%7B$style%7D%7D/Css/public.css
INFO: [ app_init ] --START--
INFO: Run Behavior\BuildLiteBehavior [ RunTime:0.000022s ]
INFO: [ app_init ] --END-- [ RunTime:0.000124s ]
ERR: 模板不存在:./Templates/pc/gujianzhu/Templates/404.html

[ 2017-02-15T11:20:31+08:00 ] 127.0.0.1 /Templates/pc/gujianzhu/%7B%7B$style%7D%7D/js/jquery.banner.revolution.min.js
INFO: [ app_init ] --START--
INFO: Run Behavior\BuildLiteBehavior [ RunTime:0.000020s ]
INFO: [ app_init ] --END-- [ RunTime:0.000141s ]
ERR: 模板不存在:./Templates/pc/gujianzhu/Templates/404.html

[ 2017-02-15T11:20:31+08:00 ] 127.0.0.1 /Templates/pc/gujianzhu/%7B%7B$style%7D%7D/js/jquery-1.7.1.min.js
INFO: [ app_init ] --START--
INFO: Run Behavior\BuildLiteBehavior [ RunTime:0.000030s ]
INFO: [ app_init ] --END-- [ RunTime:0.000137s ]
ERR: 模板不存在:./Templates/pc/gujianzhu/Templates/404.html

[ 2017-02-15T11:20:31+08:00 ] 127.0.0.1 /Templates/pc/gujianzhu/%7B%7B$style%7D%7D/js/scroll_image.js
INFO: [ app_init ] --START--
INFO: Run Behavior\BuildLiteBehavior [ RunTime:0.000030s ]
INFO: [ app_init ] --END-- [ RunTime:0.000160s ]
ERR: 模板不存在:./Templates/pc/gujianzhu/Templates/404.html

[ 2017-02-15T11:20:31+08:00 ] 127.0.0.1 /Templates/pc/gujianzhu/%7B%7B$style%7D%7D/js/banner.js
INFO: [ app_init ] --START--
INFO: Run Behavior\BuildLiteBehavior [ RunTime:0.000020s ]
INFO: [ app_init ] --END-- [ RunTime:0.000134s ]
ERR: 模板不存在:./Templates/pc/gujianzhu/Templates/404.html

[ 2017-02-15T11:20:31+08:00 ] 127.0.0.1 /Templates/pc/gujianzhu/%7B%7B$style%7D%7D/Css/result.css
INFO: [ app_init ] --START--
INFO: Run Behavior\BuildLiteBehavior [ RunTime:0.000042s ]
INFO: [ app_init ] --END-- [ RunTime:0.000223s ]
ERR: 模板不存在:./Templates/pc/gujianzhu/Templates/404.html

[ 2017-02-15T11:20:31+08:00 ] 127.0.0.1 /Templates/pc/gujianzhu/%7B%7B$style%7D%7D/css/lbt.css
INFO: [ app_init ] --START--
INFO: Run Behavior\BuildLiteBehavior [ RunTime:0.000038s ]
INFO: [ app_init ] --END-- [ RunTime:0.000229s ]
ERR: 模板不存在:./Templates/pc/gujianzhu/Templates/404.html

[ 2017-02-15T11:20:31+08:00 ] 127.0.0.1 /Templates/pc/gujianzhu/%7B%7B$style%7D%7D/js/jquery-1.7.1.min.js
INFO: [ app_init ] --START--
INFO: Run Behavior\BuildLiteBehavior [ RunTime:0.000037s ]
INFO: [ app_init ] --END-- [ RunTime:0.000167s ]
ERR: 模板不存在:./Templates/pc/gujianzhu/Templates/404.html

[ 2017-02-15T11:20:31+08:00 ] 127.0.0.1 /Templates/pc/gujianzhu/%7B%7B$style%7D%7D/js/gujian.js
INFO: [ app_init ] --START--
INFO: Run Behavior\BuildLiteBehavior [ RunTime:0.000018s ]
INFO: [ app_init ] --END-- [ RunTime:0.000110s ]
ERR: 模板不存在:./Templates/pc/gujianzhu/Templates/404.html

[ 2017-02-15T11:20:31+08:00 ] 127.0.0.1 /Templates/pc/gujianzhu/%7B%7B$style%7D%7D/js/jquery.banner.revolution.min.js
INFO: [ app_init ] --START--
INFO: Run Behavior\BuildLiteBehavior [ RunTime:0.000019s ]
INFO: [ app_init ] --END-- [ RunTime:0.000113s ]
ERR: 模板不存在:./Templates/pc/gujianzhu/Templates/404.html

[ 2017-02-15T11:20:31+08:00 ] 127.0.0.1 /Templates/pc/gujianzhu/%7B%7B$style%7D%7D/Picture/20160219033919680.jpg
INFO: [ app_init ] --START--
INFO: Run Behavior\BuildLiteBehavior [ RunTime:0.000021s ]
INFO: [ app_init ] --END-- [ RunTime:0.000122s ]

[ 2017-02-15T11:20:31+08:00 ] 127.0.0.1 /Templates/pc/gujianzhu/%7B%7B$style%7D%7D/js/banner.js
INFO: [ app_init ] --START--
INFO: Run Behavior\BuildLiteBehavior [ RunTime:0.000019s ]
INFO: [ app_init ] --END-- [ RunTime:0.000111s ]
ERR: 模板不存在:./Templates/pc/gujianzhu/Templates/404.html

[ 2017-02-15T11:20:31+08:00 ] 127.0.0.1 /Templates/pc/gujianzhu/%7B%7B$style%7D%7D/Picture/20160130020540129.jpg
INFO: [ app_init ] --START--
INFO: Run Behavior\BuildLiteBehavior [ RunTime:0.000017s ]
INFO: [ app_init ] --END-- [ RunTime:0.000109s ]

[ 2017-02-15T11:20:31+08:00 ] 127.0.0.1 /Templates/pc/gujianzhu/%7B%7B$style%7D%7D/Picture/20160130013746310.jpg
INFO: [ app_init ] --START--
INFO: Run Behavior\BuildLiteBehavior [ RunTime:0.000033s ]
INFO: [ app_init ] --END-- [ RunTime:0.000147s ]

[ 2017-02-15T11:20:31+08:00 ] 127.0.0.1 /Templates/pc/gujianzhu/%7B%7B$style%7D%7D/css/lbt.css
INFO: [ app_init ] --START--
INFO: Run Behavior\BuildLiteBehavior [ RunTime:0.000019s ]
INFO: [ app_init ] --END-- [ RunTime:0.000117s ]
ERR: 模板不存在:./Templates/pc/gujianzhu/Templates/404.html

[ 2017-02-15T11:20:31+08:00 ] 127.0.0.1 /Templates/pc/gujianzhu/%7B%7B$style%7D%7D/Picture/vb_05.png
INFO: [ app_init ] --START--
INFO: Run Behavior\BuildLiteBehavior [ RunTime:0.000032s ]
INFO: [ app_init ] --END-- [ RunTime:0.000154s ]

[ 2017-02-15T11:20:31+08:00 ] 127.0.0.1 /Templates/pc/gujianzhu/%7B%7B$style%7D%7D/Picture/20160130020843694.jpg
INFO: [ app_init ] --START--
INFO: Run Behavior\BuildLiteBehavior [ RunTime:0.000020s ]
INFO: [ app_init ] --END-- [ RunTime:0.000119s ]

[ 2017-02-15T11:20:31+08:00 ] 127.0.0.1 /Templates/pc/gujianzhu/%7B%7B$style%7D%7D/Picture/jiakejian.png
INFO: [ app_init ] --START--
INFO: Run Behavior\BuildLiteBehavior [ RunTime:0.000032s ]
INFO: [ app_init ] --END-- [ RunTime:0.000132s ]

[ 2017-02-15T11:20:31+08:00 ] 127.0.0.1 /Templates/pc/gujianzhu/%7B%7B$style%7D%7D/Picture/vb_03.png
INFO: [ app_init ] --START--
INFO: Run Behavior\BuildLiteBehavior [ RunTime:0.000018s ]
INFO: [ app_init ] --END-- [ RunTime:0.000149s ]

[ 2017-02-15T11:20:31+08:00 ] 127.0.0.1 /Templates/pc/gujianzhu/%7B%7B$style%7D%7D/Picture/vb_02.png
INFO: [ app_init ] --START--
INFO: Run Behavior\BuildLiteBehavior [ RunTime:0.000018s ]
INFO: [ app_init ] --END-- [ RunTime:0.000143s ]

[ 2017-02-15T11:20:31+08:00 ] 127.0.0.1 /Templates/pc/gujianzhu/%7B%7B$style%7D%7D/Picture/youqian_3.jpg
INFO: [ app_init ] --START--
INFO: Run Behavior\BuildLiteBehavior [ RunTime:0.000020s ]
INFO: [ app_init ] --END-- [ RunTime:0.000118s ]

[ 2017-02-15T11:20:31+08:00 ] 127.0.0.1 /Templates/pc/gujianzhu/%7B%7B$style%7D%7D/Picture/youqian_1.jpg
INFO: [ app_init ] --START--
INFO: Run Behavior\BuildLiteBehavior [ RunTime:0.000020s ]
INFO: [ app_init ] --END-- [ RunTime:0.000117s ]

[ 2017-02-15T11:20:31+08:00 ] 127.0.0.1 /Templates/pc/gujianzhu/%7B%7B$style%7D%7D/Picture/weixin.jpg
INFO: [ app_init ] --START--
INFO: Run Behavior\BuildLiteBehavior [ RunTime:0.000020s ]
INFO: [ app_init ] --END-- [ RunTime:0.000119s ]

[ 2017-02-15T11:20:31+08:00 ] 127.0.0.1 /Templates/pc/gujianzhu/%7B%7B$style%7D%7D/Picture/vb_04.png
INFO: [ app_init ] --START--
INFO: Run Behavior\BuildLiteBehavior [ RunTime:0.000019s ]
INFO: [ app_init ] --END-- [ RunTime:0.000114s ]

[ 2017-02-15T11:20:31+08:00 ] 127.0.0.1 /Templates/pc/gujianzhu/%7B%7B$style%7D%7D/Picture/shouji.jpg
INFO: [ app_init ] --START--
INFO: Run Behavior\BuildLiteBehavior [ RunTime:0.000020s ]
INFO: [ app_init ] --END-- [ RunTime:0.000116s ]

[ 2017-02-15T11:20:31+08:00 ] 127.0.0.1 /Templates/pc/gujianzhu/%7B%7B$style%7D%7D/Picture/20160130020540129.jpg
INFO: [ app_init ] --START--
INFO: Run Behavior\BuildLiteBehavior [ RunTime:0.000019s ]
INFO: [ app_init ] --END-- [ RunTime:0.000141s ]

[ 2017-02-15T11:20:31+08:00 ] 127.0.0.1 /Templates/pc/gujianzhu/%7B%7B$style%7D%7D/Picture/youqian_2.jpg
INFO: [ app_init ] --START--
INFO: Run Behavior\BuildLiteBehavior [ RunTime:0.000025s ]
INFO: [ app_init ] --END-- [ RunTime:0.000157s ]

[ 2017-02-15T11:20:31+08:00 ] 127.0.0.1 /Templates/pc/gujianzhu/%7B%7B$style%7D%7D/images/bk.png
INFO: [ app_init ] --START--
INFO: Run Behavior\BuildLiteBehavior [ RunTime:0.000020s ]
INFO: [ app_init ] --END-- [ RunTime:0.000124s ]

[ 2017-02-15T11:20:31+08:00 ] 127.0.0.1 /Templates/pc/gujianzhu/%7B%7B$style%7D%7D/Picture/20160219033919680.jpg
INFO: [ app_init ] --START--
INFO: Run Behavior\BuildLiteBehavior [ RunTime:0.000019s ]
INFO: [ app_init ] --END-- [ RunTime:0.000117s ]

[ 2017-02-15T11:20:31+08:00 ] 127.0.0.1 /Templates/pc/gujianzhu/%7B%7B$style%7D%7D/Picture/youqian_4.jpg
INFO: [ app_init ] --START--
INFO: Run Behavior\BuildLiteBehavior [ RunTime:0.000022s ]
INFO: [ app_init ] --END-- [ RunTime:0.000124s ]

[ 2017-02-15T11:20:31+08:00 ] 127.0.0.1 /Templates/pc/gujianzhu/%7B%7B$style%7D%7D/js/gujian.js
INFO: [ app_init ] --START--
INFO: Run Behavior\BuildLiteBehavior [ RunTime:0.000027s ]
INFO: [ app_init ] --END-- [ RunTime:0.000161s ]
ERR: 模板不存在:./Templates/pc/gujianzhu/Templates/404.html

[ 2017-02-15T11:25:19+08:00 ] 127.0.0.1 /
INFO: [ app_init ] --START--
INFO: Run Behavior\BuildLiteBehavior [ RunTime:0.000020s ]
INFO: [ app_init ] --END-- [ RunTime:0.000119s ]

[ 2017-02-15T11:25:25+08:00 ] 127.0.0.1 /
INFO: [ app_init ] --START--
INFO: Run Behavior\BuildLiteBehavior [ RunTime:0.000020s ]
INFO: [ app_init ] --END-- [ RunTime:0.000118s ]

[ 2017-02-15T11:25:34+08:00 ] 127.0.0.1 /
INFO: [ app_init ] --START--
INFO: Run Behavior\BuildLiteBehavior [ RunTime:0.000019s ]
INFO: [ app_init ] --END-- [ RunTime:0.000116s ]

[ 2017-02-15T11:29:19+08:00 ] 127.0.0.1 /
INFO: [ app_init ] --START--
INFO: Run Behavior\BuildLiteBehavior [ RunTime:0.000021s ]
INFO: [ app_init ] --END-- [ RunTime:0.000120s ]

[ 2017-02-15T11:29:38+08:00 ] 127.0.0.1 /home/index
INFO: [ app_init ] --START--
INFO: Run Behavior\BuildLiteBehavior [ RunTime:0.000022s ]
INFO: [ app_init ] --END-- [ RunTime:0.000156s ]

[ 2017-02-15T11:29:38+08:00 ] 127.0.0.1 /home/Templates/pc/gujianzhu/Css/public.css
INFO: [ app_init ] --START--
INFO: Run Behavior\BuildLiteBehavior [ RunTime:0.000023s ]
INFO: [ app_init ] --END-- [ RunTime:0.000164s ]
ERR: 非法操作:Templates

[ 2017-02-15T11:29:38+08:00 ] 127.0.0.1 /home/Templates/pc/gujianzhu/js/scroll_image.js
INFO: [ app_init ] --START--
INFO: Run Behavior\BuildLiteBehavior [ RunTime:0.000029s ]
INFO: [ app_init ] --END-- [ RunTime:0.000126s ]
ERR: 非法操作:Templates

[ 2017-02-15T11:29:38+08:00 ] 127.0.0.1 /home/Templates/pc/gujianzhu/Css/result.css
INFO: [ app_init ] --START--
INFO: Run Behavior\BuildLiteBehavior [ RunTime:0.000020s ]
INFO: [ app_init ] --END-- [ RunTime:0.000114s ]
ERR: 非法操作:Templates

[ 2017-02-15T11:29:38+08:00 ] 127.0.0.1 /home/Templates/pc/gujianzhu/js/jquery-1.7.1.min.js
INFO: [ app_init ] --START--
INFO: Run Behavior\BuildLiteBehavior [ RunTime:0.000040s ]
INFO: [ app_init ] --END-- [ RunTime:0.000168s ]
ERR: 非法操作:Templates

[ 2017-02-15T11:29:38+08:00 ] 127.0.0.1 /home/Templates/pc/gujianzhu/js/jquery.banner.revolution.min.js
INFO: [ app_init ] --START--
INFO: Run Behavior\BuildLiteBehavior [ RunTime:0.000019s ]
INFO: [ app_init ] --END-- [ RunTime:0.000130s ]
ERR: 非法操作:Templates

[ 2017-02-15T11:29:38+08:00 ] 127.0.0.1 /home/Templates/pc/gujianzhu/css/lbt.css
INFO: [ app_init ] --START--
INFO: Run Behavior\BuildLiteBehavior [ RunTime:0.000026s ]
INFO: [ app_init ] --END-- [ RunTime:0.000164s ]
ERR: 非法操作:Templates

[ 2017-02-15T11:29:38+08:00 ] 127.0.0.1 /home/Templates/pc/gujianzhu/js/banner.js
INFO: [ app_init ] --START--
INFO: Run Behavior\BuildLiteBehavior [ RunTime:0.000018s ]
INFO: [ app_init ] --END-- [ RunTime:0.000125s ]
ERR: 非法操作:Templates

[ 2017-02-15T11:29:38+08:00 ] 127.0.0.1 /home/Templates/pc/gujianzhu/js/gujian.js
INFO: [ app_init ] --START--
INFO: Run Behavior\BuildLiteBehavior [ RunTime:0.000022s ]
INFO: [ app_init ] --END-- [ RunTime:0.000192s ]
ERR: 非法操作:Templates

[ 2017-02-15T11:29:38+08:00 ] 127.0.0.1 /home/Templates/pc/gujianzhu/Picture/20160219033919680.jpg
INFO: [ app_init ] --START--
INFO: Run Behavior\BuildLiteBehavior [ RunTime:0.000018s ]
INFO: [ app_init ] --END-- [ RunTime:0.000159s ]

[ 2017-02-15T11:29:38+08:00 ] 127.0.0.1 /home/Templates/pc/gujianzhu/css/lbt.css
INFO: [ app_init ] --START--
INFO: Run Behavior\BuildLiteBehavior [ RunTime:0.000046s ]
INFO: [ app_init ] --END-- [ RunTime:0.000283s ]
ERR: 非法操作:Templates

[ 2017-02-15T11:29:38+08:00 ] 127.0.0.1 /home/Templates/pc/gujianzhu/Picture/20160130020843694.jpg
INFO: [ app_init ] --START--
INFO: Run Behavior\BuildLiteBehavior [ RunTime:0.000019s ]
INFO: [ app_init ] --END-- [ RunTime:0.000114s ]

[ 2017-02-15T11:29:38+08:00 ] 127.0.0.1 /home/Templates/pc/gujianzhu/Picture/20160130020540129.jpg
INFO: [ app_init ] --START--
INFO: Run Behavior\BuildLiteBehavior [ RunTime:0.000018s ]
INFO: [ app_init ] --END-- [ RunTime:0.000111s ]

[ 2017-02-15T11:29:38+08:00 ] 127.0.0.1 /home/Templates/pc/gujianzhu/Picture/20160130013746310.jpg
INFO: [ app_init ] --START--
INFO: Run Behavior\BuildLiteBehavior [ RunTime:0.000020s ]
INFO: [ app_init ] --END-- [ RunTime:0.000147s ]

[ 2017-02-15T11:29:38+08:00 ] 127.0.0.1 /home/Templates/pc/gujianzhu/Picture/vb_03.png
INFO: [ app_init ] --START--
INFO: Run Behavior\BuildLiteBehavior [ RunTime:0.000020s ]
INFO: [ app_init ] --END-- [ RunTime:0.000118s ]

[ 2017-02-15T11:29:38+08:00 ] 127.0.0.1 /home/Templates/pc/gujianzhu/Picture/vb_02.png
INFO: [ app_init ] --START--
INFO: Run Behavior\BuildLiteBehavior [ RunTime:0.000019s ]
INFO: [ app_init ] --END-- [ RunTime:0.000113s ]

[ 2017-02-15T11:29:38+08:00 ] 127.0.0.1 /home/Templates/pc/gujianzhu/images/bk.png
INFO: [ app_init ] --START--
INFO: Run Behavior\BuildLiteBehavior [ RunTime:0.000020s ]
INFO: [ app_init ] --END-- [ RunTime:0.000116s ]

[ 2017-02-15T11:29:38+08:00 ] 127.0.0.1 /home/Templates/pc/gujianzhu/Picture/vb_05.png
INFO: [ app_init ] --START--
INFO: Run Behavior\BuildLiteBehavior [ RunTime:0.000019s ]
INFO: [ app_init ] --END-- [ RunTime:0.000135s ]

[ 2017-02-15T11:29:38+08:00 ] 127.0.0.1 /home/Templates/pc/gujianzhu/Picture/vb_04.png
INFO: [ app_init ] --START--
INFO: Run Behavior\BuildLiteBehavior [ RunTime:0.000020s ]
INFO: [ app_init ] --END-- [ RunTime:0.000157s ]

[ 2017-02-15T11:29:38+08:00 ] 127.0.0.1 /home/Templates/pc/gujianzhu/Picture/youqian_3.jpg
INFO: [ app_init ] --START--
INFO: Run Behavior\BuildLiteBehavior [ RunTime:0.000027s ]
INFO: [ app_init ] --END-- [ RunTime:0.000147s ]

[ 2017-02-15T11:29:38+08:00 ] 127.0.0.1 /home/Templates/pc/gujianzhu/js/gujian.js
INFO: [ app_init ] --START--
INFO: Run Behavior\BuildLiteBehavior [ RunTime:0.000019s ]
INFO: [ app_init ] --END-- [ RunTime:0.000112s ]
ERR: 非法操作:Templates

[ 2017-02-15T11:29:38+08:00 ] 127.0.0.1 /home/Templates/pc/gujianzhu/Picture/weixin.jpg
INFO: [ app_init ] --START--
INFO: Run Behavior\BuildLiteBehavior [ RunTime:0.000020s ]
INFO: [ app_init ] --END-- [ RunTime:0.000113s ]

[ 2017-02-15T11:29:38+08:00 ] 127.0.0.1 /home/Templates/pc/gujianzhu/Picture/youqian_4.jpg
INFO: [ app_init ] --START--
INFO: Run Behavior\BuildLiteBehavior [ RunTime:0.000018s ]
INFO: [ app_init ] --END-- [ RunTime:0.000124s ]

[ 2017-02-15T11:29:38+08:00 ] 127.0.0.1 /home/Templates/pc/gujianzhu/Picture/youqian_1.jpg
INFO: [ app_init ] --START--
INFO: Run Behavior\BuildLiteBehavior [ RunTime:0.000020s ]
INFO: [ app_init ] --END-- [ RunTime:0.000120s ]

[ 2017-02-15T11:29:38+08:00 ] 127.0.0.1 /home/Templates/pc/gujianzhu/Picture/youqian_2.jpg
INFO: [ app_init ] --START--
INFO: Run Behavior\BuildLiteBehavior [ RunTime:0.000020s ]
INFO: [ app_init ] --END-- [ RunTime:0.000142s ]

[ 2017-02-15T11:29:38+08:00 ] 127.0.0.1 /home/Templates/pc/gujianzhu/Picture/jiakejian.png
INFO: [ app_init ] --START--
INFO: Run Behavior\BuildLiteBehavior [ RunTime:0.000019s ]
INFO: [ app_init ] --END-- [ RunTime:0.000164s ]

[ 2017-02-15T11:29:38+08:00 ] 127.0.0.1 /home/Templates/pc/gujianzhu/Picture/shouji.jpg
INFO: [ app_init ] --START--
INFO: Run Behavior\BuildLiteBehavior [ RunTime:0.000037s ]
INFO: [ app_init ] --END-- [ RunTime:0.000190s ]

[ 2017-02-15T11:29:59+08:00 ] 127.0.0.1 /home/Templates/pc/gujianzhu/Css/public.css
INFO: [ app_init ] --START--
INFO: Run Behavior\BuildLiteBehavior [ RunTime:0.000019s ]
INFO: [ app_init ] --END-- [ RunTime:0.000110s ]
ERR: 非法操作:Templates

[ 2017-02-15T11:30:28+08:00 ] 127.0.0.1 /Home/Templates/pc/gujianzhu/Css/public.css
INFO: [ app_init ] --START--
INFO: Run Behavior\BuildLiteBehavior [ RunTime:0.000024s ]
INFO: [ app_init ] --END-- [ RunTime:0.000140s ]
ERR: 非法操作:Templates

[ 2017-02-15T11:31:07+08:00 ] 127.0.0.1 /Home/Templates/pc/gujianzhu/Css/public.css
INFO: [ app_init ] --START--
INFO: Run Behavior\BuildLiteBehavior [ RunTime:0.000018s ]
INFO: [ app_init ] --END-- [ RunTime:0.000113s ]
ERR: 非法操作:Templates

[ 2017-02-15T11:31:12+08:00 ] 127.0.0.1 /home/index
INFO: [ app_init ] --START--
INFO: Run Behavior\BuildLiteBehavior [ RunTime:0.000020s ]
INFO: [ app_init ] --END-- [ RunTime:0.000114s ]

[ 2017-02-15T11:31:26+08:00 ] 127.0.0.1 /
INFO: [ app_init ] --START--
INFO: Run Behavior\BuildLiteBehavior [ RunTime:0.000019s ]
INFO: [ app_init ] --END-- [ RunTime:0.000114s ]

[ 2017-02-15T11:31:36+08:00 ] 127.0.0.1 /home/index
INFO: [ app_init ] --START--
INFO: Run Behavior\BuildLiteBehavior [ RunTime:0.000021s ]
INFO: [ app_init ] --END-- [ RunTime:0.000116s ]

[ 2017-02-15T11:31:58+08:00 ] 127.0.0.1 /Home/Templates/pc/gujianzhu/Css/public.css
INFO: [ app_init ] --START--
INFO: Run Behavior\BuildLiteBehavior [ RunTime:0.000019s ]
INFO: [ app_init ] --END-- [ RunTime:0.000119s ]
ERR: 非法操作:Templates

[ 2017-02-15T11:32:21+08:00 ] 127.0.0.1 /home/index.html
INFO: [ app_init ] --START--
INFO: Run Behavior\BuildLiteBehavior [ RunTime:0.000019s ]
INFO: [ app_init ] --END-- [ RunTime:0.000117s ]

[ 2017-02-15T11:33:44+08:00 ] 127.0.0.1 /home/index.html
INFO: [ app_init ] --START--
INFO: Run Behavior\BuildLiteBehavior [ RunTime:0.000019s ]
INFO: [ app_init ] --END-- [ RunTime:0.000118s ]

[ 2017-02-15T11:33:48+08:00 ] 127.0.0.1 /Home/index.html
INFO: [ app_init ] --START--
INFO: Run Behavior\BuildLiteBehavior [ RunTime:0.000018s ]
INFO: [ app_init ] --END-- [ RunTime:0.000112s ]

[ 2017-02-15T11:33:54+08:00 ] 127.0.0.1 /
INFO: [ app_init ] --START--
INFO: Run Behavior\BuildLiteBehavior [ RunTime:0.000019s ]
INFO: [ app_init ] --END-- [ RunTime:0.000115s ]

[ 2017-02-15T11:33:56+08:00 ] 127.0.0.1 /Home/index.html
INFO: [ app_init ] --START--
INFO: Run Behavior\BuildLiteBehavior [ RunTime:0.000023s ]
INFO: [ app_init ] --END-- [ RunTime:0.000170s ]

[ 2017-02-15T11:51:41+08:00 ] 127.0.0.1 /
INFO: [ app_init ] --START--
INFO: Run Behavior\BuildLiteBehavior [ RunTime:0.000021s ]
INFO: [ app_init ] --END-- [ RunTime:0.000125s ]

[ 2017-02-15T11:51:45+08:00 ] 127.0.0.1 /Home/gujiananli.html
INFO: [ app_init ] --START--
INFO: Run Behavior\BuildLiteBehavior [ RunTime:0.000019s ]
INFO: [ app_init ] --END-- [ RunTime:0.000118s ]
ERR: 非法操作:gujiananli

[ 2017-02-15T11:52:24+08:00 ] 127.0.0.1 /Home/gujiananli.html
INFO: [ app_init ] --START--
INFO: Run Behavior\BuildLiteBehavior [ RunTime:0.000020s ]
INFO: [ app_init ] --END-- [ RunTime:0.000122s ]
ERR: 模板不存在:./Templates/pc/gujianzhu//chanpin.html

[ 2017-02-15T11:53:27+08:00 ] 127.0.0.1 /gujiananli.html
INFO: [ app_init ] --START--
INFO: Run Behavior\BuildLiteBehavior [ RunTime:0.000020s ]
INFO: [ app_init ] --END-- [ RunTime:0.000121s ]
ERR: 模板不存在:./Templates/pc/gujianzhu/Gujiananli/404.html

[ 2017-02-15T11:54:18+08:00 ] 127.0.0.1 /gujiananli.html
INFO: [ app_init ] --START--
INFO: Run Behavior\BuildLiteBehavior [ RunTime:0.000019s ]
INFO: [ app_init ] --END-- [ RunTime:0.000117s ]
ERR: 模板不存在:./Templates/pc/gujianzhu//Public/404.html

[ 2017-02-15T11:54:36+08:00 ] 127.0.0.1 /gujiananli.html
INFO: [ app_init ] --START--
INFO: Run Behavior\BuildLiteBehavior [ RunTime:0.000026s ]
INFO: [ app_init ] --END-- [ RunTime:0.000130s ]
ERR: 模板不存在:./Templates/pc/gujianzhu/../Public/404.html

[ 2017-02-15T11:55:02+08:00 ] 127.0.0.1 /gujiananli.html
INFO: [ app_init ] --START--
INFO: Run Behavior\BuildLiteBehavior [ RunTime:0.000020s ]
INFO: [ app_init ] --END-- [ RunTime:0.000117s ]
ERR: 模板不存在:./Templates/pc/gujianzhu/../404.html

[ 2017-02-15T11:55:28+08:00 ] 127.0.0.1 /gujiananli.html
INFO: [ app_init ] --START--
INFO: Run Behavior\BuildLiteBehavior [ RunTime:0.000020s ]
INFO: [ app_init ] --END-- [ RunTime:0.000115s ]
ERR: 模板不存在:./Templates/pc/gujianzhu/../404.html

[ 2017-02-15T11:55:30+08:00 ] 127.0.0.1 /gujiananli.html
INFO: [ app_init ] --START--
INFO: Run Behavior\BuildLiteBehavior [ RunTime:0.000019s ]
INFO: [ app_init ] --END-- [ RunTime:0.000115s ]
ERR: 模板不存在:./Templates/pc/gujianzhu/../404.html

[ 2017-02-15T11:55:48+08:00 ] 127.0.0.1 /gujiananli.html
INFO: [ app_init ] --START--
INFO: Run Behavior\BuildLiteBehavior [ RunTime:0.000019s ]
INFO: [ app_init ] --END-- [ RunTime:0.000115s ]

[ 2017-02-15T11:56:12+08:00 ] 127.0.0.1 /home/gujiananli.html
INFO: [ app_init ] --START--
INFO: Run Behavior\BuildLiteBehavior [ RunTime:0.000019s ]
INFO: [ app_init ] --END-- [ RunTime:0.000110s ]
ERR: 模板不存在:./Templates/pc/gujianzhu//chanpin.html

[ 2017-02-15T11:56:16+08:00 ] 127.0.0.1 /home/gujiananlis.html
INFO: [ app_init ] --START--
INFO: Run Behavior\BuildLiteBehavior [ RunTime:0.000022s ]
INFO: [ app_init ] --END-- [ RunTime:0.000124s ]
ERR: 非法操作:gujiananlis

[ 2017-02-15T11:56:59+08:00 ] 127.0.0.1 /home/gujiananlis.html
INFO: [ app_init ] --START--
INFO: Run Behavior\BuildLiteBehavior [ RunTime:0.000020s ]
INFO: [ app_init ] --END-- [ RunTime:0.000115s ]
ERR: 模板不存在:./Templates/pc/gujianzhu//404.html

[ 2017-02-15T11:58:00+08:00 ] 127.0.0.1 /home/gujiananlis.html
INFO: [ app_init ] --START--
INFO: Run Behavior\BuildLiteBehavior [ RunTime:0.000020s ]
INFO: [ app_init ] --END-- [ RunTime:0.000115s ]

[ 2017-02-15T11:58:19+08:00 ] 127.0.0.1 /home/gujiananlis.html
INFO: [ app_init ] --START--
INFO: Run Behavior\BuildLiteBehavior [ RunTime:0.000020s ]
INFO: [ app_init ] --END-- [ RunTime:0.000115s ]

[ 2017-02-15T11:58:44+08:00 ] 127.0.0.1 /home/gujiananli.html
INFO: [ app_init ] --START--
INFO: Run Behavior\BuildLiteBehavior [ RunTime:0.000020s ]
INFO: [ app_init ] --END-- [ RunTime:0.000129s ]
ERR: 模板不存在:./Templates/pc/gujianzhu//chanpin.html

[ 2017-02-15T11:58:58+08:00 ] 127.0.0.1 /home/gujiananli.html
INFO: [ app_init ] --START--
INFO: Run Behavior\BuildLiteBehavior [ RunTime:0.000020s ]
INFO: [ app_init ] --END-- [ RunTime:0.000117s ]
ERR: 模板不存在:./Templates/pc/gujianzhu//chanpin.html

[ 2017-02-15T12:03:25+08:00 ] 127.0.0.1 /
INFO: [ app_init ] --START--
INFO: Run Behavior\BuildLiteBehavior [ RunTime:0.000023s ]
INFO: [ app_init ] --END-- [ RunTime:0.000139s ]

[ 2017-02-15T12:03:27+08:00 ] 127.0.0.1 /Home/index.html
INFO: [ app_init ] --START--
INFO: Run Behavior\BuildLiteBehavior [ RunTime:0.000019s ]
INFO: [ app_init ] --END-- [ RunTime:0.000113s ]

[ 2017-02-15T12:04:30+08:00 ] 127.0.0.1 /Home/lianxiwomen.html
INFO: [ app_init ] --START--
INFO: Run Behavior\BuildLiteBehavior [ RunTime:0.000033s ]
INFO: [ app_init ] --END-- [ RunTime:0.000348s ]

[ 2017-02-15T12:12:37+08:00 ] 127.0.0.1 /Home/index.html
INFO: [ app_init ] --START--
INFO: Run Behavior\BuildLiteBehavior [ RunTime:0.000020s ]
INFO: [ app_init ] --END-- [ RunTime:0.000121s ]

[ 2017-02-15T12:14:10+08:00 ] 127.0.0.1 /home/gujiananli.html
INFO: [ app_init ] --START--
INFO: Run Behavior\BuildLiteBehavior [ RunTime:0.000019s ]
INFO: [ app_init ] --END-- [ RunTime:0.000118s ]
ERR: 模板不存在:./Templates/pc/gujianzhu//chanpin.html

[ 2017-02-15T12:31:51+08:00 ] 127.0.0.1 /
INFO: [ app_init ] --START--
INFO: Run Behavior\BuildLiteBehavior [ RunTime:0.000024s ]
INFO: [ app_init ] --END-- [ RunTime:0.000140s ]

[ 2017-02-15T12:57:27+08:00 ] 127.0.0.1 /
INFO: [ app_init ] --START--
INFO: Run Behavior\BuildLiteBehavior [ RunTime:0.000019s ]
INFO: [ app_init ] --END-- [ RunTime:0.000119s ]

[ 2017-02-15T12:57:59+08:00 ] 127.0.0.1 /
INFO: [ app_init ] --START--
INFO: Run Behavior\BuildLiteBehavior [ RunTime:0.000020s ]
INFO: [ app_init ] --END-- [ RunTime:0.000116s ]
ERR: Think\Controller:_initialize方法不存在！

[ 2017-02-15T12:58:25+08:00 ] 127.0.0.1 /
INFO: [ app_init ] --START--
INFO: Run Behavior\BuildLiteBehavior [ RunTime:0.000028s ]
INFO: [ app_init ] --END-- [ RunTime:0.000178s ]

[ 2017-02-15T12:59:20+08:00 ] 127.0.0.1 /
INFO: [ app_init ] --START--
INFO: Run Behavior\BuildLiteBehavior [ RunTime:0.000022s ]
INFO: [ app_init ] --END-- [ RunTime:0.000202s ]

[ 2017-02-15T13:05:16+08:00 ] 127.0.0.1 /Home/pic.html
INFO: [ app_init ] --START--
INFO: Run Behavior\BuildLiteBehavior [ RunTime:0.000017s ]
INFO: [ app_init ] --END-- [ RunTime:0.000109s ]

[ 2017-02-15T13:08:52+08:00 ] 127.0.0.1 /Home/index.html
INFO: [ app_init ] --START--
INFO: Run Behavior\BuildLiteBehavior [ RunTime:0.000019s ]
INFO: [ app_init ] --END-- [ RunTime:0.000139s ]

[ 2017-02-15T13:09:11+08:00 ] 127.0.0.1 /Home/index.html
INFO: [ app_init ] --START--
INFO: Run Behavior\BuildLiteBehavior [ RunTime:0.000039s ]
INFO: [ app_init ] --END-- [ RunTime:0.000206s ]

[ 2017-02-15T13:09:42+08:00 ] 127.0.0.1 /Uploads/2016-12-28/58631e04b1eb2.jpg
INFO: [ app_init ] --START--
INFO: Run Behavior\BuildLiteBehavior [ RunTime:0.000018s ]
INFO: [ app_init ] --END-- [ RunTime:0.000106s ]

[ 2017-02-15T13:09:42+08:00 ] 127.0.0.1 /Uploads/2016-12-28/58631e04b1eb2.jpg
INFO: [ app_init ] --START--
INFO: Run Behavior\BuildLiteBehavior [ RunTime:0.000020s ]
INFO: [ app_init ] --END-- [ RunTime:0.000112s ]

[ 2017-02-15T13:11:12+08:00 ] 127.0.0.1 /Uploads/2016-12-28/58631e04b1eb2.jpg
INFO: [ app_init ] --START--
INFO: Run Behavior\BuildLiteBehavior [ RunTime:0.000019s ]
INFO: [ app_init ] --END-- [ RunTime:0.000111s ]

[ 2017-02-15T13:11:12+08:00 ] 127.0.0.1 /Uploads/2016-12-28/58631e04b1eb2.jpg
INFO: [ app_init ] --START--
INFO: Run Behavior\BuildLiteBehavior [ RunTime:0.000086s ]
INFO: [ app_init ] --END-- [ RunTime:0.000212s ]

[ 2017-02-15T13:11:21+08:00 ] 127.0.0.1 /Uploads/2016-12-28/58631e04b1eb2.jpg
INFO: [ app_init ] --START--
INFO: Run Behavior\BuildLiteBehavior [ RunTime:0.000018s ]
INFO: [ app_init ] --END-- [ RunTime:0.000107s ]

[ 2017-02-15T13:11:21+08:00 ] 127.0.0.1 /Uploads/2016-12-28/58631e04b1eb2.jpg
INFO: [ app_init ] --START--
INFO: Run Behavior\BuildLiteBehavior [ RunTime:0.000022s ]
INFO: [ app_init ] --END-- [ RunTime:0.000131s ]

[ 2017-02-15T13:13:00+08:00 ] 127.0.0.1 /Uploads/2016-12-28/58631e04b1eb2.jpg
INFO: [ app_init ] --START--
INFO: Run Behavior\BuildLiteBehavior [ RunTime:0.000018s ]
INFO: [ app_init ] --END-- [ RunTime:0.000106s ]

[ 2017-02-15T13:13:00+08:00 ] 127.0.0.1 /Uploads/2016-12-28/58631e04b1eb2.jpg
INFO: [ app_init ] --START--
INFO: Run Behavior\BuildLiteBehavior [ RunTime:0.000043s ]
INFO: [ app_init ] --END-- [ RunTime:0.000224s ]

[ 2017-02-15T13:14:03+08:00 ] 127.0.0.1 /Uploads/2016-12-28/58631e04b1eb2.jpg
INFO: [ app_init ] --START--
INFO: Run Behavior\BuildLiteBehavior [ RunTime:0.000043s ]
INFO: [ app_init ] --END-- [ RunTime:0.000288s ]

[ 2017-02-15T13:14:03+08:00 ] 127.0.0.1 /Uploads/2016-12-28/58631e04b1eb2.jpg
INFO: [ app_init ] --START--
INFO: Run Behavior\BuildLiteBehavior [ RunTime:0.000039s ]
INFO: [ app_init ] --END-- [ RunTime:0.000221s ]

[ 2017-02-15T13:14:58+08:00 ] 127.0.0.1 /Uploads/2016-12-28/58631e04b1eb2.jpg
INFO: [ app_init ] --START--
INFO: Run Behavior\BuildLiteBehavior [ RunTime:0.000077s ]
INFO: [ app_init ] --END-- [ RunTime:0.000202s ]

[ 2017-02-15T13:14:58+08:00 ] 127.0.0.1 /Uploads/2016-12-28/58631e04b1eb2.jpg
INFO: [ app_init ] --START--
INFO: Run Behavior\BuildLiteBehavior [ RunTime:0.000058s ]
INFO: [ app_init ] --END-- [ RunTime:0.000195s ]

[ 2017-02-15T13:17:16+08:00 ] 127.0.0.1 /Uploads/2016-12-28/58631e04b1eb2.jpg
INFO: [ app_init ] --START--
INFO: Run Behavior\BuildLiteBehavior [ RunTime:0.000026s ]
INFO: [ app_init ] --END-- [ RunTime:0.000145s ]

[ 2017-02-15T13:17:16+08:00 ] 127.0.0.1 /Uploads/2016-12-28/58631e04b1eb2.jpg
INFO: [ app_init ] --START--
INFO: Run Behavior\BuildLiteBehavior [ RunTime:0.000037s ]
INFO: [ app_init ] --END-- [ RunTime:0.000174s ]

[ 2017-02-15T13:19:25+08:00 ] 127.0.0.1 /Uploads/2016-12-28/58631e04b1eb2.jpg
INFO: [ app_init ] --START--
INFO: Run Behavior\BuildLiteBehavior [ RunTime:0.000018s ]
INFO: [ app_init ] --END-- [ RunTime:0.000106s ]

[ 2017-02-15T13:19:25+08:00 ] 127.0.0.1 /Uploads/2016-12-28/58631e04b1eb2.jpg
INFO: [ app_init ] --START--
INFO: Run Behavior\BuildLiteBehavior [ RunTime:0.000029s ]
INFO: [ app_init ] --END-- [ RunTime:0.000171s ]

[ 2017-02-15T13:20:02+08:00 ] 127.0.0.1 /Uploads/2016-12-28/58631e04b1eb2.jpg
INFO: [ app_init ] --START--
INFO: Run Behavior\BuildLiteBehavior [ RunTime:0.000019s ]
INFO: [ app_init ] --END-- [ RunTime:0.000106s ]

[ 2017-02-15T13:20:02+08:00 ] 127.0.0.1 /Uploads/2016-12-28/58631e04b1eb2.jpg
INFO: [ app_init ] --START--
INFO: Run Behavior\BuildLiteBehavior [ RunTime:0.000025s ]
INFO: [ app_init ] --END-- [ RunTime:0.000170s ]

[ 2017-02-15T13:28:35+08:00 ] 127.0.0.1 /Home/index.html
INFO: [ app_init ] --START--
INFO: Run Behavior\BuildLiteBehavior [ RunTime:0.000028s ]
INFO: [ app_init ] --END-- [ RunTime:0.000216s ]

[ 2017-02-15T13:34:14+08:00 ] 127.0.0.1 /Home/index.html
INFO: [ app_init ] --START--
INFO: Run Behavior\BuildLiteBehavior [ RunTime:0.000021s ]
INFO: [ app_init ] --END-- [ RunTime:0.000131s ]

[ 2017-02-15T13:34:54+08:00 ] 127.0.0.1 /Home/index.html
INFO: [ app_init ] --START--
INFO: Run Behavior\BuildLiteBehavior [ RunTime:0.000020s ]
INFO: [ app_init ] --END-- [ RunTime:0.000120s ]

[ 2017-02-15T13:35:37+08:00 ] 127.0.0.1 /Home/index.html
INFO: [ app_init ] --START--
INFO: Run Behavior\BuildLiteBehavior [ RunTime:0.000020s ]
INFO: [ app_init ] --END-- [ RunTime:0.000122s ]

[ 2017-02-15T13:38:13+08:00 ] 127.0.0.1 /Home/index.html
INFO: [ app_init ] --START--
INFO: Run Behavior\BuildLiteBehavior [ RunTime:0.000018s ]
INFO: [ app_init ] --END-- [ RunTime:0.000112s ]

[ 2017-02-15T13:39:18+08:00 ] 127.0.0.1 /Home/index.html
INFO: [ app_init ] --START--
INFO: Run Behavior\BuildLiteBehavior [ RunTime:0.000024s ]
INFO: [ app_init ] --END-- [ RunTime:0.000130s ]

[ 2017-02-15T13:39:18+08:00 ] 127.0.0.1 /Uploads/2016-12-28/58631e04b1eb2.jpg
INFO: [ app_init ] --START--
INFO: Run Behavior\BuildLiteBehavior [ RunTime:0.000021s ]
INFO: [ app_init ] --END-- [ RunTime:0.000149s ]

[ 2017-02-15T13:41:58+08:00 ] 127.0.0.1 /Home/index.html
INFO: [ app_init ] --START--
INFO: Run Behavior\BuildLiteBehavior [ RunTime:0.000020s ]
INFO: [ app_init ] --END-- [ RunTime:0.000126s ]

[ 2017-02-15T13:43:13+08:00 ] 127.0.0.1 /Home/index.html
INFO: [ app_init ] --START--
INFO: Run Behavior\BuildLiteBehavior [ RunTime:0.000020s ]
INFO: [ app_init ] --END-- [ RunTime:0.000119s ]

[ 2017-02-15T13:46:52+08:00 ] 127.0.0.1 /Home/index.html
INFO: [ app_init ] --START--
INFO: Run Behavior\BuildLiteBehavior [ RunTime:0.000020s ]
INFO: [ app_init ] --END-- [ RunTime:0.000128s ]

[ 2017-02-15T13:47:00+08:00 ] 127.0.0.1 /Home/index.html
INFO: [ app_init ] --START--
INFO: Run Behavior\BuildLiteBehavior [ RunTime:0.000022s ]
INFO: [ app_init ] --END-- [ RunTime:0.000126s ]

[ 2017-02-15T13:47:10+08:00 ] 127.0.0.1 /Home/index.html
INFO: [ app_init ] --START--
INFO: Run Behavior\BuildLiteBehavior [ RunTime:0.000018s ]
INFO: [ app_init ] --END-- [ RunTime:0.000105s ]

[ 2017-02-15T13:47:30+08:00 ] 127.0.0.1 /Home/index.html
INFO: [ app_init ] --START--
INFO: Run Behavior\BuildLiteBehavior [ RunTime:0.000025s ]
INFO: [ app_init ] --END-- [ RunTime:0.000144s ]

[ 2017-02-15T13:47:40+08:00 ] 127.0.0.1 /Home/index.html
INFO: [ app_init ] --START--
INFO: Run Behavior\BuildLiteBehavior [ RunTime:0.000019s ]
INFO: [ app_init ] --END-- [ RunTime:0.000115s ]

[ 2017-02-15T13:49:15+08:00 ] 127.0.0.1 /Home/index.html
INFO: [ app_init ] --START--
INFO: Run Behavior\BuildLiteBehavior [ RunTime:0.000018s ]
INFO: [ app_init ] --END-- [ RunTime:0.000113s ]

[ 2017-02-15T13:52:22+08:00 ] 127.0.0.1 /Home/index.html
INFO: [ app_init ] --START--
INFO: Run Behavior\BuildLiteBehavior [ RunTime:0.000020s ]
INFO: [ app_init ] --END-- [ RunTime:0.000116s ]

[ 2017-02-15T13:59:04+08:00 ] 127.0.0.1 /Home/gujiananli.html
INFO: [ app_init ] --START--
INFO: Run Behavior\BuildLiteBehavior [ RunTime:0.000019s ]
INFO: [ app_init ] --END-- [ RunTime:0.000112s ]

[ 2017-02-15T13:59:10+08:00 ] 127.0.0.1 /Home/index.html
INFO: [ app_init ] --START--
INFO: Run Behavior\BuildLiteBehavior [ RunTime:0.000019s ]
INFO: [ app_init ] --END-- [ RunTime:0.000117s ]

[ 2017-02-15T14:00:02+08:00 ] 127.0.0.1 /Home/index.html
INFO: [ app_init ] --START--
INFO: Run Behavior\BuildLiteBehavior [ RunTime:0.000019s ]
INFO: [ app_init ] --END-- [ RunTime:0.000120s ]

[ 2017-02-15T14:00:32+08:00 ] 127.0.0.1 /Home/index.html
INFO: [ app_init ] --START--
INFO: Run Behavior\BuildLiteBehavior [ RunTime:0.000068s ]
INFO: [ app_init ] --END-- [ RunTime:0.000416s ]

[ 2017-02-15T14:33:06+08:00 ] 127.0.0.1 /Home/index.html
INFO: [ app_init ] --START--
INFO: Run Behavior\BuildLiteBehavior [ RunTime:0.000021s ]
INFO: [ app_init ] --END-- [ RunTime:0.000129s ]

[ 2017-02-15T14:33:21+08:00 ] 127.0.0.1 /Home/index.html
INFO: [ app_init ] --START--
INFO: Run Behavior\BuildLiteBehavior [ RunTime:0.000019s ]
INFO: [ app_init ] --END-- [ RunTime:0.000114s ]

[ 2017-02-15T14:33:33+08:00 ] 127.0.0.1 /Home/index.html
INFO: [ app_init ] --START--
INFO: Run Behavior\BuildLiteBehavior [ RunTime:0.000020s ]
INFO: [ app_init ] --END-- [ RunTime:0.000120s ]

[ 2017-02-15T14:34:31+08:00 ] 127.0.0.1 /Home/index.html
INFO: [ app_init ] --START--
INFO: Run Behavior\BuildLiteBehavior [ RunTime:0.000023s ]
INFO: [ app_init ] --END-- [ RunTime:0.000129s ]

[ 2017-02-15T14:34:34+08:00 ] 127.0.0.1 /Home/index.html
INFO: [ app_init ] --START--
INFO: Run Behavior\BuildLiteBehavior [ RunTime:0.000020s ]
INFO: [ app_init ] --END-- [ RunTime:0.000118s ]

[ 2017-02-15T14:34:39+08:00 ] 127.0.0.1 /Home/index.html
INFO: [ app_init ] --START--
INFO: Run Behavior\BuildLiteBehavior [ RunTime:0.000019s ]
INFO: [ app_init ] --END-- [ RunTime:0.000114s ]

[ 2017-02-15T14:35:26+08:00 ] 127.0.0.1 /Home/index.html
INFO: [ app_init ] --START--
INFO: Run Behavior\BuildLiteBehavior [ RunTime:0.000019s ]
INFO: [ app_init ] --END-- [ RunTime:0.000124s ]

[ 2017-02-15T14:35:47+08:00 ] 127.0.0.1 /Home/index.html
INFO: [ app_init ] --START--
INFO: Run Behavior\BuildLiteBehavior [ RunTime:0.000019s ]
INFO: [ app_init ] --END-- [ RunTime:0.000116s ]
ERR: :
 [ SQL语句 ] : select * from <?php echo C('DB_PREFIX');?>adv where pid = 1

[ 2017-02-15T14:36:20+08:00 ] 127.0.0.1 /Home/index.html
INFO: [ app_init ] --START--
INFO: Run Behavior\BuildLiteBehavior [ RunTime:0.000031s ]
INFO: [ app_init ] --END-- [ RunTime:0.000156s ]
ERR: :
 [ SQL语句 ] : select * from <?php echo C('DB_PREFIX');?>adv where pid = 1

[ 2017-02-15T14:38:20+08:00 ] 127.0.0.1 /Home/index.html
INFO: [ app_init ] --START--
INFO: Run Behavior\BuildLiteBehavior [ RunTime:0.000020s ]
INFO: [ app_init ] --END-- [ RunTime:0.000120s ]
ERR: :
 [ SQL语句 ] : select * from {{<?php echo C('DB_PREFIX');?>}}adv where pid = 1

[ 2017-02-15T14:39:34+08:00 ] 127.0.0.1 /Home/index.html
INFO: [ app_init ] --START--
INFO: Run Behavior\BuildLiteBehavior [ RunTime:0.000026s ]
INFO: [ app_init ] --END-- [ RunTime:0.000139s ]
ERR: 1064:You have an error in your SQL syntax; check the manual that corresponds to your MySQL server version for the right syntax to use near '('DB_PREFIX')adv where pid = 1' at line 1
 [ SQL语句 ] : select * from C('DB_PREFIX')adv where pid = 1

[ 2017-02-15T14:40:16+08:00 ] 127.0.0.1 /Home/index.html
INFO: [ app_init ] --START--
INFO: Run Behavior\BuildLiteBehavior [ RunTime:0.000019s ]
INFO: [ app_init ] --END-- [ RunTime:0.000111s ]

[ 2017-02-15T14:40:43+08:00 ] 127.0.0.1 /Home/index.html
INFO: [ app_init ] --START--
INFO: Run Behavior\BuildLiteBehavior [ RunTime:0.000020s ]
INFO: [ app_init ] --END-- [ RunTime:0.000116s ]

[ 2017-02-15T14:40:56+08:00 ] 127.0.0.1 /Home/index.html
INFO: [ app_init ] --START--
INFO: Run Behavior\BuildLiteBehavior [ RunTime:0.000020s ]
INFO: [ app_init ] --END-- [ RunTime:0.000121s ]

[ 2017-02-15T14:42:14+08:00 ] 127.0.0.1 /Home/index.html
INFO: [ app_init ] --START--
INFO: Run Behavior\BuildLiteBehavior [ RunTime:0.000020s ]
INFO: [ app_init ] --END-- [ RunTime:0.000124s ]
ERR: 1064:You have an error in your SQL syntax; check the manual that corresponds to your MySQL server version for the right syntax to use near '{C('DB_PREFIX')}}adv where pid = 1' at line 1
 [ SQL语句 ] : select * from {{C('DB_PREFIX')}}adv where pid = 1

[ 2017-02-15T14:42:46+08:00 ] 127.0.0.1 /Home/index.html
INFO: [ app_init ] --START--
INFO: Run Behavior\BuildLiteBehavior [ RunTime:0.000019s ]
INFO: [ app_init ] --END-- [ RunTime:0.000118s ]
ERR: :
 [ SQL语句 ] : select * from <?php echo C('DB_PREFIX');?>adv where pid = 1

[ 2017-02-15T14:44:14+08:00 ] 127.0.0.1 /Home/index.html
INFO: [ app_init ] --START--
INFO: Run Behavior\BuildLiteBehavior [ RunTime:0.000019s ]
INFO: [ app_init ] --END-- [ RunTime:0.000117s ]

[ 2017-02-15T14:46:12+08:00 ] 127.0.0.1 /Home/index.html
INFO: [ app_init ] --START--
INFO: Run Behavior\BuildLiteBehavior [ RunTime:0.000019s ]
INFO: [ app_init ] --END-- [ RunTime:0.000119s ]

[ 2017-02-15T14:46:27+08:00 ] 127.0.0.1 /Home/index.html
INFO: [ app_init ] --START--
INFO: Run Behavior\BuildLiteBehavior [ RunTime:0.000021s ]
INFO: [ app_init ] --END-- [ RunTime:0.000129s ]

[ 2017-02-15T14:57:28+08:00 ] 127.0.0.1 /Home/index.html
INFO: [ app_init ] --START--
INFO: Run Behavior\BuildLiteBehavior [ RunTime:0.000019s ]
INFO: [ app_init ] --END-- [ RunTime:0.000118s ]

[ 2017-02-15T14:59:33+08:00 ] 127.0.0.1 /Home/index.html
INFO: [ app_init ] --START--
INFO: Run Behavior\BuildLiteBehavior [ RunTime:0.000019s ]
INFO: [ app_init ] --END-- [ RunTime:0.000121s ]

[ 2017-02-15T14:59:46+08:00 ] 127.0.0.1 /Home/index.html
INFO: [ app_init ] --START--
INFO: Run Behavior\BuildLiteBehavior [ RunTime:0.000020s ]
INFO: [ app_init ] --END-- [ RunTime:0.000120s ]

[ 2017-02-15T15:01:49+08:00 ] 127.0.0.1 /Home/index.html
INFO: [ app_init ] --START--
INFO: Run Behavior\BuildLiteBehavior [ RunTime:0.000019s ]
INFO: [ app_init ] --END-- [ RunTime:0.000119s ]

[ 2017-02-15T15:03:16+08:00 ] 127.0.0.1 /Home/index.html
INFO: [ app_init ] --START--
INFO: Run Behavior\BuildLiteBehavior [ RunTime:0.000022s ]
INFO: [ app_init ] --END-- [ RunTime:0.000136s ]

[ 2017-02-15T15:04:03+08:00 ] 127.0.0.1 /Home/index.html
INFO: [ app_init ] --START--
INFO: Run Behavior\BuildLiteBehavior [ RunTime:0.000020s ]
INFO: [ app_init ] --END-- [ RunTime:0.000121s ]

[ 2017-02-15T15:09:32+08:00 ] 127.0.0.1 /Home/index.html
INFO: [ app_init ] --START--
INFO: Run Behavior\BuildLiteBehavior [ RunTime:0.000021s ]
INFO: [ app_init ] --END-- [ RunTime:0.000284s ]

[ 2017-02-15T15:10:50+08:00 ] 127.0.0.1 /Home/index.html
INFO: [ app_init ] --START--
INFO: Run Behavior\BuildLiteBehavior [ RunTime:0.000020s ]
INFO: [ app_init ] --END-- [ RunTime:0.000118s ]

[ 2017-02-15T15:11:32+08:00 ] 127.0.0.1 /Home/index.html
INFO: [ app_init ] --START--
INFO: Run Behavior\BuildLiteBehavior [ RunTime:0.000020s ]
INFO: [ app_init ] --END-- [ RunTime:0.000126s ]

[ 2017-02-15T15:11:48+08:00 ] 127.0.0.1 /Home/index.html
INFO: [ app_init ] --START--
INFO: Run Behavior\BuildLiteBehavior [ RunTime:0.000019s ]
INFO: [ app_init ] --END-- [ RunTime:0.000117s ]

[ 2017-02-15T15:14:05+08:00 ] 127.0.0.1 /Home/index.html
INFO: [ app_init ] --START--
INFO: Run Behavior\BuildLiteBehavior [ RunTime:0.000018s ]
INFO: [ app_init ] --END-- [ RunTime:0.000110s ]

[ 2017-02-15T15:15:17+08:00 ] 127.0.0.1 /Home/index.html
INFO: [ app_init ] --START--
INFO: Run Behavior\BuildLiteBehavior [ RunTime:0.000018s ]
INFO: [ app_init ] --END-- [ RunTime:0.000114s ]

[ 2017-02-15T15:15:56+08:00 ] 127.0.0.1 /Home/index.html
INFO: [ app_init ] --START--
INFO: Run Behavior\BuildLiteBehavior [ RunTime:0.000020s ]
INFO: [ app_init ] --END-- [ RunTime:0.000118s ]

[ 2017-02-15T15:16:08+08:00 ] 127.0.0.1 /Home/index.html
INFO: [ app_init ] --START--
INFO: Run Behavior\BuildLiteBehavior [ RunTime:0.000019s ]
INFO: [ app_init ] --END-- [ RunTime:0.000115s ]

[ 2017-02-15T15:16:20+08:00 ] 127.0.0.1 /Home/index.html
INFO: [ app_init ] --START--
INFO: Run Behavior\BuildLiteBehavior [ RunTime:0.000019s ]
INFO: [ app_init ] --END-- [ RunTime:0.000116s ]

[ 2017-02-15T15:22:06+08:00 ] 127.0.0.1 /Home/index.html
INFO: [ app_init ] --START--
INFO: Run Behavior\BuildLiteBehavior [ RunTime:0.000020s ]
INFO: [ app_init ] --END-- [ RunTime:0.000119s ]

[ 2017-02-15T15:22:17+08:00 ] 127.0.0.1 /Home/index.html
INFO: [ app_init ] --START--
INFO: Run Behavior\BuildLiteBehavior [ RunTime:0.000020s ]
INFO: [ app_init ] --END-- [ RunTime:0.000120s ]

[ 2017-02-15T15:25:21+08:00 ] 127.0.0.1 /Home/index.html
INFO: [ app_init ] --START--
INFO: Run Behavior\BuildLiteBehavior [ RunTime:0.000019s ]
INFO: [ app_init ] --END-- [ RunTime:0.000119s ]

[ 2017-02-15T15:26:39+08:00 ] 127.0.0.1 /Home/index.html
INFO: [ app_init ] --START--
INFO: Run Behavior\BuildLiteBehavior [ RunTime:0.000021s ]
INFO: [ app_init ] --END-- [ RunTime:0.000124s ]

[ 2017-02-15T15:27:01+08:00 ] 127.0.0.1 /Home/index.html
INFO: [ app_init ] --START--
INFO: Run Behavior\BuildLiteBehavior [ RunTime:0.000019s ]
INFO: [ app_init ] --END-- [ RunTime:0.000118s ]

[ 2017-02-15T15:27:36+08:00 ] 127.0.0.1 /Home/index.html
INFO: [ app_init ] --START--
INFO: Run Behavior\BuildLiteBehavior [ RunTime:0.000019s ]
INFO: [ app_init ] --END-- [ RunTime:0.000115s ]

[ 2017-02-15T15:28:56+08:00 ] 127.0.0.1 /Home/index.html
INFO: [ app_init ] --START--
INFO: Run Behavior\BuildLiteBehavior [ RunTime:0.000018s ]
INFO: [ app_init ] --END-- [ RunTime:0.000113s ]

[ 2017-02-15T15:29:10+08:00 ] 127.0.0.1 /Home/index.html
INFO: [ app_init ] --START--
INFO: Run Behavior\BuildLiteBehavior [ RunTime:0.000019s ]
INFO: [ app_init ] --END-- [ RunTime:0.000122s ]

[ 2017-02-15T19:23:46+08:00 ] 127.0.0.1 /Home/index.html
INFO: [ app_init ] --START--
INFO: Run Behavior\BuildLiteBehavior [ RunTime:0.000028s ]
INFO: [ app_init ] --END-- [ RunTime:0.000156s ]

[ 2017-02-15T19:37:51+08:00 ] 127.0.0.1 /Home/index.html
INFO: [ app_init ] --START--
INFO: Run Behavior\BuildLiteBehavior [ RunTime:0.000021s ]
INFO: [ app_init ] --END-- [ RunTime:0.000128s ]
ERR: 1064:You have an error in your SQL syntax; check the manual that corresponds to your MySQL server version for the right syntax to use near 'AND status = 1' at line 1
 [ SQL语句 ] : select * from linfei_classify where id =  AND status = 1

[ 2017-02-15T19:39:17+08:00 ] 127.0.0.1 /Home/index.html
INFO: [ app_init ] --START--
INFO: Run Behavior\BuildLiteBehavior [ RunTime:0.000020s ]
INFO: [ app_init ] --END-- [ RunTime:0.000119s ]

[ 2017-02-15T19:42:49+08:00 ] 127.0.0.1 /Home/index.html
INFO: [ app_init ] --START--
INFO: Run Behavior\BuildLiteBehavior [ RunTime:0.000020s ]
INFO: [ app_init ] --END-- [ RunTime:0.000121s ]

[ 2017-02-15T19:43:36+08:00 ] 127.0.0.1 /Home/index.html
INFO: [ app_init ] --START--
INFO: Run Behavior\BuildLiteBehavior [ RunTime:0.000018s ]
INFO: [ app_init ] --END-- [ RunTime:0.000111s ]

[ 2017-02-15T19:43:48+08:00 ] 127.0.0.1 /Home/index.html
INFO: [ app_init ] --START--
INFO: Run Behavior\BuildLiteBehavior [ RunTime:0.000026s ]
INFO: [ app_init ] --END-- [ RunTime:0.000162s ]

[ 2017-02-15T19:44:00+08:00 ] 127.0.0.1 /Home/index.html
INFO: [ app_init ] --START--
INFO: Run Behavior\BuildLiteBehavior [ RunTime:0.000054s ]
INFO: [ app_init ] --END-- [ RunTime:0.000219s ]

[ 2017-02-15T19:44:31+08:00 ] 127.0.0.1 /Home/index.html
INFO: [ app_init ] --START--
INFO: Run Behavior\BuildLiteBehavior [ RunTime:0.000018s ]
INFO: [ app_init ] --END-- [ RunTime:0.000107s ]

[ 2017-02-15T19:48:17+08:00 ] 127.0.0.1 /Home/index.html
INFO: [ app_init ] --START--
INFO: Run Behavior\BuildLiteBehavior [ RunTime:0.000019s ]
INFO: [ app_init ] --END-- [ RunTime:0.000125s ]

[ 2017-02-15T19:49:37+08:00 ] 127.0.0.1 /Home/index.html
INFO: [ app_init ] --START--
INFO: Run Behavior\BuildLiteBehavior [ RunTime:0.000019s ]
INFO: [ app_init ] --END-- [ RunTime:0.000117s ]

[ 2017-02-15T19:49:53+08:00 ] 127.0.0.1 /Home/index.html
INFO: [ app_init ] --START--
INFO: Run Behavior\BuildLiteBehavior [ RunTime:0.000056s ]
INFO: [ app_init ] --END-- [ RunTime:0.000354s ]

[ 2017-02-15T19:51:26+08:00 ] 127.0.0.1 /Home/index.html
INFO: [ app_init ] --START--
INFO: Run Behavior\BuildLiteBehavior [ RunTime:0.000018s ]
INFO: [ app_init ] --END-- [ RunTime:0.000110s ]

[ 2017-02-15T19:52:59+08:00 ] 127.0.0.1 /
INFO: [ app_init ] --START--
INFO: Run Behavior\BuildLiteBehavior [ RunTime:0.000019s ]
INFO: [ app_init ] --END-- [ RunTime:0.000122s ]

[ 2017-02-15T21:16:50+08:00 ] 127.0.0.1 /
INFO: [ app_init ] --START--
INFO: Run Behavior\BuildLiteBehavior [ RunTime:0.000035s ]
INFO: [ app_init ] --END-- [ RunTime:0.000192s ]

[ 2017-02-15T21:24:47+08:00 ] 127.0.0.1 /
INFO: [ app_init ] --START--
INFO: Run Behavior\BuildLiteBehavior [ RunTime:0.000019s ]
INFO: [ app_init ] --END-- [ RunTime:0.000117s ]

[ 2017-02-15T21:24:54+08:00 ] 127.0.0.1 /
INFO: [ app_init ] --START--
INFO: Run Behavior\BuildLiteBehavior [ RunTime:0.000019s ]
INFO: [ app_init ] --END-- [ RunTime:0.000115s ]

[ 2017-02-15T21:54:03+08:00 ] 127.0.0.1 /Home/index.html
INFO: [ app_init ] --START--
INFO: Run Behavior\BuildLiteBehavior [ RunTime:0.000020s ]
INFO: [ app_init ] --END-- [ RunTime:0.000121s ]

[ 2017-02-15T21:54:29+08:00 ] 127.0.0.1 /Home/index.html
INFO: [ app_init ] --START--
INFO: Run Behavior\BuildLiteBehavior [ RunTime:0.000018s ]
INFO: [ app_init ] --END-- [ RunTime:0.000110s ]

[ 2017-02-15T22:02:04+08:00 ] 127.0.0.1 /
INFO: [ app_init ] --START--
INFO: Run Behavior\BuildLiteBehavior [ RunTime:0.000020s ]
INFO: [ app_init ] --END-- [ RunTime:0.000119s ]

[ 2017-02-15T22:04:05+08:00 ] 127.0.0.1 /
INFO: [ app_init ] --START--
INFO: Run Behavior\BuildLiteBehavior [ RunTime:0.000020s ]
INFO: [ app_init ] --END-- [ RunTime:0.000120s ]

[ 2017-02-15T22:04:10+08:00 ] 127.0.0.1 /product
INFO: [ app_init ] --START--
INFO: Run Behavior\BuildLiteBehavior [ RunTime:0.000021s ]
INFO: [ app_init ] --END-- [ RunTime:0.000120s ]

[ 2017-02-15T22:04:42+08:00 ] 127.0.0.1 /home/product
INFO: [ app_init ] --START--
INFO: Run Behavior\BuildLiteBehavior [ RunTime:0.000035s ]
INFO: [ app_init ] --END-- [ RunTime:0.000220s ]
ERR: 模板不存在:./Templates/pc/gujianzhu//product.html

[ 2017-02-15T22:04:51+08:00 ] 127.0.0.1 /home/product.html
INFO: [ app_init ] --START--
INFO: Run Behavior\BuildLiteBehavior [ RunTime:0.000020s ]
INFO: [ app_init ] --END-- [ RunTime:0.000118s ]
ERR: 模板不存在:./Templates/pc/gujianzhu//product.html

[ 2017-02-15T22:06:35+08:00 ] 127.0.0.1 /home/product.html
INFO: [ app_init ] --START--
INFO: Run Behavior\BuildLiteBehavior [ RunTime:0.000026s ]
INFO: [ app_init ] --END-- [ RunTime:0.000134s ]
ERR: 模板不存在:./Templates/pc/gujianzhu//product.html

[ 2017-02-15T22:07:56+08:00 ] 127.0.0.1 /home/product.html
INFO: [ app_init ] --START--
INFO: Run Behavior\BuildLiteBehavior [ RunTime:0.000019s ]
INFO: [ app_init ] --END-- [ RunTime:0.000114s ]
ERR: 模板不存在:./Templates/pc/gujianzhu//iii.html

[ 2017-02-15T22:15:56+08:00 ] 127.0.0.1 /home/product.html
INFO: [ app_init ] --START--
INFO: Run Behavior\BuildLiteBehavior [ RunTime:0.000019s ]
INFO: [ app_init ] --END-- [ RunTime:0.000120s ]

[ 2017-02-15T22:16:14+08:00 ] 127.0.0.1 /
INFO: [ app_init ] --START--
INFO: Run Behavior\BuildLiteBehavior [ RunTime:0.000026s ]
INFO: [ app_init ] --END-- [ RunTime:0.000149s ]

[ 2017-02-15T22:16:14+08:00 ] 127.0.0.1 /home/product.html
INFO: [ app_init ] --START--
INFO: Run Behavior\BuildLiteBehavior [ RunTime:0.000018s ]
INFO: [ app_init ] --END-- [ RunTime:0.000107s ]

[ 2017-02-15T22:16:34+08:00 ] 127.0.0.1 /
INFO: [ app_init ] --START--
INFO: Run Behavior\BuildLiteBehavior [ RunTime:0.000018s ]
INFO: [ app_init ] --END-- [ RunTime:0.000109s ]

[ 2017-02-15T22:16:34+08:00 ] 127.0.0.1 /home/product.html
INFO: [ app_init ] --START--
INFO: Run Behavior\BuildLiteBehavior [ RunTime:0.000022s ]
INFO: [ app_init ] --END-- [ RunTime:0.000120s ]

[ 2017-02-15T22:17:24+08:00 ] 127.0.0.1 /
INFO: [ app_init ] --START--
INFO: Run Behavior\BuildLiteBehavior [ RunTime:0.000020s ]
INFO: [ app_init ] --END-- [ RunTime:0.000111s ]

[ 2017-02-15T22:17:24+08:00 ] 127.0.0.1 /home/product.html
INFO: [ app_init ] --START--
INFO: Run Behavior\BuildLiteBehavior [ RunTime:0.000022s ]
INFO: [ app_init ] --END-- [ RunTime:0.000124s ]

[ 2017-02-15T22:20:05+08:00 ] 127.0.0.1 /home/product.html
INFO: [ app_init ] --START--
INFO: Run Behavior\BuildLiteBehavior [ RunTime:0.000019s ]
INFO: [ app_init ] --END-- [ RunTime:0.000118s ]

[ 2017-02-15T22:20:07+08:00 ] 127.0.0.1 /home/product.html
INFO: [ app_init ] --START--
INFO: Run Behavior\BuildLiteBehavior [ RunTime:0.000019s ]
INFO: [ app_init ] --END-- [ RunTime:0.000116s ]

[ 2017-02-15T22:20:11+08:00 ] 127.0.0.1 /home/product.html
INFO: [ app_init ] --START--
INFO: Run Behavior\BuildLiteBehavior [ RunTime:0.000020s ]
INFO: [ app_init ] --END-- [ RunTime:0.000120s ]

[ 2017-02-15T22:20:25+08:00 ] 127.0.0.1 /home/product.html
INFO: [ app_init ] --START--
INFO: Run Behavior\BuildLiteBehavior [ RunTime:0.000019s ]
INFO: [ app_init ] --END-- [ RunTime:0.000109s ]

[ 2017-02-15T22:20:58+08:00 ] 127.0.0.1 /home/product.html
INFO: [ app_init ] --START--
INFO: Run Behavior\BuildLiteBehavior [ RunTime:0.000021s ]
INFO: [ app_init ] --END-- [ RunTime:0.000122s ]

[ 2017-02-15T22:22:10+08:00 ] 127.0.0.1 /Home/index.html
INFO: [ app_init ] --START--
INFO: Run Behavior\BuildLiteBehavior [ RunTime:0.000018s ]
INFO: [ app_init ] --END-- [ RunTime:0.000108s ]

[ 2017-02-15T22:22:10+08:00 ] 127.0.0.1 /home/product.html
INFO: [ app_init ] --START--
INFO: Run Behavior\BuildLiteBehavior [ RunTime:0.000019s ]
INFO: [ app_init ] --END-- [ RunTime:0.000113s ]

[ 2017-02-15T22:24:01+08:00 ] 127.0.0.1 /home/product_2.html
INFO: [ app_init ] --START--
INFO: Run Behavior\BuildLiteBehavior [ RunTime:0.000020s ]
INFO: [ app_init ] --END-- [ RunTime:0.000176s ]

[ 2017-02-15T22:26:55+08:00 ] 127.0.0.1 /Home/index.html
INFO: [ app_init ] --START--
INFO: Run Behavior\BuildLiteBehavior [ RunTime:0.000019s ]
INFO: [ app_init ] --END-- [ RunTime:0.000109s ]

[ 2017-02-15T22:26:55+08:00 ] 127.0.0.1 /home/product/p/2.html
INFO: [ app_init ] --START--
INFO: Run Behavior\BuildLiteBehavior [ RunTime:0.000020s ]
INFO: [ app_init ] --END-- [ RunTime:0.000123s ]

[ 2017-02-15T22:29:25+08:00 ] 127.0.0.1 /Home/index.html
INFO: [ app_init ] --START--
INFO: Run Behavior\BuildLiteBehavior [ RunTime:0.000019s ]
INFO: [ app_init ] --END-- [ RunTime:0.000111s ]

[ 2017-02-15T22:29:25+08:00 ] 127.0.0.1 /home/product/2.html
INFO: [ app_init ] --START--
INFO: Run Behavior\BuildLiteBehavior [ RunTime:0.000020s ]
INFO: [ app_init ] --END-- [ RunTime:0.000117s ]

[ 2017-02-15T22:32:29+08:00 ] 127.0.0.1 /Home/index.html
INFO: [ app_init ] --START--
INFO: Run Behavior\BuildLiteBehavior [ RunTime:0.000018s ]
INFO: [ app_init ] --END-- [ RunTime:0.000111s ]

[ 2017-02-15T22:32:29+08:00 ] 127.0.0.1 /home/product/2.html
INFO: [ app_init ] --START--
INFO: Run Behavior\BuildLiteBehavior [ RunTime:0.000019s ]
INFO: [ app_init ] --END-- [ RunTime:0.000112s ]

[ 2017-02-15T22:33:55+08:00 ] 127.0.0.1 /Home/index.html
INFO: [ app_init ] --START--
INFO: Run Behavior\BuildLiteBehavior [ RunTime:0.000051s ]
INFO: [ app_init ] --END-- [ RunTime:0.000330s ]

[ 2017-02-15T22:33:55+08:00 ] 127.0.0.1 /home/product/2.html
INFO: [ app_init ] --START--
INFO: Run Behavior\BuildLiteBehavior [ RunTime:0.000023s ]
INFO: [ app_init ] --END-- [ RunTime:0.000130s ]

[ 2017-02-15T22:35:03+08:00 ] 127.0.0.1 /Home/index.html
INFO: [ app_init ] --START--
INFO: Run Behavior\BuildLiteBehavior [ RunTime:0.000019s ]
INFO: [ app_init ] --END-- [ RunTime:0.000115s ]

[ 2017-02-15T22:35:03+08:00 ] 127.0.0.1 /home/product/2.html
INFO: [ app_init ] --START--
INFO: Run Behavior\BuildLiteBehavior [ RunTime:0.000020s ]
INFO: [ app_init ] --END-- [ RunTime:0.000116s ]

