[ 2016-12-30T08:38:32+08:00 ] 127.0.0.1 /admin
INFO: [ app_init ] --START--
INFO: Run Behavior\BuildLiteBehavior [ RunTime:0.000018s ]
INFO: [ app_init ] --END-- [ RunTime:0.000110s ]

[ 2016-12-30T08:38:32+08:00 ] 127.0.0.1 /Admin/Login/login.php
INFO: [ app_init ] --START--
INFO: Run Behavior\BuildLiteBehavior [ RunTime:0.000018s ]
INFO: [ app_init ] --END-- [ RunTime:0.000105s ]

[ 2016-12-30T08:38:32+08:00 ] 127.0.0.1 /Admin/Login/code.php
INFO: [ app_init ] --START--
INFO: Run Behavior\BuildLiteBehavior [ RunTime:0.000019s ]
INFO: [ app_init ] --END-- [ RunTime:0.000109s ]

[ 2016-12-30T08:38:44+08:00 ] 127.0.0.1 /Admin/Login/login.php
INFO: [ app_init ] --START--
INFO: Run Behavior\BuildLiteBehavior [ RunTime:0.000023s ]
INFO: [ app_init ] --END-- [ RunTime:0.000127s ]

[ 2016-12-30T08:38:44+08:00 ] 127.0.0.1 /Admin/Index/index.php
INFO: [ app_init ] --START--
INFO: Run Behavior\BuildLiteBehavior [ RunTime:0.000023s ]
INFO: [ app_init ] --END-- [ RunTime:0.000127s ]

[ 2016-12-30T08:38:49+08:00 ] 127.0.0.1 /Admin/Product/index.php
INFO: [ app_init ] --START--
INFO: Run Behavior\BuildLiteBehavior [ RunTime:0.000018s ]
INFO: [ app_init ] --END-- [ RunTime:0.000106s ]

[ 2016-12-30T08:38:53+08:00 ] 127.0.0.1 /Admin/Product/index.php?p=2
INFO: [ app_init ] --START--
INFO: Run Behavior\BuildLiteBehavior [ RunTime:0.000018s ]
INFO: [ app_init ] --END-- [ RunTime:0.000115s ]

[ 2016-12-30T08:38:55+08:00 ] 127.0.0.1 /Admin/Product/index.php?p=3
INFO: [ app_init ] --START--
INFO: Run Behavior\BuildLiteBehavior [ RunTime:0.000033s ]
INFO: [ app_init ] --END-- [ RunTime:0.000169s ]

[ 2016-12-30T08:38:59+08:00 ] 127.0.0.1 /Admin/Article/index.php
INFO: [ app_init ] --START--
INFO: Run Behavior\BuildLiteBehavior [ RunTime:0.000020s ]
INFO: [ app_init ] --END-- [ RunTime:0.000116s ]

[ 2016-12-30T08:42:36+08:00 ] 127.0.0.1 /Admin/Admin/recycling.php
INFO: [ app_init ] --START--
INFO: Run Behavior\BuildLiteBehavior [ RunTime:0.000019s ]
INFO: [ app_init ] --END-- [ RunTime:0.000119s ]

[ 2016-12-30T08:43:18+08:00 ] 127.0.0.1 /Admin/Admin/recycling.php
INFO: [ app_init ] --START--
INFO: Run Behavior\BuildLiteBehavior [ RunTime:0.000019s ]
INFO: [ app_init ] --END-- [ RunTime:0.000118s ]

[ 2016-12-30T08:43:19+08:00 ] 127.0.0.1 /Admin/Article/index.php
INFO: [ app_init ] --START--
INFO: Run Behavior\BuildLiteBehavior [ RunTime:0.000021s ]
INFO: [ app_init ] --END-- [ RunTime:0.000156s ]

[ 2016-12-30T08:43:38+08:00 ] 127.0.0.1 /Admin/Article/index.php
INFO: [ app_init ] --START--
INFO: Run Behavior\BuildLiteBehavior [ RunTime:0.000020s ]
INFO: [ app_init ] --END-- [ RunTime:0.000116s ]

[ 2016-12-30T08:43:44+08:00 ] 127.0.0.1 /Admin/Index/index.php
INFO: [ app_init ] --START--
INFO: Run Behavior\BuildLiteBehavior [ RunTime:0.000019s ]
INFO: [ app_init ] --END-- [ RunTime:0.000116s ]

[ 2016-12-30T08:43:48+08:00 ] 127.0.0.1 /Admin/Config/index.php
INFO: [ app_init ] --START--
INFO: Run Behavior\BuildLiteBehavior [ RunTime:0.000035s ]
INFO: [ app_init ] --END-- [ RunTime:0.000175s ]

[ 2016-12-30T08:43:54+08:00 ] 127.0.0.1 /Admin/Product/index.php
INFO: [ app_init ] --START--
INFO: Run Behavior\BuildLiteBehavior [ RunTime:0.000019s ]
INFO: [ app_init ] --END-- [ RunTime:0.000113s ]

[ 2016-12-30T08:44:19+08:00 ] 127.0.0.1 /Admin/Article/index.php
INFO: [ app_init ] --START--
INFO: Run Behavior\BuildLiteBehavior [ RunTime:0.000019s ]
INFO: [ app_init ] --END-- [ RunTime:0.000113s ]

[ 2016-12-30T08:44:25+08:00 ] 127.0.0.1 /Admin/article/addarticle.php?id=8
INFO: [ app_init ] --START--
INFO: Run Behavior\BuildLiteBehavior [ RunTime:0.000018s ]
INFO: [ app_init ] --END-- [ RunTime:0.000172s ]

[ 2016-12-30T08:44:28+08:00 ] 127.0.0.1 /Admin/Uploads/uploads.php?num=1&name=img&id=imgs
INFO: [ app_init ] --START--
INFO: Run Behavior\BuildLiteBehavior [ RunTime:0.000021s ]
INFO: [ app_init ] --END-- [ RunTime:0.000138s ]

[ 2016-12-30T08:44:32+08:00 ] 127.0.0.1 /Admin/Uploads/uploads.php?num=1&name=img
INFO: [ app_init ] --START--
INFO: Run Behavior\BuildLiteBehavior [ RunTime:0.000018s ]
INFO: [ app_init ] --END-- [ RunTime:0.000111s ]

[ 2016-12-30T08:45:06+08:00 ] 127.0.0.1 /Admin/article/addarticle.php?id=8
INFO: [ app_init ] --START--
INFO: Run Behavior\BuildLiteBehavior [ RunTime:0.000019s ]
INFO: [ app_init ] --END-- [ RunTime:0.000113s ]

[ 2016-12-30T08:45:07+08:00 ] 127.0.0.1 /Admin/article/index.php
INFO: [ app_init ] --START--
INFO: Run Behavior\BuildLiteBehavior [ RunTime:0.000037s ]
INFO: [ app_init ] --END-- [ RunTime:0.000226s ]

[ 2016-12-30T08:45:25+08:00 ] 127.0.0.1 /Admin/article/addarticle.php?id=8
INFO: [ app_init ] --START--
INFO: Run Behavior\BuildLiteBehavior [ RunTime:0.000020s ]
INFO: [ app_init ] --END-- [ RunTime:0.000117s ]

[ 2016-12-30T08:45:31+08:00 ] 127.0.0.1 /Admin/Admin/recycling.php
INFO: [ app_init ] --START--
INFO: Run Behavior\BuildLiteBehavior [ RunTime:0.000020s ]
INFO: [ app_init ] --END-- [ RunTime:0.000116s ]

[ 2016-12-30T08:45:32+08:00 ] 127.0.0.1 /Admin/article/addarticle.php?id=8
INFO: [ app_init ] --START--
INFO: Run Behavior\BuildLiteBehavior [ RunTime:0.000026s ]
INFO: [ app_init ] --END-- [ RunTime:0.000151s ]

[ 2016-12-30T08:45:39+08:00 ] 127.0.0.1 /Admin/Product/index.php
INFO: [ app_init ] --START--
INFO: Run Behavior\BuildLiteBehavior [ RunTime:0.000020s ]
INFO: [ app_init ] --END-- [ RunTime:0.000116s ]

[ 2016-12-30T08:45:43+08:00 ] 127.0.0.1 /Admin/Article/index.php
INFO: [ app_init ] --START--
INFO: Run Behavior\BuildLiteBehavior [ RunTime:0.000028s ]
INFO: [ app_init ] --END-- [ RunTime:0.000168s ]

[ 2016-12-30T08:45:59+08:00 ] 127.0.0.1 /Admin/article/addarticle.php?id=8
INFO: [ app_init ] --START--
INFO: Run Behavior\BuildLiteBehavior [ RunTime:0.000020s ]
INFO: [ app_init ] --END-- [ RunTime:0.000116s ]

[ 2016-12-30T09:08:03+08:00 ] 127.0.0.1 /Admin/article/addarticle.php?id=8
INFO: [ app_init ] --START--
INFO: Run Behavior\BuildLiteBehavior [ RunTime:0.000102s ]
INFO: [ app_init ] --END-- [ RunTime:0.000285s ]

[ 2016-12-30T09:08:05+08:00 ] 127.0.0.1 /Admin/Advertising/index.php
INFO: [ app_init ] --START--
INFO: Run Behavior\BuildLiteBehavior [ RunTime:0.000018s ]
INFO: [ app_init ] --END-- [ RunTime:0.000108s ]

[ 2016-12-30T09:08:05+08:00 ] 127.0.0.1 /Admin/Advertising/%7B:APP_PATH%7DTpl/%7B:C('DEFAULT_THEME')%7D/_static/admin/assets/css/bootstrap.min.css
INFO: [ app_init ] --START--
INFO: Run Behavior\BuildLiteBehavior [ RunTime:0.000027s ]
INFO: [ app_init ] --END-- [ RunTime:0.000135s ]
ERR: 非法操作:{:APP_PATH}Tpl

[ 2016-12-30T09:08:05+08:00 ] 127.0.0.1 /Admin/Advertising/%7B:APP_PATH%7DTpl/%7B:C('DEFAULT_THEME')%7D/_static/admin/assets/css/css.css
INFO: [ app_init ] --START--
INFO: Run Behavior\BuildLiteBehavior [ RunTime:0.000018s ]
INFO: [ app_init ] --END-- [ RunTime:0.000133s ]
ERR: 非法操作:{:APP_PATH}Tpl

[ 2016-12-30T09:08:05+08:00 ] 127.0.0.1 /Admin/Advertising/%7B:APP_PATH%7DTpl/%7B:C('DEFAULT_THEME')%7D/_static/admin/assets/css/font-awesome.min.css
INFO: [ app_init ] --START--
INFO: Run Behavior\BuildLiteBehavior [ RunTime:0.000020s ]
INFO: [ app_init ] --END-- [ RunTime:0.000114s ]
ERR: 非法操作:{:APP_PATH}Tpl

[ 2016-12-30T09:08:05+08:00 ] 127.0.0.1 /Admin/Advertising/%7B:APP_PATH%7DTpl/%7B:C('DEFAULT_THEME')%7D/_static/admin/assets/css/ace.min.css
INFO: [ app_init ] --START--
INFO: Run Behavior\BuildLiteBehavior [ RunTime:0.000019s ]
INFO: [ app_init ] --END-- [ RunTime:0.000114s ]
ERR: 非法操作:{:APP_PATH}Tpl

[ 2016-12-30T09:08:05+08:00 ] 127.0.0.1 /Admin/Advertising/%7B:APP_PATH%7DTpl/%7B:C('DEFAULT_THEME')%7D/_static/admin/assets/css/ace-rtl.min.css
INFO: [ app_init ] --START--
INFO: Run Behavior\BuildLiteBehavior [ RunTime:0.000019s ]
INFO: [ app_init ] --END-- [ RunTime:0.000121s ]
ERR: 非法操作:{:APP_PATH}Tpl

[ 2016-12-30T09:08:05+08:00 ] 127.0.0.1 /Admin/Advertising/%7B:APP_PATH%7DTpl/%7B:C('DEFAULT_THEME')%7D/_static/admin/assets/css/ace-skins.min.css
INFO: [ app_init ] --START--
INFO: Run Behavior\BuildLiteBehavior [ RunTime:0.000023s ]
INFO: [ app_init ] --END-- [ RunTime:0.000142s ]
ERR: 非法操作:{:APP_PATH}Tpl

[ 2016-12-30T09:08:05+08:00 ] 127.0.0.1 /Admin/Advertising/%7B:APP_PATH%7DTpl/%7B:C('DEFAULT_THEME')%7D/_static/admin/assets/js/ace-extra.min.js
INFO: [ app_init ] --START--
INFO: Run Behavior\BuildLiteBehavior [ RunTime:0.000020s ]
INFO: [ app_init ] --END-- [ RunTime:0.000113s ]
ERR: 非法操作:{:APP_PATH}Tpl

[ 2016-12-30T09:08:05+08:00 ] 127.0.0.1 /Admin/Advertising/%7B:APP_PATH%7DTpl/%7B:C(
INFO: [ app_init ] --START--
INFO: Run Behavior\BuildLiteBehavior [ RunTime:0.000018s ]
INFO: [ app_init ] --END-- [ RunTime:0.000109s ]
ERR: 非法操作:{:APP_PATH}Tpl

[ 2016-12-30T09:08:05+08:00 ] 127.0.0.1 /Admin/Advertising/%7B:APP_PATH%7DTpl/%7B:C('DEFAULT_THEME')%7D/_static/admin/assets/js/jquery-2.0.3.min.js
INFO: [ app_init ] --START--
INFO: Run Behavior\BuildLiteBehavior [ RunTime:0.000019s ]
INFO: [ app_init ] --END-- [ RunTime:0.000113s ]
ERR: 非法操作:{:APP_PATH}Tpl

[ 2016-12-30T09:08:05+08:00 ] 127.0.0.1 /Admin/Advertising/%7B:APP_PATH%7DTpl/%7B:C('DEFAULT_THEME')%7D/_static/admin/assets/css/ace.min.css
INFO: [ app_init ] --START--
INFO: Run Behavior\BuildLiteBehavior [ RunTime:0.000020s ]
INFO: [ app_init ] --END-- [ RunTime:0.000121s ]
ERR: 非法操作:{:APP_PATH}Tpl

[ 2016-12-30T09:08:05+08:00 ] 127.0.0.1 /Admin/Advertising/%7B:APP_PATH%7DTpl/%7B:C('DEFAULT_THEME')%7D/_static/admin/assets/css/ace-skins.min.css
INFO: [ app_init ] --START--
INFO: Run Behavior\BuildLiteBehavior [ RunTime:0.000030s ]
INFO: [ app_init ] --END-- [ RunTime:0.000148s ]
ERR: 非法操作:{:APP_PATH}Tpl

[ 2016-12-30T09:08:05+08:00 ] 127.0.0.1 /Admin/Advertising/%7B:APP_PATH%7DTpl/%7B:C('DEFAULT_THEME')%7D/_static/admin/assets/css/css.css
INFO: [ app_init ] --START--
INFO: Run Behavior\BuildLiteBehavior [ RunTime:0.000039s ]
INFO: [ app_init ] --END-- [ RunTime:0.000209s ]
ERR: 非法操作:{:APP_PATH}Tpl

[ 2016-12-30T09:08:05+08:00 ] 127.0.0.1 /Admin/Advertising/%7B:APP_PATH%7DTpl/%7B:C('DEFAULT_THEME')%7D/_static/admin/assets/js/ace-extra.min.js
INFO: [ app_init ] --START--
INFO: Run Behavior\BuildLiteBehavior [ RunTime:0.000019s ]
INFO: [ app_init ] --END-- [ RunTime:0.000113s ]
ERR: 非法操作:{:APP_PATH}Tpl

[ 2016-12-30T09:08:05+08:00 ] 127.0.0.1 /Admin/Advertising/%7B:APP_PATH%7DTpl/%7B:C('DEFAULT_THEME')%7D/_static/admin/assets/css/ace-rtl.min.css
INFO: [ app_init ] --START--
INFO: Run Behavior\BuildLiteBehavior [ RunTime:0.000019s ]
INFO: [ app_init ] --END-- [ RunTime:0.000120s ]
ERR: 非法操作:{:APP_PATH}Tpl

[ 2016-12-30T09:08:05+08:00 ] 127.0.0.1 /Admin/Advertising/%7B:APP_PATH%7DTpl/%7B:C('DEFAULT_THEME')%7D/_static/admin/assets/js/bootstrap.min.js
INFO: [ app_init ] --START--
INFO: Run Behavior\BuildLiteBehavior [ RunTime:0.000020s ]
INFO: [ app_init ] --END-- [ RunTime:0.000114s ]
ERR: 非法操作:{:APP_PATH}Tpl

[ 2016-12-30T09:08:05+08:00 ] 127.0.0.1 /Admin/Advertising/%7B:APP_PATH%7DTpl/%7B:C('DEFAULT_THEME')%7D/_static/admin/assets/avatars/user.jpg
INFO: [ app_init ] --START--
INFO: Run Behavior\BuildLiteBehavior [ RunTime:0.000039s ]
INFO: [ app_init ] --END-- [ RunTime:0.000146s ]

[ 2016-12-30T09:08:05+08:00 ] 127.0.0.1 /Admin/Advertising/%7B:APP_PATH%7DTpl/%7B:C('DEFAULT_THEME')%7D/_static/admin/assets/js/ace-elements.min.js
INFO: [ app_init ] --START--
INFO: Run Behavior\BuildLiteBehavior [ RunTime:0.000029s ]
INFO: [ app_init ] --END-- [ RunTime:0.000128s ]
ERR: 非法操作:{:APP_PATH}Tpl

[ 2016-12-30T09:08:05+08:00 ] 127.0.0.1 /Admin/Advertising/%7B:APP_PATH%7DTpl/%7B:C('DEFAULT_THEME')%7D/_static/admin/assets/js/ace.min.js
INFO: [ app_init ] --START--
INFO: Run Behavior\BuildLiteBehavior [ RunTime:0.000023s ]
INFO: [ app_init ] --END-- [ RunTime:0.000125s ]
ERR: 非法操作:{:APP_PATH}Tpl

[ 2016-12-30T09:08:05+08:00 ] 127.0.0.1 /Admin/Advertising/%7B:APP_PATH%7DTpl/%7B:C('DEFAULT_THEME')%7D/_static/admin/assets/js/typeahead-bs2.min.js
INFO: [ app_init ] --START--
INFO: Run Behavior\BuildLiteBehavior [ RunTime:0.000022s ]
INFO: [ app_init ] --END-- [ RunTime:0.000173s ]
ERR: 非法操作:{:APP_PATH}Tpl

[ 2016-12-30T09:08:05+08:00 ] 127.0.0.1 /Admin/Advertising/%7B:APP_PATH%7DTpl/%7B:C('DEFAULT_THEME')%7D/_static/admin/assets/js/jquery-2.0.3.min.js
INFO: [ app_init ] --START--
INFO: Run Behavior\BuildLiteBehavior [ RunTime:0.000019s ]
INFO: [ app_init ] --END-- [ RunTime:0.000109s ]
ERR: 非法操作:{:APP_PATH}Tpl

[ 2016-12-30T09:08:05+08:00 ] 127.0.0.1 /Admin/Advertising/%7B:APP_PATH%7DTpl/%7B:C('DEFAULT_THEME')%7D/_static/admin/assets/js/bootstrap.min.js
INFO: [ app_init ] --START--
INFO: Run Behavior\BuildLiteBehavior [ RunTime:0.000018s ]
INFO: [ app_init ] --END-- [ RunTime:0.000109s ]
ERR: 非法操作:{:APP_PATH}Tpl

[ 2016-12-30T09:08:05+08:00 ] 127.0.0.1 /Admin/Advertising/%7B:APP_PATH%7DTpl/%7B:C('DEFAULT_THEME')%7D/_static/admin/assets/js/typeahead-bs2.min.js
INFO: [ app_init ] --START--
INFO: Run Behavior\BuildLiteBehavior [ RunTime:0.000017s ]
INFO: [ app_init ] --END-- [ RunTime:0.000105s ]
ERR: 非法操作:{:APP_PATH}Tpl

[ 2016-12-30T09:08:05+08:00 ] 127.0.0.1 /Admin/Advertising/%7B:APP_PATH%7DTpl/%7B:C('DEFAULT_THEME')%7D/_static/admin/assets/js/ace-elements.min.js
INFO: [ app_init ] --START--
INFO: Run Behavior\BuildLiteBehavior [ RunTime:0.000017s ]
INFO: [ app_init ] --END-- [ RunTime:0.000107s ]
ERR: 非法操作:{:APP_PATH}Tpl

[ 2016-12-30T09:08:05+08:00 ] 127.0.0.1 /Admin/Advertising/%7B:APP_PATH%7DTpl/%7B:C('DEFAULT_THEME')%7D/_static/admin/assets/js/ace.min.js
INFO: [ app_init ] --START--
INFO: Run Behavior\BuildLiteBehavior [ RunTime:0.000019s ]
INFO: [ app_init ] --END-- [ RunTime:0.000109s ]
ERR: 非法操作:{:APP_PATH}Tpl

[ 2016-12-30T09:08:10+08:00 ] 127.0.0.1 /Admin/Advertising/addadvertising.php
INFO: [ app_init ] --START--
INFO: Run Behavior\BuildLiteBehavior [ RunTime:0.000019s ]
INFO: [ app_init ] --END-- [ RunTime:0.000115s ]
ERR: 非法操作:addadvertising

[ 2016-12-30T09:10:11+08:00 ] 127.0.0.1 /Admin/Advertising/index.php
INFO: [ app_init ] --START--
INFO: Run Behavior\BuildLiteBehavior [ RunTime:0.000019s ]
INFO: [ app_init ] --END-- [ RunTime:0.000117s ]

[ 2016-12-30T09:10:15+08:00 ] 127.0.0.1 /Admin/Advertising/addadvertising.php
INFO: [ app_init ] --START--
INFO: Run Behavior\BuildLiteBehavior [ RunTime:0.000019s ]
INFO: [ app_init ] --END-- [ RunTime:0.000116s ]

[ 2016-12-30T09:10:34+08:00 ] 127.0.0.1 /Admin/Advertising/index.php
INFO: [ app_init ] --START--
INFO: Run Behavior\BuildLiteBehavior [ RunTime:0.000020s ]
INFO: [ app_init ] --END-- [ RunTime:0.000116s ]

[ 2016-12-30T09:10:36+08:00 ] 127.0.0.1 /Admin/Advertising/addadvertising.php
INFO: [ app_init ] --START--
INFO: Run Behavior\BuildLiteBehavior [ RunTime:0.000020s ]
INFO: [ app_init ] --END-- [ RunTime:0.000119s ]

[ 2016-12-30T09:16:41+08:00 ] 127.0.0.1 /Admin/Advertising/addadvertising.php
INFO: [ app_init ] --START--
INFO: Run Behavior\BuildLiteBehavior [ RunTime:0.000018s ]
INFO: [ app_init ] --END-- [ RunTime:0.000271s ]

[ 2016-12-30T09:17:28+08:00 ] 127.0.0.1 /Admin/Advertising/addadvertising.php
INFO: [ app_init ] --START--
INFO: Run Behavior\BuildLiteBehavior [ RunTime:0.000020s ]
INFO: [ app_init ] --END-- [ RunTime:0.000121s ]

[ 2016-12-30T09:19:31+08:00 ] 127.0.0.1 /Admin/Advertising/addadvertising.php
INFO: [ app_init ] --START--
INFO: Run Behavior\BuildLiteBehavior [ RunTime:0.000020s ]
INFO: [ app_init ] --END-- [ RunTime:0.000123s ]

[ 2016-12-30T09:20:05+08:00 ] 127.0.0.1 /Admin/Advertising/addadvertising.php
INFO: [ app_init ] --START--
INFO: Run Behavior\BuildLiteBehavior [ RunTime:0.000019s ]
INFO: [ app_init ] --END-- [ RunTime:0.000119s ]

[ 2016-12-30T09:22:43+08:00 ] 127.0.0.1 /Admin/Advertising/addadvertising.php
INFO: [ app_init ] --START--
INFO: Run Behavior\BuildLiteBehavior [ RunTime:0.000019s ]
INFO: [ app_init ] --END-- [ RunTime:0.000121s ]

[ 2016-12-30T09:23:03+08:00 ] 127.0.0.1 /Admin/Advertising/addadvertising.php
INFO: [ app_init ] --START--
INFO: Run Behavior\BuildLiteBehavior [ RunTime:0.000019s ]
INFO: [ app_init ] --END-- [ RunTime:0.000118s ]

[ 2016-12-30T09:23:05+08:00 ] 127.0.0.1 /Admin/Advertising/index.php
INFO: [ app_init ] --START--
INFO: Run Behavior\BuildLiteBehavior [ RunTime:0.000020s ]
INFO: [ app_init ] --END-- [ RunTime:0.000118s ]

[ 2016-12-30T09:23:18+08:00 ] 127.0.0.1 /Admin/Advertising/addadvertising.php
INFO: [ app_init ] --START--
INFO: Run Behavior\BuildLiteBehavior [ RunTime:0.000020s ]
INFO: [ app_init ] --END-- [ RunTime:0.000117s ]

[ 2016-12-30T09:38:17+08:00 ] 127.0.0.1 /Admin/Advertising/addadvertising.php
INFO: [ app_init ] --START--
INFO: Run Behavior\BuildLiteBehavior [ RunTime:0.000019s ]
INFO: [ app_init ] --END-- [ RunTime:0.000120s ]

[ 2016-12-30T09:41:36+08:00 ] 127.0.0.1 /Admin/Advertising/addadvertising.php
INFO: [ app_init ] --START--
INFO: Run Behavior\BuildLiteBehavior [ RunTime:0.000023s ]
INFO: [ app_init ] --END-- [ RunTime:0.000131s ]

[ 2016-12-30T09:42:17+08:00 ] 127.0.0.1 /Admin/Advertising/addadvertising.php
INFO: [ app_init ] --START--
INFO: Run Behavior\BuildLiteBehavior [ RunTime:0.000019s ]
INFO: [ app_init ] --END-- [ RunTime:0.000116s ]

[ 2016-12-30T09:48:37+08:00 ] 127.0.0.1 /Admin/Config/watermark.php
INFO: [ app_init ] --START--
INFO: Run Behavior\BuildLiteBehavior [ RunTime:0.000020s ]
INFO: [ app_init ] --END-- [ RunTime:0.000122s ]

[ 2016-12-30T09:54:34+08:00 ] 127.0.0.1 /Admin/Advertising/addadvertising.php
INFO: [ app_init ] --START--
INFO: Run Behavior\BuildLiteBehavior [ RunTime:0.000020s ]
INFO: [ app_init ] --END-- [ RunTime:0.000119s ]

[ 2016-12-30T09:55:15+08:00 ] 127.0.0.1 /Admin/Advertising/addadvertising.php
INFO: [ app_init ] --START--
INFO: Run Behavior\BuildLiteBehavior [ RunTime:0.000019s ]
INFO: [ app_init ] --END-- [ RunTime:0.000114s ]

[ 2016-12-30T09:55:47+08:00 ] 127.0.0.1 /Admin/Advertising/addadvertising.php
INFO: [ app_init ] --START--
INFO: Run Behavior\BuildLiteBehavior [ RunTime:0.000020s ]
INFO: [ app_init ] --END-- [ RunTime:0.000115s ]

[ 2016-12-30T09:56:49+08:00 ] 127.0.0.1 /Admin/Advertising/addadvertising.php
INFO: [ app_init ] --START--
INFO: Run Behavior\BuildLiteBehavior [ RunTime:0.000020s ]
INFO: [ app_init ] --END-- [ RunTime:0.000117s ]

[ 2016-12-30T09:57:54+08:00 ] 127.0.0.1 /Admin/Advertising/addadvertising.php
INFO: [ app_init ] --START--
INFO: Run Behavior\BuildLiteBehavior [ RunTime:0.000019s ]
INFO: [ app_init ] --END-- [ RunTime:0.000118s ]

[ 2016-12-30T09:58:34+08:00 ] 127.0.0.1 /Admin/Advertising/addadvertising.php
INFO: [ app_init ] --START--
INFO: Run Behavior\BuildLiteBehavior [ RunTime:0.000019s ]
INFO: [ app_init ] --END-- [ RunTime:0.000116s ]

[ 2016-12-30T09:59:00+08:00 ] 127.0.0.1 /Admin/Advertising/addadvertising.php
INFO: [ app_init ] --START--
INFO: Run Behavior\BuildLiteBehavior [ RunTime:0.000019s ]
INFO: [ app_init ] --END-- [ RunTime:0.000114s ]

[ 2016-12-30T09:59:39+08:00 ] 127.0.0.1 /Admin/Advertising/addadvertising.php
INFO: [ app_init ] --START--
INFO: Run Behavior\BuildLiteBehavior [ RunTime:0.000020s ]
INFO: [ app_init ] --END-- [ RunTime:0.000119s ]

[ 2016-12-30T10:32:56+08:00 ] 127.0.0.1 /Admin/Advertising/addadvertising.php
INFO: [ app_init ] --START--
INFO: Run Behavior\BuildLiteBehavior [ RunTime:0.000020s ]
INFO: [ app_init ] --END-- [ RunTime:0.000173s ]

[ 2016-12-30T10:35:02+08:00 ] 127.0.0.1 /Admin/Advertising/addadvertising.php
INFO: [ app_init ] --START--
INFO: Run Behavior\BuildLiteBehavior [ RunTime:0.000019s ]
INFO: [ app_init ] --END-- [ RunTime:0.000118s ]

[ 2016-12-30T10:35:17+08:00 ] 127.0.0.1 /Admin/Uploads/uploads.php?num=1&name=logo&id=imgs
INFO: [ app_init ] --START--
INFO: Run Behavior\BuildLiteBehavior [ RunTime:0.000020s ]
INFO: [ app_init ] --END-- [ RunTime:0.000149s ]

[ 2016-12-30T11:28:29+08:00 ] 127.0.0.1 /Admin/Advertising/addadvertising.php
INFO: [ app_init ] --START--
INFO: Run Behavior\BuildLiteBehavior [ RunTime:0.000019s ]
INFO: [ app_init ] --END-- [ RunTime:0.000116s ]

[ 2016-12-30T11:45:31+08:00 ] 127.0.0.1 /Admin/Advertising/addadvertising.php
INFO: [ app_init ] --START--
INFO: Run Behavior\BuildLiteBehavior [ RunTime:0.000020s ]
INFO: [ app_init ] --END-- [ RunTime:0.000119s ]

[ 2016-12-30T11:45:43+08:00 ] 127.0.0.1 /Admin/Advertising/index.php
INFO: [ app_init ] --START--
INFO: Run Behavior\BuildLiteBehavior [ RunTime:0.000018s ]
INFO: [ app_init ] --END-- [ RunTime:0.000114s ]

[ 2016-12-30T11:45:46+08:00 ] 127.0.0.1 /Admin/Advertising/addadvertising.php
INFO: [ app_init ] --START--
INFO: Run Behavior\BuildLiteBehavior [ RunTime:0.000020s ]
INFO: [ app_init ] --END-- [ RunTime:0.000123s ]

[ 2016-12-30T12:20:28+08:00 ] 127.0.0.1 /Admin/Advertising/addadvertising.php
INFO: [ app_init ] --START--
INFO: Run Behavior\BuildLiteBehavior [ RunTime:0.000020s ]
INFO: [ app_init ] --END-- [ RunTime:0.000183s ]

[ 2016-12-30T12:22:20+08:00 ] 127.0.0.1 /Admin/Advertising/addadvertising.php
INFO: [ app_init ] --START--
INFO: Run Behavior\BuildLiteBehavior [ RunTime:0.000020s ]
INFO: [ app_init ] --END-- [ RunTime:0.000119s ]

[ 2016-12-30T12:26:39+08:00 ] 127.0.0.1 /Admin/Advertising/addadvertising.php
INFO: [ app_init ] --START--
INFO: Run Behavior\BuildLiteBehavior [ RunTime:0.000019s ]
INFO: [ app_init ] --END-- [ RunTime:0.000121s ]

[ 2016-12-30T12:26:47+08:00 ] 127.0.0.1 /Admin/Advertising/index.php
INFO: [ app_init ] --START--
INFO: Run Behavior\BuildLiteBehavior [ RunTime:0.000019s ]
INFO: [ app_init ] --END-- [ RunTime:0.000107s ]

[ 2016-12-30T12:26:48+08:00 ] 127.0.0.1 /Admin/Advertising/addadvertising.php
INFO: [ app_init ] --START--
INFO: Run Behavior\BuildLiteBehavior [ RunTime:0.000020s ]
INFO: [ app_init ] --END-- [ RunTime:0.000114s ]

[ 2016-12-30T12:26:49+08:00 ] 127.0.0.1 /Admin/Advertising/index.php
INFO: [ app_init ] --START--
INFO: Run Behavior\BuildLiteBehavior [ RunTime:0.000023s ]
INFO: [ app_init ] --END-- [ RunTime:0.000121s ]

[ 2016-12-30T12:28:44+08:00 ] 127.0.0.1 /Admin/Advertising/index.php
INFO: [ app_init ] --START--
INFO: Run Behavior\BuildLiteBehavior [ RunTime:0.000020s ]
INFO: [ app_init ] --END-- [ RunTime:0.000121s ]

[ 2016-12-30T12:31:27+08:00 ] 127.0.0.1 /Admin/Advertising/index.php
INFO: [ app_init ] --START--
INFO: Run Behavior\BuildLiteBehavior [ RunTime:0.000031s ]
INFO: [ app_init ] --END-- [ RunTime:0.000136s ]

[ 2016-12-30T14:28:52+08:00 ] 127.0.0.1 /Admin/Product/index.php
INFO: [ app_init ] --START--
INFO: Run Behavior\BuildLiteBehavior [ RunTime:0.000018s ]
INFO: [ app_init ] --END-- [ RunTime:0.000105s ]

[ 2016-12-30T14:43:37+08:00 ] 127.0.0.1 /Admin/Product/addproduct.php?id=13
INFO: [ app_init ] --START--
INFO: Run Behavior\BuildLiteBehavior [ RunTime:0.000019s ]
INFO: [ app_init ] --END-- [ RunTime:0.000111s ]

[ 2016-12-30T14:44:00+08:00 ] 127.0.0.1 /Admin/Product/addproduct.php?id=13
INFO: [ app_init ] --START--
INFO: Run Behavior\BuildLiteBehavior [ RunTime:0.000021s ]
INFO: [ app_init ] --END-- [ RunTime:0.000132s ]

[ 2016-12-30T14:44:01+08:00 ] 127.0.0.1 /Admin/Product/index.php
INFO: [ app_init ] --START--
INFO: Run Behavior\BuildLiteBehavior [ RunTime:0.000041s ]
INFO: [ app_init ] --END-- [ RunTime:0.000254s ]

[ 2016-12-30T14:57:00+08:00 ] 127.0.0.1 /Admin/Advertising/index.php
INFO: [ app_init ] --START--
INFO: Run Behavior\BuildLiteBehavior [ RunTime:0.000020s ]
INFO: [ app_init ] --END-- [ RunTime:0.000119s ]

[ 2016-12-30T14:57:02+08:00 ] 127.0.0.1 /Admin/Advertising/addadvertising.php
INFO: [ app_init ] --START--
INFO: Run Behavior\BuildLiteBehavior [ RunTime:0.000020s ]
INFO: [ app_init ] --END-- [ RunTime:0.000118s ]

[ 2016-12-30T15:42:09+08:00 ] 127.0.0.1 /Admin/Advertising/index.php
INFO: [ app_init ] --START--
INFO: Run Behavior\BuildLiteBehavior [ RunTime:0.000019s ]
INFO: [ app_init ] --END-- [ RunTime:0.000114s ]

[ 2016-12-30T15:42:12+08:00 ] 127.0.0.1 /Admin/Advertising/addadvertising.php
INFO: [ app_init ] --START--
INFO: Run Behavior\BuildLiteBehavior [ RunTime:0.000029s ]
INFO: [ app_init ] --END-- [ RunTime:0.000118s ]

[ 2016-12-30T15:42:15+08:00 ] 127.0.0.1 /Admin/Advertising/index.php
INFO: [ app_init ] --START--
INFO: Run Behavior\BuildLiteBehavior [ RunTime:0.000037s ]
INFO: [ app_init ] --END-- [ RunTime:0.000189s ]

[ 2016-12-30T15:44:06+08:00 ] 127.0.0.1 /Admin/Advertising/addadvertising.php
INFO: [ app_init ] --START--
INFO: Run Behavior\BuildLiteBehavior [ RunTime:0.000019s ]
INFO: [ app_init ] --END-- [ RunTime:0.000110s ]

[ 2016-12-30T15:51:44+08:00 ] 127.0.0.1 /Admin/Advertising/addadvertising.php
INFO: [ app_init ] --START--
INFO: Run Behavior\BuildLiteBehavior [ RunTime:0.000018s ]
INFO: [ app_init ] --END-- [ RunTime:0.000117s ]

[ 2016-12-30T15:51:45+08:00 ] 127.0.0.1 /Admin/Advertising/index.php
INFO: [ app_init ] --START--
INFO: Run Behavior\BuildLiteBehavior [ RunTime:0.000021s ]
INFO: [ app_init ] --END-- [ RunTime:0.000119s ]

[ 2016-12-30T15:53:44+08:00 ] 127.0.0.1 /Admin/Advertising/index.php
INFO: [ app_init ] --START--
INFO: Run Behavior\BuildLiteBehavior [ RunTime:0.000020s ]
INFO: [ app_init ] --END-- [ RunTime:0.000118s ]

[ 2016-12-30T15:55:29+08:00 ] 127.0.0.1 /Admin/Advertising/index.php
INFO: [ app_init ] --START--
INFO: Run Behavior\BuildLiteBehavior [ RunTime:0.000019s ]
INFO: [ app_init ] --END-- [ RunTime:0.000120s ]

[ 2016-12-30T15:55:44+08:00 ] 127.0.0.1 /Admin/Advertising/index.php
INFO: [ app_init ] --START--
INFO: Run Behavior\BuildLiteBehavior [ RunTime:0.000038s ]
INFO: [ app_init ] --END-- [ RunTime:0.000306s ]

[ 2016-12-30T15:56:21+08:00 ] 127.0.0.1 /Admin/Advertising/index.php
INFO: [ app_init ] --START--
INFO: Run Behavior\BuildLiteBehavior [ RunTime:0.000019s ]
INFO: [ app_init ] --END-- [ RunTime:0.000115s ]

[ 2016-12-30T15:56:57+08:00 ] 127.0.0.1 /Admin/Advertising/index.php
INFO: [ app_init ] --START--
INFO: Run Behavior\BuildLiteBehavior [ RunTime:0.000028s ]
INFO: [ app_init ] --END-- [ RunTime:0.000134s ]

[ 2016-12-30T15:57:04+08:00 ] 127.0.0.1 /Admin/Advertising/%7B:U('admin/addad',array('aid'=%3E$data['aid']))%7D
INFO: [ app_init ] --START--
INFO: Run Behavior\BuildLiteBehavior [ RunTime:0.000019s ]
INFO: [ app_init ] --END-- [ RunTime:0.000115s ]
ERR: 非法操作:{:U('admin

[ 2016-12-30T15:57:32+08:00 ] 127.0.0.1 /Admin/Advertising/index.php
INFO: [ app_init ] --START--
INFO: Run Behavior\BuildLiteBehavior [ RunTime:0.000020s ]
INFO: [ app_init ] --END-- [ RunTime:0.000121s ]

[ 2016-12-30T15:57:39+08:00 ] 127.0.0.1 /Admin/Advertising/index.php
INFO: [ app_init ] --START--
INFO: Run Behavior\BuildLiteBehavior [ RunTime:0.000017s ]
INFO: [ app_init ] --END-- [ RunTime:0.000105s ]

[ 2016-12-30T15:58:01+08:00 ] 127.0.0.1 /Admin/Advertising/%7B:U('admin/adList',array('op'=%3E'order'))%7D
INFO: [ app_init ] --START--
INFO: Run Behavior\BuildLiteBehavior [ RunTime:0.000047s ]
INFO: [ app_init ] --END-- [ RunTime:0.000145s ]
ERR: 非法操作:{:U('admin

[ 2016-12-30T15:58:06+08:00 ] 127.0.0.1 /Admin/Config/navstyle.php
INFO: [ app_init ] --START--
INFO: Run Behavior\BuildLiteBehavior [ RunTime:0.000018s ]
INFO: [ app_init ] --END-- [ RunTime:0.000109s ]
INFO: [ app_begin ] --START--
INFO: Run Behavior\ReadHtmlCacheBehavior [ RunTime:0.000638s ]
INFO: [ app_begin ] --END-- [ RunTime:0.000715s ]
SQL: SHOW COLUMNS FROM `linfei_config` [ RunTime:0.0006s ]
SQL: SELECT `navstyle` FROM `linfei_config` LIMIT 1   [ RunTime:0.0001s ]
SQL: SELECT `id` FROM `linfei_config` LIMIT 1   [ RunTime:0.0001s ]
SQL: UPDATE `linfei_config` SET `navstyle`='1' WHERE `id` = 1 [ RunTime:0.0355s ]

[ 2016-12-30T15:58:07+08:00 ] 127.0.0.1 /Admin/Config/navstyle.php
INFO: [ app_init ] --START--
INFO: Run Behavior\BuildLiteBehavior [ RunTime:0.000093s ]
INFO: [ app_init ] --END-- [ RunTime:0.000363s ]
INFO: [ app_begin ] --START--
INFO: Run Behavior\ReadHtmlCacheBehavior [ RunTime:0.000871s ]
INFO: [ app_begin ] --END-- [ RunTime:0.001061s ]
SQL: SHOW COLUMNS FROM `linfei_config` [ RunTime:0.0007s ]
SQL: SELECT `navstyle` FROM `linfei_config` LIMIT 1   [ RunTime:0.0002s ]
SQL: SELECT `id` FROM `linfei_config` LIMIT 1   [ RunTime:0.0002s ]
SQL: UPDATE `linfei_config` SET `navstyle`='1' WHERE `id` = 1 [ RunTime:0.0288s ]

[ 2016-12-30T16:01:48+08:00 ] 127.0.0.1 /Admin/Advertising/index.php
INFO: [ app_init ] --START--
INFO: Run Behavior\BuildLiteBehavior [ RunTime:0.000020s ]
INFO: [ app_init ] --END-- [ RunTime:0.000165s ]

[ 2016-12-30T16:02:21+08:00 ] 127.0.0.1 /Admin/Advertising/index.php
INFO: [ app_init ] --START--
INFO: Run Behavior\BuildLiteBehavior [ RunTime:0.000018s ]
INFO: [ app_init ] --END-- [ RunTime:0.000110s ]

[ 2016-12-30T16:03:28+08:00 ] 127.0.0.1 /Admin/Advertising/index.php
INFO: [ app_init ] --START--
INFO: Run Behavior\BuildLiteBehavior [ RunTime:0.000020s ]
INFO: [ app_init ] --END-- [ RunTime:0.000122s ]

[ 2016-12-30T16:04:35+08:00 ] 127.0.0.1 /Admin/Config/navstyle.php
INFO: [ app_init ] --START--
INFO: Run Behavior\BuildLiteBehavior [ RunTime:0.000020s ]
INFO: [ app_init ] --END-- [ RunTime:0.000123s ]
INFO: [ app_begin ] --START--
INFO: Run Behavior\ReadHtmlCacheBehavior [ RunTime:0.000677s ]
INFO: [ app_begin ] --END-- [ RunTime:0.000766s ]
SQL: SHOW COLUMNS FROM `linfei_config` [ RunTime:0.0010s ]
SQL: SELECT `navstyle` FROM `linfei_config` LIMIT 1   [ RunTime:0.0002s ]
SQL: SELECT `id` FROM `linfei_config` LIMIT 1   [ RunTime:0.0002s ]
SQL: UPDATE `linfei_config` SET `navstyle`='0' WHERE `id` = 1 [ RunTime:0.0451s ]

[ 2016-12-30T16:04:38+08:00 ] 127.0.0.1 /Admin/Advertising/index.php
INFO: [ app_init ] --START--
INFO: Run Behavior\BuildLiteBehavior [ RunTime:0.000020s ]
INFO: [ app_init ] --END-- [ RunTime:0.000115s ]

[ 2016-12-30T16:24:00+08:00 ] 127.0.0.1 /Admin/Advertising/index.php
INFO: [ app_init ] --START--
INFO: Run Behavior\BuildLiteBehavior [ RunTime:0.000017s ]
INFO: [ app_init ] --END-- [ RunTime:0.000105s ]

[ 2016-12-30T16:27:20+08:00 ] 127.0.0.1 /Admin/Advertising/index.php
INFO: [ app_init ] --START--
INFO: Run Behavior\BuildLiteBehavior [ RunTime:0.000019s ]
INFO: [ app_init ] --END-- [ RunTime:0.000121s ]

[ 2016-12-30T16:27:22+08:00 ] 127.0.0.1 /Admin/Advertising/%7B:U('admin/adList',array('op'=%3E'order'))%7D
INFO: [ app_init ] --START--
INFO: Run Behavior\BuildLiteBehavior [ RunTime:0.000019s ]
INFO: [ app_init ] --END-- [ RunTime:0.000107s ]
ERR: 非法操作:{:U('admin

[ 2016-12-30T16:38:58+08:00 ] 127.0.0.1 /Admin/Advertising/index.php
INFO: [ app_init ] --START--
INFO: Run Behavior\BuildLiteBehavior [ RunTime:0.000019s ]
INFO: [ app_init ] --END-- [ RunTime:0.000116s ]

[ 2016-12-30T16:40:25+08:00 ] 127.0.0.1 /Admin/Advertising/index.php
INFO: [ app_init ] --START--
INFO: Run Behavior\BuildLiteBehavior [ RunTime:0.000019s ]
INFO: [ app_init ] --END-- [ RunTime:0.000119s ]

[ 2016-12-30T16:40:26+08:00 ] 127.0.0.1 /Admin/Advertising/%7B:U('Advertising/addadvertising'))%7D?id=5
INFO: [ app_init ] --START--
INFO: Run Behavior\BuildLiteBehavior [ RunTime:0.000020s ]
INFO: [ app_init ] --END-- [ RunTime:0.000119s ]
ERR: 非法操作:{:U('Advertising

[ 2016-12-30T16:40:49+08:00 ] 127.0.0.1 /Admin/Advertising/index.php
INFO: [ app_init ] --START--
INFO: Run Behavior\BuildLiteBehavior [ RunTime:0.000020s ]
INFO: [ app_init ] --END-- [ RunTime:0.000118s ]

[ 2016-12-30T16:41:28+08:00 ] 127.0.0.1 /Admin/Advertising/index.php
INFO: [ app_init ] --START--
INFO: Run Behavior\BuildLiteBehavior [ RunTime:0.000020s ]
INFO: [ app_init ] --END-- [ RunTime:0.000116s ]

[ 2016-12-30T16:41:31+08:00 ] 127.0.0.1 /Admin/Advertising/addadvertising.php?id=5
INFO: [ app_init ] --START--
INFO: Run Behavior\BuildLiteBehavior [ RunTime:0.000019s ]
INFO: [ app_init ] --END-- [ RunTime:0.000117s ]

[ 2016-12-30T16:45:25+08:00 ] 127.0.0.1 /Admin/Advertising/addadvertising.php?id=5
INFO: [ app_init ] --START--
INFO: Run Behavior\BuildLiteBehavior [ RunTime:0.000019s ]
INFO: [ app_init ] --END-- [ RunTime:0.000118s ]

[ 2016-12-30T16:45:30+08:00 ] 127.0.0.1 /Admin/Advertising/index.php
INFO: [ app_init ] --START--
INFO: Run Behavior\BuildLiteBehavior [ RunTime:0.000019s ]
INFO: [ app_init ] --END-- [ RunTime:0.000118s ]

[ 2016-12-30T16:45:33+08:00 ] 127.0.0.1 /Admin/Advertising/addadvertising.php?id=1
INFO: [ app_init ] --START--
INFO: Run Behavior\BuildLiteBehavior [ RunTime:0.000020s ]
INFO: [ app_init ] --END-- [ RunTime:0.000115s ]

[ 2016-12-30T16:46:39+08:00 ] 127.0.0.1 /Admin/Advertising/addadvertising.php?id=1
INFO: [ app_init ] --START--
INFO: Run Behavior\BuildLiteBehavior [ RunTime:0.000020s ]
INFO: [ app_init ] --END-- [ RunTime:0.000117s ]

[ 2016-12-30T16:46:41+08:00 ] 127.0.0.1 /Admin/Uploads/uploads.php?num=1&name=img&id=imgs
INFO: [ app_init ] --START--
INFO: Run Behavior\BuildLiteBehavior [ RunTime:0.000020s ]
INFO: [ app_init ] --END-- [ RunTime:0.000129s ]

[ 2016-12-30T16:49:14+08:00 ] 127.0.0.1 /Admin/Advertising/addadvertising.php?id=1
INFO: [ app_init ] --START--
INFO: Run Behavior\BuildLiteBehavior [ RunTime:0.000019s ]
INFO: [ app_init ] --END-- [ RunTime:0.000119s ]

[ 2016-12-30T16:49:53+08:00 ] 127.0.0.1 /Admin/Advertising/addadvertising.php?id=1
INFO: [ app_init ] --START--
INFO: Run Behavior\BuildLiteBehavior [ RunTime:0.000020s ]
INFO: [ app_init ] --END-- [ RunTime:0.000122s ]

[ 2016-12-30T16:49:55+08:00 ] 127.0.0.1 /Admin/Uploads/uploads.php?num=1&name=img&id=imgs
INFO: [ app_init ] --START--
INFO: Run Behavior\BuildLiteBehavior [ RunTime:0.000021s ]
INFO: [ app_init ] --END-- [ RunTime:0.000132s ]

[ 2016-12-30T16:50:33+08:00 ] 127.0.0.1 /Admin/Advertising/addadvertising.php?id=1
INFO: [ app_init ] --START--
INFO: Run Behavior\BuildLiteBehavior [ RunTime:0.000019s ]
INFO: [ app_init ] --END-- [ RunTime:0.000114s ]

[ 2016-12-30T16:51:34+08:00 ] 127.0.0.1 /Admin/Advertising/addadvertising.php?id=1
INFO: [ app_init ] --START--
INFO: Run Behavior\BuildLiteBehavior [ RunTime:0.000018s ]
INFO: [ app_init ] --END-- [ RunTime:0.000116s ]

[ 2016-12-30T16:52:32+08:00 ] 127.0.0.1 /Admin/Advertising/addadvertising.php?id=1
INFO: [ app_init ] --START--
INFO: Run Behavior\BuildLiteBehavior [ RunTime:0.000020s ]
INFO: [ app_init ] --END-- [ RunTime:0.000118s ]

[ 2016-12-30T16:52:35+08:00 ] 127.0.0.1 /Admin/Advertising/index.php
INFO: [ app_init ] --START--
INFO: Run Behavior\BuildLiteBehavior [ RunTime:0.000020s ]
INFO: [ app_init ] --END-- [ RunTime:0.000115s ]

[ 2016-12-30T16:52:41+08:00 ] 127.0.0.1 /Admin/Advertising/addadvertising.php?id=5
INFO: [ app_init ] --START--
INFO: Run Behavior\BuildLiteBehavior [ RunTime:0.000019s ]
INFO: [ app_init ] --END-- [ RunTime:0.000115s ]

[ 2016-12-30T16:52:45+08:00 ] 127.0.0.1 /Admin/Advertising/addadvertising.php
INFO: [ app_init ] --START--
INFO: Run Behavior\BuildLiteBehavior [ RunTime:0.000032s ]
INFO: [ app_init ] --END-- [ RunTime:0.000170s ]

[ 2016-12-30T16:53:08+08:00 ] 127.0.0.1 /Admin/Advertising/index.php
INFO: [ app_init ] --START--
INFO: Run Behavior\BuildLiteBehavior [ RunTime:0.000020s ]
INFO: [ app_init ] --END-- [ RunTime:0.000115s ]

[ 2016-12-30T16:53:09+08:00 ] 127.0.0.1 /Admin/Advertising/index.php
INFO: [ app_init ] --START--
INFO: Run Behavior\BuildLiteBehavior [ RunTime:0.000018s ]
INFO: [ app_init ] --END-- [ RunTime:0.000107s ]

[ 2016-12-30T16:53:12+08:00 ] 127.0.0.1 /Admin/Advertising/addadvertising.php?id=5
INFO: [ app_init ] --START--
INFO: Run Behavior\BuildLiteBehavior [ RunTime:0.000019s ]
INFO: [ app_init ] --END-- [ RunTime:0.000114s ]

[ 2016-12-30T16:54:45+08:00 ] 127.0.0.1 /Admin/Advertising/addadvertising.php?id=5
INFO: [ app_init ] --START--
INFO: Run Behavior\BuildLiteBehavior [ RunTime:0.000019s ]
INFO: [ app_init ] --END-- [ RunTime:0.000117s ]

[ 2016-12-30T16:55:03+08:00 ] 127.0.0.1 /Admin/Advertising/addadvertising.php?id=5
INFO: [ app_init ] --START--
INFO: Run Behavior\BuildLiteBehavior [ RunTime:0.000019s ]
INFO: [ app_init ] --END-- [ RunTime:0.000118s ]

[ 2016-12-30T16:58:13+08:00 ] 127.0.0.1 /Admin/Advertising/addadvertising.php?id=5
INFO: [ app_init ] --START--
INFO: Run Behavior\BuildLiteBehavior [ RunTime:0.000019s ]
INFO: [ app_init ] --END-- [ RunTime:0.000130s ]

[ 2016-12-30T16:58:15+08:00 ] 127.0.0.1 /Admin/Advertising/index.php
INFO: [ app_init ] --START--
INFO: Run Behavior\BuildLiteBehavior [ RunTime:0.000019s ]
INFO: [ app_init ] --END-- [ RunTime:0.000115s ]

[ 2016-12-30T16:58:17+08:00 ] 127.0.0.1 /Admin/Advertising/addadvertising.php?id=1
INFO: [ app_init ] --START--
INFO: Run Behavior\BuildLiteBehavior [ RunTime:0.000018s ]
INFO: [ app_init ] --END-- [ RunTime:0.000107s ]

[ 2016-12-30T16:58:36+08:00 ] 127.0.0.1 /Admin/Advertising/addadvertising.php?id=1
INFO: [ app_init ] --START--
INFO: Run Behavior\BuildLiteBehavior [ RunTime:0.000020s ]
INFO: [ app_init ] --END-- [ RunTime:0.000117s ]

[ 2016-12-30T16:58:38+08:00 ] 127.0.0.1 /Admin/Uploads/uploads.php?num=10&name=img&id=imgs
INFO: [ app_init ] --START--
INFO: Run Behavior\BuildLiteBehavior [ RunTime:0.000020s ]
INFO: [ app_init ] --END-- [ RunTime:0.000146s ]

[ 2016-12-30T16:58:42+08:00 ] 127.0.0.1 /Admin/Advertising/addadvertising.php?id=1
INFO: [ app_init ] --START--
INFO: Run Behavior\BuildLiteBehavior [ RunTime:0.000020s ]
INFO: [ app_init ] --END-- [ RunTime:0.000116s ]

[ 2016-12-30T17:01:09+08:00 ] 127.0.0.1 /Admin/Advertising/addadvertising.php?id=1
INFO: [ app_init ] --START--
INFO: Run Behavior\BuildLiteBehavior [ RunTime:0.000019s ]
INFO: [ app_init ] --END-- [ RunTime:0.000119s ]

[ 2016-12-30T17:02:34+08:00 ] 127.0.0.1 /Admin/Uploads/uploads.php?num=10&name=img&id=imgs
INFO: [ app_init ] --START--
INFO: Run Behavior\BuildLiteBehavior [ RunTime:0.000021s ]
INFO: [ app_init ] --END-- [ RunTime:0.000128s ]

[ 2016-12-30T17:02:42+08:00 ] 127.0.0.1 /Admin/Advertising/addadvertising.php?id=1
INFO: [ app_init ] --START--
INFO: Run Behavior\BuildLiteBehavior [ RunTime:0.000019s ]
INFO: [ app_init ] --END-- [ RunTime:0.000114s ]

[ 2016-12-30T17:05:12+08:00 ] 127.0.0.1 /Admin/Advertising/addadvertising.php?id=1
INFO: [ app_init ] --START--
INFO: Run Behavior\BuildLiteBehavior [ RunTime:0.000019s ]
INFO: [ app_init ] --END-- [ RunTime:0.000119s ]

[ 2016-12-30T17:05:28+08:00 ] 127.0.0.1 /Admin/Advertising/addadvertising.php?id=1
INFO: [ app_init ] --START--
INFO: Run Behavior\BuildLiteBehavior [ RunTime:0.000020s ]
INFO: [ app_init ] --END-- [ RunTime:0.000115s ]

[ 2016-12-30T17:05:54+08:00 ] 127.0.0.1 /Admin/Advertising/addadvertising.php?id=1
INFO: [ app_init ] --START--
INFO: Run Behavior\BuildLiteBehavior [ RunTime:0.000019s ]
INFO: [ app_init ] --END-- [ RunTime:0.000116s ]

[ 2016-12-30T17:07:12+08:00 ] 127.0.0.1 /Admin/Advertising/addadvertising.php?id=1
INFO: [ app_init ] --START--
INFO: Run Behavior\BuildLiteBehavior [ RunTime:0.000019s ]
INFO: [ app_init ] --END-- [ RunTime:0.000120s ]

[ 2016-12-30T17:07:53+08:00 ] 127.0.0.1 /Admin/Advertising/addadvertising.php?id=1
INFO: [ app_init ] --START--
INFO: Run Behavior\BuildLiteBehavior [ RunTime:0.000019s ]
INFO: [ app_init ] --END-- [ RunTime:0.000118s ]

[ 2016-12-30T17:09:06+08:00 ] 127.0.0.1 /Admin/Advertising/addadvertising.php?id=1
INFO: [ app_init ] --START--
INFO: Run Behavior\BuildLiteBehavior [ RunTime:0.000019s ]
INFO: [ app_init ] --END-- [ RunTime:0.000118s ]

[ 2016-12-30T17:09:18+08:00 ] 127.0.0.1 /Admin/Advertising/index.php
INFO: [ app_init ] --START--
INFO: Run Behavior\BuildLiteBehavior [ RunTime:0.000020s ]
INFO: [ app_init ] --END-- [ RunTime:0.000117s ]

[ 2016-12-30T17:09:20+08:00 ] 127.0.0.1 /Admin/Advertising/addadvertising.php?id=5
INFO: [ app_init ] --START--
INFO: Run Behavior\BuildLiteBehavior [ RunTime:0.000019s ]
INFO: [ app_init ] --END-- [ RunTime:0.000108s ]

[ 2016-12-30T17:10:02+08:00 ] 127.0.0.1 /Admin/Advertising/addadvertising.php?id=5
INFO: [ app_init ] --START--
INFO: Run Behavior\BuildLiteBehavior [ RunTime:0.000019s ]
INFO: [ app_init ] --END-- [ RunTime:0.000118s ]

[ 2016-12-30T17:10:47+08:00 ] 127.0.0.1 /Admin/Advertising/addadvertising.php?id=5
INFO: [ app_init ] --START--
INFO: Run Behavior\BuildLiteBehavior [ RunTime:0.000020s ]
INFO: [ app_init ] --END-- [ RunTime:0.000119s ]

[ 2016-12-30T17:10:49+08:00 ] 127.0.0.1 /Admin/Advertising/index.php
INFO: [ app_init ] --START--
INFO: Run Behavior\BuildLiteBehavior [ RunTime:0.000019s ]
INFO: [ app_init ] --END-- [ RunTime:0.000116s ]

[ 2016-12-30T17:10:52+08:00 ] 127.0.0.1 /Admin/Advertising/index.php
INFO: [ app_init ] --START--
INFO: Run Behavior\BuildLiteBehavior [ RunTime:0.000020s ]
INFO: [ app_init ] --END-- [ RunTime:0.000116s ]

[ 2016-12-30T17:10:55+08:00 ] 127.0.0.1 /Admin/Advertising/addadvertising.php
INFO: [ app_init ] --START--
INFO: Run Behavior\BuildLiteBehavior [ RunTime:0.000019s ]
INFO: [ app_init ] --END-- [ RunTime:0.000114s ]

[ 2016-12-30T17:10:56+08:00 ] 127.0.0.1 /Admin/Advertising/index.php
INFO: [ app_init ] --START--
INFO: Run Behavior\BuildLiteBehavior [ RunTime:0.000019s ]
INFO: [ app_init ] --END-- [ RunTime:0.000114s ]

[ 2016-12-30T17:11:36+08:00 ] 127.0.0.1 /Admin/Advertising/index.php
INFO: [ app_init ] --START--
INFO: Run Behavior\BuildLiteBehavior [ RunTime:0.000019s ]
INFO: [ app_init ] --END-- [ RunTime:0.000116s ]

[ 2016-12-30T17:11:38+08:00 ] 127.0.0.1 /Admin/Advertising/addadvertising.php?id=1
INFO: [ app_init ] --START--
INFO: Run Behavior\BuildLiteBehavior [ RunTime:0.000019s ]
INFO: [ app_init ] --END-- [ RunTime:0.000115s ]

[ 2016-12-30T17:12:36+08:00 ] 127.0.0.1 /Admin/Advertising/addadvertising.php?id=1
INFO: [ app_init ] --START--
INFO: Run Behavior\BuildLiteBehavior [ RunTime:0.000020s ]
INFO: [ app_init ] --END-- [ RunTime:0.000122s ]

[ 2016-12-30T17:12:46+08:00 ] 127.0.0.1 /Admin/Advertising/index.php
INFO: [ app_init ] --START--
INFO: Run Behavior\BuildLiteBehavior [ RunTime:0.000019s ]
INFO: [ app_init ] --END-- [ RunTime:0.000118s ]

[ 2016-12-30T17:12:48+08:00 ] 127.0.0.1 /Admin/Advertising/addadvertising.php?id=5
INFO: [ app_init ] --START--
INFO: Run Behavior\BuildLiteBehavior [ RunTime:0.000039s ]
INFO: [ app_init ] --END-- [ RunTime:0.000183s ]

[ 2016-12-30T17:19:24+08:00 ] 127.0.0.1 /Admin/Advertising/addadvertising.php?id=5
INFO: [ app_init ] --START--
INFO: Run Behavior\BuildLiteBehavior [ RunTime:0.000020s ]
INFO: [ app_init ] --END-- [ RunTime:0.000119s ]

[ 2016-12-30T17:21:07+08:00 ] 127.0.0.1 /Admin/Advertising/index.php
INFO: [ app_init ] --START--
INFO: Run Behavior\BuildLiteBehavior [ RunTime:0.000020s ]
INFO: [ app_init ] --END-- [ RunTime:0.000118s ]

[ 2016-12-30T17:21:09+08:00 ] 127.0.0.1 /Admin/Advertising/addadvertising.php?id=1
INFO: [ app_init ] --START--
INFO: Run Behavior\BuildLiteBehavior [ RunTime:0.000019s ]
INFO: [ app_init ] --END-- [ RunTime:0.000113s ]

[ 2016-12-30T17:21:11+08:00 ] 127.0.0.1 /Admin/Advertising/index.php
INFO: [ app_init ] --START--
INFO: Run Behavior\BuildLiteBehavior [ RunTime:0.000023s ]
INFO: [ app_init ] --END-- [ RunTime:0.000120s ]

[ 2016-12-30T17:21:36+08:00 ] 127.0.0.1 /Admin/Advertising/addadvertising.php?id=1
INFO: [ app_init ] --START--
INFO: Run Behavior\BuildLiteBehavior [ RunTime:0.000019s ]
INFO: [ app_init ] --END-- [ RunTime:0.000117s ]

[ 2016-12-30T17:27:53+08:00 ] 127.0.0.1 /Admin/Advertising/addadvertising.php?id=1
INFO: [ app_init ] --START--
INFO: Run Behavior\BuildLiteBehavior [ RunTime:0.000020s ]
INFO: [ app_init ] --END-- [ RunTime:0.000122s ]

[ 2016-12-30T17:28:01+08:00 ] 127.0.0.1 /Admin/Advertising/addadvertising.php?id=1
INFO: [ app_init ] --START--
INFO: Run Behavior\BuildLiteBehavior [ RunTime:0.000019s ]
INFO: [ app_init ] --END-- [ RunTime:0.000116s ]

[ 2016-12-30T17:28:02+08:00 ] 127.0.0.1 /Admin/Advertising/index.php
INFO: [ app_init ] --START--
INFO: Run Behavior\BuildLiteBehavior [ RunTime:0.000020s ]
INFO: [ app_init ] --END-- [ RunTime:0.000121s ]

[ 2016-12-30T17:28:04+08:00 ] 127.0.0.1 /Admin/Advertising/addadvertising.php?id=1
INFO: [ app_init ] --START--
INFO: Run Behavior\BuildLiteBehavior [ RunTime:0.000019s ]
INFO: [ app_init ] --END-- [ RunTime:0.000110s ]

[ 2016-12-30T17:28:10+08:00 ] 127.0.0.1 /Admin/Advertising/index.php
INFO: [ app_init ] --START--
INFO: Run Behavior\BuildLiteBehavior [ RunTime:0.000020s ]
INFO: [ app_init ] --END-- [ RunTime:0.000114s ]

[ 2016-12-30T17:28:25+08:00 ] 127.0.0.1 /Admin/Advertising/index.php
INFO: [ app_init ] --START--
INFO: Run Behavior\BuildLiteBehavior [ RunTime:0.000020s ]
INFO: [ app_init ] --END-- [ RunTime:0.000116s ]

[ 2016-12-30T17:28:26+08:00 ] 127.0.0.1 /Admin/Advertising/addadvertising.php?id=1
INFO: [ app_init ] --START--
INFO: Run Behavior\BuildLiteBehavior [ RunTime:0.000019s ]
INFO: [ app_init ] --END-- [ RunTime:0.000116s ]

[ 2016-12-30T17:28:55+08:00 ] 127.0.0.1 /Admin/Advertising/addadvertising.php?id=1
INFO: [ app_init ] --START--
INFO: Run Behavior\BuildLiteBehavior [ RunTime:0.000035s ]
INFO: [ app_init ] --END-- [ RunTime:0.000163s ]

[ 2016-12-30T17:29:07+08:00 ] 127.0.0.1 /Admin/Advertising/addadvertising.php?id=1
INFO: [ app_init ] --START--
INFO: Run Behavior\BuildLiteBehavior [ RunTime:0.000020s ]
INFO: [ app_init ] --END-- [ RunTime:0.000114s ]

[ 2016-12-30T17:30:09+08:00 ] 127.0.0.1 /Admin/Advertising/addadvertising.php?id=1
INFO: [ app_init ] --START--
INFO: Run Behavior\BuildLiteBehavior [ RunTime:0.000020s ]
INFO: [ app_init ] --END-- [ RunTime:0.000118s ]

[ 2016-12-30T17:30:37+08:00 ] 127.0.0.1 /Admin/Article/index.php
INFO: [ app_init ] --START--
INFO: Run Behavior\BuildLiteBehavior [ RunTime:0.000033s ]
INFO: [ app_init ] --END-- [ RunTime:0.000170s ]

[ 2016-12-30T17:30:40+08:00 ] 127.0.0.1 /Admin/Classify/index.php?type=1
INFO: [ app_init ] --START--
INFO: Run Behavior\BuildLiteBehavior [ RunTime:0.000020s ]
INFO: [ app_init ] --END-- [ RunTime:0.000118s ]

[ 2016-12-30T17:30:42+08:00 ] 127.0.0.1 /Admin/Classify/addclassify.php?classid=2
INFO: [ app_init ] --START--
INFO: Run Behavior\BuildLiteBehavior [ RunTime:0.000018s ]
INFO: [ app_init ] --END-- [ RunTime:0.000110s ]

[ 2016-12-30T17:30:57+08:00 ] 127.0.0.1 /Admin/User/index.php
INFO: [ app_init ] --START--
INFO: Run Behavior\BuildLiteBehavior [ RunTime:0.000020s ]
INFO: [ app_init ] --END-- [ RunTime:0.000115s ]

[ 2016-12-30T17:30:59+08:00 ] 127.0.0.1 /Admin/User/index.php?level=1
INFO: [ app_init ] --START--
INFO: Run Behavior\BuildLiteBehavior [ RunTime:0.000021s ]
INFO: [ app_init ] --END-- [ RunTime:0.000113s ]

[ 2016-12-30T17:31:01+08:00 ] 127.0.0.1 /Admin/User/editor.php?uid=1
INFO: [ app_init ] --START--
INFO: Run Behavior\BuildLiteBehavior [ RunTime:0.000019s ]
INFO: [ app_init ] --END-- [ RunTime:0.000115s ]

[ 2016-12-30T17:32:03+08:00 ] 127.0.0.1 /Admin/Advertising/index.php
INFO: [ app_init ] --START--
INFO: Run Behavior\BuildLiteBehavior [ RunTime:0.000021s ]
INFO: [ app_init ] --END-- [ RunTime:0.000119s ]

[ 2016-12-30T17:32:05+08:00 ] 127.0.0.1 /Admin/Advertising/addadvertising.php?id=1
INFO: [ app_init ] --START--
INFO: Run Behavior\BuildLiteBehavior [ RunTime:0.000020s ]
INFO: [ app_init ] --END-- [ RunTime:0.000118s ]

[ 2016-12-30T17:32:21+08:00 ] 127.0.0.1 /Admin/Advertising/addadvertising.php?id=d
INFO: [ app_init ] --START--
INFO: Run Behavior\BuildLiteBehavior [ RunTime:0.000019s ]
INFO: [ app_init ] --END-- [ RunTime:0.000114s ]

[ 2016-12-30T17:32:31+08:00 ] 127.0.0.1 /Admin/Advertising/index.php
INFO: [ app_init ] --START--
INFO: Run Behavior\BuildLiteBehavior [ RunTime:0.000025s ]
INFO: [ app_init ] --END-- [ RunTime:0.000137s ]

[ 2016-12-30T17:32:34+08:00 ] 127.0.0.1 /Admin/Advertising/addadvertising.php?id=3
INFO: [ app_init ] --START--
INFO: Run Behavior\BuildLiteBehavior [ RunTime:0.000018s ]
INFO: [ app_init ] --END-- [ RunTime:0.000113s ]

[ 2016-12-30T17:32:38+08:00 ] 127.0.0.1 /Admin/Advertising/index.php
INFO: [ app_init ] --START--
INFO: Run Behavior\BuildLiteBehavior [ RunTime:0.000020s ]
INFO: [ app_init ] --END-- [ RunTime:0.000119s ]

[ 2016-12-30T17:32:40+08:00 ] 127.0.0.1 /Admin/Advertising/addadvertising.php?id=1
INFO: [ app_init ] --START--
INFO: Run Behavior\BuildLiteBehavior [ RunTime:0.000018s ]
INFO: [ app_init ] --END-- [ RunTime:0.000105s ]

[ 2016-12-30T17:33:46+08:00 ] 127.0.0.1 /Admin/Advertising/addadvertising.php?id=1
INFO: [ app_init ] --START--
INFO: Run Behavior\BuildLiteBehavior [ RunTime:0.000020s ]
INFO: [ app_init ] --END-- [ RunTime:0.000119s ]

[ 2016-12-30T17:33:47+08:00 ] 127.0.0.1 /Admin/Advertising/addadvertising.php
INFO: [ app_init ] --START--
INFO: Run Behavior\BuildLiteBehavior [ RunTime:0.000020s ]
INFO: [ app_init ] --END-- [ RunTime:0.000116s ]

[ 2016-12-30T17:35:06+08:00 ] 127.0.0.1 /Admin/Advertising/addadvertising.php?id=1
INFO: [ app_init ] --START--
INFO: Run Behavior\BuildLiteBehavior [ RunTime:0.000019s ]
INFO: [ app_init ] --END-- [ RunTime:0.000117s ]

[ 2016-12-30T17:35:30+08:00 ] 127.0.0.1 /Admin/Advertising/addadvertising.php
INFO: [ app_init ] --START--
INFO: Run Behavior\BuildLiteBehavior [ RunTime:0.000058s ]
INFO: [ app_init ] --END-- [ RunTime:0.000293s ]

[ 2016-12-30T17:35:37+08:00 ] 127.0.0.1 /Admin/Advertising/addadvertising.php
INFO: [ app_init ] --START--
INFO: Run Behavior\BuildLiteBehavior [ RunTime:0.000020s ]
INFO: [ app_init ] --END-- [ RunTime:0.000115s ]

[ 2016-12-30T17:35:46+08:00 ] 127.0.0.1 /Admin/Advertising/addadvertising.php
INFO: [ app_init ] --START--
INFO: Run Behavior\BuildLiteBehavior [ RunTime:0.000020s ]
INFO: [ app_init ] --END-- [ RunTime:0.000124s ]

[ 2016-12-30T17:36:05+08:00 ] 127.0.0.1 /Admin/Advertising/addadvertising.php?id=1
INFO: [ app_init ] --START--
INFO: Run Behavior\BuildLiteBehavior [ RunTime:0.000020s ]
INFO: [ app_init ] --END-- [ RunTime:0.000125s ]

[ 2016-12-30T17:36:06+08:00 ] 127.0.0.1 /Admin/Advertising/addadvertising.php
INFO: [ app_init ] --START--
INFO: Run Behavior\BuildLiteBehavior [ RunTime:0.000020s ]
INFO: [ app_init ] --END-- [ RunTime:0.000112s ]

[ 2016-12-30T17:36:10+08:00 ] 127.0.0.1 /Admin/Advertising/addadvertising.php?id=1
INFO: [ app_init ] --START--
INFO: Run Behavior\BuildLiteBehavior [ RunTime:0.000019s ]
INFO: [ app_init ] --END-- [ RunTime:0.000116s ]

[ 2016-12-30T17:36:15+08:00 ] 127.0.0.1 /Admin/Uploads/uploads.php?num=10&name=img&id=imgs
INFO: [ app_init ] --START--
INFO: Run Behavior\BuildLiteBehavior [ RunTime:0.000025s ]
INFO: [ app_init ] --END-- [ RunTime:0.000136s ]

[ 2016-12-30T17:36:19+08:00 ] 127.0.0.1 /Admin/Uploads/uploads.php?num=10&name=img
INFO: [ app_init ] --START--
INFO: Run Behavior\BuildLiteBehavior [ RunTime:0.000064s ]
INFO: [ app_init ] --END-- [ RunTime:0.000225s ]

[ 2016-12-30T17:36:25+08:00 ] 127.0.0.1 /Admin/Advertising/addadvertising.php?id=1
INFO: [ app_init ] --START--
INFO: Run Behavior\BuildLiteBehavior [ RunTime:0.000020s ]
INFO: [ app_init ] --END-- [ RunTime:0.000114s ]

[ 2016-12-30T17:37:42+08:00 ] 127.0.0.1 /Admin/Advertising/addadvertising.php?id=1
INFO: [ app_init ] --START--
INFO: Run Behavior\BuildLiteBehavior [ RunTime:0.000020s ]
INFO: [ app_init ] --END-- [ RunTime:0.000119s ]

[ 2016-12-30T17:37:43+08:00 ] 127.0.0.1 /Admin/Uploads/uploads.php?num=10&name=img&id=imgs
INFO: [ app_init ] --START--
INFO: Run Behavior\BuildLiteBehavior [ RunTime:0.000025s ]
INFO: [ app_init ] --END-- [ RunTime:0.000137s ]

[ 2016-12-30T17:37:49+08:00 ] 127.0.0.1 /Admin/Uploads/uploads.php?num=10&name=img
INFO: [ app_init ] --START--
INFO: Run Behavior\BuildLiteBehavior [ RunTime:0.000020s ]
INFO: [ app_init ] --END-- [ RunTime:0.000113s ]

[ 2016-12-30T17:38:21+08:00 ] 127.0.0.1 /Admin/Advertising/addadvertising.php?id=1
INFO: [ app_init ] --START--
INFO: Run Behavior\BuildLiteBehavior [ RunTime:0.000020s ]
INFO: [ app_init ] --END-- [ RunTime:0.000117s ]

[ 2016-12-30T17:40:18+08:00 ] 127.0.0.1 /Admin/Advertising/addadvertising.php?id=1
INFO: [ app_init ] --START--
INFO: Run Behavior\BuildLiteBehavior [ RunTime:0.000019s ]
INFO: [ app_init ] --END-- [ RunTime:0.000121s ]

[ 2016-12-30T17:40:20+08:00 ] 127.0.0.1 /Admin/Uploads/uploads.php?num=10&name=img&id=imgs
INFO: [ app_init ] --START--
INFO: Run Behavior\BuildLiteBehavior [ RunTime:0.000030s ]
INFO: [ app_init ] --END-- [ RunTime:0.000157s ]

[ 2016-12-30T17:40:24+08:00 ] 127.0.0.1 /Admin/Uploads/uploads.php?num=10&name=img
INFO: [ app_init ] --START--
INFO: Run Behavior\BuildLiteBehavior [ RunTime:0.000019s ]
INFO: [ app_init ] --END-- [ RunTime:0.000110s ]

[ 2016-12-30T17:41:54+08:00 ] 127.0.0.1 /Admin/Advertising/addadvertising.php?id=1
INFO: [ app_init ] --START--
INFO: Run Behavior\BuildLiteBehavior [ RunTime:0.000020s ]
INFO: [ app_init ] --END-- [ RunTime:0.000120s ]

[ 2016-12-30T17:41:54+08:00 ] 127.0.0.1 /Admin/Uploads/uploads.php?num=10&name=img&id=imgs
INFO: [ app_init ] --START--
INFO: Run Behavior\BuildLiteBehavior [ RunTime:0.000020s ]
INFO: [ app_init ] --END-- [ RunTime:0.000120s ]

[ 2016-12-30T17:41:57+08:00 ] 127.0.0.1 /Admin/Uploads/uploads.php?num=10&name=img
INFO: [ app_init ] --START--
INFO: Run Behavior\BuildLiteBehavior [ RunTime:0.000018s ]
INFO: [ app_init ] --END-- [ RunTime:0.000112s ]

[ 2016-12-30T19:31:11+08:00 ] 127.0.0.1 /Admin/Advertising/addadvertising.php?id=1
INFO: [ app_init ] --START--
INFO: Run Behavior\BuildLiteBehavior [ RunTime:0.000020s ]
INFO: [ app_init ] --END-- [ RunTime:0.000123s ]

[ 2016-12-30T19:31:17+08:00 ] 127.0.0.1 /Admin/Advertising/addadvertising.php?id=1
INFO: [ app_init ] --START--
INFO: Run Behavior\BuildLiteBehavior [ RunTime:0.000019s ]
INFO: [ app_init ] --END-- [ RunTime:0.000111s ]

[ 2016-12-30T19:45:52+08:00 ] 127.0.0.1 /Admin/Advertising/addadvertising.php
INFO: [ app_init ] --START--
INFO: Run Behavior\BuildLiteBehavior [ RunTime:0.000019s ]
INFO: [ app_init ] --END-- [ RunTime:0.000117s ]

[ 2016-12-30T19:46:28+08:00 ] 127.0.0.1 /Admin/Advertising/addadvertising.php
INFO: [ app_init ] --START--
INFO: Run Behavior\BuildLiteBehavior [ RunTime:0.000021s ]
INFO: [ app_init ] --END-- [ RunTime:0.000121s ]

[ 2016-12-30T19:46:46+08:00 ] 127.0.0.1 /Admin/Advertising/addadvertising.php?id=1
INFO: [ app_init ] --START--
INFO: Run Behavior\BuildLiteBehavior [ RunTime:0.000020s ]
INFO: [ app_init ] --END-- [ RunTime:0.000116s ]

[ 2016-12-30T19:46:47+08:00 ] 127.0.0.1 /Admin/Advertising/addadvertising.php
INFO: [ app_init ] --START--
INFO: Run Behavior\BuildLiteBehavior [ RunTime:0.000019s ]
INFO: [ app_init ] --END-- [ RunTime:0.000115s ]

[ 2016-12-30T19:47:28+08:00 ] 127.0.0.1 /Admin/Advertising/addadvertising.php?id=1
INFO: [ app_init ] --START--
INFO: Run Behavior\BuildLiteBehavior [ RunTime:0.000020s ]
INFO: [ app_init ] --END-- [ RunTime:0.000115s ]

[ 2016-12-30T19:47:29+08:00 ] 127.0.0.1 /Admin/Advertising/addadvertising.php
INFO: [ app_init ] --START--
INFO: Run Behavior\BuildLiteBehavior [ RunTime:0.000020s ]
INFO: [ app_init ] --END-- [ RunTime:0.000117s ]

[ 2016-12-30T19:48:01+08:00 ] 127.0.0.1 /Admin/Advertising/addadvertising.php?id=1
INFO: [ app_init ] --START--
INFO: Run Behavior\BuildLiteBehavior [ RunTime:0.000019s ]
INFO: [ app_init ] --END-- [ RunTime:0.000115s ]

[ 2016-12-30T19:48:02+08:00 ] 127.0.0.1 /Admin/Advertising/addadvertising.php
INFO: [ app_init ] --START--
INFO: Run Behavior\BuildLiteBehavior [ RunTime:0.000020s ]
INFO: [ app_init ] --END-- [ RunTime:0.000117s ]

[ 2016-12-30T19:48:33+08:00 ] 127.0.0.1 /Admin/Advertising/addadvertising.php?id=1
INFO: [ app_init ] --START--
INFO: Run Behavior\BuildLiteBehavior [ RunTime:0.000020s ]
INFO: [ app_init ] --END-- [ RunTime:0.000119s ]

[ 2016-12-30T19:48:34+08:00 ] 127.0.0.1 /Admin/Advertising/addadvertising.php
INFO: [ app_init ] --START--
INFO: Run Behavior\BuildLiteBehavior [ RunTime:0.000021s ]
INFO: [ app_init ] --END-- [ RunTime:0.000189s ]

[ 2016-12-30T19:49:44+08:00 ] 127.0.0.1 /Admin/Advertising/addadvertising.php?id=1
INFO: [ app_init ] --START--
INFO: Run Behavior\BuildLiteBehavior [ RunTime:0.000019s ]
INFO: [ app_init ] --END-- [ RunTime:0.000118s ]

[ 2016-12-30T19:49:45+08:00 ] 127.0.0.1 /Admin/Advertising/addadvertising.php
INFO: [ app_init ] --START--
INFO: Run Behavior\BuildLiteBehavior [ RunTime:0.000019s ]
INFO: [ app_init ] --END-- [ RunTime:0.000118s ]

[ 2016-12-30T19:50:22+08:00 ] 127.0.0.1 /Admin/Advertising/index.php
INFO: [ app_init ] --START--
INFO: Run Behavior\BuildLiteBehavior [ RunTime:0.000019s ]
INFO: [ app_init ] --END-- [ RunTime:0.000120s ]

[ 2016-12-30T19:50:24+08:00 ] 127.0.0.1 /Admin/Advertising/addadvertising.php?id=5
INFO: [ app_init ] --START--
INFO: Run Behavior\BuildLiteBehavior [ RunTime:0.000024s ]
INFO: [ app_init ] --END-- [ RunTime:0.000136s ]

[ 2016-12-30T19:50:27+08:00 ] 127.0.0.1 /Admin/Advertising/addadvertising.php
INFO: [ app_init ] --START--
INFO: Run Behavior\BuildLiteBehavior [ RunTime:0.000020s ]
INFO: [ app_init ] --END-- [ RunTime:0.000115s ]

[ 2016-12-30T19:50:49+08:00 ] 127.0.0.1 /Admin/Advertising/addadvertising.php
INFO: [ app_init ] --START--
INFO: Run Behavior\BuildLiteBehavior [ RunTime:0.000020s ]
INFO: [ app_init ] --END-- [ RunTime:0.000121s ]

[ 2016-12-30T19:50:54+08:00 ] 127.0.0.1 /Admin/Advertising/addadvertising.php?id=5
INFO: [ app_init ] --START--
INFO: Run Behavior\BuildLiteBehavior [ RunTime:0.000019s ]
INFO: [ app_init ] --END-- [ RunTime:0.000116s ]

[ 2016-12-30T19:50:59+08:00 ] 127.0.0.1 /Admin/Advertising/addadvertising.php
INFO: [ app_init ] --START--
INFO: Run Behavior\BuildLiteBehavior [ RunTime:0.000019s ]
INFO: [ app_init ] --END-- [ RunTime:0.000116s ]

[ 2016-12-30T19:54:12+08:00 ] 127.0.0.1 /Admin/Advertising/index.php
INFO: [ app_init ] --START--
INFO: Run Behavior\BuildLiteBehavior [ RunTime:0.000019s ]
INFO: [ app_init ] --END-- [ RunTime:0.000120s ]

[ 2016-12-30T20:33:14+08:00 ] 127.0.0.1 /Admin/Advertising/index.php
INFO: [ app_init ] --START--
INFO: Run Behavior\BuildLiteBehavior [ RunTime:0.000020s ]
INFO: [ app_init ] --END-- [ RunTime:0.000121s ]
ERR: 1146:Table 'linfei.linfei_advertising' doesn't exist
 [ SQL语句 ] : SHOW COLUMNS FROM `linfei_advertising`

[ 2016-12-30T20:33:19+08:00 ] 127.0.0.1 /Admin/Advertising/index.php
INFO: [ app_init ] --START--
INFO: Run Behavior\BuildLiteBehavior [ RunTime:0.000019s ]
INFO: [ app_init ] --END-- [ RunTime:0.000116s ]
ERR: 1146:Table 'linfei.linfei_advertising' doesn't exist
 [ SQL语句 ] : SHOW COLUMNS FROM `linfei_advertising`

[ 2016-12-30T20:33:22+08:00 ] 127.0.0.1 /Admin/Advertising/addadvertising.php
INFO: [ app_init ] --START--
INFO: Run Behavior\BuildLiteBehavior [ RunTime:0.000019s ]
INFO: [ app_init ] --END-- [ RunTime:0.000117s ]
ERR: 1146:Table 'linfei.linfei_advertising' doesn't exist
 [ SQL语句 ] : SHOW COLUMNS FROM `linfei_advertising`

[ 2016-12-30T22:05:29+08:00 ] 127.0.0.1 /admin
INFO: [ app_init ] --START--
INFO: Run Behavior\BuildLiteBehavior [ RunTime:0.000018s ]
INFO: [ app_init ] --END-- [ RunTime:0.000111s ]

[ 2016-12-30T22:05:30+08:00 ] 127.0.0.1 /Admin/Login/login.php
INFO: [ app_init ] --START--
INFO: Run Behavior\BuildLiteBehavior [ RunTime:0.000019s ]
INFO: [ app_init ] --END-- [ RunTime:0.000110s ]

[ 2016-12-30T22:05:30+08:00 ] 127.0.0.1 /Admin/Login/code.php
INFO: [ app_init ] --START--
INFO: Run Behavior\BuildLiteBehavior [ RunTime:0.000019s ]
INFO: [ app_init ] --END-- [ RunTime:0.000112s ]

[ 2016-12-30T22:05:52+08:00 ] 127.0.0.1 /Admin/Login/login.php
INFO: [ app_init ] --START--
INFO: Run Behavior\BuildLiteBehavior [ RunTime:0.000020s ]
INFO: [ app_init ] --END-- [ RunTime:0.000117s ]

[ 2016-12-30T22:05:53+08:00 ] 127.0.0.1 /Admin/Index/index.php
INFO: [ app_init ] --START--
INFO: Run Behavior\BuildLiteBehavior [ RunTime:0.000019s ]
INFO: [ app_init ] --END-- [ RunTime:0.000113s ]

[ 2016-12-30T22:05:59+08:00 ] 127.0.0.1 /Admin/User/index.php
INFO: [ app_init ] --START--
INFO: Run Behavior\BuildLiteBehavior [ RunTime:0.000019s ]
INFO: [ app_init ] --END-- [ RunTime:0.000116s ]

[ 2016-12-30T22:06:02+08:00 ] 127.0.0.1 /Admin/Advertising/index.php
INFO: [ app_init ] --START--
INFO: Run Behavior\BuildLiteBehavior [ RunTime:0.000021s ]
INFO: [ app_init ] --END-- [ RunTime:0.000122s ]
ERR: 1146:Table 'linfei.linfei_advertising' doesn't exist
 [ SQL语句 ] : SHOW COLUMNS FROM `linfei_advertising`

[ 2016-12-30T22:06:08+08:00 ] 127.0.0.1 /Admin/Advertising/addadvertising.php
INFO: [ app_init ] --START--
INFO: Run Behavior\BuildLiteBehavior [ RunTime:0.000021s ]
INFO: [ app_init ] --END-- [ RunTime:0.000131s ]
ERR: 1146:Table 'linfei.linfei_advertising' doesn't exist
 [ SQL语句 ] : SHOW COLUMNS FROM `linfei_advertising`

[ 2016-12-30T22:06:14+08:00 ] 127.0.0.1 /Admin/Article/index.php
INFO: [ app_init ] --START--
INFO: Run Behavior\BuildLiteBehavior [ RunTime:0.000018s ]
INFO: [ app_init ] --END-- [ RunTime:0.000116s ]

[ 2016-12-30T22:06:16+08:00 ] 127.0.0.1 /Admin/Article/addarticle.php
INFO: [ app_init ] --START--
INFO: Run Behavior\BuildLiteBehavior [ RunTime:0.000021s ]
INFO: [ app_init ] --END-- [ RunTime:0.000118s ]

[ 2016-12-30T22:06:19+08:00 ] 127.0.0.1 /Admin/Product/index.php
INFO: [ app_init ] --START--
INFO: Run Behavior\BuildLiteBehavior [ RunTime:0.000019s ]
INFO: [ app_init ] --END-- [ RunTime:0.000116s ]

[ 2016-12-30T22:06:20+08:00 ] 127.0.0.1 /Admin/Product/index.php
INFO: [ app_init ] --START--
INFO: Run Behavior\BuildLiteBehavior [ RunTime:0.000018s ]
INFO: [ app_init ] --END-- [ RunTime:0.000116s ]

[ 2016-12-30T22:06:21+08:00 ] 127.0.0.1 /Admin/Product/addproduct.php
INFO: [ app_init ] --START--
INFO: Run Behavior\BuildLiteBehavior [ RunTime:0.000019s ]
INFO: [ app_init ] --END-- [ RunTime:0.000115s ]

[ 2016-12-30T22:06:27+08:00 ] 127.0.0.1 /Admin/Classify/index.php?type=1
INFO: [ app_init ] --START--
INFO: Run Behavior\BuildLiteBehavior [ RunTime:0.000027s ]
INFO: [ app_init ] --END-- [ RunTime:0.000152s ]

[ 2016-12-30T22:06:28+08:00 ] 127.0.0.1 /Admin/Classify/addclassify.php
INFO: [ app_init ] --START--
INFO: Run Behavior\BuildLiteBehavior [ RunTime:0.000020s ]
INFO: [ app_init ] --END-- [ RunTime:0.000115s ]

[ 2016-12-30T22:06:30+08:00 ] 127.0.0.1 /Admin/Classify/index.php?type=1
INFO: [ app_init ] --START--
INFO: Run Behavior\BuildLiteBehavior [ RunTime:0.000019s ]
INFO: [ app_init ] --END-- [ RunTime:0.000107s ]

[ 2016-12-30T22:06:36+08:00 ] 127.0.0.1 /Admin/User/index.php
INFO: [ app_init ] --START--
INFO: Run Behavior\BuildLiteBehavior [ RunTime:0.000019s ]
INFO: [ app_init ] --END-- [ RunTime:0.000115s ]

[ 2016-12-30T22:06:51+08:00 ] 127.0.0.1 /Admin/User/index.php
INFO: [ app_init ] --START--
INFO: Run Behavior\BuildLiteBehavior [ RunTime:0.000019s ]
INFO: [ app_init ] --END-- [ RunTime:0.000115s ]

[ 2016-12-30T22:35:02+08:00 ] 127.0.0.1 /Admin/User/index.php
INFO: [ app_init ] --START--
INFO: Run Behavior\BuildLiteBehavior [ RunTime:0.000020s ]
INFO: [ app_init ] --END-- [ RunTime:0.000120s ]

[ 2016-12-30T22:35:25+08:00 ] 127.0.0.1 /Admin/User/index.php
INFO: [ app_init ] --START--
INFO: Run Behavior\BuildLiteBehavior [ RunTime:0.000019s ]
INFO: [ app_init ] --END-- [ RunTime:0.000120s ]

[ 2016-12-30T22:35:55+08:00 ] 127.0.0.1 /Admin/User/index.php
INFO: [ app_init ] --START--
INFO: Run Behavior\BuildLiteBehavior [ RunTime:0.000018s ]
INFO: [ app_init ] --END-- [ RunTime:0.000115s ]

[ 2016-12-30T22:36:11+08:00 ] 127.0.0.1 /Admin/User/index.php
INFO: [ app_init ] --START--
INFO: Run Behavior\BuildLiteBehavior [ RunTime:0.000019s ]
INFO: [ app_init ] --END-- [ RunTime:0.000117s ]

[ 2016-12-30T22:58:48+08:00 ] 127.0.0.1 /Admin/Product/index.php
INFO: [ app_init ] --START--
INFO: Run Behavior\BuildLiteBehavior [ RunTime:0.000020s ]
INFO: [ app_init ] --END-- [ RunTime:0.000122s ]

