[ 2016-12-31T10:13:54+08:00 ] 127.0.0.1 /admin
INFO: [ app_init ] --START--
INFO: Run Behavior\BuildLiteBehavior [ RunTime:0.000018s ]
INFO: [ app_init ] --END-- [ RunTime:0.000114s ]

[ 2016-12-31T10:13:54+08:00 ] 127.0.0.1 /Admin/Login/login.php
INFO: [ app_init ] --START--
INFO: Run Behavior\BuildLiteBehavior [ RunTime:0.000017s ]
INFO: [ app_init ] --END-- [ RunTime:0.000112s ]

[ 2016-12-31T10:13:55+08:00 ] 127.0.0.1 /Admin/Login/code.php
INFO: [ app_init ] --START--
INFO: Run Behavior\BuildLiteBehavior [ RunTime:0.000018s ]
INFO: [ app_init ] --END-- [ RunTime:0.000157s ]

[ 2016-12-31T10:14:04+08:00 ] 127.0.0.1 /Admin/Login/login.php
INFO: [ app_init ] --START--
INFO: Run Behavior\BuildLiteBehavior [ RunTime:0.000019s ]
INFO: [ app_init ] --END-- [ RunTime:0.000120s ]

[ 2016-12-31T10:14:04+08:00 ] 127.0.0.1 /Admin/Login/login/error/%E9%AA%8C%E8%AF%81%E7%A0%81%E9%94%99%E8%AF%AF%EF%BC%81.php
INFO: [ app_init ] --START--
INFO: Run Behavior\BuildLiteBehavior [ RunTime:0.000048s ]
INFO: [ app_init ] --END-- [ RunTime:0.000298s ]

[ 2016-12-31T10:14:05+08:00 ] 127.0.0.1 /Admin/Login/code.php
INFO: [ app_init ] --START--
INFO: Run Behavior\BuildLiteBehavior [ RunTime:0.000020s ]
INFO: [ app_init ] --END-- [ RunTime:0.000118s ]

[ 2016-12-31T10:14:13+08:00 ] 127.0.0.1 /Admin/Login/login.php
INFO: [ app_init ] --START--
INFO: Run Behavior\BuildLiteBehavior [ RunTime:0.000019s ]
INFO: [ app_init ] --END-- [ RunTime:0.000115s ]

[ 2016-12-31T10:14:14+08:00 ] 127.0.0.1 /Admin/Index/index.php
INFO: [ app_init ] --START--
INFO: Run Behavior\BuildLiteBehavior [ RunTime:0.000020s ]
INFO: [ app_init ] --END-- [ RunTime:0.000117s ]

[ 2016-12-31T10:14:17+08:00 ] 127.0.0.1 /Admin/Product/index.php
INFO: [ app_init ] --START--
INFO: Run Behavior\BuildLiteBehavior [ RunTime:0.000020s ]
INFO: [ app_init ] --END-- [ RunTime:0.000118s ]

[ 2016-12-31T10:14:31+08:00 ] 127.0.0.1 /Admin/Product/index.php
INFO: [ app_init ] --START--
INFO: Run Behavior\BuildLiteBehavior [ RunTime:0.000021s ]
INFO: [ app_init ] --END-- [ RunTime:0.000122s ]

[ 2016-12-31T10:26:16+08:00 ] 127.0.0.1 /Admin/Advertising/index.php
INFO: [ app_init ] --START--
INFO: Run Behavior\BuildLiteBehavior [ RunTime:0.000019s ]
INFO: [ app_init ] --END-- [ RunTime:0.000116s ]
ERR: 1146:Table 'linfei.linfei_advertising' doesn't exist
 [ SQL语句 ] : SHOW COLUMNS FROM `linfei_advertising`

[ 2016-12-31T10:27:02+08:00 ] 127.0.0.1 /Admin/Advertising/index.php
INFO: [ app_init ] --START--
INFO: Run Behavior\BuildLiteBehavior [ RunTime:0.000020s ]
INFO: [ app_init ] --END-- [ RunTime:0.000117s ]

[ 2016-12-31T10:27:04+08:00 ] 127.0.0.1 /Admin/Advertising/index.php
INFO: [ app_init ] --START--
INFO: Run Behavior\BuildLiteBehavior [ RunTime:0.000020s ]
INFO: [ app_init ] --END-- [ RunTime:0.000118s ]

[ 2016-12-31T10:29:38+08:00 ] 127.0.0.1 /Admin/Advertising/index.php
INFO: [ app_init ] --START--
INFO: Run Behavior\BuildLiteBehavior [ RunTime:0.000021s ]
INFO: [ app_init ] --END-- [ RunTime:0.000120s ]

[ 2016-12-31T10:29:40+08:00 ] 127.0.0.1 /Admin/Advertising/adv.php
INFO: [ app_init ] --START--
INFO: Run Behavior\BuildLiteBehavior [ RunTime:0.000019s ]
INFO: [ app_init ] --END-- [ RunTime:0.000115s ]
ERR: 非法操作:adv

[ 2016-12-31T10:30:02+08:00 ] 127.0.0.1 /Admin/Advertising/index.php
INFO: [ app_init ] --START--
INFO: Run Behavior\BuildLiteBehavior [ RunTime:0.000019s ]
INFO: [ app_init ] --END-- [ RunTime:0.000115s ]

[ 2016-12-31T10:31:06+08:00 ] 127.0.0.1 /Admin/Advertising/index.php
INFO: [ app_init ] --START--
INFO: Run Behavior\BuildLiteBehavior [ RunTime:0.000020s ]
INFO: [ app_init ] --END-- [ RunTime:0.000121s ]

[ 2016-12-31T10:32:34+08:00 ] 127.0.0.1 /Admin/Advertising/index.php
INFO: [ app_init ] --START--
INFO: Run Behavior\BuildLiteBehavior [ RunTime:0.000019s ]
INFO: [ app_init ] --END-- [ RunTime:0.000119s ]

[ 2016-12-31T10:33:15+08:00 ] 127.0.0.1 /Admin/Advertising/index.php
INFO: [ app_init ] --START--
INFO: Run Behavior\BuildLiteBehavior [ RunTime:0.000020s ]
INFO: [ app_init ] --END-- [ RunTime:0.000164s ]

[ 2016-12-31T10:34:15+08:00 ] 127.0.0.1 /Admin/Advertising/index.php
INFO: [ app_init ] --START--
INFO: Run Behavior\BuildLiteBehavior [ RunTime:0.000019s ]
INFO: [ app_init ] --END-- [ RunTime:0.000117s ]

[ 2016-12-31T10:34:51+08:00 ] 127.0.0.1 /Admin/Advertising/index.php
INFO: [ app_init ] --START--
INFO: Run Behavior\BuildLiteBehavior [ RunTime:0.000019s ]
INFO: [ app_init ] --END-- [ RunTime:0.000118s ]

[ 2016-12-31T10:35:19+08:00 ] 127.0.0.1 /Admin/Advertising/index.php
INFO: [ app_init ] --START--
INFO: Run Behavior\BuildLiteBehavior [ RunTime:0.000020s ]
INFO: [ app_init ] --END-- [ RunTime:0.000166s ]

