[ 2016-12-22T14:33:11+08:00 ] 127.0.0.1 /admin
INFO: [ app_init ] --START--
INFO: Run Behavior\BuildLiteBehavior [ RunTime:0.000023s ]
INFO: [ app_init ] --END-- [ RunTime:0.000139s ]

[ 2016-12-22T14:33:11+08:00 ] 127.0.0.1 /Admin/Login/login.php
INFO: [ app_init ] --START--
INFO: Run Behavior\BuildLiteBehavior [ RunTime:0.000018s ]
INFO: [ app_init ] --END-- [ RunTime:0.000136s ]

[ 2016-12-22T14:33:11+08:00 ] 127.0.0.1 /Admin/Login/code.php
INFO: [ app_init ] --START--
INFO: Run Behavior\BuildLiteBehavior [ RunTime:0.000025s ]
INFO: [ app_init ] --END-- [ RunTime:0.000143s ]

[ 2016-12-22T14:33:22+08:00 ] 127.0.0.1 /Admin/Login/login.php
INFO: [ app_init ] --START--
INFO: Run Behavior\BuildLiteBehavior [ RunTime:0.000031s ]
INFO: [ app_init ] --END-- [ RunTime:0.000182s ]

[ 2016-12-22T14:33:22+08:00 ] 127.0.0.1 /Admin/Index/index.php
INFO: [ app_init ] --START--
INFO: Run Behavior\BuildLiteBehavior [ RunTime:0.000032s ]
INFO: [ app_init ] --END-- [ RunTime:0.000188s ]

[ 2016-12-22T14:33:26+08:00 ] 127.0.0.1 /Admin/Classify/index.php?type=1
INFO: [ app_init ] --START--
INFO: Run Behavior\BuildLiteBehavior [ RunTime:0.000022s ]
INFO: [ app_init ] --END-- [ RunTime:0.000119s ]

[ 2016-12-22T14:33:29+08:00 ] 127.0.0.1 /Admin/Config/index.php
INFO: [ app_init ] --START--
INFO: Run Behavior\BuildLiteBehavior [ RunTime:0.000020s ]
INFO: [ app_init ] --END-- [ RunTime:0.000114s ]

[ 2016-12-22T14:52:22+08:00 ] 127.0.0.1 /admin
INFO: [ app_init ] --START--
INFO: Run Behavior\BuildLiteBehavior [ RunTime:0.000019s ]
INFO: [ app_init ] --END-- [ RunTime:0.000119s ]

[ 2016-12-22T14:52:23+08:00 ] 127.0.0.1 /Admin/Login/login.php
INFO: [ app_init ] --START--
INFO: Run Behavior\BuildLiteBehavior [ RunTime:0.000037s ]
INFO: [ app_init ] --END-- [ RunTime:0.000230s ]

[ 2016-12-22T14:52:23+08:00 ] 127.0.0.1 /Admin/Login/code.php
INFO: [ app_init ] --START--
INFO: Run Behavior\BuildLiteBehavior [ RunTime:0.000028s ]
INFO: [ app_init ] --END-- [ RunTime:0.000167s ]

[ 2016-12-22T14:52:32+08:00 ] 127.0.0.1 /Admin/Login/login.php
INFO: [ app_init ] --START--
INFO: Run Behavior\BuildLiteBehavior [ RunTime:0.000019s ]
INFO: [ app_init ] --END-- [ RunTime:0.000118s ]

[ 2016-12-22T14:52:32+08:00 ] 127.0.0.1 /Admin/Index/index.php
INFO: [ app_init ] --START--
INFO: Run Behavior\BuildLiteBehavior [ RunTime:0.000031s ]
INFO: [ app_init ] --END-- [ RunTime:0.000182s ]

[ 2016-12-22T14:52:39+08:00 ] 127.0.0.1 /Admin/Classify/index.php?type=1
INFO: [ app_init ] --START--
INFO: Run Behavior\BuildLiteBehavior [ RunTime:0.000019s ]
INFO: [ app_init ] --END-- [ RunTime:0.000116s ]

[ 2016-12-22T14:52:41+08:00 ] 127.0.0.1 /Admin/Classify/index.php?type=1&pid=1&layer=2
INFO: [ app_init ] --START--
INFO: Run Behavior\BuildLiteBehavior [ RunTime:0.000019s ]
INFO: [ app_init ] --END-- [ RunTime:0.000115s ]

[ 2016-12-22T14:52:43+08:00 ] 127.0.0.1 /Admin/Classify/index.php?type=1&pid=2&layer=3
INFO: [ app_init ] --START--
INFO: Run Behavior\BuildLiteBehavior [ RunTime:0.000019s ]
INFO: [ app_init ] --END-- [ RunTime:0.000116s ]

[ 2016-12-22T14:52:45+08:00 ] 127.0.0.1 /Admin/Classify/ajaxstatus.php
INFO: [ app_init ] --START--
INFO: Run Behavior\BuildLiteBehavior [ RunTime:0.000019s ]
INFO: [ app_init ] --END-- [ RunTime:0.000115s ]
INFO: [ app_begin ] --START--
INFO: Run Behavior\ReadHtmlCacheBehavior [ RunTime:0.000872s ]
INFO: [ app_begin ] --END-- [ RunTime:0.000953s ]
SQL: SHOW COLUMNS FROM `linfei_classify` [ RunTime:0.0011s ]
SQL: UPDATE `linfei_classify` SET `status`='1' WHERE `id` = 3 [ RunTime:0.1054s ]

[ 2016-12-22T14:52:47+08:00 ] 127.0.0.1 /Admin/Classify/addclassify.php
INFO: [ app_init ] --START--
INFO: Run Behavior\BuildLiteBehavior [ RunTime:0.000019s ]
INFO: [ app_init ] --END-- [ RunTime:0.000117s ]

[ 2016-12-22T17:04:25+08:00 ] 127.0.0.1 /admin
INFO: [ app_init ] --START--
INFO: Run Behavior\BuildLiteBehavior [ RunTime:0.000019s ]
INFO: [ app_init ] --END-- [ RunTime:0.000115s ]

[ 2016-12-22T17:04:25+08:00 ] 127.0.0.1 /Admin/Login/login.php
INFO: [ app_init ] --START--
INFO: Run Behavior\BuildLiteBehavior [ RunTime:0.000018s ]
INFO: [ app_init ] --END-- [ RunTime:0.000108s ]

[ 2016-12-22T17:04:26+08:00 ] 127.0.0.1 /Admin/Login/code.php
INFO: [ app_init ] --START--
INFO: Run Behavior\BuildLiteBehavior [ RunTime:0.000020s ]
INFO: [ app_init ] --END-- [ RunTime:0.000112s ]

[ 2016-12-22T17:04:36+08:00 ] 127.0.0.1 /Admin/Login/login.php
INFO: [ app_init ] --START--
INFO: Run Behavior\BuildLiteBehavior [ RunTime:0.000021s ]
INFO: [ app_init ] --END-- [ RunTime:0.000118s ]
ERR: SQLSTATE[HY000] [2002] ”…”⁄ƒø±Íº∆À„ª˙ª˝º´æ‹æ¯£¨Œﬁ∑®¡¨Ω”°£


[ 2016-12-22T17:04:52+08:00 ] 127.0.0.1 /Admin/Login/login.php
INFO: [ app_init ] --START--
INFO: Run Behavior\BuildLiteBehavior [ RunTime:0.000019s ]
INFO: [ app_init ] --END-- [ RunTime:0.000119s ]

[ 2016-12-22T17:04:52+08:00 ] 127.0.0.1 /Admin/Login/login/error/%E9%AA%8C%E8%AF%81%E7%A0%81%E9%94%99%E8%AF%AF%EF%BC%81.php
INFO: [ app_init ] --START--
INFO: Run Behavior\BuildLiteBehavior [ RunTime:0.000019s ]
INFO: [ app_init ] --END-- [ RunTime:0.000121s ]

[ 2016-12-22T17:04:52+08:00 ] 127.0.0.1 /Admin/Login/code.php
INFO: [ app_init ] --START--
INFO: Run Behavior\BuildLiteBehavior [ RunTime:0.000023s ]
INFO: [ app_init ] --END-- [ RunTime:0.000266s ]

[ 2016-12-22T17:05:04+08:00 ] 127.0.0.1 /Admin/Login/login.php
INFO: [ app_init ] --START--
INFO: Run Behavior\BuildLiteBehavior [ RunTime:0.000022s ]
INFO: [ app_init ] --END-- [ RunTime:0.000129s ]

[ 2016-12-22T17:05:04+08:00 ] 127.0.0.1 /Admin/Index/index.php
INFO: [ app_init ] --START--
INFO: Run Behavior\BuildLiteBehavior [ RunTime:0.000026s ]
INFO: [ app_init ] --END-- [ RunTime:0.000162s ]

[ 2016-12-22T20:09:31+08:00 ] 127.0.0.1 /Admin/Index/index.php
INFO: [ app_init ] --START--
INFO: Run Behavior\BuildLiteBehavior [ RunTime:0.000019s ]
INFO: [ app_init ] --END-- [ RunTime:0.000120s ]

[ 2016-12-22T20:09:41+08:00 ] 127.0.0.1 /Admin/Product/index.php
INFO: [ app_init ] --START--
INFO: Run Behavior\BuildLiteBehavior [ RunTime:0.000021s ]
INFO: [ app_init ] --END-- [ RunTime:0.000120s ]

[ 2016-12-22T20:09:41+08:00 ] 127.0.0.1 /Admin/Product/%7B$data['pic_url']%7D
INFO: [ app_init ] --START--
INFO: Run Behavior\BuildLiteBehavior [ RunTime:0.000021s ]
INFO: [ app_init ] --END-- [ RunTime:0.000201s ]
ERR: ÈùûÊ≥ïÊìç‰Ωú:{$data['pic_url']}

[ 2016-12-22T20:10:23+08:00 ] 127.0.0.1 /admin
INFO: [ app_init ] --START--
INFO: Run Behavior\BuildLiteBehavior [ RunTime:0.000017s ]
INFO: [ app_init ] --END-- [ RunTime:0.000105s ]

[ 2016-12-22T20:10:23+08:00 ] 127.0.0.1 /Admin/Login/login.php
INFO: [ app_init ] --START--
INFO: Run Behavior\BuildLiteBehavior [ RunTime:0.000017s ]
INFO: [ app_init ] --END-- [ RunTime:0.000107s ]

[ 2016-12-22T20:10:24+08:00 ] 127.0.0.1 /Admin/Login/code.php
INFO: [ app_init ] --START--
INFO: Run Behavior\BuildLiteBehavior [ RunTime:0.000044s ]
INFO: [ app_init ] --END-- [ RunTime:0.000185s ]

[ 2016-12-22T20:10:33+08:00 ] 127.0.0.1 /Admin/Login/login.php
INFO: [ app_init ] --START--
INFO: Run Behavior\BuildLiteBehavior [ RunTime:0.000050s ]
INFO: [ app_init ] --END-- [ RunTime:0.000176s ]

[ 2016-12-22T20:10:33+08:00 ] 127.0.0.1 /Admin/Login/login/0/%E7%94%A8%E6%88%B7%E5%90%8D%E6%88%96%E5%AF%86%E7%A0%81%E9%94%99%E8%AF%AF%EF%BC%81.php
INFO: [ app_init ] --START--
INFO: Run Behavior\BuildLiteBehavior [ RunTime:0.000020s ]
INFO: [ app_init ] --END-- [ RunTime:0.000115s ]

[ 2016-12-22T20:10:34+08:00 ] 127.0.0.1 /Admin/Login/code.php
INFO: [ app_init ] --START--
INFO: Run Behavior\BuildLiteBehavior [ RunTime:0.000037s ]
INFO: [ app_init ] --END-- [ RunTime:0.000137s ]

[ 2016-12-22T20:10:44+08:00 ] 127.0.0.1 /Admin/Login/login.php
INFO: [ app_init ] --START--
INFO: Run Behavior\BuildLiteBehavior [ RunTime:0.000020s ]
INFO: [ app_init ] --END-- [ RunTime:0.000115s ]

[ 2016-12-22T20:10:44+08:00 ] 127.0.0.1 /Admin/Index/index.php
INFO: [ app_init ] --START--
INFO: Run Behavior\BuildLiteBehavior [ RunTime:0.000022s ]
INFO: [ app_init ] --END-- [ RunTime:0.000207s ]

[ 2016-12-22T20:12:48+08:00 ] 127.0.0.1 /Admin/Product/index.php
INFO: [ app_init ] --START--
INFO: Run Behavior\BuildLiteBehavior [ RunTime:0.000019s ]
INFO: [ app_init ] --END-- [ RunTime:0.000118s ]

[ 2016-12-22T20:12:48+08:00 ] 127.0.0.1 /Admin/Product/%7B$data['pic_url']%7D
INFO: [ app_init ] --START--
INFO: Run Behavior\BuildLiteBehavior [ RunTime:0.000033s ]
INFO: [ app_init ] --END-- [ RunTime:0.000141s ]
ERR: ÈùûÊ≥ïÊìç‰Ωú:{$data['pic_url']}

[ 2016-12-22T20:14:10+08:00 ] 127.0.0.1 /Admin/Product/index.php
INFO: [ app_init ] --START--
INFO: Run Behavior\BuildLiteBehavior [ RunTime:0.000020s ]
INFO: [ app_init ] --END-- [ RunTime:0.000118s ]

[ 2016-12-22T20:18:31+08:00 ] 127.0.0.1 /Admin/Product/index.php
INFO: [ app_init ] --START--
INFO: Run Behavior\BuildLiteBehavior [ RunTime:0.000023s ]
INFO: [ app_init ] --END-- [ RunTime:0.000128s ]

[ 2016-12-22T20:21:10+08:00 ] 127.0.0.1 /Admin/Product/index.php
INFO: [ app_init ] --START--
INFO: Run Behavior\BuildLiteBehavior [ RunTime:0.000036s ]
INFO: [ app_init ] --END-- [ RunTime:0.000211s ]

[ 2016-12-22T20:21:51+08:00 ] 127.0.0.1 /Admin/Product/index.php
INFO: [ app_init ] --START--
INFO: Run Behavior\BuildLiteBehavior [ RunTime:0.000021s ]
INFO: [ app_init ] --END-- [ RunTime:0.000128s ]

[ 2016-12-22T20:24:11+08:00 ] 127.0.0.1 /Admin/Product/index.php
INFO: [ app_init ] --START--
INFO: Run Behavior\BuildLiteBehavior [ RunTime:0.000036s ]
INFO: [ app_init ] --END-- [ RunTime:0.000220s ]

[ 2016-12-22T20:24:13+08:00 ] 127.0.0.1 /Admin/Product/index.php
INFO: [ app_init ] --START--
INFO: Run Behavior\BuildLiteBehavior [ RunTime:0.000042s ]
INFO: [ app_init ] --END-- [ RunTime:0.000247s ]

[ 2016-12-22T20:24:13+08:00 ] 127.0.0.1 /Admin/Product/index.php
INFO: [ app_init ] --START--
INFO: Run Behavior\BuildLiteBehavior [ RunTime:0.000019s ]
INFO: [ app_init ] --END-- [ RunTime:0.000112s ]

[ 2016-12-22T20:24:13+08:00 ] 127.0.0.1 /Admin/Product/index.php
INFO: [ app_init ] --START--
INFO: Run Behavior\BuildLiteBehavior [ RunTime:0.000018s ]
INFO: [ app_init ] --END-- [ RunTime:0.000110s ]

[ 2016-12-22T20:24:31+08:00 ] 127.0.0.1 /Admin/Product/index.php
INFO: [ app_init ] --START--
INFO: Run Behavior\BuildLiteBehavior [ RunTime:0.000020s ]
INFO: [ app_init ] --END-- [ RunTime:0.000115s ]

[ 2016-12-22T20:28:52+08:00 ] 127.0.0.1 /Admin/Product/index.php
INFO: [ app_init ] --START--
INFO: Run Behavior\BuildLiteBehavior [ RunTime:0.000020s ]
INFO: [ app_init ] --END-- [ RunTime:0.000118s ]

[ 2016-12-22T20:29:00+08:00 ] 127.0.0.1 /Admin/Product/index.php
INFO: [ app_init ] --START--
INFO: Run Behavior\BuildLiteBehavior [ RunTime:0.000020s ]
INFO: [ app_init ] --END-- [ RunTime:0.000117s ]

[ 2016-12-22T20:29:10+08:00 ] 127.0.0.1 /Admin/Product/index.php
INFO: [ app_init ] --START--
INFO: Run Behavior\BuildLiteBehavior [ RunTime:0.000021s ]
INFO: [ app_init ] --END-- [ RunTime:0.000122s ]

[ 2016-12-22T20:30:35+08:00 ] 127.0.0.1 /Admin/Product/index.php
INFO: [ app_init ] --START--
INFO: Run Behavior\BuildLiteBehavior [ RunTime:0.000040s ]
INFO: [ app_init ] --END-- [ RunTime:0.000240s ]

[ 2016-12-22T20:33:41+08:00 ] 127.0.0.1 /Admin/Product/index.php
INFO: [ app_init ] --START--
INFO: Run Behavior\BuildLiteBehavior [ RunTime:0.000018s ]
INFO: [ app_init ] --END-- [ RunTime:0.000108s ]

[ 2016-12-22T20:33:53+08:00 ] 127.0.0.1 /Admin/Product/index.php
INFO: [ app_init ] --START--
INFO: Run Behavior\BuildLiteBehavior [ RunTime:0.000023s ]
INFO: [ app_init ] --END-- [ RunTime:0.000138s ]

[ 2016-12-22T20:35:09+08:00 ] 127.0.0.1 /Admin/Product/index.php
INFO: [ app_init ] --START--
INFO: Run Behavior\BuildLiteBehavior [ RunTime:0.000019s ]
INFO: [ app_init ] --END-- [ RunTime:0.000116s ]

[ 2016-12-22T20:36:44+08:00 ] 127.0.0.1 /Admin/Product/index.php
INFO: [ app_init ] --START--
INFO: Run Behavior\BuildLiteBehavior [ RunTime:0.000020s ]
INFO: [ app_init ] --END-- [ RunTime:0.000117s ]

[ 2016-12-22T20:37:24+08:00 ] 127.0.0.1 /Admin/Product/index.php
INFO: [ app_init ] --START--
INFO: Run Behavior\BuildLiteBehavior [ RunTime:0.000035s ]
INFO: [ app_init ] --END-- [ RunTime:0.000232s ]

[ 2016-12-22T20:37:55+08:00 ] 127.0.0.1 /Admin/Product/index.php
INFO: [ app_init ] --START--
INFO: Run Behavior\BuildLiteBehavior [ RunTime:0.000020s ]
INFO: [ app_init ] --END-- [ RunTime:0.000117s ]

[ 2016-12-22T20:39:01+08:00 ] 127.0.0.1 /Admin/Product/index.php
INFO: [ app_init ] --START--
INFO: Run Behavior\BuildLiteBehavior [ RunTime:0.000021s ]
INFO: [ app_init ] --END-- [ RunTime:0.000134s ]

[ 2016-12-22T20:39:37+08:00 ] 127.0.0.1 /Admin/Product/index.php
INFO: [ app_init ] --START--
INFO: Run Behavior\BuildLiteBehavior [ RunTime:0.000020s ]
INFO: [ app_init ] --END-- [ RunTime:0.000116s ]

[ 2016-12-22T20:39:45+08:00 ] 127.0.0.1 /Admin/Product/%7B:U('goods/detail',array('id'=%3E$data['goods_id']))%7D
INFO: [ app_init ] --START--
INFO: Run Behavior\BuildLiteBehavior [ RunTime:0.000056s ]
INFO: [ app_init ] --END-- [ RunTime:0.000357s ]
ERR: ÈùûÊ≥ïÊìç‰Ωú:{:U('goods

[ 2016-12-22T20:41:02+08:00 ] 127.0.0.1 /Admin/Product/index.php
INFO: [ app_init ] --START--
INFO: Run Behavior\BuildLiteBehavior [ RunTime:0.000021s ]
INFO: [ app_init ] --END-- [ RunTime:0.000126s ]

[ 2016-12-22T20:43:16+08:00 ] 127.0.0.1 /Admin/Product/index.php
INFO: [ app_init ] --START--
INFO: Run Behavior\BuildLiteBehavior [ RunTime:0.000019s ]
INFO: [ app_init ] --END-- [ RunTime:0.000118s ]

[ 2016-12-22T20:43:36+08:00 ] 127.0.0.1 /Admin/Product/%7B:U('goods/detail',array('id'=%3E$data['goods_id']))%7D
INFO: [ app_init ] --START--
INFO: Run Behavior\BuildLiteBehavior [ RunTime:0.000027s ]
INFO: [ app_init ] --END-- [ RunTime:0.000144s ]
ERR: ÈùûÊ≥ïÊìç‰Ωú:{:U('goods

[ 2016-12-22T20:44:11+08:00 ] 127.0.0.1 /Admin/Product/index.php
INFO: [ app_init ] --START--
INFO: Run Behavior\BuildLiteBehavior [ RunTime:0.000019s ]
INFO: [ app_init ] --END-- [ RunTime:0.000114s ]

[ 2016-12-22T20:44:40+08:00 ] 127.0.0.1 /Admin/Product/index.php?sort_id=0&title=%7B%24title%7D&add_uname=%7B%24add_uname%7D&__hash__=801bda3c9accaab0d207b765498575fd_1fa985d6ca55107d2e690a89da3f4a6a
INFO: [ app_init ] --START--
INFO: Run Behavior\BuildLiteBehavior [ RunTime:0.000020s ]
INFO: [ app_init ] --END-- [ RunTime:0.000119s ]

[ 2016-12-22T20:44:45+08:00 ] 127.0.0.1 /Admin/Product/index.php
INFO: [ app_init ] --START--
INFO: Run Behavior\BuildLiteBehavior [ RunTime:0.000020s ]
INFO: [ app_init ] --END-- [ RunTime:0.000114s ]

[ 2016-12-22T20:45:25+08:00 ] 127.0.0.1 /Admin/Product/addproduct.php
INFO: [ app_init ] --START--
INFO: Run Behavior\BuildLiteBehavior [ RunTime:0.000021s ]
INFO: [ app_init ] --END-- [ RunTime:0.000146s ]

[ 2016-12-22T20:45:34+08:00 ] 127.0.0.1 /Admin/Product/index.php
INFO: [ app_init ] --START--
INFO: Run Behavior\BuildLiteBehavior [ RunTime:0.000020s ]
INFO: [ app_init ] --END-- [ RunTime:0.000119s ]

[ 2016-12-22T20:45:35+08:00 ] 127.0.0.1 /Admin/Product/addproduct.php
INFO: [ app_init ] --START--
INFO: Run Behavior\BuildLiteBehavior [ RunTime:0.000020s ]
INFO: [ app_init ] --END-- [ RunTime:0.000115s ]

[ 2016-12-22T20:45:36+08:00 ] 127.0.0.1 /Admin/Product/Product.php
INFO: [ app_init ] --START--
INFO: Run Behavior\BuildLiteBehavior [ RunTime:0.000018s ]
INFO: [ app_init ] --END-- [ RunTime:0.000105s ]
ERR: ÈùûÊ≥ïÊìç‰Ωú:Product

[ 2016-12-22T20:45:38+08:00 ] 127.0.0.1 /Admin/Product/index.php
INFO: [ app_init ] --START--
INFO: Run Behavior\BuildLiteBehavior [ RunTime:0.000037s ]
INFO: [ app_init ] --END-- [ RunTime:0.000183s ]

[ 2016-12-22T20:45:50+08:00 ] 127.0.0.1 /Admin/Product/addproduct.php
INFO: [ app_init ] --START--
INFO: Run Behavior\BuildLiteBehavior [ RunTime:0.000019s ]
INFO: [ app_init ] --END-- [ RunTime:0.000122s ]

[ 2016-12-22T21:03:46+08:00 ] 127.0.0.1 /Admin/Product/addproduct.php
INFO: [ app_init ] --START--
INFO: Run Behavior\BuildLiteBehavior [ RunTime:0.000019s ]
INFO: [ app_init ] --END-- [ RunTime:0.000121s ]

[ 2016-12-22T21:04:15+08:00 ] 127.0.0.1 /Admin/Uploads/uploads.php?num=1&name=img&id=imgs
INFO: [ app_init ] --START--
INFO: Run Behavior\BuildLiteBehavior [ RunTime:0.000034s ]
INFO: [ app_init ] --END-- [ RunTime:0.000175s ]

[ 2016-12-22T21:04:29+08:00 ] 127.0.0.1 /Admin/Uploads/uploads.php?num=1&name=img
INFO: [ app_init ] --START--
INFO: Run Behavior\BuildLiteBehavior [ RunTime:0.000018s ]
INFO: [ app_init ] --END-- [ RunTime:0.000107s ]

[ 2016-12-22T21:04:33+08:00 ] 127.0.0.1 /Admin/Uploads/uploads.php?num=1&name=productimg&id=productimg
INFO: [ app_init ] --START--
INFO: Run Behavior\BuildLiteBehavior [ RunTime:0.000034s ]
INFO: [ app_init ] --END-- [ RunTime:0.000162s ]

[ 2016-12-22T21:04:56+08:00 ] 127.0.0.1 /Admin/Uploads/uploads.php?num=1&name=productimg&id=productimg
INFO: [ app_init ] --START--
INFO: Run Behavior\BuildLiteBehavior [ RunTime:0.000020s ]
INFO: [ app_init ] --END-- [ RunTime:0.000118s ]

[ 2016-12-22T21:05:05+08:00 ] 127.0.0.1 /Admin/Uploads/uploads.php?num=1&name=productimg
INFO: [ app_init ] --START--
INFO: Run Behavior\BuildLiteBehavior [ RunTime:0.000017s ]
INFO: [ app_init ] --END-- [ RunTime:0.000150s ]

[ 2016-12-22T21:05:10+08:00 ] 127.0.0.1 /Admin/Product/addproduct.php
INFO: [ app_init ] --START--
INFO: Run Behavior\BuildLiteBehavior [ RunTime:0.000021s ]
INFO: [ app_init ] --END-- [ RunTime:0.000119s ]
ERR: 1364:Field 'text' doesn't have a default value
 [ SQLËØ≠Âè• ] : INSERT INTO `linfei_product` (`id`,`name`,`title`,`keywords`,`description`,`cid`,`status`,`img`,`time`) VALUES ('0','ÂïÜÂìÅÁõ∏ÂÜåÊµãËØï','ÂïÜÂìÅÁõ∏ÂÜåÊµãËØï','ÂïÜÂìÅÁõ∏ÂÜåÊµãËØï','ÂïÜÂìÅÁõ∏ÂÜåÊµãËØï','1','1','/Uploads/2016-12-22/585bcf5d454b4.jpg','1482411910')

[ 2016-12-22T21:13:01+08:00 ] 127.0.0.1 /Admin/Product/addproduct.php
INFO: [ app_init ] --START--
INFO: Run Behavior\BuildLiteBehavior [ RunTime:0.000020s ]
INFO: [ app_init ] --END-- [ RunTime:0.000120s ]

[ 2016-12-22T21:13:04+08:00 ] 127.0.0.1 /Admin/Product/addproduct.php
INFO: [ app_init ] --START--
INFO: Run Behavior\BuildLiteBehavior [ RunTime:0.000034s ]
INFO: [ app_init ] --END-- [ RunTime:0.000206s ]

[ 2016-12-22T21:13:18+08:00 ] 127.0.0.1 /Admin/Product/addproduct.php
INFO: [ app_init ] --START--
INFO: Run Behavior\BuildLiteBehavior [ RunTime:0.000036s ]
INFO: [ app_init ] --END-- [ RunTime:0.000190s ]

[ 2016-12-22T21:29:31+08:00 ] 127.0.0.1 /Admin/Product/addproduct.php
INFO: [ app_init ] --START--
INFO: Run Behavior\BuildLiteBehavior [ RunTime:0.000024s ]
INFO: [ app_init ] --END-- [ RunTime:0.000137s ]

[ 2016-12-22T21:29:34+08:00 ] 127.0.0.1 /Admin/Product/addproduct.php
INFO: [ app_init ] --START--
INFO: Run Behavior\BuildLiteBehavior [ RunTime:0.000021s ]
INFO: [ app_init ] --END-- [ RunTime:0.000119s ]

[ 2016-12-22T21:29:36+08:00 ] 127.0.0.1 /Admin/Uploads/uploads.php?num=5&name=productimg&id=productimg
INFO: [ app_init ] --START--
INFO: Run Behavior\BuildLiteBehavior [ RunTime:0.000043s ]
INFO: [ app_init ] --END-- [ RunTime:0.000247s ]

[ 2016-12-22T21:29:44+08:00 ] 127.0.0.1 /Admin/Uploads/uploads.php?num=5&name=productimg
INFO: [ app_init ] --START--
INFO: Run Behavior\BuildLiteBehavior [ RunTime:0.000020s ]
INFO: [ app_init ] --END-- [ RunTime:0.000113s ]

[ 2016-12-22T21:29:46+08:00 ] 127.0.0.1 /Admin/Product/addproduct.php
INFO: [ app_init ] --START--
INFO: Run Behavior\BuildLiteBehavior [ RunTime:0.000037s ]
INFO: [ app_init ] --END-- [ RunTime:0.000193s ]

[ 2016-12-22T21:31:29+08:00 ] 127.0.0.1 /Admin/Product/addproduct.php
INFO: [ app_init ] --START--
INFO: Run Behavior\BuildLiteBehavior [ RunTime:0.000020s ]
INFO: [ app_init ] --END-- [ RunTime:0.000118s ]

[ 2016-12-22T21:33:27+08:00 ] 127.0.0.1 /Admin/Product/addproduct.php
INFO: [ app_init ] --START--
INFO: Run Behavior\BuildLiteBehavior [ RunTime:0.000019s ]
INFO: [ app_init ] --END-- [ RunTime:0.000119s ]

[ 2016-12-22T21:33:28+08:00 ] 127.0.0.1 /Admin/Product/addproduct.php
INFO: [ app_init ] --START--
INFO: Run Behavior\BuildLiteBehavior [ RunTime:0.000020s ]
INFO: [ app_init ] --END-- [ RunTime:0.000111s ]

[ 2016-12-22T21:33:39+08:00 ] 127.0.0.1 /Admin/Product/addproduct.php
INFO: [ app_init ] --START--
INFO: Run Behavior\BuildLiteBehavior [ RunTime:0.000078s ]
INFO: [ app_init ] --END-- [ RunTime:0.000220s ]

[ 2016-12-22T21:33:43+08:00 ] 127.0.0.1 /Admin/Product/addproduct.php
INFO: [ app_init ] --START--
INFO: Run Behavior\BuildLiteBehavior [ RunTime:0.000020s ]
INFO: [ app_init ] --END-- [ RunTime:0.000117s ]

[ 2016-12-22T21:33:52+08:00 ] 127.0.0.1 /Admin/Product/addproduct.php
INFO: [ app_init ] --START--
INFO: Run Behavior\BuildLiteBehavior [ RunTime:0.000021s ]
INFO: [ app_init ] --END-- [ RunTime:0.000117s ]

[ 2016-12-22T21:34:04+08:00 ] 127.0.0.1 /Admin/Product/index.php
INFO: [ app_init ] --START--
INFO: Run Behavior\BuildLiteBehavior [ RunTime:0.000020s ]
INFO: [ app_init ] --END-- [ RunTime:0.000116s ]

[ 2016-12-22T21:34:07+08:00 ] 127.0.0.1 /Admin/Product/addproduct.php
INFO: [ app_init ] --START--
INFO: Run Behavior\BuildLiteBehavior [ RunTime:0.000019s ]
INFO: [ app_init ] --END-- [ RunTime:0.000115s ]

[ 2016-12-22T21:34:22+08:00 ] 127.0.0.1 /Admin/Uploads/uploads.php?num=1&name=img&id=imgs
INFO: [ app_init ] --START--
INFO: Run Behavior\BuildLiteBehavior [ RunTime:0.000019s ]
INFO: [ app_init ] --END-- [ RunTime:0.000115s ]

[ 2016-12-22T21:34:27+08:00 ] 127.0.0.1 /Admin/Uploads/uploads.php?num=1&name=img
INFO: [ app_init ] --START--
INFO: Run Behavior\BuildLiteBehavior [ RunTime:0.000036s ]
INFO: [ app_init ] --END-- [ RunTime:0.000174s ]

[ 2016-12-22T21:34:28+08:00 ] 127.0.0.1 /Admin/Uploads/uploads.php?num=1&name=img&id=imgs
INFO: [ app_init ] --START--
INFO: Run Behavior\BuildLiteBehavior [ RunTime:0.000024s ]
INFO: [ app_init ] --END-- [ RunTime:0.000146s ]

[ 2016-12-22T21:34:33+08:00 ] 127.0.0.1 /Admin/Uploads/uploads.php?num=5&name=productimg&id=productimg
INFO: [ app_init ] --START--
INFO: Run Behavior\BuildLiteBehavior [ RunTime:0.000021s ]
INFO: [ app_init ] --END-- [ RunTime:0.000238s ]

[ 2016-12-22T21:34:40+08:00 ] 127.0.0.1 /Admin/Uploads/uploads.php?num=5&name=productimg
INFO: [ app_init ] --START--
INFO: Run Behavior\BuildLiteBehavior [ RunTime:0.000019s ]
INFO: [ app_init ] --END-- [ RunTime:0.000109s ]

[ 2016-12-22T21:35:01+08:00 ] 127.0.0.1 /Admin/Product/addproduct.php
INFO: [ app_init ] --START--
INFO: Run Behavior\BuildLiteBehavior [ RunTime:0.000020s ]
INFO: [ app_init ] --END-- [ RunTime:0.000119s ]
ERR: 1146:Table 'linfei.linfei_productimg' doesn't exist
 [ SQLËØ≠Âè• ] : SHOW COLUMNS FROM `linfei_productimg`

[ 2016-12-22T21:43:19+08:00 ] 127.0.0.1 /Admin/Product/addproduct.php
INFO: [ app_init ] --START--
INFO: Run Behavior\BuildLiteBehavior [ RunTime:0.000020s ]
INFO: [ app_init ] --END-- [ RunTime:0.000121s ]

[ 2016-12-22T21:43:23+08:00 ] 127.0.0.1 /Admin/Product/addproduct.php
INFO: [ app_init ] --START--
INFO: Run Behavior\BuildLiteBehavior [ RunTime:0.000038s ]
INFO: [ app_init ] --END-- [ RunTime:0.000232s ]

[ 2016-12-22T21:43:27+08:00 ] 127.0.0.1 /Admin/Uploads/uploads.php?num=1&name=img&id=imgs
INFO: [ app_init ] --START--
INFO: Run Behavior\BuildLiteBehavior [ RunTime:0.000032s ]
INFO: [ app_init ] --END-- [ RunTime:0.000160s ]

[ 2016-12-22T21:43:30+08:00 ] 127.0.0.1 /Admin/Uploads/uploads.php?num=1&name=img
INFO: [ app_init ] --START--
INFO: Run Behavior\BuildLiteBehavior [ RunTime:0.000019s ]
INFO: [ app_init ] --END-- [ RunTime:0.000109s ]

[ 2016-12-22T21:43:32+08:00 ] 127.0.0.1 /Admin/Uploads/uploads.php?num=5&name=productimg&id=productimg
INFO: [ app_init ] --START--
INFO: Run Behavior\BuildLiteBehavior [ RunTime:0.000037s ]
INFO: [ app_init ] --END-- [ RunTime:0.000182s ]

[ 2016-12-22T21:43:40+08:00 ] 127.0.0.1 /Admin/Uploads/uploads.php?num=5&name=productimg
INFO: [ app_init ] --START--
INFO: Run Behavior\BuildLiteBehavior [ RunTime:0.000020s ]
INFO: [ app_init ] --END-- [ RunTime:0.000137s ]

[ 2016-12-22T21:43:45+08:00 ] 127.0.0.1 /Admin/Product/addproduct.php
INFO: [ app_init ] --START--
INFO: Run Behavior\BuildLiteBehavior [ RunTime:0.000021s ]
INFO: [ app_init ] --END-- [ RunTime:0.000116s ]
ERR: 1364:Field 'text' doesn't have a default value
 [ SQLËØ≠Âè• ] : INSERT INTO `linfei_product` (`id`,`name`,`title`,`keywords`,`description`,`cid`,`status`,`img`,`time`) VALUES ('0','ÂïÜÂìÅÁõ∏ÂÜåÊµãËØïÂïÜÂìÅÁõ∏ÂÜåÊµãËØïÂïÜÂìÅÁõ∏ÂÜåÊµãËØïÂïÜÂìÅÁõ∏ÂÜåÊµãËØï','ÂïÜÂìÅÁõ∏ÂÜåÊµãËØïÂïÜÂìÅÁõ∏ÂÜåÊµãËØïÂïÜÂìÅÁõ∏ÂÜåÊµãËØïÂïÜÂìÅÁõ∏ÂÜåÊµãËØï','ÂïÜÂìÅÁõ∏ÂÜåÊµãËØï','ÂïÜÂìÅÁõ∏ÂÜåÊµãËØï','1','1','/Uploads/2016-12-22/585bd882c5fb2.jpg','1482414225')

[ 2016-12-22T21:44:46+08:00 ] 127.0.0.1 /Admin/Product/addproduct.php
INFO: [ app_init ] --START--
INFO: Run Behavior\BuildLiteBehavior [ RunTime:0.000019s ]
INFO: [ app_init ] --END-- [ RunTime:0.000116s ]

[ 2016-12-22T21:44:59+08:00 ] 127.0.0.1 /Admin/Uploads/uploads.php?num=1&name=img&id=imgs
INFO: [ app_init ] --START--
INFO: Run Behavior\BuildLiteBehavior [ RunTime:0.000019s ]
INFO: [ app_init ] --END-- [ RunTime:0.000114s ]

[ 2016-12-22T21:45:02+08:00 ] 127.0.0.1 /Admin/Uploads/uploads.php?num=1&name=img
INFO: [ app_init ] --START--
INFO: Run Behavior\BuildLiteBehavior [ RunTime:0.000019s ]
INFO: [ app_init ] --END-- [ RunTime:0.000111s ]

[ 2016-12-22T21:45:04+08:00 ] 127.0.0.1 /Admin/Uploads/uploads.php?num=5&name=productimg&id=productimg
INFO: [ app_init ] --START--
INFO: Run Behavior\BuildLiteBehavior [ RunTime:0.000027s ]
INFO: [ app_init ] --END-- [ RunTime:0.000170s ]

[ 2016-12-22T21:45:12+08:00 ] 127.0.0.1 /Admin/Uploads/uploads.php?num=5&name=productimg
INFO: [ app_init ] --START--
INFO: Run Behavior\BuildLiteBehavior [ RunTime:0.000019s ]
INFO: [ app_init ] --END-- [ RunTime:0.000109s ]

[ 2016-12-22T21:45:21+08:00 ] 127.0.0.1 /Admin/Product/addproduct.php
INFO: [ app_init ] --START--
INFO: Run Behavior\BuildLiteBehavior [ RunTime:0.000021s ]
INFO: [ app_init ] --END-- [ RunTime:0.000122s ]

[ 2016-12-22T21:45:22+08:00 ] 127.0.0.1 /Admin/Product/addproduct.php
INFO: [ app_init ] --START--
INFO: Run Behavior\BuildLiteBehavior [ RunTime:0.000035s ]
INFO: [ app_init ] --END-- [ RunTime:0.000203s ]

[ 2016-12-22T21:45:25+08:00 ] 127.0.0.1 /Admin/Product/index.php
INFO: [ app_init ] --START--
INFO: Run Behavior\BuildLiteBehavior [ RunTime:0.000021s ]
INFO: [ app_init ] --END-- [ RunTime:0.000116s ]

[ 2016-12-22T21:47:39+08:00 ] 127.0.0.1 /Admin/Product/index.php
INFO: [ app_init ] --START--
INFO: Run Behavior\BuildLiteBehavior [ RunTime:0.000021s ]
INFO: [ app_init ] --END-- [ RunTime:0.000161s ]

[ 2016-12-22T21:48:40+08:00 ] 127.0.0.1 /Admin/Product/index.php
INFO: [ app_init ] --START--
INFO: Run Behavior\BuildLiteBehavior [ RunTime:0.000020s ]
INFO: [ app_init ] --END-- [ RunTime:0.000112s ]

[ 2016-12-22T21:50:47+08:00 ] 127.0.0.1 /Admin/Product/index.php
INFO: [ app_init ] --START--
INFO: Run Behavior\BuildLiteBehavior [ RunTime:0.000034s ]
INFO: [ app_init ] --END-- [ RunTime:0.000212s ]

[ 2016-12-22T21:51:25+08:00 ] 127.0.0.1 /Admin/Product/index.php
INFO: [ app_init ] --START--
INFO: Run Behavior\BuildLiteBehavior [ RunTime:0.000044s ]
INFO: [ app_init ] --END-- [ RunTime:0.000264s ]

[ 2016-12-22T21:51:36+08:00 ] 127.0.0.1 /Admin/Product/index.php
INFO: [ app_init ] --START--
INFO: Run Behavior\BuildLiteBehavior [ RunTime:0.000038s ]
INFO: [ app_init ] --END-- [ RunTime:0.000223s ]

[ 2016-12-22T21:51:53+08:00 ] 127.0.0.1 /Admin/Product/index.php
INFO: [ app_init ] --START--
INFO: Run Behavior\BuildLiteBehavior [ RunTime:0.000048s ]
INFO: [ app_init ] --END-- [ RunTime:0.000282s ]

[ 2016-12-22T21:52:39+08:00 ] 127.0.0.1 /Admin/Product/index.php
INFO: [ app_init ] --START--
INFO: Run Behavior\BuildLiteBehavior [ RunTime:0.000020s ]
INFO: [ app_init ] --END-- [ RunTime:0.000118s ]

[ 2016-12-22T21:52:50+08:00 ] 127.0.0.1 /Admin/Product/%7B:U('admin/goodsList',array('op'=%3E'order'))%7D
INFO: [ app_init ] --START--
INFO: Run Behavior\BuildLiteBehavior [ RunTime:0.000020s ]
INFO: [ app_init ] --END-- [ RunTime:0.000120s ]
ERR: ÈùûÊ≥ïÊìç‰Ωú:{:U('admin

[ 2016-12-22T21:57:12+08:00 ] 127.0.0.1 /Admin/Product/index.php
INFO: [ app_init ] --START--
INFO: Run Behavior\BuildLiteBehavior [ RunTime:0.000019s ]
INFO: [ app_init ] --END-- [ RunTime:0.000110s ]

[ 2016-12-22T21:57:16+08:00 ] 127.0.0.1 /Admin/Product/%7B:U('product/addproduct',array('id'=%3E$data['id']))%7D
INFO: [ app_init ] --START--
INFO: Run Behavior\BuildLiteBehavior [ RunTime:0.000020s ]
INFO: [ app_init ] --END-- [ RunTime:0.000117s ]
ERR: ÈùûÊ≥ïÊìç‰Ωú:{:U('product

[ 2016-12-22T21:58:01+08:00 ] 127.0.0.1 /Admin/Product/index.php
INFO: [ app_init ] --START--
INFO: Run Behavior\BuildLiteBehavior [ RunTime:0.000020s ]
INFO: [ app_init ] --END-- [ RunTime:0.000136s ]

[ 2016-12-22T21:58:02+08:00 ] 127.0.0.1 /Admin/product/addproduct.php?id=4
INFO: [ app_init ] --START--
INFO: Run Behavior\BuildLiteBehavior [ RunTime:0.000018s ]
INFO: [ app_init ] --END-- [ RunTime:0.000111s ]

[ 2016-12-22T22:00:37+08:00 ] 127.0.0.1 /Admin/product/addproduct.php?id=4
INFO: [ app_init ] --START--
INFO: Run Behavior\BuildLiteBehavior [ RunTime:0.000020s ]
INFO: [ app_init ] --END-- [ RunTime:0.000121s ]

