[ 2017-02-27T10:05:25+08:00 ] 127.0.0.1 /admin
INFO: [ app_init ] --START--
INFO: Run Behavior\BuildLiteBehavior [ RunTime:0.000023s ]
INFO: [ app_init ] --END-- [ RunTime:0.000182s ]

[ 2017-02-27T10:05:26+08:00 ] 127.0.0.1 /Admin/Login/login.php
INFO: [ app_init ] --START--
INFO: Run Behavior\BuildLiteBehavior [ RunTime:0.000017s ]
INFO: [ app_init ] --END-- [ RunTime:0.000104s ]

[ 2017-02-27T10:05:26+08:00 ] 127.0.0.1 /Admin/Login/code.php
INFO: [ app_init ] --START--
INFO: Run Behavior\BuildLiteBehavior [ RunTime:0.000019s ]
INFO: [ app_init ] --END-- [ RunTime:0.000110s ]

[ 2017-02-27T10:05:46+08:00 ] 127.0.0.1 /Admin/Login/login.php
INFO: [ app_init ] --START--
INFO: Run Behavior\BuildLiteBehavior [ RunTime:0.000019s ]
INFO: [ app_init ] --END-- [ RunTime:0.000118s ]

[ 2017-02-27T10:05:46+08:00 ] 127.0.0.1 /Admin/Index/index.php
INFO: [ app_init ] --START--
INFO: Run Behavior\BuildLiteBehavior [ RunTime:0.000018s ]
INFO: [ app_init ] --END-- [ RunTime:0.000113s ]

[ 2017-02-27T10:05:50+08:00 ] 127.0.0.1 /Admin/Classify/index.php
INFO: [ app_init ] --START--
INFO: Run Behavior\BuildLiteBehavior [ RunTime:0.000020s ]
INFO: [ app_init ] --END-- [ RunTime:0.000116s ]

[ 2017-02-27T10:05:53+08:00 ] 127.0.0.1 /Admin/Product/index.php
INFO: [ app_init ] --START--
INFO: Run Behavior\BuildLiteBehavior [ RunTime:0.000019s ]
INFO: [ app_init ] --END-- [ RunTime:0.000116s ]

[ 2017-02-27T13:37:08+08:00 ] 127.0.0.1 /Admin/Product/addproduct.php
INFO: [ app_init ] --START--
INFO: Run Behavior\BuildLiteBehavior [ RunTime:0.000070s ]
INFO: [ app_init ] --END-- [ RunTime:0.000349s ]

[ 2017-02-27T13:37:13+08:00 ] 127.0.0.1 /Admin/Classify/addclassify.php
INFO: [ app_init ] --START--
INFO: Run Behavior\BuildLiteBehavior [ RunTime:0.000020s ]
INFO: [ app_init ] --END-- [ RunTime:0.000119s ]

[ 2017-02-27T13:37:15+08:00 ] 127.0.0.1 /Admin/Classify/SelectTemplets.php?path=./Templates/Pc&tplname=tpl
INFO: [ app_init ] --START--
INFO: Run Behavior\BuildLiteBehavior [ RunTime:0.000021s ]
INFO: [ app_init ] --END-- [ RunTime:0.000148s ]

[ 2017-02-27T13:37:18+08:00 ] 127.0.0.1 /Admin/Classify/SelectTemplets.php?path=./Templates/Pc&tplname=tpl2
INFO: [ app_init ] --START--
INFO: Run Behavior\BuildLiteBehavior [ RunTime:0.000020s ]
INFO: [ app_init ] --END-- [ RunTime:0.000123s ]

[ 2017-02-27T13:37:22+08:00 ] 127.0.0.1 /Admin/Classify/SelectTemplets.php?path=./Templates/Pc/gujianzhu&tplname=tpl2
INFO: [ app_init ] --START--
INFO: Run Behavior\BuildLiteBehavior [ RunTime:0.000018s ]
INFO: [ app_init ] --END-- [ RunTime:0.000114s ]

[ 2017-02-27T13:37:23+08:00 ] 127.0.0.1 /Admin/Classify/SelectTemplets.php?path=./Templates/Pc/gujianzhu/header.html&tplname=tpl2
INFO: [ app_init ] --START--
INFO: Run Behavior\BuildLiteBehavior [ RunTime:0.000018s ]
INFO: [ app_init ] --END-- [ RunTime:0.000111s ]

[ 2017-02-27T20:52:27+08:00 ] 127.0.0.1 /admin
INFO: [ app_init ] --START--
INFO: Run Behavior\BuildLiteBehavior [ RunTime:0.000018s ]
INFO: [ app_init ] --END-- [ RunTime:0.000162s ]

[ 2017-02-27T20:52:27+08:00 ] 127.0.0.1 /Admin/Login/login.php
INFO: [ app_init ] --START--
INFO: Run Behavior\BuildLiteBehavior [ RunTime:0.000018s ]
INFO: [ app_init ] --END-- [ RunTime:0.000108s ]

[ 2017-02-27T20:52:28+08:00 ] 127.0.0.1 /Admin/Login/code.php
INFO: [ app_init ] --START--
INFO: Run Behavior\BuildLiteBehavior [ RunTime:0.000019s ]
INFO: [ app_init ] --END-- [ RunTime:0.000114s ]

[ 2017-02-27T20:52:43+08:00 ] 127.0.0.1 /Admin/Login/login.php
INFO: [ app_init ] --START--
INFO: Run Behavior\BuildLiteBehavior [ RunTime:0.000019s ]
INFO: [ app_init ] --END-- [ RunTime:0.000110s ]

[ 2017-02-27T20:52:43+08:00 ] 127.0.0.1 /Admin/Index/index.php
INFO: [ app_init ] --START--
INFO: Run Behavior\BuildLiteBehavior [ RunTime:0.000019s ]
INFO: [ app_init ] --END-- [ RunTime:0.000107s ]

[ 2017-02-27T20:54:35+08:00 ] 127.0.0.1 /Admin/Advertising/index.php
INFO: [ app_init ] --START--
INFO: Run Behavior\BuildLiteBehavior [ RunTime:0.000018s ]
INFO: [ app_init ] --END-- [ RunTime:0.000107s ]

[ 2017-02-27T20:54:37+08:00 ] 127.0.0.1 /Admin/Advertising/adv.php
INFO: [ app_init ] --START--
INFO: Run Behavior\BuildLiteBehavior [ RunTime:0.000020s ]
INFO: [ app_init ] --END-- [ RunTime:0.000117s ]

[ 2017-02-27T20:54:39+08:00 ] 127.0.0.1 /Admin/Advertising/addadvertising.php
INFO: [ app_init ] --START--
INFO: Run Behavior\BuildLiteBehavior [ RunTime:0.000019s ]
INFO: [ app_init ] --END-- [ RunTime:0.000111s ]

[ 2017-02-27T20:54:44+08:00 ] 127.0.0.1 /Admin/Classify/index.php
INFO: [ app_init ] --START--
INFO: Run Behavior\BuildLiteBehavior [ RunTime:0.000038s ]
INFO: [ app_init ] --END-- [ RunTime:0.000179s ]

[ 2017-02-27T20:54:46+08:00 ] 127.0.0.1 /Admin/Classify/addclassify.php
INFO: [ app_init ] --START--
INFO: Run Behavior\BuildLiteBehavior [ RunTime:0.000021s ]
INFO: [ app_init ] --END-- [ RunTime:0.000120s ]

[ 2017-02-27T20:54:48+08:00 ] 127.0.0.1 /Admin/Classify/SelectTemplets.php?path=./Templates/Pc&tplname=tpl2
INFO: [ app_init ] --START--
INFO: Run Behavior\BuildLiteBehavior [ RunTime:0.000019s ]
INFO: [ app_init ] --END-- [ RunTime:0.000117s ]

[ 2017-02-27T20:54:50+08:00 ] 127.0.0.1 /Admin/Classify/SelectTemplets.php?path=./Templates/Pc/gujianzhu&tplname=tpl2
INFO: [ app_init ] --START--
INFO: Run Behavior\BuildLiteBehavior [ RunTime:0.000020s ]
INFO: [ app_init ] --END-- [ RunTime:0.000116s ]

[ 2017-02-27T20:54:51+08:00 ] 127.0.0.1 /Admin/Classify/SelectTemplets.php?path=./Templates/Pc/gujianzhu/header.html&tplname=tpl2
INFO: [ app_init ] --START--
INFO: Run Behavior\BuildLiteBehavior [ RunTime:0.000019s ]
INFO: [ app_init ] --END-- [ RunTime:0.000134s ]

[ 2017-02-27T20:55:05+08:00 ] 127.0.0.1 /Admin/Classify/SelectTemplets.php?path=./Templates/Pc&tplname=tpl
INFO: [ app_init ] --START--
INFO: Run Behavior\BuildLiteBehavior [ RunTime:0.000019s ]
INFO: [ app_init ] --END-- [ RunTime:0.000115s ]

[ 2017-02-27T20:55:06+08:00 ] 127.0.0.1 /Admin/Classify/SelectTemplets.php?path=./Templates/Pc/gujianzhu&tplname=tpl
INFO: [ app_init ] --START--
INFO: Run Behavior\BuildLiteBehavior [ RunTime:0.000026s ]
INFO: [ app_init ] --END-- [ RunTime:0.000130s ]

[ 2017-02-27T20:55:08+08:00 ] 127.0.0.1 /Admin/Classify/SelectTemplets.php?path=./Templates/Pc/gujianzhu/header.html&tplname=tpl
INFO: [ app_init ] --START--
INFO: Run Behavior\BuildLiteBehavior [ RunTime:0.000021s ]
INFO: [ app_init ] --END-- [ RunTime:0.000125s ]

[ 2017-02-27T20:55:12+08:00 ] 127.0.0.1 /Admin/Classify/SelectTemplets.php?path=./Templates/Pc&tplname=tpl2
INFO: [ app_init ] --START--
INFO: Run Behavior\BuildLiteBehavior [ RunTime:0.000019s ]
INFO: [ app_init ] --END-- [ RunTime:0.000129s ]

[ 2017-02-27T20:55:14+08:00 ] 127.0.0.1 /Admin/Classify/SelectTemplets.php?path=./Templates/Pc/gujianzhu&tplname=tpl2
INFO: [ app_init ] --START--
INFO: Run Behavior\BuildLiteBehavior [ RunTime:0.000020s ]
INFO: [ app_init ] --END-- [ RunTime:0.000118s ]

[ 2017-02-27T20:55:15+08:00 ] 127.0.0.1 /Admin/Classify/SelectTemplets.php?path=./Templates/Pc/gujianzhu/header.html&tplname=tpl2
INFO: [ app_init ] --START--
INFO: Run Behavior\BuildLiteBehavior [ RunTime:0.000018s ]
INFO: [ app_init ] --END-- [ RunTime:0.000108s ]

[ 2017-02-27T20:55:18+08:00 ] 127.0.0.1 /Admin/Classify/SelectTemplets.php?path=./Templates/Pc&tplname=tpl
INFO: [ app_init ] --START--
INFO: Run Behavior\BuildLiteBehavior [ RunTime:0.000018s ]
INFO: [ app_init ] --END-- [ RunTime:0.000108s ]

[ 2017-02-27T20:55:19+08:00 ] 127.0.0.1 /Admin/Classify/SelectTemplets.php?path=./Templates/Pc/.htaccess&tplname=tpl
INFO: [ app_init ] --START--
INFO: Run Behavior\BuildLiteBehavior [ RunTime:0.000020s ]
INFO: [ app_init ] --END-- [ RunTime:0.000116s ]

[ 2017-02-27T20:55:22+08:00 ] 127.0.0.1 /Admin/Classify/SelectTemplets.php?path=./Templates/Pc&tplname=tpl2
INFO: [ app_init ] --START--
INFO: Run Behavior\BuildLiteBehavior [ RunTime:0.000019s ]
INFO: [ app_init ] --END-- [ RunTime:0.000113s ]

[ 2017-02-27T20:55:25+08:00 ] 127.0.0.1 /Admin/Classify/SelectTemplets.php?path=./Templates&tplname=tpl2
INFO: [ app_init ] --START--
INFO: Run Behavior\BuildLiteBehavior [ RunTime:0.000018s ]
INFO: [ app_init ] --END-- [ RunTime:0.000109s ]

[ 2017-02-27T20:55:27+08:00 ] 127.0.0.1 /Admin/Classify/SelectTemplets.php?path=./Templates/mobile&tplname=tpl2
INFO: [ app_init ] --START--
INFO: Run Behavior\BuildLiteBehavior [ RunTime:0.000019s ]
INFO: [ app_init ] --END-- [ RunTime:0.000114s ]

[ 2017-02-27T20:55:27+08:00 ] 127.0.0.1 /Admin/Classify/SelectTemplets.php?path=./Templates/mobile/default2&tplname=tpl2
INFO: [ app_init ] --START--
INFO: Run Behavior\BuildLiteBehavior [ RunTime:0.000018s ]
INFO: [ app_init ] --END-- [ RunTime:0.000106s ]

[ 2017-02-27T20:55:29+08:00 ] 127.0.0.1 /Admin/Classify/SelectTemplets.php?path=./Templates/mobile/default2/index.html&tplname=tpl2
INFO: [ app_init ] --START--
INFO: Run Behavior\BuildLiteBehavior [ RunTime:0.000035s ]
INFO: [ app_init ] --END-- [ RunTime:0.000250s ]

[ 2017-02-27T20:56:04+08:00 ] 127.0.0.1 /Admin/Product/index.php
INFO: [ app_init ] --START--
INFO: Run Behavior\BuildLiteBehavior [ RunTime:0.000018s ]
INFO: [ app_init ] --END-- [ RunTime:0.000105s ]

[ 2017-02-27T20:56:14+08:00 ] 127.0.0.1 /Admin/Product/index.php?p=2
INFO: [ app_init ] --START--
INFO: Run Behavior\BuildLiteBehavior [ RunTime:0.000019s ]
INFO: [ app_init ] --END-- [ RunTime:0.000182s ]

[ 2017-02-27T20:56:16+08:00 ] 127.0.0.1 /Admin/Admin/status.php
INFO: [ app_init ] --START--
INFO: Run Behavior\BuildLiteBehavior [ RunTime:0.000020s ]
INFO: [ app_init ] --END-- [ RunTime:0.000110s ]
INFO: [ app_begin ] --START--
INFO: Run Behavior\ReadHtmlCacheBehavior [ RunTime:0.000714s ]
INFO: [ app_begin ] --END-- [ RunTime:0.000795s ]
SQL: SHOW COLUMNS FROM `linfei_config` [ RunTime:0.0008s ]
SQL: SELECT `navstyle` FROM `linfei_config` LIMIT 1   [ RunTime:0.0003s ]
SQL: SHOW COLUMNS FROM `linfei_product` [ RunTime:0.0007s ]
SQL: UPDATE `linfei_product` SET `status`='1' WHERE `id` = 25 [ RunTime:0.0336s ]

[ 2017-02-27T20:56:17+08:00 ] 127.0.0.1 /Admin/Product/index.php?p=2
INFO: [ app_init ] --START--
INFO: Run Behavior\BuildLiteBehavior [ RunTime:0.000022s ]
INFO: [ app_init ] --END-- [ RunTime:0.000121s ]

[ 2017-02-27T20:56:26+08:00 ] 127.0.0.1 /Admin/Product/index.php?p=3
INFO: [ app_init ] --START--
INFO: Run Behavior\BuildLiteBehavior [ RunTime:0.000019s ]
INFO: [ app_init ] --END-- [ RunTime:0.000113s ]

[ 2017-02-27T20:57:12+08:00 ] 127.0.0.1 /Admin/Product/index.php?p=2
INFO: [ app_init ] --START--
INFO: Run Behavior\BuildLiteBehavior [ RunTime:0.000017s ]
INFO: [ app_init ] --END-- [ RunTime:0.000113s ]

[ 2017-02-27T20:58:23+08:00 ] 127.0.0.1 /Admin/product/search.php?class=0&title=&name=%E5%91%A8%E9%A3%9E&__hash__=7bc4789c9427c3cf250bd8f56d9f9ec7_8a6f575f7a8574a911be77e14326c041
INFO: [ app_init ] --START--
INFO: Run Behavior\BuildLiteBehavior [ RunTime:0.000019s ]
INFO: [ app_init ] --END-- [ RunTime:0.000116s ]

[ 2017-02-27T20:58:26+08:00 ] 127.0.0.1 /Admin/product/search.php?class=24&title=&name=%E5%91%A8%E9%A3%9E&__hash__=065f9f6fa3f988cf2415eec830dff6d4_d4976a6e220d75cb64f01ca9ff445091
INFO: [ app_init ] --START--
INFO: Run Behavior\BuildLiteBehavior [ RunTime:0.000023s ]
INFO: [ app_init ] --END-- [ RunTime:0.000136s ]

[ 2017-02-27T20:58:30+08:00 ] 127.0.0.1 /Admin/product/search.php?class=24&title=&name=&__hash__=4c6db2ae43f00bde6db671f02dbcb12b_82b56015c8e90a6365c2e2deadc95b37
INFO: [ app_init ] --START--
INFO: Run Behavior\BuildLiteBehavior [ RunTime:0.000019s ]
INFO: [ app_init ] --END-- [ RunTime:0.000115s ]

[ 2017-02-27T20:58:34+08:00 ] 127.0.0.1 /Admin/product/search.php?class=33&title=&name=&__hash__=c8f5db0dcae5f548a74baa8ed280e68e_151f3669d2c80408c8005fe3e9cd5ec1
INFO: [ app_init ] --START--
INFO: Run Behavior\BuildLiteBehavior [ RunTime:0.000023s ]
INFO: [ app_init ] --END-- [ RunTime:0.000152s ]

[ 2017-02-27T20:58:38+08:00 ] 127.0.0.1 /Admin/product/search.php?class=33&title=%E5%85%8D%E8%B4%B9%E6%B3%A8%E5%86%8C&name=&__hash__=5094c5cedea3a3d95bf5b697377cdd90_e3faab3f50dcb9af67341d60332d3c24
INFO: [ app_init ] --START--
INFO: Run Behavior\BuildLiteBehavior [ RunTime:0.000021s ]
INFO: [ app_init ] --END-- [ RunTime:0.000117s ]

[ 2017-02-27T20:58:41+08:00 ] 127.0.0.1 /Admin/product/search.php?class=24&title=%E5%85%8D%E8%B4%B9%E6%B3%A8%E5%86%8C&name=&__hash__=eee1af482a6989fa07511fb418550d0f_809939021ba4af783fa9a818d3e09ef3
INFO: [ app_init ] --START--
INFO: Run Behavior\BuildLiteBehavior [ RunTime:0.000024s ]
INFO: [ app_init ] --END-- [ RunTime:0.000185s ]

[ 2017-02-27T20:58:45+08:00 ] 127.0.0.1 /Admin/product/search.php?class=0&title=%E5%85%8D%E8%B4%B9%E6%B3%A8%E5%86%8C&name=&__hash__=b7bb4b62c0712ec2aaa3b7f47dfcb703_47bd6f9a632cd23ba7954cf39b236d7d
INFO: [ app_init ] --START--
INFO: Run Behavior\BuildLiteBehavior [ RunTime:0.000021s ]
INFO: [ app_init ] --END-- [ RunTime:0.000143s ]

