[ 2017-03-15T09:17:31+08:00 ] 127.0.0.1 /admin
INFO: [ app_init ] --START--
INFO: Run Behavior\BuildLiteBehavior [ RunTime:0.000023s ]
INFO: [ app_init ] --END-- [ RunTime:0.000126s ]

[ 2017-03-15T09:17:32+08:00 ] 127.0.0.1 /Admin/Login/index.php
INFO: [ app_init ] --START--
INFO: Run Behavior\BuildLiteBehavior [ RunTime:0.000018s ]
INFO: [ app_init ] --END-- [ RunTime:0.000106s ]

[ 2017-03-15T09:17:32+08:00 ] 127.0.0.1 /Admin/Login/code.php
INFO: [ app_init ] --START--
INFO: Run Behavior\BuildLiteBehavior [ RunTime:0.000020s ]
INFO: [ app_init ] --END-- [ RunTime:0.000167s ]

[ 2017-03-15T09:17:43+08:00 ] 127.0.0.1 /Admin/Login/index.php
INFO: [ app_init ] --START--
INFO: Run Behavior\BuildLiteBehavior [ RunTime:0.000019s ]
INFO: [ app_init ] --END-- [ RunTime:0.000116s ]

[ 2017-03-15T09:17:43+08:00 ] 127.0.0.1 /Admin/Index/index.php
INFO: [ app_init ] --START--
INFO: Run Behavior\BuildLiteBehavior [ RunTime:0.000040s ]
INFO: [ app_init ] --END-- [ RunTime:0.000233s ]

[ 2017-03-15T09:17:48+08:00 ] 127.0.0.1 /Admin/Config/navstyle.php
INFO: [ app_init ] --START--
INFO: Run Behavior\BuildLiteBehavior [ RunTime:0.000017s ]
INFO: [ app_init ] --END-- [ RunTime:0.000105s ]
INFO: [ app_begin ] --START--
INFO: Run Behavior\ReadHtmlCacheBehavior [ RunTime:0.000583s ]
INFO: [ app_begin ] --END-- [ RunTime:0.000662s ]
SQL: SHOW COLUMNS FROM `linfei_config` [ RunTime:0.0022s ]
SQL: SELECT `navstyle` FROM `linfei_config` LIMIT 1   [ RunTime:0.0003s ]
SQL: SHOW COLUMNS FROM `linfei_admin` [ RunTime:0.0026s ]
SQL: SELECT `group` FROM `linfei_admin` WHERE `id` = 1 LIMIT 1   [ RunTime:0.0003s ]
SQL: SHOW COLUMNS FROM `linfei_group` [ RunTime:0.0019s ]
SQL: SELECT `permissions` FROM `linfei_group` WHERE `id` = 1 LIMIT 1   [ RunTime:0.0003s ]
SQL: SELECT `id` FROM `linfei_config` LIMIT 1   [ RunTime:0.0002s ]
SQL: UPDATE `linfei_config` SET `navstyle`='1' WHERE `id` = null [ RunTime:0.0003s ]

[ 2017-03-15T09:17:51+08:00 ] 127.0.0.1 /Admin/Config/index.php
INFO: [ app_init ] --START--
INFO: Run Behavior\BuildLiteBehavior [ RunTime:0.000020s ]
INFO: [ app_init ] --END-- [ RunTime:0.000116s ]

[ 2017-03-15T09:18:07+08:00 ] 127.0.0.1 /Admin/Config/index.php
INFO: [ app_init ] --START--
INFO: Run Behavior\BuildLiteBehavior [ RunTime:0.000024s ]
INFO: [ app_init ] --END-- [ RunTime:0.000194s ]

[ 2017-03-15T09:18:09+08:00 ] 127.0.0.1 /Admin/Config/index.php
INFO: [ app_init ] --START--
INFO: Run Behavior\BuildLiteBehavior [ RunTime:0.000072s ]
INFO: [ app_init ] --END-- [ RunTime:0.000410s ]

[ 2017-03-15T09:18:10+08:00 ] 127.0.0.1 /Admin/Config/navstyle.php
INFO: [ app_init ] --START--
INFO: Run Behavior\BuildLiteBehavior [ RunTime:0.000026s ]
INFO: [ app_init ] --END-- [ RunTime:0.000199s ]
INFO: [ app_begin ] --START--
INFO: Run Behavior\ReadHtmlCacheBehavior [ RunTime:0.000557s ]
INFO: [ app_begin ] --END-- [ RunTime:0.000659s ]
SQL: SHOW COLUMNS FROM `linfei_config` [ RunTime:0.0024s ]
SQL: SELECT `navstyle` FROM `linfei_config` LIMIT 1   [ RunTime:0.0004s ]
SQL: SHOW COLUMNS FROM `linfei_admin` [ RunTime:0.0025s ]
SQL: SELECT `group` FROM `linfei_admin` WHERE `id` = 1 LIMIT 1   [ RunTime:0.0005s ]
SQL: SHOW COLUMNS FROM `linfei_group` [ RunTime:0.0030s ]
SQL: SELECT `permissions` FROM `linfei_group` WHERE `id` = 1 LIMIT 1   [ RunTime:0.0009s ]
SQL: SELECT `id` FROM `linfei_config` LIMIT 1   [ RunTime:0.0003s ]
SQL: UPDATE `linfei_config` SET `navstyle`='0' WHERE `id` = 1 [ RunTime:0.0543s ]

[ 2017-03-15T09:18:11+08:00 ] 127.0.0.1 /Admin/Config/index.php
INFO: [ app_init ] --START--
INFO: Run Behavior\BuildLiteBehavior [ RunTime:0.000017s ]
INFO: [ app_init ] --END-- [ RunTime:0.000102s ]

[ 2017-03-15T09:18:19+08:00 ] 127.0.0.1 /Admin/Config/index.php
INFO: [ app_init ] --START--
INFO: Run Behavior\BuildLiteBehavior [ RunTime:0.000017s ]
INFO: [ app_init ] --END-- [ RunTime:0.000104s ]

[ 2017-03-15T09:18:27+08:00 ] 127.0.0.1 /Admin/Additional/index.php
INFO: [ app_init ] --START--
INFO: Run Behavior\BuildLiteBehavior [ RunTime:0.000019s ]
INFO: [ app_init ] --END-- [ RunTime:0.000116s ]

[ 2017-03-15T09:19:07+08:00 ] 127.0.0.1 /Admin/Backup/bac.php
INFO: [ app_init ] --START--
INFO: Run Behavior\BuildLiteBehavior [ RunTime:0.000020s ]
INFO: [ app_init ] --END-- [ RunTime:0.000125s ]

[ 2017-03-15T09:19:10+08:00 ] 127.0.0.1 /Admin/Backup/bac.php
INFO: [ app_init ] --START--
INFO: Run Behavior\BuildLiteBehavior [ RunTime:0.000022s ]
INFO: [ app_init ] --END-- [ RunTime:0.000127s ]

[ 2017-03-15T09:19:11+08:00 ] 127.0.0.1 /Admin/Backup/structure.php
INFO: [ app_init ] --START--
INFO: Run Behavior\BuildLiteBehavior [ RunTime:0.000043s ]
INFO: [ app_init ] --END-- [ RunTime:0.000270s ]

[ 2017-03-15T09:19:12+08:00 ] 127.0.0.1 /Admin/Backup/structure.php?i=1
INFO: [ app_init ] --START--
INFO: Run Behavior\BuildLiteBehavior [ RunTime:0.000029s ]
INFO: [ app_init ] --END-- [ RunTime:0.000174s ]

[ 2017-03-15T09:19:12+08:00 ] 127.0.0.1 /Admin/Backup/structure.php?i=2
INFO: [ app_init ] --START--
INFO: Run Behavior\BuildLiteBehavior [ RunTime:0.000019s ]
INFO: [ app_init ] --END-- [ RunTime:0.000112s ]

[ 2017-03-15T09:19:12+08:00 ] 127.0.0.1 /Admin/Backup/structure.php?i=3
INFO: [ app_init ] --START--
INFO: Run Behavior\BuildLiteBehavior [ RunTime:0.000019s ]
INFO: [ app_init ] --END-- [ RunTime:0.000111s ]

[ 2017-03-15T09:19:13+08:00 ] 127.0.0.1 /Admin/Backup/structure.php?i=4
INFO: [ app_init ] --START--
INFO: Run Behavior\BuildLiteBehavior [ RunTime:0.000019s ]
INFO: [ app_init ] --END-- [ RunTime:0.000131s ]

[ 2017-03-15T09:19:13+08:00 ] 127.0.0.1 /Admin/Backup/structure.php?i=5
INFO: [ app_init ] --START--
INFO: Run Behavior\BuildLiteBehavior [ RunTime:0.000040s ]
INFO: [ app_init ] --END-- [ RunTime:0.000136s ]

[ 2017-03-15T09:19:13+08:00 ] 127.0.0.1 /Admin/Backup/structure.php?i=6
INFO: [ app_init ] --START--
INFO: Run Behavior\BuildLiteBehavior [ RunTime:0.000022s ]
INFO: [ app_init ] --END-- [ RunTime:0.000127s ]

[ 2017-03-15T09:19:14+08:00 ] 127.0.0.1 /Admin/Backup/structure.php?i=7
INFO: [ app_init ] --START--
INFO: Run Behavior\BuildLiteBehavior [ RunTime:0.000019s ]
INFO: [ app_init ] --END-- [ RunTime:0.000112s ]

[ 2017-03-15T09:19:14+08:00 ] 127.0.0.1 /Admin/Backup/structure.php?i=8
INFO: [ app_init ] --START--
INFO: Run Behavior\BuildLiteBehavior [ RunTime:0.000017s ]
INFO: [ app_init ] --END-- [ RunTime:0.000107s ]

[ 2017-03-15T09:19:14+08:00 ] 127.0.0.1 /Admin/Backup/structure.php?i=9
INFO: [ app_init ] --START--
INFO: Run Behavior\BuildLiteBehavior [ RunTime:0.000018s ]
INFO: [ app_init ] --END-- [ RunTime:0.000111s ]

[ 2017-03-15T09:19:15+08:00 ] 127.0.0.1 /Admin/Backup/structure.php?i=10
INFO: [ app_init ] --START--
INFO: Run Behavior\BuildLiteBehavior [ RunTime:0.000021s ]
INFO: [ app_init ] --END-- [ RunTime:0.000170s ]

[ 2017-03-15T09:19:15+08:00 ] 127.0.0.1 /Admin/Backup/structure.php?i=11
INFO: [ app_init ] --START--
INFO: Run Behavior\BuildLiteBehavior [ RunTime:0.000019s ]
INFO: [ app_init ] --END-- [ RunTime:0.000110s ]

[ 2017-03-15T09:19:15+08:00 ] 127.0.0.1 /Admin/Backup/structure.php?i=12
INFO: [ app_init ] --START--
INFO: Run Behavior\BuildLiteBehavior [ RunTime:0.000019s ]
INFO: [ app_init ] --END-- [ RunTime:0.000112s ]

[ 2017-03-15T09:19:16+08:00 ] 127.0.0.1 /Admin/Backup/structure.php?i=13
INFO: [ app_init ] --START--
INFO: Run Behavior\BuildLiteBehavior [ RunTime:0.000018s ]
INFO: [ app_init ] --END-- [ RunTime:0.000104s ]

[ 2017-03-15T09:19:16+08:00 ] 127.0.0.1 /Admin/Backup/bakinsertinto.php
INFO: [ app_init ] --START--
INFO: Run Behavior\BuildLiteBehavior [ RunTime:0.000019s ]
INFO: [ app_init ] --END-- [ RunTime:0.000111s ]

[ 2017-03-15T09:19:16+08:00 ] 127.0.0.1 /Admin/Backup/bakinsertinto.php?i=1&limit=0
INFO: [ app_init ] --START--
INFO: Run Behavior\BuildLiteBehavior [ RunTime:0.000018s ]
INFO: [ app_init ] --END-- [ RunTime:0.000107s ]

[ 2017-03-15T09:19:16+08:00 ] 127.0.0.1 /Admin/Backup/bakinsertinto.php?i=2&limit=0
INFO: [ app_init ] --START--
INFO: Run Behavior\BuildLiteBehavior [ RunTime:0.000020s ]
INFO: [ app_init ] --END-- [ RunTime:0.000118s ]

[ 2017-03-15T09:19:17+08:00 ] 127.0.0.1 /Admin/Backup/bakinsertinto.php?i=3&limit=0
INFO: [ app_init ] --START--
INFO: Run Behavior\BuildLiteBehavior [ RunTime:0.000018s ]
INFO: [ app_init ] --END-- [ RunTime:0.000162s ]

[ 2017-03-15T09:19:17+08:00 ] 127.0.0.1 /Admin/Backup/bakinsertinto.php?i=4&limit=0
INFO: [ app_init ] --START--
INFO: Run Behavior\BuildLiteBehavior [ RunTime:0.000051s ]
INFO: [ app_init ] --END-- [ RunTime:0.000213s ]

[ 2017-03-15T09:19:17+08:00 ] 127.0.0.1 /Admin/Backup/bakinsertinto.php?i=5&limit=0
INFO: [ app_init ] --START--
INFO: Run Behavior\BuildLiteBehavior [ RunTime:0.000036s ]
INFO: [ app_init ] --END-- [ RunTime:0.000229s ]

[ 2017-03-15T09:19:18+08:00 ] 127.0.0.1 /Admin/Backup/bakinsertinto.php?i=6&limit=0
INFO: [ app_init ] --START--
INFO: Run Behavior\BuildLiteBehavior [ RunTime:0.000051s ]
INFO: [ app_init ] --END-- [ RunTime:0.000343s ]

[ 2017-03-15T09:19:18+08:00 ] 127.0.0.1 /Admin/Backup/bakinsertinto.php?i=7&limit=0
INFO: [ app_init ] --START--
INFO: Run Behavior\BuildLiteBehavior [ RunTime:0.000020s ]
INFO: [ app_init ] --END-- [ RunTime:0.000133s ]

[ 2017-03-15T09:19:18+08:00 ] 127.0.0.1 /Admin/Backup/bakinsertinto.php?i=8&limit=0
INFO: [ app_init ] --START--
INFO: Run Behavior\BuildLiteBehavior [ RunTime:0.000018s ]
INFO: [ app_init ] --END-- [ RunTime:0.000105s ]

[ 2017-03-15T09:19:19+08:00 ] 127.0.0.1 /Admin/Backup/bakinsertinto.php?i=9&limit=0
INFO: [ app_init ] --START--
INFO: Run Behavior\BuildLiteBehavior [ RunTime:0.000019s ]
INFO: [ app_init ] --END-- [ RunTime:0.000114s ]

[ 2017-03-15T09:19:19+08:00 ] 127.0.0.1 /Admin/Backup/bakinsertinto.php?i=10&limit=0
INFO: [ app_init ] --START--
INFO: Run Behavior\BuildLiteBehavior [ RunTime:0.000056s ]
INFO: [ app_init ] --END-- [ RunTime:0.000373s ]

[ 2017-03-15T09:19:19+08:00 ] 127.0.0.1 /Admin/Backup/bakinsertinto.php?i=11&limit=0
INFO: [ app_init ] --START--
INFO: Run Behavior\BuildLiteBehavior [ RunTime:0.000020s ]
INFO: [ app_init ] --END-- [ RunTime:0.000146s ]

[ 2017-03-15T09:19:19+08:00 ] 127.0.0.1 /Admin/Backup/bakinsertinto.php?i=12&limit=0
INFO: [ app_init ] --START--
INFO: Run Behavior\BuildLiteBehavior [ RunTime:0.000035s ]
INFO: [ app_init ] --END-- [ RunTime:0.000129s ]

[ 2017-03-15T09:19:20+08:00 ] 127.0.0.1 /Admin/Backup/bakinsertinto.php?i=13&limit=0
INFO: [ app_init ] --START--
INFO: Run Behavior\BuildLiteBehavior [ RunTime:0.000019s ]
INFO: [ app_init ] --END-- [ RunTime:0.000123s ]

[ 2017-03-15T09:40:01+08:00 ] 127.0.0.1 /Admin/Config/index.php
INFO: [ app_init ] --START--
INFO: Run Behavior\BuildLiteBehavior [ RunTime:0.000020s ]
INFO: [ app_init ] --END-- [ RunTime:0.000120s ]

[ 2017-03-15T09:42:03+08:00 ] 127.0.0.1 /Admin/Classify/index.php
INFO: [ app_init ] --START--
INFO: Run Behavior\BuildLiteBehavior [ RunTime:0.000034s ]
INFO: [ app_init ] --END-- [ RunTime:0.000197s ]

[ 2017-03-15T09:42:07+08:00 ] 127.0.0.1 /Admin/Article/index.php
INFO: [ app_init ] --START--
INFO: Run Behavior\BuildLiteBehavior [ RunTime:0.000019s ]
INFO: [ app_init ] --END-- [ RunTime:0.000115s ]

[ 2017-03-15T10:20:52+08:00 ] 127.0.0.1 /Admin/Config/index.php
INFO: [ app_init ] --START--
INFO: Run Behavior\BuildLiteBehavior [ RunTime:0.000019s ]
INFO: [ app_init ] --END-- [ RunTime:0.000152s ]

[ 2017-03-15T10:21:01+08:00 ] 127.0.0.1 /Admin/Config/custom.php
INFO: [ app_init ] --START--
INFO: Run Behavior\BuildLiteBehavior [ RunTime:0.000023s ]
INFO: [ app_init ] --END-- [ RunTime:0.000135s ]

[ 2017-03-15T10:21:04+08:00 ] 127.0.0.1 /Admin/Config/reditorcustom.php
INFO: [ app_init ] --START--
INFO: Run Behavior\BuildLiteBehavior [ RunTime:0.000027s ]
INFO: [ app_init ] --END-- [ RunTime:0.000165s ]

[ 2017-03-15T10:21:12+08:00 ] 127.0.0.1 /Admin/Config/reditorcustom.php
INFO: [ app_init ] --START--
INFO: Run Behavior\BuildLiteBehavior [ RunTime:0.000019s ]
INFO: [ app_init ] --END-- [ RunTime:0.000115s ]

[ 2017-03-15T10:23:50+08:00 ] 127.0.0.1 /Admin/Config/reditorcustom.php
INFO: [ app_init ] --START--
INFO: Run Behavior\BuildLiteBehavior [ RunTime:0.000054s ]
INFO: [ app_init ] --END-- [ RunTime:0.000166s ]

[ 2017-03-15T10:23:53+08:00 ] 127.0.0.1 /Admin/Product/index.php
INFO: [ app_init ] --START--
INFO: Run Behavior\BuildLiteBehavior [ RunTime:0.000017s ]
INFO: [ app_init ] --END-- [ RunTime:0.000105s ]

[ 2017-03-15T10:23:56+08:00 ] 127.0.0.1 /Admin/Article/index.php
INFO: [ app_init ] --START--
INFO: Run Behavior\BuildLiteBehavior [ RunTime:0.000020s ]
INFO: [ app_init ] --END-- [ RunTime:0.000115s ]

[ 2017-03-15T10:28:07+08:00 ] 127.0.0.1 /Admin/Article/index.php
INFO: [ app_init ] --START--
INFO: Run Behavior\BuildLiteBehavior [ RunTime:0.000020s ]
INFO: [ app_init ] --END-- [ RunTime:0.000120s ]

[ 2017-03-15T10:29:04+08:00 ] 127.0.0.1 /Admin/User/index.php
INFO: [ app_init ] --START--
INFO: Run Behavior\BuildLiteBehavior [ RunTime:0.000020s ]
INFO: [ app_init ] --END-- [ RunTime:0.000123s ]

[ 2017-03-15T10:29:08+08:00 ] 127.0.0.1 /Admin/User/index.php?level=1
INFO: [ app_init ] --START--
INFO: Run Behavior\BuildLiteBehavior [ RunTime:0.000019s ]
INFO: [ app_init ] --END-- [ RunTime:0.000114s ]

[ 2017-03-15T10:29:10+08:00 ] 127.0.0.1 /Admin/User/editor.php?uid=1
INFO: [ app_init ] --START--
INFO: Run Behavior\BuildLiteBehavior [ RunTime:0.000018s ]
INFO: [ app_init ] --END-- [ RunTime:0.000106s ]

[ 2017-03-15T11:24:54+08:00 ] 127.0.0.1 /Admin/User/editor.php?uid=1
INFO: [ app_init ] --START--
INFO: Run Behavior\BuildLiteBehavior [ RunTime:0.000040s ]
INFO: [ app_init ] --END-- [ RunTime:0.000194s ]

[ 2017-03-15T11:24:57+08:00 ] 127.0.0.1 /Admin/Backup/index.php
INFO: [ app_init ] --START--
INFO: Run Behavior\BuildLiteBehavior [ RunTime:0.000019s ]
INFO: [ app_init ] --END-- [ RunTime:0.000111s ]

[ 2017-03-15T11:24:59+08:00 ] 127.0.0.1 /Admin/Backup/bac.php
INFO: [ app_init ] --START--
INFO: Run Behavior\BuildLiteBehavior [ RunTime:0.000020s ]
INFO: [ app_init ] --END-- [ RunTime:0.000191s ]

[ 2017-03-15T14:27:38+08:00 ] 127.0.0.1 /Admin/Backup/bac.php
INFO: [ app_init ] --START--
INFO: Run Behavior\BuildLiteBehavior [ RunTime:0.000041s ]
INFO: [ app_init ] --END-- [ RunTime:0.000289s ]

[ 2017-03-15T14:27:42+08:00 ] 127.0.0.1 /Admin/Templates/pc.php
INFO: [ app_init ] --START--
INFO: Run Behavior\BuildLiteBehavior [ RunTime:0.000023s ]
INFO: [ app_init ] --END-- [ RunTime:0.000127s ]

[ 2017-03-15T14:27:49+08:00 ] 127.0.0.1 /Admin/Templates/configpc.php?tpl=linfei
INFO: [ app_init ] --START--
INFO: Run Behavior\BuildLiteBehavior [ RunTime:0.000032s ]
INFO: [ app_init ] --END-- [ RunTime:0.000213s ]

[ 2017-03-15T14:27:50+08:00 ] 127.0.0.1 /Admin/Templates/pc.php
INFO: [ app_init ] --START--
INFO: Run Behavior\BuildLiteBehavior [ RunTime:0.000020s ]
INFO: [ app_init ] --END-- [ RunTime:0.000117s ]

[ 2017-03-15T14:28:54+08:00 ] 127.0.0.1 /Admin/Templates/pc.php
INFO: [ app_init ] --START--
INFO: Run Behavior\BuildLiteBehavior [ RunTime:0.000024s ]
INFO: [ app_init ] --END-- [ RunTime:0.000127s ]

[ 2017-03-15T14:43:59+08:00 ] 127.0.0.1 /Admin/Config/index.php
INFO: [ app_init ] --START--
INFO: Run Behavior\BuildLiteBehavior [ RunTime:0.000022s ]
INFO: [ app_init ] --END-- [ RunTime:0.000128s ]

[ 2017-03-15T14:44:09+08:00 ] 127.0.0.1 /Admin/Config/index.php
INFO: [ app_init ] --START--
INFO: Run Behavior\BuildLiteBehavior [ RunTime:0.000021s ]
INFO: [ app_init ] --END-- [ RunTime:0.000157s ]

[ 2017-03-15T14:44:11+08:00 ] 127.0.0.1 /Admin/Config/index.php
INFO: [ app_init ] --START--
INFO: Run Behavior\BuildLiteBehavior [ RunTime:0.000021s ]
INFO: [ app_init ] --END-- [ RunTime:0.000120s ]

[ 2017-03-15T14:44:39+08:00 ] 127.0.0.1 /Admin/Config/index.php
INFO: [ app_init ] --START--
INFO: Run Behavior\BuildLiteBehavior [ RunTime:0.000033s ]
INFO: [ app_init ] --END-- [ RunTime:0.000176s ]

[ 2017-03-15T14:44:41+08:00 ] 127.0.0.1 /Admin/Config/index.php
INFO: [ app_init ] --START--
INFO: Run Behavior\BuildLiteBehavior [ RunTime:0.000019s ]
INFO: [ app_init ] --END-- [ RunTime:0.000112s ]

[ 2017-03-15T14:45:33+08:00 ] 127.0.0.1 /Admin/Config/index.php
INFO: [ app_init ] --START--
INFO: Run Behavior\BuildLiteBehavior [ RunTime:0.000044s ]
INFO: [ app_init ] --END-- [ RunTime:0.000289s ]

[ 2017-03-15T14:45:34+08:00 ] 127.0.0.1 /Admin/Config/index.php
INFO: [ app_init ] --START--
INFO: Run Behavior\BuildLiteBehavior [ RunTime:0.000023s ]
INFO: [ app_init ] --END-- [ RunTime:0.000132s ]

[ 2017-03-15T14:47:56+08:00 ] 127.0.0.1 /Admin/Config/custom.php
INFO: [ app_init ] --START--
INFO: Run Behavior\BuildLiteBehavior [ RunTime:0.000019s ]
INFO: [ app_init ] --END-- [ RunTime:0.000126s ]

[ 2017-03-15T14:47:58+08:00 ] 127.0.0.1 /Admin/Config/reditorcustom.php
INFO: [ app_init ] --START--
INFO: Run Behavior\BuildLiteBehavior [ RunTime:0.000036s ]
INFO: [ app_init ] --END-- [ RunTime:0.000173s ]

[ 2017-03-15T14:48:23+08:00 ] 127.0.0.1 /Admin/Config/reditorcustom.php
INFO: [ app_init ] --START--
INFO: Run Behavior\BuildLiteBehavior [ RunTime:0.000020s ]
INFO: [ app_init ] --END-- [ RunTime:0.000120s ]

[ 2017-03-15T14:48:25+08:00 ] 127.0.0.1 /Admin/Config/custom.php
INFO: [ app_init ] --START--
INFO: Run Behavior\BuildLiteBehavior [ RunTime:0.000023s ]
INFO: [ app_init ] --END-- [ RunTime:0.000128s ]

[ 2017-03-15T14:50:51+08:00 ] 127.0.0.1 /Admin/Config/reditorcustom.php
INFO: [ app_init ] --START--
INFO: Run Behavior\BuildLiteBehavior [ RunTime:0.000020s ]
INFO: [ app_init ] --END-- [ RunTime:0.000117s ]

[ 2017-03-15T14:51:24+08:00 ] 127.0.0.1 /Admin/Config/reditorcustom.php
INFO: [ app_init ] --START--
INFO: Run Behavior\BuildLiteBehavior [ RunTime:0.000026s ]
INFO: [ app_init ] --END-- [ RunTime:0.000189s ]

[ 2017-03-15T14:51:25+08:00 ] 127.0.0.1 /Admin/Config/custom.php
INFO: [ app_init ] --START--
INFO: Run Behavior\BuildLiteBehavior [ RunTime:0.000048s ]
INFO: [ app_init ] --END-- [ RunTime:0.000258s ]

[ 2017-03-15T14:51:36+08:00 ] 127.0.0.1 /Admin/Config/custom.php
INFO: [ app_init ] --START--
INFO: Run Behavior\BuildLiteBehavior [ RunTime:0.000021s ]
INFO: [ app_init ] --END-- [ RunTime:0.000121s ]

[ 2017-03-15T15:39:42+08:00 ] 127.0.0.1 /Admin/Pic/addpic.php
INFO: [ app_init ] --START--
INFO: Run Behavior\BuildLiteBehavior [ RunTime:0.000019s ]
INFO: [ app_init ] --END-- [ RunTime:0.000120s ]

[ 2017-03-15T15:39:54+08:00 ] 127.0.0.1 /Admin/Uploads/uploads.php?num=1&name=picimg&id=imgs
INFO: [ app_init ] --START--
INFO: Run Behavior\BuildLiteBehavior [ RunTime:0.000020s ]
INFO: [ app_init ] --END-- [ RunTime:0.000117s ]

[ 2017-03-15T15:40:02+08:00 ] 127.0.0.1 /Admin/Uploads/uploads.php?num=1&name=picimg
INFO: [ app_init ] --START--
INFO: Run Behavior\BuildLiteBehavior [ RunTime:0.000019s ]
INFO: [ app_init ] --END-- [ RunTime:0.000109s ]

[ 2017-03-15T15:40:04+08:00 ] 127.0.0.1 /Admin/Pic/addpic.php
INFO: [ app_init ] --START--
INFO: Run Behavior\BuildLiteBehavior [ RunTime:0.000027s ]
INFO: [ app_init ] --END-- [ RunTime:0.000172s ]

[ 2017-03-15T15:40:05+08:00 ] 127.0.0.1 /Admin/Pic/index.php
INFO: [ app_init ] --START--
INFO: Run Behavior\BuildLiteBehavior [ RunTime:0.000031s ]
INFO: [ app_init ] --END-- [ RunTime:0.000182s ]

[ 2017-03-15T15:40:08+08:00 ] 127.0.0.1 /Admin/Pic/addpic.php
INFO: [ app_init ] --START--
INFO: Run Behavior\BuildLiteBehavior [ RunTime:0.000019s ]
INFO: [ app_init ] --END-- [ RunTime:0.000111s ]

[ 2017-03-15T15:40:16+08:00 ] 127.0.0.1 /Admin/Uploads/uploads.php?num=1&name=picimg&id=imgs
INFO: [ app_init ] --START--
INFO: Run Behavior\BuildLiteBehavior [ RunTime:0.000030s ]
INFO: [ app_init ] --END-- [ RunTime:0.000155s ]

[ 2017-03-15T15:40:20+08:00 ] 127.0.0.1 /Admin/Uploads/uploads.php?num=1&name=picimg
INFO: [ app_init ] --START--
INFO: Run Behavior\BuildLiteBehavior [ RunTime:0.000028s ]
INFO: [ app_init ] --END-- [ RunTime:0.000184s ]

[ 2017-03-15T15:40:21+08:00 ] 127.0.0.1 /Admin/Pic/addpic.php
INFO: [ app_init ] --START--
INFO: Run Behavior\BuildLiteBehavior [ RunTime:0.000102s ]
INFO: [ app_init ] --END-- [ RunTime:0.000363s ]

[ 2017-03-15T15:40:23+08:00 ] 127.0.0.1 /Admin/Pic/index.php
INFO: [ app_init ] --START--
INFO: Run Behavior\BuildLiteBehavior [ RunTime:0.000027s ]
INFO: [ app_init ] --END-- [ RunTime:0.000161s ]

[ 2017-03-15T15:40:24+08:00 ] 127.0.0.1 /Admin/Pic/addpic.php
INFO: [ app_init ] --START--
INFO: Run Behavior\BuildLiteBehavior [ RunTime:0.000021s ]
INFO: [ app_init ] --END-- [ RunTime:0.000118s ]

[ 2017-03-15T15:40:32+08:00 ] 127.0.0.1 /Admin/Uploads/uploads.php?num=1&name=picimg&id=imgs
INFO: [ app_init ] --START--
INFO: Run Behavior\BuildLiteBehavior [ RunTime:0.000019s ]
INFO: [ app_init ] --END-- [ RunTime:0.000115s ]

[ 2017-03-15T15:40:36+08:00 ] 127.0.0.1 /Admin/Uploads/uploads.php?num=1&name=picimg
INFO: [ app_init ] --START--
INFO: Run Behavior\BuildLiteBehavior [ RunTime:0.000019s ]
INFO: [ app_init ] --END-- [ RunTime:0.000111s ]

[ 2017-03-15T15:40:37+08:00 ] 127.0.0.1 /Admin/Pic/addpic.php
INFO: [ app_init ] --START--
INFO: Run Behavior\BuildLiteBehavior [ RunTime:0.000053s ]
INFO: [ app_init ] --END-- [ RunTime:0.000242s ]

[ 2017-03-15T15:40:38+08:00 ] 127.0.0.1 /Admin/Pic/index.php
INFO: [ app_init ] --START--
INFO: Run Behavior\BuildLiteBehavior [ RunTime:0.000028s ]
INFO: [ app_init ] --END-- [ RunTime:0.000164s ]

[ 2017-03-15T16:30:17+08:00 ] 127.0.0.1 /Admin/Advertising/index.php
INFO: [ app_init ] --START--
INFO: Run Behavior\BuildLiteBehavior [ RunTime:0.000018s ]
INFO: [ app_init ] --END-- [ RunTime:0.000127s ]

[ 2017-03-15T16:30:23+08:00 ] 127.0.0.1 /Admin/Advertising/adv.php
INFO: [ app_init ] --START--
INFO: Run Behavior\BuildLiteBehavior [ RunTime:0.000020s ]
INFO: [ app_init ] --END-- [ RunTime:0.000120s ]

[ 2017-03-15T16:30:25+08:00 ] 127.0.0.1 /Admin/Advertising/addadvertising.php
INFO: [ app_init ] --START--
INFO: Run Behavior\BuildLiteBehavior [ RunTime:0.000021s ]
INFO: [ app_init ] --END-- [ RunTime:0.000124s ]

[ 2017-03-15T16:31:37+08:00 ] 127.0.0.1 /Admin/Advertising/addadvertising.php
INFO: [ app_init ] --START--
INFO: Run Behavior\BuildLiteBehavior [ RunTime:0.000021s ]
INFO: [ app_init ] --END-- [ RunTime:0.000262s ]

[ 2017-03-15T16:31:38+08:00 ] 127.0.0.1 /Admin/Advertising/adv.php
INFO: [ app_init ] --START--
INFO: Run Behavior\BuildLiteBehavior [ RunTime:0.000023s ]
INFO: [ app_init ] --END-- [ RunTime:0.000137s ]

[ 2017-03-15T16:31:42+08:00 ] 127.0.0.1 /Admin/Advertising/addadvertising.php?id=1
INFO: [ app_init ] --START--
INFO: Run Behavior\BuildLiteBehavior [ RunTime:0.000038s ]
INFO: [ app_init ] --END-- [ RunTime:0.000159s ]

[ 2017-03-15T16:31:45+08:00 ] 127.0.0.1 /Admin/Advertising/adv.php
INFO: [ app_init ] --START--
INFO: Run Behavior\BuildLiteBehavior [ RunTime:0.000020s ]
INFO: [ app_init ] --END-- [ RunTime:0.000116s ]

[ 2017-03-15T16:31:54+08:00 ] 127.0.0.1 /Admin/Advertising/addadvertising.php
INFO: [ app_init ] --START--
INFO: Run Behavior\BuildLiteBehavior [ RunTime:0.000020s ]
INFO: [ app_init ] --END-- [ RunTime:0.000118s ]

[ 2017-03-15T16:32:53+08:00 ] 127.0.0.1 /Admin/Advertising/adv.php
INFO: [ app_init ] --START--
INFO: Run Behavior\BuildLiteBehavior [ RunTime:0.000020s ]
INFO: [ app_init ] --END-- [ RunTime:0.000113s ]

[ 2017-03-15T16:32:56+08:00 ] 127.0.0.1 /Admin/Advertising/addadvertising.php?id=1
INFO: [ app_init ] --START--
INFO: Run Behavior\BuildLiteBehavior [ RunTime:0.000018s ]
INFO: [ app_init ] --END-- [ RunTime:0.000111s ]

[ 2017-03-15T16:33:03+08:00 ] 127.0.0.1 /Admin/Advertising/index.php
INFO: [ app_init ] --START--
INFO: Run Behavior\BuildLiteBehavior [ RunTime:0.000021s ]
INFO: [ app_init ] --END-- [ RunTime:0.000177s ]

[ 2017-03-15T16:33:05+08:00 ] 127.0.0.1 /Admin/Advertising/addadvertising.php?id=1
INFO: [ app_init ] --START--
INFO: Run Behavior\BuildLiteBehavior [ RunTime:0.000023s ]
INFO: [ app_init ] --END-- [ RunTime:0.000135s ]

[ 2017-03-15T16:33:11+08:00 ] 127.0.0.1 /Admin/Advertising/index.php
INFO: [ app_init ] --START--
INFO: Run Behavior\BuildLiteBehavior [ RunTime:0.000021s ]
INFO: [ app_init ] --END-- [ RunTime:0.000124s ]

[ 2017-03-15T16:33:21+08:00 ] 127.0.0.1 /Admin/Advertising/addadvertising.php?id=1
INFO: [ app_init ] --START--
INFO: Run Behavior\BuildLiteBehavior [ RunTime:0.000019s ]
INFO: [ app_init ] --END-- [ RunTime:0.000184s ]

[ 2017-03-15T16:33:27+08:00 ] 127.0.0.1 /Admin/Advertising/adv.php
INFO: [ app_init ] --START--
INFO: Run Behavior\BuildLiteBehavior [ RunTime:0.000028s ]
INFO: [ app_init ] --END-- [ RunTime:0.000250s ]

[ 2017-03-15T16:33:29+08:00 ] 127.0.0.1 /Admin/Advertising/addadvertising.php
INFO: [ app_init ] --START--
INFO: Run Behavior\BuildLiteBehavior [ RunTime:0.000020s ]
INFO: [ app_init ] --END-- [ RunTime:0.000167s ]

[ 2017-03-15T16:35:01+08:00 ] 127.0.0.1 /Admin/Advertising/index.php
INFO: [ app_init ] --START--
INFO: Run Behavior\BuildLiteBehavior [ RunTime:0.000022s ]
INFO: [ app_init ] --END-- [ RunTime:0.000121s ]

[ 2017-03-15T16:35:05+08:00 ] 127.0.0.1 /Admin/Advertising/adv.php
INFO: [ app_init ] --START--
INFO: Run Behavior\BuildLiteBehavior [ RunTime:0.000020s ]
INFO: [ app_init ] --END-- [ RunTime:0.000117s ]

[ 2017-03-15T16:36:49+08:00 ] 127.0.0.1 /Admin/Advertising/index.php
INFO: [ app_init ] --START--
INFO: Run Behavior\BuildLiteBehavior [ RunTime:0.000022s ]
INFO: [ app_init ] --END-- [ RunTime:0.000131s ]

[ 2017-03-15T16:36:53+08:00 ] 127.0.0.1 /Admin/Advertising/adv.php
INFO: [ app_init ] --START--
INFO: Run Behavior\BuildLiteBehavior [ RunTime:0.000040s ]
INFO: [ app_init ] --END-- [ RunTime:0.000211s ]

[ 2017-03-15T16:36:54+08:00 ] 127.0.0.1 /Admin/Advertising/addadvertising.php
INFO: [ app_init ] --START--
INFO: Run Behavior\BuildLiteBehavior [ RunTime:0.000021s ]
INFO: [ app_init ] --END-- [ RunTime:0.000117s ]

[ 2017-03-15T16:37:18+08:00 ] 127.0.0.1 /Admin/Uploads/uploads.php?num=1&name=ggimg&id=imgs
INFO: [ app_init ] --START--
INFO: Run Behavior\BuildLiteBehavior [ RunTime:0.000024s ]
INFO: [ app_init ] --END-- [ RunTime:0.000389s ]

[ 2017-03-15T16:38:08+08:00 ] 127.0.0.1 /Admin/Uploads/uploads.php?num=1&name=ggimg&id=imgs
INFO: [ app_init ] --START--
INFO: Run Behavior\BuildLiteBehavior [ RunTime:0.000037s ]
INFO: [ app_init ] --END-- [ RunTime:0.000222s ]

[ 2017-03-15T16:38:13+08:00 ] 127.0.0.1 /Admin/Uploads/uploads.php?num=1&name=ggimg
INFO: [ app_init ] --START--
INFO: Run Behavior\BuildLiteBehavior [ RunTime:0.000022s ]
INFO: [ app_init ] --END-- [ RunTime:0.000135s ]

[ 2017-03-15T16:38:14+08:00 ] 127.0.0.1 /Admin/Advertising/addadvertising.php
INFO: [ app_init ] --START--
INFO: Run Behavior\BuildLiteBehavior [ RunTime:0.000034s ]
INFO: [ app_init ] --END-- [ RunTime:0.000238s ]

[ 2017-03-15T16:38:16+08:00 ] 127.0.0.1 /Admin/Advertising/adv.php
INFO: [ app_init ] --START--
INFO: Run Behavior\BuildLiteBehavior [ RunTime:0.000021s ]
INFO: [ app_init ] --END-- [ RunTime:0.000124s ]

[ 2017-03-15T16:38:18+08:00 ] 127.0.0.1 /Admin/Advertising/addadvertising.php
INFO: [ app_init ] --START--
INFO: Run Behavior\BuildLiteBehavior [ RunTime:0.000073s ]
INFO: [ app_init ] --END-- [ RunTime:0.000175s ]

[ 2017-03-15T16:38:33+08:00 ] 127.0.0.1 /Admin/Uploads/uploads.php?num=1&name=ggimg&id=imgs
INFO: [ app_init ] --START--
INFO: Run Behavior\BuildLiteBehavior [ RunTime:0.000037s ]
INFO: [ app_init ] --END-- [ RunTime:0.000201s ]

[ 2017-03-15T16:38:38+08:00 ] 127.0.0.1 /Admin/Uploads/uploads.php?num=1&name=ggimg
INFO: [ app_init ] --START--
INFO: Run Behavior\BuildLiteBehavior [ RunTime:0.000022s ]
INFO: [ app_init ] --END-- [ RunTime:0.000128s ]

[ 2017-03-15T16:38:39+08:00 ] 127.0.0.1 /Admin/Advertising/addadvertising.php
INFO: [ app_init ] --START--
INFO: Run Behavior\BuildLiteBehavior [ RunTime:0.000024s ]
INFO: [ app_init ] --END-- [ RunTime:0.000160s ]

[ 2017-03-15T16:38:40+08:00 ] 127.0.0.1 /Admin/Advertising/adv.php
INFO: [ app_init ] --START--
INFO: Run Behavior\BuildLiteBehavior [ RunTime:0.000022s ]
INFO: [ app_init ] --END-- [ RunTime:0.000131s ]

[ 2017-03-15T16:38:42+08:00 ] 127.0.0.1 /Admin/Advertising/addadvertising.php
INFO: [ app_init ] --START--
INFO: Run Behavior\BuildLiteBehavior [ RunTime:0.000020s ]
INFO: [ app_init ] --END-- [ RunTime:0.000116s ]

[ 2017-03-15T16:38:58+08:00 ] 127.0.0.1 /Admin/Uploads/uploads.php?num=1&name=ggimg&id=imgs
INFO: [ app_init ] --START--
INFO: Run Behavior\BuildLiteBehavior [ RunTime:0.000019s ]
INFO: [ app_init ] --END-- [ RunTime:0.000108s ]

[ 2017-03-15T16:39:02+08:00 ] 127.0.0.1 /Admin/Uploads/uploads.php?num=1&name=ggimg
INFO: [ app_init ] --START--
INFO: Run Behavior\BuildLiteBehavior [ RunTime:0.000046s ]
INFO: [ app_init ] --END-- [ RunTime:0.000213s ]

[ 2017-03-15T16:39:03+08:00 ] 127.0.0.1 /Admin/Advertising/addadvertising.php
INFO: [ app_init ] --START--
INFO: Run Behavior\BuildLiteBehavior [ RunTime:0.000065s ]
INFO: [ app_init ] --END-- [ RunTime:0.000350s ]

[ 2017-03-15T16:39:04+08:00 ] 127.0.0.1 /Admin/Advertising/adv.php
INFO: [ app_init ] --START--
INFO: Run Behavior\BuildLiteBehavior [ RunTime:0.000021s ]
INFO: [ app_init ] --END-- [ RunTime:0.000124s ]

[ 2017-03-15T17:14:05+08:00 ] 127.0.0.1 /Admin/Classify/addclassify.php
INFO: [ app_init ] --START--
INFO: Run Behavior\BuildLiteBehavior [ RunTime:0.000020s ]
INFO: [ app_init ] --END-- [ RunTime:0.000130s ]

[ 2017-03-15T17:16:33+08:00 ] 127.0.0.1 /Admin/Classify/SelectTemplets.php?path=./Templates/Pc&tplname=tpl
INFO: [ app_init ] --START--
INFO: Run Behavior\BuildLiteBehavior [ RunTime:0.000028s ]
INFO: [ app_init ] --END-- [ RunTime:0.000151s ]

[ 2017-03-15T17:16:34+08:00 ] 127.0.0.1 /Admin/Classify/SelectTemplets.php?path=./Templates/Pc/linfei&tplname=tpl
INFO: [ app_init ] --START--
INFO: Run Behavior\BuildLiteBehavior [ RunTime:0.000021s ]
INFO: [ app_init ] --END-- [ RunTime:0.000118s ]

[ 2017-03-15T17:16:38+08:00 ] 127.0.0.1 /Admin/Classify/SelectTemplets.php?path=./Templates/Pc/linfei/prductlist.html&tplname=tpl
INFO: [ app_init ] --START--
INFO: Run Behavior\BuildLiteBehavior [ RunTime:0.000051s ]
INFO: [ app_init ] --END-- [ RunTime:0.000162s ]

[ 2017-03-15T17:17:01+08:00 ] 127.0.0.1 /Admin/Classify/addclassify.php
INFO: [ app_init ] --START--
INFO: Run Behavior\BuildLiteBehavior [ RunTime:0.000040s ]
INFO: [ app_init ] --END-- [ RunTime:0.000276s ]

[ 2017-03-15T17:17:02+08:00 ] 127.0.0.1 /Admin/classify/index.php
INFO: [ app_init ] --START--
INFO: Run Behavior\BuildLiteBehavior [ RunTime:0.000021s ]
INFO: [ app_init ] --END-- [ RunTime:0.000134s ]

[ 2017-03-15T17:17:15+08:00 ] 127.0.0.1 /Admin/Classify/index.php?type=1
INFO: [ app_init ] --START--
INFO: Run Behavior\BuildLiteBehavior [ RunTime:0.000018s ]
INFO: [ app_init ] --END-- [ RunTime:0.000119s ]

[ 2017-03-15T17:17:32+08:00 ] 127.0.0.1 /Admin/Classify/addclassify.php
INFO: [ app_init ] --START--
INFO: Run Behavior\BuildLiteBehavior [ RunTime:0.000020s ]
INFO: [ app_init ] --END-- [ RunTime:0.000118s ]

[ 2017-03-15T17:18:26+08:00 ] 127.0.0.1 /Admin/Classify/SelectTemplets.php?path=./Templates/Pc&tplname=tpl
INFO: [ app_init ] --START--
INFO: Run Behavior\BuildLiteBehavior [ RunTime:0.000019s ]
INFO: [ app_init ] --END-- [ RunTime:0.000113s ]

[ 2017-03-15T17:18:27+08:00 ] 127.0.0.1 /Admin/Classify/SelectTemplets.php?path=./Templates/Pc/linfei&tplname=tpl
INFO: [ app_init ] --START--
INFO: Run Behavior\BuildLiteBehavior [ RunTime:0.000020s ]
INFO: [ app_init ] --END-- [ RunTime:0.000131s ]

[ 2017-03-15T17:18:29+08:00 ] 127.0.0.1 /Admin/Classify/SelectTemplets.php?path=./Templates/Pc/linfei/prductlist.html&tplname=tpl
INFO: [ app_init ] --START--
INFO: Run Behavior\BuildLiteBehavior [ RunTime:0.000024s ]
INFO: [ app_init ] --END-- [ RunTime:0.000135s ]

[ 2017-03-15T17:18:43+08:00 ] 127.0.0.1 /Admin/Classify/addclassify.php
INFO: [ app_init ] --START--
INFO: Run Behavior\BuildLiteBehavior [ RunTime:0.000019s ]
INFO: [ app_init ] --END-- [ RunTime:0.000119s ]

[ 2017-03-15T17:18:45+08:00 ] 127.0.0.1 /Admin/classify/index.php
INFO: [ app_init ] --START--
INFO: Run Behavior\BuildLiteBehavior [ RunTime:0.000030s ]
INFO: [ app_init ] --END-- [ RunTime:0.000164s ]

[ 2017-03-15T17:19:03+08:00 ] 127.0.0.1 /Admin/Classify/addclassify.php
INFO: [ app_init ] --START--
INFO: Run Behavior\BuildLiteBehavior [ RunTime:0.000020s ]
INFO: [ app_init ] --END-- [ RunTime:0.000119s ]

[ 2017-03-15T17:19:46+08:00 ] 127.0.0.1 /Admin/Classify/SelectTemplets.php?path=./Templates/Pc&tplname=tpl
INFO: [ app_init ] --START--
INFO: Run Behavior\BuildLiteBehavior [ RunTime:0.000026s ]
INFO: [ app_init ] --END-- [ RunTime:0.000156s ]

[ 2017-03-15T17:19:47+08:00 ] 127.0.0.1 /Admin/Classify/SelectTemplets.php?path=./Templates/Pc/linfei&tplname=tpl
INFO: [ app_init ] --START--
INFO: Run Behavior\BuildLiteBehavior [ RunTime:0.000021s ]
INFO: [ app_init ] --END-- [ RunTime:0.000120s ]

[ 2017-03-15T17:19:48+08:00 ] 127.0.0.1 /Admin/Classify/SelectTemplets.php?path=./Templates/Pc/linfei/prductlist.html&tplname=tpl
INFO: [ app_init ] --START--
INFO: Run Behavior\BuildLiteBehavior [ RunTime:0.000026s ]
INFO: [ app_init ] --END-- [ RunTime:0.000173s ]

[ 2017-03-15T17:19:59+08:00 ] 127.0.0.1 /Admin/Classify/addclassify.php
INFO: [ app_init ] --START--
INFO: Run Behavior\BuildLiteBehavior [ RunTime:0.000019s ]
INFO: [ app_init ] --END-- [ RunTime:0.000106s ]

[ 2017-03-15T17:20:00+08:00 ] 127.0.0.1 /Admin/classify/index.php
INFO: [ app_init ] --START--
INFO: Run Behavior\BuildLiteBehavior [ RunTime:0.000034s ]
INFO: [ app_init ] --END-- [ RunTime:0.000215s ]

[ 2017-03-15T17:20:51+08:00 ] 127.0.0.1 /Admin/Product/addproduct.php
INFO: [ app_init ] --START--
INFO: Run Behavior\BuildLiteBehavior [ RunTime:0.000023s ]
INFO: [ app_init ] --END-- [ RunTime:0.000137s ]

[ 2017-03-15T17:20:51+08:00 ] 127.0.0.1 /Admin/Common/ajaxmodel.php
INFO: [ app_init ] --START--
INFO: Run Behavior\BuildLiteBehavior [ RunTime:0.000037s ]
INFO: [ app_init ] --END-- [ RunTime:0.000176s ]
INFO: [ app_begin ] --START--
INFO: Run Behavior\ReadHtmlCacheBehavior [ RunTime:0.001309s ]
INFO: [ app_begin ] --END-- [ RunTime:0.001427s ]
SQL: SHOW COLUMNS FROM `linfei_config` [ RunTime:0.0007s ]
SQL: SELECT `navstyle` FROM `linfei_config` LIMIT 1   [ RunTime:0.0002s ]
SQL: SHOW COLUMNS FROM `linfei_admin` [ RunTime:0.0013s ]
SQL: SELECT `group` FROM `linfei_admin` WHERE `id` = 1 LIMIT 1   [ RunTime:0.0003s ]
SQL: SHOW COLUMNS FROM `linfei_group` [ RunTime:0.0006s ]
SQL: SELECT `permissions` FROM `linfei_group` WHERE `id` = 1 LIMIT 1   [ RunTime:0.0003s ]
SQL: SHOW COLUMNS FROM `linfei_classify` [ RunTime:0.0006s ]
SQL: SELECT `m` FROM `linfei_classify` WHERE `id` = 1 LIMIT 1   [ RunTime:0.0003s ]
ERR: 1146:Table 'linfei.linfei_s' doesn't exist
 [ SQL语句 ] : SHOW COLUMNS FROM `linfei_s`
ERR: 1146:Table 'linfei.linfei_s' doesn't exist
 [ SQL语句 ] : SHOW COLUMNS FROM `linfei_s`

[ 2017-03-15T17:25:30+08:00 ] 127.0.0.1 /Admin/Common/ajaxmodel.php
INFO: [ app_init ] --START--
INFO: Run Behavior\BuildLiteBehavior [ RunTime:0.000019s ]
INFO: [ app_init ] --END-- [ RunTime:0.000113s ]
INFO: [ app_begin ] --START--
INFO: Run Behavior\ReadHtmlCacheBehavior [ RunTime:0.001396s ]
INFO: [ app_begin ] --END-- [ RunTime:0.001519s ]
SQL: SHOW COLUMNS FROM `linfei_config` [ RunTime:0.0009s ]
SQL: SELECT `navstyle` FROM `linfei_config` LIMIT 1   [ RunTime:0.0003s ]
SQL: SHOW COLUMNS FROM `linfei_admin` [ RunTime:0.0006s ]
SQL: SELECT `group` FROM `linfei_admin` WHERE `id` = 1 LIMIT 1   [ RunTime:0.0004s ]
SQL: SHOW COLUMNS FROM `linfei_group` [ RunTime:0.0005s ]
SQL: SELECT `permissions` FROM `linfei_group` WHERE `id` = 1 LIMIT 1   [ RunTime:0.0003s ]
SQL: SHOW COLUMNS FROM `linfei_classify` [ RunTime:0.0005s ]
SQL: SELECT `m` FROM `linfei_classify` WHERE `id` = 3 LIMIT 1   [ RunTime:0.0003s ]
ERR: 1146:Table 'linfei.linfei_s' doesn't exist
 [ SQL语句 ] : SHOW COLUMNS FROM `linfei_s`
ERR: 1146:Table 'linfei.linfei_s' doesn't exist
 [ SQL语句 ] : SHOW COLUMNS FROM `linfei_s`

[ 2017-03-15T17:25:35+08:00 ] 127.0.0.1 /Admin/Uploads/uploads.php?num=1&name=img&id=imgs
INFO: [ app_init ] --START--
INFO: Run Behavior\BuildLiteBehavior [ RunTime:0.000019s ]
INFO: [ app_init ] --END-- [ RunTime:0.000111s ]

[ 2017-03-15T17:25:41+08:00 ] 127.0.0.1 /Admin/Uploads/uploads.php?num=1&name=img
INFO: [ app_init ] --START--
INFO: Run Behavior\BuildLiteBehavior [ RunTime:0.000036s ]
INFO: [ app_init ] --END-- [ RunTime:0.000246s ]

[ 2017-03-15T17:26:16+08:00 ] 127.0.0.1 /Admin/Product/addproduct.php
INFO: [ app_init ] --START--
INFO: Run Behavior\BuildLiteBehavior [ RunTime:0.000037s ]
INFO: [ app_init ] --END-- [ RunTime:0.000188s ]
ERR: 1146:Table 'linfei.linfei_' doesn't exist
 [ SQL语句 ] : SELECT * FROM `linfei_` WHERE `aid` = '1' LIMIT 1  

[ 2017-03-15T17:26:37+08:00 ] 127.0.0.1 /Admin/Common/ajaxmodel.php
INFO: [ app_init ] --START--
INFO: Run Behavior\BuildLiteBehavior [ RunTime:0.000024s ]
INFO: [ app_init ] --END-- [ RunTime:0.000140s ]
INFO: [ app_begin ] --START--
INFO: Run Behavior\ReadHtmlCacheBehavior [ RunTime:0.000840s ]
INFO: [ app_begin ] --END-- [ RunTime:0.000968s ]
SQL: SHOW COLUMNS FROM `linfei_config` [ RunTime:0.0007s ]
SQL: SELECT `navstyle` FROM `linfei_config` LIMIT 1   [ RunTime:0.0002s ]
SQL: SHOW COLUMNS FROM `linfei_admin` [ RunTime:0.0005s ]
SQL: SELECT `group` FROM `linfei_admin` WHERE `id` = 1 LIMIT 1   [ RunTime:0.0003s ]
SQL: SHOW COLUMNS FROM `linfei_group` [ RunTime:0.0005s ]
SQL: SELECT `permissions` FROM `linfei_group` WHERE `id` = 1 LIMIT 1   [ RunTime:0.0003s ]
SQL: SHOW COLUMNS FROM `linfei_classify` [ RunTime:0.0008s ]
SQL: SELECT `m` FROM `linfei_classify` WHERE `id` = 1 LIMIT 1   [ RunTime:0.0012s ]
ERR: 1146:Table 'linfei.linfei_s' doesn't exist
 [ SQL语句 ] : SHOW COLUMNS FROM `linfei_s`
ERR: 1146:Table 'linfei.linfei_s' doesn't exist
 [ SQL语句 ] : SHOW COLUMNS FROM `linfei_s`

[ 2017-03-15T17:26:40+08:00 ] 127.0.0.1 /Admin/Product/index.php
INFO: [ app_init ] --START--
INFO: Run Behavior\BuildLiteBehavior [ RunTime:0.000022s ]
INFO: [ app_init ] --END-- [ RunTime:0.000128s ]

[ 2017-03-15T17:26:42+08:00 ] 127.0.0.1 /Admin/Admin/status.php
INFO: [ app_init ] --START--
INFO: Run Behavior\BuildLiteBehavior [ RunTime:0.000021s ]
INFO: [ app_init ] --END-- [ RunTime:0.000125s ]
INFO: [ app_begin ] --START--
INFO: Run Behavior\ReadHtmlCacheBehavior [ RunTime:0.000631s ]
INFO: [ app_begin ] --END-- [ RunTime:0.000748s ]
SQL: SHOW COLUMNS FROM `linfei_config` [ RunTime:0.0006s ]
SQL: SELECT `navstyle` FROM `linfei_config` LIMIT 1   [ RunTime:0.0004s ]
SQL: SHOW COLUMNS FROM `linfei_admin` [ RunTime:0.0007s ]
SQL: SELECT `group` FROM `linfei_admin` WHERE `id` = 1 LIMIT 1   [ RunTime:0.0004s ]
SQL: SHOW COLUMNS FROM `linfei_group` [ RunTime:0.0006s ]
SQL: SELECT `permissions` FROM `linfei_group` WHERE `id` = 1 LIMIT 1   [ RunTime:0.0003s ]
SQL: SHOW COLUMNS FROM `linfei_product` [ RunTime:0.0008s ]
SQL: UPDATE `linfei_product` SET `recommended`='1' WHERE `id` = 1 [ RunTime:0.0525s ]

[ 2017-03-15T17:26:42+08:00 ] 127.0.0.1 /Admin/Product/index.php
INFO: [ app_init ] --START--
INFO: Run Behavior\BuildLiteBehavior [ RunTime:0.000019s ]
INFO: [ app_init ] --END-- [ RunTime:0.000113s ]

[ 2017-03-15T17:26:43+08:00 ] 127.0.0.1 /Admin/Admin/status.php
INFO: [ app_init ] --START--
INFO: Run Behavior\BuildLiteBehavior [ RunTime:0.000018s ]
INFO: [ app_init ] --END-- [ RunTime:0.000110s ]
INFO: [ app_begin ] --START--
INFO: Run Behavior\ReadHtmlCacheBehavior [ RunTime:0.000898s ]
INFO: [ app_begin ] --END-- [ RunTime:0.000981s ]
SQL: SHOW COLUMNS FROM `linfei_config` [ RunTime:0.0008s ]
SQL: SELECT `navstyle` FROM `linfei_config` LIMIT 1   [ RunTime:0.0099s ]
SQL: SHOW COLUMNS FROM `linfei_admin` [ RunTime:0.0007s ]
SQL: SELECT `group` FROM `linfei_admin` WHERE `id` = 1 LIMIT 1   [ RunTime:0.0049s ]
SQL: SHOW COLUMNS FROM `linfei_group` [ RunTime:0.0007s ]
SQL: SELECT `permissions` FROM `linfei_group` WHERE `id` = 1 LIMIT 1   [ RunTime:0.0002s ]
SQL: SHOW COLUMNS FROM `linfei_product` [ RunTime:0.0010s ]
SQL: UPDATE `linfei_product` SET `new`='1' WHERE `id` = 1 [ RunTime:0.0460s ]

[ 2017-03-15T17:26:43+08:00 ] 127.0.0.1 /Admin/Product/index.php
INFO: [ app_init ] --START--
INFO: Run Behavior\BuildLiteBehavior [ RunTime:0.000034s ]
INFO: [ app_init ] --END-- [ RunTime:0.000181s ]

[ 2017-03-15T17:26:43+08:00 ] 127.0.0.1 /Admin/Admin/status.php
INFO: [ app_init ] --START--
INFO: Run Behavior\BuildLiteBehavior [ RunTime:0.000022s ]
INFO: [ app_init ] --END-- [ RunTime:0.000150s ]
INFO: [ app_begin ] --START--
INFO: Run Behavior\ReadHtmlCacheBehavior [ RunTime:0.000834s ]
INFO: [ app_begin ] --END-- [ RunTime:0.000921s ]
SQL: SHOW COLUMNS FROM `linfei_config` [ RunTime:0.0007s ]
SQL: SELECT `navstyle` FROM `linfei_config` LIMIT 1   [ RunTime:0.0003s ]
SQL: SHOW COLUMNS FROM `linfei_admin` [ RunTime:0.0007s ]
SQL: SELECT `group` FROM `linfei_admin` WHERE `id` = 1 LIMIT 1   [ RunTime:0.0003s ]
SQL: SHOW COLUMNS FROM `linfei_group` [ RunTime:0.0006s ]
SQL: SELECT `permissions` FROM `linfei_group` WHERE `id` = 1 LIMIT 1   [ RunTime:0.0003s ]
SQL: SHOW COLUMNS FROM `linfei_product` [ RunTime:0.0007s ]
SQL: UPDATE `linfei_product` SET `selling`='1' WHERE `id` = 1 [ RunTime:0.0237s ]

[ 2017-03-15T17:26:44+08:00 ] 127.0.0.1 /Admin/Product/index.php
INFO: [ app_init ] --START--
INFO: Run Behavior\BuildLiteBehavior [ RunTime:0.000019s ]
INFO: [ app_init ] --END-- [ RunTime:0.000111s ]

[ 2017-03-15T17:29:21+08:00 ] 127.0.0.1 /Admin/Product/index.php
INFO: [ app_init ] --START--
INFO: Run Behavior\BuildLiteBehavior [ RunTime:0.000022s ]
INFO: [ app_init ] --END-- [ RunTime:0.000123s ]

[ 2017-03-15T17:29:24+08:00 ] 127.0.0.1 /Admin/Product/index.php
INFO: [ app_init ] --START--
INFO: Run Behavior\BuildLiteBehavior [ RunTime:0.000020s ]
INFO: [ app_init ] --END-- [ RunTime:0.000119s ]

[ 2017-03-15T17:30:18+08:00 ] 127.0.0.1 /Admin/Product/index.php
INFO: [ app_init ] --START--
INFO: Run Behavior\BuildLiteBehavior [ RunTime:0.000036s ]
INFO: [ app_init ] --END-- [ RunTime:0.000138s ]

[ 2017-03-15T17:30:23+08:00 ] 127.0.0.1 /Admin/Product/addproduct.php
INFO: [ app_init ] --START--
INFO: Run Behavior\BuildLiteBehavior [ RunTime:0.000038s ]
INFO: [ app_init ] --END-- [ RunTime:0.000197s ]

[ 2017-03-15T17:30:23+08:00 ] 127.0.0.1 /Admin/Common/ajaxmodel.php
INFO: [ app_init ] --START--
INFO: Run Behavior\BuildLiteBehavior [ RunTime:0.000025s ]
INFO: [ app_init ] --END-- [ RunTime:0.000150s ]
INFO: [ app_begin ] --START--
INFO: Run Behavior\ReadHtmlCacheBehavior [ RunTime:0.000763s ]
INFO: [ app_begin ] --END-- [ RunTime:0.000934s ]
SQL: SHOW COLUMNS FROM `linfei_config` [ RunTime:0.0024s ]
SQL: SELECT `navstyle` FROM `linfei_config` LIMIT 1   [ RunTime:0.0010s ]
SQL: SHOW COLUMNS FROM `linfei_admin` [ RunTime:0.0008s ]
SQL: SELECT `group` FROM `linfei_admin` WHERE `id` = 1 LIMIT 1   [ RunTime:0.0004s ]
SQL: SHOW COLUMNS FROM `linfei_group` [ RunTime:0.0005s ]
SQL: SELECT `permissions` FROM `linfei_group` WHERE `id` = 1 LIMIT 1   [ RunTime:0.0002s ]
SQL: SHOW COLUMNS FROM `linfei_classify` [ RunTime:0.0008s ]
SQL: SELECT `m` FROM `linfei_classify` WHERE `id` = 1 LIMIT 1   [ RunTime:0.0003s ]
ERR: 1146:Table 'linfei.linfei_s' doesn't exist
 [ SQL语句 ] : SHOW COLUMNS FROM `linfei_s`
ERR: 1146:Table 'linfei.linfei_s' doesn't exist
 [ SQL语句 ] : SHOW COLUMNS FROM `linfei_s`

[ 2017-03-15T17:30:40+08:00 ] 127.0.0.1 /Admin/Common/ajaxmodel.php
INFO: [ app_init ] --START--
INFO: Run Behavior\BuildLiteBehavior [ RunTime:0.000020s ]
INFO: [ app_init ] --END-- [ RunTime:0.000114s ]
INFO: [ app_begin ] --START--
INFO: Run Behavior\ReadHtmlCacheBehavior [ RunTime:0.000611s ]
INFO: [ app_begin ] --END-- [ RunTime:0.000744s ]
SQL: SHOW COLUMNS FROM `linfei_config` [ RunTime:0.0007s ]
SQL: SELECT `navstyle` FROM `linfei_config` LIMIT 1   [ RunTime:0.0003s ]
SQL: SHOW COLUMNS FROM `linfei_admin` [ RunTime:0.0006s ]
SQL: SELECT `group` FROM `linfei_admin` WHERE `id` = 1 LIMIT 1   [ RunTime:0.0003s ]
SQL: SHOW COLUMNS FROM `linfei_group` [ RunTime:0.0006s ]
SQL: SELECT `permissions` FROM `linfei_group` WHERE `id` = 1 LIMIT 1   [ RunTime:0.0003s ]
SQL: SHOW COLUMNS FROM `linfei_classify` [ RunTime:0.0006s ]
SQL: SELECT `m` FROM `linfei_classify` WHERE `id` = 3 LIMIT 1   [ RunTime:0.0002s ]
ERR: 1146:Table 'linfei.linfei_s' doesn't exist
 [ SQL语句 ] : SHOW COLUMNS FROM `linfei_s`
ERR: 1146:Table 'linfei.linfei_s' doesn't exist
 [ SQL语句 ] : SHOW COLUMNS FROM `linfei_s`

[ 2017-03-15T17:30:42+08:00 ] 127.0.0.1 /Admin/Uploads/uploads.php?num=1&name=img&id=imgs
INFO: [ app_init ] --START--
INFO: Run Behavior\BuildLiteBehavior [ RunTime:0.000078s ]
INFO: [ app_init ] --END-- [ RunTime:0.000391s ]

[ 2017-03-15T17:31:01+08:00 ] 127.0.0.1 /Admin/Uploads/uploads.php?num=1&name=img
INFO: [ app_init ] --START--
INFO: Run Behavior\BuildLiteBehavior [ RunTime:0.000023s ]
INFO: [ app_init ] --END-- [ RunTime:0.000127s ]

[ 2017-03-15T17:31:51+08:00 ] 127.0.0.1 /Admin/Product/addproduct.php
INFO: [ app_init ] --START--
INFO: Run Behavior\BuildLiteBehavior [ RunTime:0.000021s ]
INFO: [ app_init ] --END-- [ RunTime:0.000123s ]

[ 2017-03-15T17:32:46+08:00 ] 127.0.0.1 /Admin/Product/addproduct.php
INFO: [ app_init ] --START--
INFO: Run Behavior\BuildLiteBehavior [ RunTime:0.000020s ]
INFO: [ app_init ] --END-- [ RunTime:0.000117s ]

[ 2017-03-15T17:32:50+08:00 ] 127.0.0.1 /Admin/Product/addproduct.php
INFO: [ app_init ] --START--
INFO: Run Behavior\BuildLiteBehavior [ RunTime:0.000021s ]
INFO: [ app_init ] --END-- [ RunTime:0.000294s ]

[ 2017-03-15T17:32:50+08:00 ] 127.0.0.1 /Admin/Common/ajaxmodel.php
INFO: [ app_init ] --START--
INFO: Run Behavior\BuildLiteBehavior [ RunTime:0.000022s ]
INFO: [ app_init ] --END-- [ RunTime:0.000177s ]
INFO: [ app_begin ] --START--
INFO: Run Behavior\ReadHtmlCacheBehavior [ RunTime:0.000857s ]
INFO: [ app_begin ] --END-- [ RunTime:0.000971s ]
SQL: SHOW COLUMNS FROM `linfei_config` [ RunTime:0.0008s ]
SQL: SELECT `navstyle` FROM `linfei_config` LIMIT 1   [ RunTime:0.0004s ]
SQL: SHOW COLUMNS FROM `linfei_admin` [ RunTime:0.0025s ]
SQL: SELECT `group` FROM `linfei_admin` WHERE `id` = 1 LIMIT 1   [ RunTime:0.0003s ]
SQL: SHOW COLUMNS FROM `linfei_group` [ RunTime:0.0007s ]
SQL: SELECT `permissions` FROM `linfei_group` WHERE `id` = 1 LIMIT 1   [ RunTime:0.0002s ]
SQL: SHOW COLUMNS FROM `linfei_classify` [ RunTime:0.0006s ]
SQL: SELECT `m` FROM `linfei_classify` WHERE `id` = 1 LIMIT 1   [ RunTime:0.0003s ]
ERR: 1146:Table 'linfei.linfei_s' doesn't exist
 [ SQL语句 ] : SHOW COLUMNS FROM `linfei_s`
ERR: 1146:Table 'linfei.linfei_s' doesn't exist
 [ SQL语句 ] : SHOW COLUMNS FROM `linfei_s`

[ 2017-03-15T17:32:55+08:00 ] 127.0.0.1 /Admin/Uploads/uploads.php?num=1&name=img&id=imgs
INFO: [ app_init ] --START--
INFO: Run Behavior\BuildLiteBehavior [ RunTime:0.000033s ]
INFO: [ app_init ] --END-- [ RunTime:0.000182s ]

[ 2017-03-15T17:32:59+08:00 ] 127.0.0.1 /Admin/Uploads/uploads.php?num=1&name=img
INFO: [ app_init ] --START--
INFO: Run Behavior\BuildLiteBehavior [ RunTime:0.000049s ]
INFO: [ app_init ] --END-- [ RunTime:0.000159s ]

[ 2017-03-15T17:33:12+08:00 ] 127.0.0.1 /Admin/Product/addproduct.php
INFO: [ app_init ] --START--
INFO: Run Behavior\BuildLiteBehavior [ RunTime:0.000021s ]
INFO: [ app_init ] --END-- [ RunTime:0.000123s ]

[ 2017-03-15T17:33:13+08:00 ] 127.0.0.1 /Admin/Product/index.php
INFO: [ app_init ] --START--
INFO: Run Behavior\BuildLiteBehavior [ RunTime:0.000022s ]
INFO: [ app_init ] --END-- [ RunTime:0.000135s ]

[ 2017-03-15T17:33:16+08:00 ] 127.0.0.1 /Admin/Admin/status.php
INFO: [ app_init ] --START--
INFO: Run Behavior\BuildLiteBehavior [ RunTime:0.000019s ]
INFO: [ app_init ] --END-- [ RunTime:0.000114s ]
INFO: [ app_begin ] --START--
INFO: Run Behavior\ReadHtmlCacheBehavior [ RunTime:0.000993s ]
INFO: [ app_begin ] --END-- [ RunTime:0.001133s ]
SQL: SHOW COLUMNS FROM `linfei_config` [ RunTime:0.0008s ]
SQL: SELECT `navstyle` FROM `linfei_config` LIMIT 1   [ RunTime:0.0003s ]
SQL: SHOW COLUMNS FROM `linfei_admin` [ RunTime:0.0006s ]
SQL: SELECT `group` FROM `linfei_admin` WHERE `id` = 1 LIMIT 1   [ RunTime:0.0003s ]
SQL: SHOW COLUMNS FROM `linfei_group` [ RunTime:0.0006s ]
SQL: SELECT `permissions` FROM `linfei_group` WHERE `id` = 1 LIMIT 1   [ RunTime:0.0003s ]
SQL: SHOW COLUMNS FROM `linfei_product` [ RunTime:0.0007s ]
SQL: UPDATE `linfei_product` SET `recommended`='1' WHERE `id` = 2 [ RunTime:0.0249s ]

[ 2017-03-15T17:33:17+08:00 ] 127.0.0.1 /Admin/Product/index.php
INFO: [ app_init ] --START--
INFO: Run Behavior\BuildLiteBehavior [ RunTime:0.000026s ]
INFO: [ app_init ] --END-- [ RunTime:0.000133s ]

[ 2017-03-15T17:33:17+08:00 ] 127.0.0.1 /Admin/Admin/status.php
INFO: [ app_init ] --START--
INFO: Run Behavior\BuildLiteBehavior [ RunTime:0.000018s ]
INFO: [ app_init ] --END-- [ RunTime:0.000109s ]
INFO: [ app_begin ] --START--
INFO: Run Behavior\ReadHtmlCacheBehavior [ RunTime:0.000800s ]
INFO: [ app_begin ] --END-- [ RunTime:0.000886s ]
SQL: SHOW COLUMNS FROM `linfei_config` [ RunTime:0.0009s ]
SQL: SELECT `navstyle` FROM `linfei_config` LIMIT 1   [ RunTime:0.0001s ]
SQL: SHOW COLUMNS FROM `linfei_admin` [ RunTime:0.0004s ]
SQL: SELECT `group` FROM `linfei_admin` WHERE `id` = 1 LIMIT 1   [ RunTime:0.0002s ]
SQL: SHOW COLUMNS FROM `linfei_group` [ RunTime:0.0005s ]
SQL: SELECT `permissions` FROM `linfei_group` WHERE `id` = 1 LIMIT 1   [ RunTime:0.0002s ]
SQL: SHOW COLUMNS FROM `linfei_product` [ RunTime:0.0005s ]
SQL: UPDATE `linfei_product` SET `new`='1' WHERE `id` = 2 [ RunTime:0.0331s ]

[ 2017-03-15T17:33:17+08:00 ] 127.0.0.1 /Admin/Product/index.php
INFO: [ app_init ] --START--
INFO: Run Behavior\BuildLiteBehavior [ RunTime:0.000026s ]
INFO: [ app_init ] --END-- [ RunTime:0.000143s ]

[ 2017-03-15T17:33:18+08:00 ] 127.0.0.1 /Admin/Admin/status.php
INFO: [ app_init ] --START--
INFO: Run Behavior\BuildLiteBehavior [ RunTime:0.000019s ]
INFO: [ app_init ] --END-- [ RunTime:0.000150s ]
INFO: [ app_begin ] --START--
INFO: Run Behavior\ReadHtmlCacheBehavior [ RunTime:0.000870s ]
INFO: [ app_begin ] --END-- [ RunTime:0.000987s ]
SQL: SHOW COLUMNS FROM `linfei_config` [ RunTime:0.0007s ]
SQL: SELECT `navstyle` FROM `linfei_config` LIMIT 1   [ RunTime:0.0004s ]
SQL: SHOW COLUMNS FROM `linfei_admin` [ RunTime:0.0005s ]
SQL: SELECT `group` FROM `linfei_admin` WHERE `id` = 1 LIMIT 1   [ RunTime:0.0002s ]
SQL: SHOW COLUMNS FROM `linfei_group` [ RunTime:0.0004s ]
SQL: SELECT `permissions` FROM `linfei_group` WHERE `id` = 1 LIMIT 1   [ RunTime:0.0001s ]
SQL: SHOW COLUMNS FROM `linfei_product` [ RunTime:0.0007s ]
SQL: UPDATE `linfei_product` SET `selling`='1' WHERE `id` = 2 [ RunTime:0.0301s ]

[ 2017-03-15T17:33:18+08:00 ] 127.0.0.1 /Admin/Product/index.php
INFO: [ app_init ] --START--
INFO: Run Behavior\BuildLiteBehavior [ RunTime:0.000020s ]
INFO: [ app_init ] --END-- [ RunTime:0.000119s ]

[ 2017-03-15T17:33:19+08:00 ] 127.0.0.1 /Admin/Admin/status.php
INFO: [ app_init ] --START--
INFO: Run Behavior\BuildLiteBehavior [ RunTime:0.000020s ]
INFO: [ app_init ] --END-- [ RunTime:0.000119s ]
INFO: [ app_begin ] --START--
INFO: Run Behavior\ReadHtmlCacheBehavior [ RunTime:0.000748s ]
INFO: [ app_begin ] --END-- [ RunTime:0.000844s ]
SQL: SHOW COLUMNS FROM `linfei_config` [ RunTime:0.0008s ]
SQL: SELECT `navstyle` FROM `linfei_config` LIMIT 1   [ RunTime:0.0003s ]
SQL: SHOW COLUMNS FROM `linfei_admin` [ RunTime:0.0006s ]
SQL: SELECT `group` FROM `linfei_admin` WHERE `id` = 1 LIMIT 1   [ RunTime:0.0003s ]
SQL: SHOW COLUMNS FROM `linfei_group` [ RunTime:0.0004s ]
SQL: SELECT `permissions` FROM `linfei_group` WHERE `id` = 1 LIMIT 1   [ RunTime:0.0002s ]
SQL: SHOW COLUMNS FROM `linfei_product` [ RunTime:0.0006s ]
SQL: UPDATE `linfei_product` SET `recommended`='1' WHERE `id` = 3 [ RunTime:0.0208s ]

[ 2017-03-15T17:33:19+08:00 ] 127.0.0.1 /Admin/Product/index.php
INFO: [ app_init ] --START--
INFO: Run Behavior\BuildLiteBehavior [ RunTime:0.000040s ]
INFO: [ app_init ] --END-- [ RunTime:0.000187s ]

[ 2017-03-15T17:33:20+08:00 ] 127.0.0.1 /Admin/Admin/status.php
INFO: [ app_init ] --START--
INFO: Run Behavior\BuildLiteBehavior [ RunTime:0.000028s ]
INFO: [ app_init ] --END-- [ RunTime:0.000133s ]
INFO: [ app_begin ] --START--
INFO: Run Behavior\ReadHtmlCacheBehavior [ RunTime:0.001106s ]
INFO: [ app_begin ] --END-- [ RunTime:0.001196s ]
SQL: SHOW COLUMNS FROM `linfei_config` [ RunTime:0.0290s ]
SQL: SELECT `navstyle` FROM `linfei_config` LIMIT 1   [ RunTime:0.0003s ]
SQL: SHOW COLUMNS FROM `linfei_admin` [ RunTime:0.0005s ]
SQL: SELECT `group` FROM `linfei_admin` WHERE `id` = 1 LIMIT 1   [ RunTime:0.0002s ]
SQL: SHOW COLUMNS FROM `linfei_group` [ RunTime:0.0004s ]
SQL: SELECT `permissions` FROM `linfei_group` WHERE `id` = 1 LIMIT 1   [ RunTime:0.0004s ]
SQL: SHOW COLUMNS FROM `linfei_product` [ RunTime:0.0006s ]
SQL: UPDATE `linfei_product` SET `selling`='1' WHERE `id` = 3 [ RunTime:0.0218s ]

[ 2017-03-15T17:33:20+08:00 ] 127.0.0.1 /Admin/Product/index.php
INFO: [ app_init ] --START--
INFO: Run Behavior\BuildLiteBehavior [ RunTime:0.000023s ]
INFO: [ app_init ] --END-- [ RunTime:0.000127s ]

[ 2017-03-15T17:33:21+08:00 ] 127.0.0.1 /Admin/Admin/status.php
INFO: [ app_init ] --START--
INFO: Run Behavior\BuildLiteBehavior [ RunTime:0.000022s ]
INFO: [ app_init ] --END-- [ RunTime:0.000125s ]
INFO: [ app_begin ] --START--
INFO: Run Behavior\ReadHtmlCacheBehavior [ RunTime:0.000536s ]
INFO: [ app_begin ] --END-- [ RunTime:0.000632s ]
SQL: SHOW COLUMNS FROM `linfei_config` [ RunTime:0.0010s ]
SQL: SELECT `navstyle` FROM `linfei_config` LIMIT 1   [ RunTime:0.0002s ]
SQL: SHOW COLUMNS FROM `linfei_admin` [ RunTime:0.0005s ]
SQL: SELECT `group` FROM `linfei_admin` WHERE `id` = 1 LIMIT 1   [ RunTime:0.0001s ]
SQL: SHOW COLUMNS FROM `linfei_group` [ RunTime:0.0003s ]
SQL: SELECT `permissions` FROM `linfei_group` WHERE `id` = 1 LIMIT 1   [ RunTime:0.0001s ]
SQL: SHOW COLUMNS FROM `linfei_product` [ RunTime:0.0004s ]
SQL: UPDATE `linfei_product` SET `new`='1' WHERE `id` = 3 [ RunTime:0.0258s ]

[ 2017-03-15T17:33:21+08:00 ] 127.0.0.1 /Admin/Product/index.php
INFO: [ app_init ] --START--
INFO: Run Behavior\BuildLiteBehavior [ RunTime:0.000018s ]
INFO: [ app_init ] --END-- [ RunTime:0.000108s ]

[ 2017-03-15T20:14:03+08:00 ] 127.0.0.1 /Admin/Config/index.php
INFO: [ app_init ] --START--
INFO: Run Behavior\BuildLiteBehavior [ RunTime:0.000020s ]
INFO: [ app_init ] --END-- [ RunTime:0.000135s ]

[ 2017-03-15T20:14:05+08:00 ] 127.0.0.1 /Admin/Uploads/uploads.php?num=1&name=logo&id=imgs
INFO: [ app_init ] --START--
INFO: Run Behavior\BuildLiteBehavior [ RunTime:0.000035s ]
INFO: [ app_init ] --END-- [ RunTime:0.000149s ]

[ 2017-03-15T20:14:09+08:00 ] 127.0.0.1 /Admin/Uploads/uploads.php?num=1&name=logo
INFO: [ app_init ] --START--
INFO: Run Behavior\BuildLiteBehavior [ RunTime:0.000020s ]
INFO: [ app_init ] --END-- [ RunTime:0.000163s ]

[ 2017-03-15T20:14:11+08:00 ] 127.0.0.1 /Admin/Config/index.php
INFO: [ app_init ] --START--
INFO: Run Behavior\BuildLiteBehavior [ RunTime:0.000036s ]
INFO: [ app_init ] --END-- [ RunTime:0.000181s ]

[ 2017-03-15T20:14:12+08:00 ] 127.0.0.1 /Admin/Config/index.php
INFO: [ app_init ] --START--
INFO: Run Behavior\BuildLiteBehavior [ RunTime:0.000023s ]
INFO: [ app_init ] --END-- [ RunTime:0.000127s ]

[ 2017-03-15T20:17:52+08:00 ] 127.0.0.1 /Admin/Config/index.php
INFO: [ app_init ] --START--
INFO: Run Behavior\BuildLiteBehavior [ RunTime:0.000022s ]
INFO: [ app_init ] --END-- [ RunTime:0.000129s ]

[ 2017-03-15T20:17:54+08:00 ] 127.0.0.1 /Admin/Config/index.php
INFO: [ app_init ] --START--
INFO: Run Behavior\BuildLiteBehavior [ RunTime:0.000020s ]
INFO: [ app_init ] --END-- [ RunTime:0.000118s ]

[ 2017-03-15T21:45:00+08:00 ] 127.0.0.1 /Admin/Classify/index.php
INFO: [ app_init ] --START--
INFO: Run Behavior\BuildLiteBehavior [ RunTime:0.000018s ]
INFO: [ app_init ] --END-- [ RunTime:0.000114s ]

[ 2017-03-15T21:45:03+08:00 ] 127.0.0.1 /Admin/Classify/addclassify.php?classid=1
INFO: [ app_init ] --START--
INFO: Run Behavior\BuildLiteBehavior [ RunTime:0.000020s ]
INFO: [ app_init ] --END-- [ RunTime:0.000119s ]

[ 2017-03-15T21:45:24+08:00 ] 127.0.0.1 /Admin/Classify/addclassify.php?classid=1
INFO: [ app_init ] --START--
INFO: Run Behavior\BuildLiteBehavior [ RunTime:0.000020s ]
INFO: [ app_init ] --END-- [ RunTime:0.000119s ]

[ 2017-03-15T21:45:26+08:00 ] 127.0.0.1 /Admin/classify/index.php
INFO: [ app_init ] --START--
INFO: Run Behavior\BuildLiteBehavior [ RunTime:0.000022s ]
INFO: [ app_init ] --END-- [ RunTime:0.000141s ]

[ 2017-03-15T21:46:01+08:00 ] 127.0.0.1 /Admin/Classify/addclassify.php?classid=1
INFO: [ app_init ] --START--
INFO: Run Behavior\BuildLiteBehavior [ RunTime:0.000020s ]
INFO: [ app_init ] --END-- [ RunTime:0.000128s ]

[ 2017-03-15T21:47:53+08:00 ] 127.0.0.1 /Admin/Product/index.php
INFO: [ app_init ] --START--
INFO: Run Behavior\BuildLiteBehavior [ RunTime:0.000026s ]
INFO: [ app_init ] --END-- [ RunTime:0.000150s ]

[ 2017-03-15T21:56:39+08:00 ] 127.0.0.1 /Admin/Product/addproduct.php?id=1&p=
INFO: [ app_init ] --START--
INFO: Run Behavior\BuildLiteBehavior [ RunTime:0.000020s ]
INFO: [ app_init ] --END-- [ RunTime:0.000121s ]

[ 2017-03-15T21:56:39+08:00 ] 127.0.0.1 /Admin/Common/ajaxmodel.php
INFO: [ app_init ] --START--
INFO: Run Behavior\BuildLiteBehavior [ RunTime:0.000020s ]
INFO: [ app_init ] --END-- [ RunTime:0.000114s ]
INFO: [ app_begin ] --START--
INFO: Run Behavior\ReadHtmlCacheBehavior [ RunTime:0.000665s ]
INFO: [ app_begin ] --END-- [ RunTime:0.000769s ]
SQL: SHOW COLUMNS FROM `linfei_config` [ RunTime:0.0007s ]
SQL: SELECT `navstyle` FROM `linfei_config` LIMIT 1   [ RunTime:0.0018s ]
SQL: SHOW COLUMNS FROM `linfei_admin` [ RunTime:0.0022s ]
SQL: SELECT `group` FROM `linfei_admin` WHERE `id` = 1 LIMIT 1   [ RunTime:0.0004s ]
SQL: SHOW COLUMNS FROM `linfei_group` [ RunTime:0.0006s ]
SQL: SELECT `permissions` FROM `linfei_group` WHERE `id` = 1 LIMIT 1   [ RunTime:0.0003s ]
SQL: SHOW COLUMNS FROM `linfei_classify` [ RunTime:0.0006s ]
SQL: SELECT `m` FROM `linfei_classify` WHERE `id` = 3 LIMIT 1   [ RunTime:0.0003s ]
ERR: 1146:Table 'linfei.linfei_s' doesn't exist
 [ SQL语句 ] : SHOW COLUMNS FROM `linfei_s`
ERR: 1146:Table 'linfei.linfei_s' doesn't exist
 [ SQL语句 ] : SHOW COLUMNS FROM `linfei_s`

[ 2017-03-15T21:56:45+08:00 ] 127.0.0.1 /Admin/Product/addproduct.php?id=1&p=
INFO: [ app_init ] --START--
INFO: Run Behavior\BuildLiteBehavior [ RunTime:0.000039s ]
INFO: [ app_init ] --END-- [ RunTime:0.000182s ]

[ 2017-03-15T21:56:46+08:00 ] 127.0.0.1 /Admin/Product/index.php
INFO: [ app_init ] --START--
INFO: Run Behavior\BuildLiteBehavior [ RunTime:0.000041s ]
INFO: [ app_init ] --END-- [ RunTime:0.000274s ]

[ 2017-03-15T22:00:08+08:00 ] 127.0.0.1 /Admin/Product/addproduct.php?id=1&p=
INFO: [ app_init ] --START--
INFO: Run Behavior\BuildLiteBehavior [ RunTime:0.000022s ]
INFO: [ app_init ] --END-- [ RunTime:0.000121s ]

[ 2017-03-15T22:00:08+08:00 ] 127.0.0.1 /Admin/Common/ajaxmodel.php
INFO: [ app_init ] --START--
INFO: Run Behavior\BuildLiteBehavior [ RunTime:0.000059s ]
INFO: [ app_init ] --END-- [ RunTime:0.000251s ]
INFO: [ app_begin ] --START--
INFO: Run Behavior\ReadHtmlCacheBehavior [ RunTime:0.000534s ]
INFO: [ app_begin ] --END-- [ RunTime:0.000629s ]
SQL: SHOW COLUMNS FROM `linfei_config` [ RunTime:0.0007s ]
SQL: SELECT `navstyle` FROM `linfei_config` LIMIT 1   [ RunTime:0.0002s ]
SQL: SHOW COLUMNS FROM `linfei_admin` [ RunTime:0.0005s ]
SQL: SELECT `group` FROM `linfei_admin` WHERE `id` = 1 LIMIT 1   [ RunTime:0.0002s ]
SQL: SHOW COLUMNS FROM `linfei_group` [ RunTime:0.0006s ]
SQL: SELECT `permissions` FROM `linfei_group` WHERE `id` = 1 LIMIT 1   [ RunTime:0.0002s ]
SQL: SHOW COLUMNS FROM `linfei_classify` [ RunTime:0.0006s ]
SQL: SELECT `m` FROM `linfei_classify` WHERE `id` = 3 LIMIT 1   [ RunTime:0.0002s ]
ERR: 1146:Table 'linfei.linfei_s' doesn't exist
 [ SQL语句 ] : SHOW COLUMNS FROM `linfei_s`
ERR: 1146:Table 'linfei.linfei_s' doesn't exist
 [ SQL语句 ] : SHOW COLUMNS FROM `linfei_s`

[ 2017-03-15T22:00:19+08:00 ] 127.0.0.1 /Admin/Product/addproduct.php?id=1&p=
INFO: [ app_init ] --START--
INFO: Run Behavior\BuildLiteBehavior [ RunTime:0.000019s ]
INFO: [ app_init ] --END-- [ RunTime:0.000113s ]

[ 2017-03-15T22:00:20+08:00 ] 127.0.0.1 /Admin/Product/index.php
INFO: [ app_init ] --START--
INFO: Run Behavior\BuildLiteBehavior [ RunTime:0.000020s ]
INFO: [ app_init ] --END-- [ RunTime:0.000119s ]

[ 2017-03-15T22:01:59+08:00 ] 127.0.0.1 /Admin/Product/index.php
INFO: [ app_init ] --START--
INFO: Run Behavior\BuildLiteBehavior [ RunTime:0.000019s ]
INFO: [ app_init ] --END-- [ RunTime:0.000114s ]

[ 2017-03-15T22:02:56+08:00 ] 127.0.0.1 /Admin/Config/custom.php
INFO: [ app_init ] --START--
INFO: Run Behavior\BuildLiteBehavior [ RunTime:0.000022s ]
INFO: [ app_init ] --END-- [ RunTime:0.000135s ]

[ 2017-03-15T22:09:03+08:00 ] 127.0.0.1 /Admin/Advertising/addadvertising.php
INFO: [ app_init ] --START--
INFO: Run Behavior\BuildLiteBehavior [ RunTime:0.000041s ]
INFO: [ app_init ] --END-- [ RunTime:0.000201s ]

[ 2017-03-15T22:09:56+08:00 ] 127.0.0.1 /Admin/Advertising/adv.php
INFO: [ app_init ] --START--
INFO: Run Behavior\BuildLiteBehavior [ RunTime:0.000020s ]
INFO: [ app_init ] --END-- [ RunTime:0.000153s ]

[ 2017-03-15T22:10:11+08:00 ] 127.0.0.1 /Admin/Config/custom.php
INFO: [ app_init ] --START--
INFO: Run Behavior\BuildLiteBehavior [ RunTime:0.000019s ]
INFO: [ app_init ] --END-- [ RunTime:0.000115s ]

[ 2017-03-15T22:10:13+08:00 ] 127.0.0.1 /Admin/Config/reditorcustom.php
INFO: [ app_init ] --START--
INFO: Run Behavior\BuildLiteBehavior [ RunTime:0.000018s ]
INFO: [ app_init ] --END-- [ RunTime:0.000107s ]

[ 2017-03-15T22:11:01+08:00 ] 127.0.0.1 /Admin/Config/custom.php
INFO: [ app_init ] --START--
INFO: Run Behavior\BuildLiteBehavior [ RunTime:0.000021s ]
INFO: [ app_init ] --END-- [ RunTime:0.000123s ]

[ 2017-03-15T22:11:05+08:00 ] 127.0.0.1 /Admin/Config/index.php
INFO: [ app_init ] --START--
INFO: Run Behavior\BuildLiteBehavior [ RunTime:0.000020s ]
INFO: [ app_init ] --END-- [ RunTime:0.000118s ]

[ 2017-03-15T22:11:06+08:00 ] 127.0.0.1 /Admin/Config/custom.php
INFO: [ app_init ] --START--
INFO: Run Behavior\BuildLiteBehavior [ RunTime:0.000020s ]
INFO: [ app_init ] --END-- [ RunTime:0.000117s ]

[ 2017-03-15T22:11:26+08:00 ] 127.0.0.1 /Admin/Config/index.php
INFO: [ app_init ] --START--
INFO: Run Behavior\BuildLiteBehavior [ RunTime:0.000020s ]
INFO: [ app_init ] --END-- [ RunTime:0.000116s ]

[ 2017-03-15T22:11:33+08:00 ] 127.0.0.1 /Admin/Config/Admin/User/editor.php?uid=1
INFO: [ app_init ] --START--
INFO: Run Behavior\BuildLiteBehavior [ RunTime:0.000019s ]
INFO: [ app_init ] --END-- [ RunTime:0.000114s ]

[ 2017-03-15T22:11:43+08:00 ] 127.0.0.1 /Admin/User/index.php
INFO: [ app_init ] --START--
INFO: Run Behavior\BuildLiteBehavior [ RunTime:0.000027s ]
INFO: [ app_init ] --END-- [ RunTime:0.000138s ]

[ 2017-03-15T22:11:45+08:00 ] 127.0.0.1 /Admin/User/index.php?level=1
INFO: [ app_init ] --START--
INFO: Run Behavior\BuildLiteBehavior [ RunTime:0.000018s ]
INFO: [ app_init ] --END-- [ RunTime:0.000109s ]

[ 2017-03-15T22:11:47+08:00 ] 127.0.0.1 /Admin/User/editor.php?uid=1
INFO: [ app_init ] --START--
INFO: Run Behavior\BuildLiteBehavior [ RunTime:0.000030s ]
INFO: [ app_init ] --END-- [ RunTime:0.000139s ]

[ 2017-03-15T22:11:49+08:00 ] 127.0.0.1 /Admin/Uploads/uploads.php?num=1&name=icon&id=imgs
INFO: [ app_init ] --START--
INFO: Run Behavior\BuildLiteBehavior [ RunTime:0.000023s ]
INFO: [ app_init ] --END-- [ RunTime:0.000136s ]

[ 2017-03-15T22:11:57+08:00 ] 127.0.0.1 /Admin/Uploads/uploads.php?num=1&name=icon
INFO: [ app_init ] --START--
INFO: Run Behavior\BuildLiteBehavior [ RunTime:0.000020s ]
INFO: [ app_init ] --END-- [ RunTime:0.000115s ]

[ 2017-03-15T22:12:00+08:00 ] 127.0.0.1 /Admin/User/editor.php?uid=1
INFO: [ app_init ] --START--
INFO: Run Behavior\BuildLiteBehavior [ RunTime:0.000040s ]
INFO: [ app_init ] --END-- [ RunTime:0.000233s ]

[ 2017-03-15T22:12:01+08:00 ] 127.0.0.1 /Admin/User/editor.php?uid=1
INFO: [ app_init ] --START--
INFO: Run Behavior\BuildLiteBehavior [ RunTime:0.000022s ]
INFO: [ app_init ] --END-- [ RunTime:0.000133s ]

[ 2017-03-15T22:12:07+08:00 ] 127.0.0.1 /Admin/Config/index.php
INFO: [ app_init ] --START--
INFO: Run Behavior\BuildLiteBehavior [ RunTime:0.000020s ]
INFO: [ app_init ] --END-- [ RunTime:0.000113s ]

[ 2017-03-15T22:12:55+08:00 ] 127.0.0.1 /Admin/Advertising/index.php
INFO: [ app_init ] --START--
INFO: Run Behavior\BuildLiteBehavior [ RunTime:0.000020s ]
INFO: [ app_init ] --END-- [ RunTime:0.000120s ]

[ 2017-03-15T22:12:58+08:00 ] 127.0.0.1 /Admin/Advertising/addadvertising.php?id=2
INFO: [ app_init ] --START--
INFO: Run Behavior\BuildLiteBehavior [ RunTime:0.000020s ]
INFO: [ app_init ] --END-- [ RunTime:0.000133s ]

[ 2017-03-15T22:13:03+08:00 ] 127.0.0.1 /Admin/Advertising/addadvertising.php
INFO: [ app_init ] --START--
INFO: Run Behavior\BuildLiteBehavior [ RunTime:0.000020s ]
INFO: [ app_init ] --END-- [ RunTime:0.000117s ]

[ 2017-03-15T22:13:19+08:00 ] 127.0.0.1 /Admin/Advertising/addadvertising.php
INFO: [ app_init ] --START--
INFO: Run Behavior\BuildLiteBehavior [ RunTime:0.000022s ]
INFO: [ app_init ] --END-- [ RunTime:0.000222s ]

[ 2017-03-15T22:13:21+08:00 ] 127.0.0.1 /Admin/Advertising/adv.php
INFO: [ app_init ] --START--
INFO: Run Behavior\BuildLiteBehavior [ RunTime:0.000035s ]
INFO: [ app_init ] --END-- [ RunTime:0.000128s ]

[ 2017-03-15T22:13:27+08:00 ] 127.0.0.1 /Admin/Admin/status.php
INFO: [ app_init ] --START--
INFO: Run Behavior\BuildLiteBehavior [ RunTime:0.000037s ]
INFO: [ app_init ] --END-- [ RunTime:0.000183s ]
INFO: [ app_begin ] --START--
INFO: Run Behavior\ReadHtmlCacheBehavior [ RunTime:0.000975s ]
INFO: [ app_begin ] --END-- [ RunTime:0.001065s ]
SQL: SHOW COLUMNS FROM `linfei_config` [ RunTime:0.0006s ]
SQL: SELECT `navstyle` FROM `linfei_config` LIMIT 1   [ RunTime:0.0002s ]
SQL: SHOW COLUMNS FROM `linfei_admin` [ RunTime:0.0005s ]
SQL: SELECT `group` FROM `linfei_admin` WHERE `id` = 1 LIMIT 1   [ RunTime:0.0002s ]
SQL: SHOW COLUMNS FROM `linfei_group` [ RunTime:0.0005s ]
SQL: SELECT `permissions` FROM `linfei_group` WHERE `id` = 1 LIMIT 1   [ RunTime:0.0002s ]
SQL: SHOW COLUMNS FROM `linfei_adv` [ RunTime:0.0005s ]
SQL: UPDATE `linfei_adv` SET `blank`='1' WHERE `id` = 5 [ RunTime:0.0275s ]

[ 2017-03-15T22:13:27+08:00 ] 127.0.0.1 /Admin/Advertising/adv.php
INFO: [ app_init ] --START--
INFO: Run Behavior\BuildLiteBehavior [ RunTime:0.000019s ]
INFO: [ app_init ] --END-- [ RunTime:0.000144s ]

[ 2017-03-15T22:13:29+08:00 ] 127.0.0.1 /Admin/Admin/status.php
INFO: [ app_init ] --START--
INFO: Run Behavior\BuildLiteBehavior [ RunTime:0.000030s ]
INFO: [ app_init ] --END-- [ RunTime:0.000136s ]
INFO: [ app_begin ] --START--
INFO: Run Behavior\ReadHtmlCacheBehavior [ RunTime:0.000745s ]
INFO: [ app_begin ] --END-- [ RunTime:0.000871s ]
SQL: SHOW COLUMNS FROM `linfei_config` [ RunTime:0.0006s ]
SQL: SELECT `navstyle` FROM `linfei_config` LIMIT 1   [ RunTime:0.0002s ]
SQL: SHOW COLUMNS FROM `linfei_admin` [ RunTime:0.0005s ]
SQL: SELECT `group` FROM `linfei_admin` WHERE `id` = 1 LIMIT 1   [ RunTime:0.0002s ]
SQL: SHOW COLUMNS FROM `linfei_group` [ RunTime:0.0005s ]
SQL: SELECT `permissions` FROM `linfei_group` WHERE `id` = 1 LIMIT 1   [ RunTime:0.0003s ]
SQL: SHOW COLUMNS FROM `linfei_adv` [ RunTime:0.0006s ]
SQL: UPDATE `linfei_adv` SET `status`='1' WHERE `id` = 5 [ RunTime:0.0267s ]

[ 2017-03-15T22:13:29+08:00 ] 127.0.0.1 /Admin/Advertising/adv.php
INFO: [ app_init ] --START--
INFO: Run Behavior\BuildLiteBehavior [ RunTime:0.000021s ]
INFO: [ app_init ] --END-- [ RunTime:0.000113s ]

[ 2017-03-15T22:15:51+08:00 ] 127.0.0.1 /Admin/Admin/status.php
INFO: [ app_init ] --START--
INFO: Run Behavior\BuildLiteBehavior [ RunTime:0.000020s ]
INFO: [ app_init ] --END-- [ RunTime:0.000120s ]
INFO: [ app_begin ] --START--
INFO: Run Behavior\ReadHtmlCacheBehavior [ RunTime:0.000781s ]
INFO: [ app_begin ] --END-- [ RunTime:0.000866s ]
SQL: SHOW COLUMNS FROM `linfei_config` [ RunTime:0.0008s ]
SQL: SELECT `navstyle` FROM `linfei_config` LIMIT 1   [ RunTime:0.0002s ]
SQL: SHOW COLUMNS FROM `linfei_admin` [ RunTime:0.0005s ]
SQL: SELECT `group` FROM `linfei_admin` WHERE `id` = 1 LIMIT 1   [ RunTime:0.0003s ]
SQL: SHOW COLUMNS FROM `linfei_group` [ RunTime:0.0005s ]
SQL: SELECT `permissions` FROM `linfei_group` WHERE `id` = 1 LIMIT 1   [ RunTime:0.0003s ]
SQL: SHOW COLUMNS FROM `linfei_adv` [ RunTime:0.0005s ]
SQL: UPDATE `linfei_adv` SET `blank`='0' WHERE `id` = 5 [ RunTime:0.0291s ]

[ 2017-03-15T22:15:51+08:00 ] 127.0.0.1 /Admin/Advertising/adv.php
INFO: [ app_init ] --START--
INFO: Run Behavior\BuildLiteBehavior [ RunTime:0.000019s ]
INFO: [ app_init ] --END-- [ RunTime:0.000112s ]

[ 2017-03-15T22:21:21+08:00 ] 127.0.0.1 /Admin/Admin/status.php
INFO: [ app_init ] --START--
INFO: Run Behavior\BuildLiteBehavior [ RunTime:0.000018s ]
INFO: [ app_init ] --END-- [ RunTime:0.000104s ]
INFO: [ app_begin ] --START--
INFO: Run Behavior\ReadHtmlCacheBehavior [ RunTime:0.000561s ]
INFO: [ app_begin ] --END-- [ RunTime:0.000637s ]
SQL: SHOW COLUMNS FROM `linfei_config` [ RunTime:0.0006s ]
SQL: SELECT `navstyle` FROM `linfei_config` LIMIT 1   [ RunTime:0.0003s ]
SQL: SHOW COLUMNS FROM `linfei_admin` [ RunTime:0.0007s ]
SQL: SELECT `group` FROM `linfei_admin` WHERE `id` = 1 LIMIT 1   [ RunTime:0.0002s ]
SQL: SHOW COLUMNS FROM `linfei_group` [ RunTime:0.0006s ]
SQL: SELECT `permissions` FROM `linfei_group` WHERE `id` = 1 LIMIT 1   [ RunTime:0.0005s ]
SQL: SHOW COLUMNS FROM `linfei_adv` [ RunTime:0.0006s ]
SQL: UPDATE `linfei_adv` SET `blank`='1' WHERE `id` = 5 [ RunTime:0.0296s ]

[ 2017-03-15T22:21:22+08:00 ] 127.0.0.1 /Admin/Advertising/adv.php
INFO: [ app_init ] --START--
INFO: Run Behavior\BuildLiteBehavior [ RunTime:0.000019s ]
INFO: [ app_init ] --END-- [ RunTime:0.000115s ]

[ 2017-03-15T22:21:40+08:00 ] 127.0.0.1 /Admin/Advertising/addadvertising.php?id=5
INFO: [ app_init ] --START--
INFO: Run Behavior\BuildLiteBehavior [ RunTime:0.000020s ]
INFO: [ app_init ] --END-- [ RunTime:0.000112s ]

[ 2017-03-15T22:22:01+08:00 ] 127.0.0.1 /Admin/Advertising/addadvertising.php?id=5
INFO: [ app_init ] --START--
INFO: Run Behavior\BuildLiteBehavior [ RunTime:0.000020s ]
INFO: [ app_init ] --END-- [ RunTime:0.000134s ]

[ 2017-03-15T22:22:03+08:00 ] 127.0.0.1 /Admin/Advertising/adv.php
INFO: [ app_init ] --START--
INFO: Run Behavior\BuildLiteBehavior [ RunTime:0.000025s ]
INFO: [ app_init ] --END-- [ RunTime:0.000147s ]

[ 2017-03-15T22:22:36+08:00 ] 127.0.0.1 /Admin/Product/addproduct.php
INFO: [ app_init ] --START--
INFO: Run Behavior\BuildLiteBehavior [ RunTime:0.000022s ]
INFO: [ app_init ] --END-- [ RunTime:0.000123s ]

[ 2017-03-15T22:22:36+08:00 ] 127.0.0.1 /Admin/Common/ajaxmodel.php
INFO: [ app_init ] --START--
INFO: Run Behavior\BuildLiteBehavior [ RunTime:0.000023s ]
INFO: [ app_init ] --END-- [ RunTime:0.000130s ]
INFO: [ app_begin ] --START--
INFO: Run Behavior\ReadHtmlCacheBehavior [ RunTime:0.000765s ]
INFO: [ app_begin ] --END-- [ RunTime:0.000859s ]
SQL: SHOW COLUMNS FROM `linfei_config` [ RunTime:0.0008s ]
SQL: SELECT `navstyle` FROM `linfei_config` LIMIT 1   [ RunTime:0.0004s ]
SQL: SHOW COLUMNS FROM `linfei_admin` [ RunTime:0.0006s ]
SQL: SELECT `group` FROM `linfei_admin` WHERE `id` = 1 LIMIT 1   [ RunTime:0.0003s ]
SQL: SHOW COLUMNS FROM `linfei_group` [ RunTime:0.0006s ]
SQL: SELECT `permissions` FROM `linfei_group` WHERE `id` = 1 LIMIT 1   [ RunTime:0.0003s ]
SQL: SHOW COLUMNS FROM `linfei_classify` [ RunTime:0.0008s ]
SQL: SELECT `m` FROM `linfei_classify` WHERE `id` = 1 LIMIT 1   [ RunTime:0.0002s ]
ERR: 1146:Table 'linfei.linfei_s' doesn't exist
 [ SQL语句 ] : SHOW COLUMNS FROM `linfei_s`
ERR: 1146:Table 'linfei.linfei_s' doesn't exist
 [ SQL语句 ] : SHOW COLUMNS FROM `linfei_s`

[ 2017-03-15T22:22:50+08:00 ] 127.0.0.1 /Admin/Common/ajaxmodel.php
INFO: [ app_init ] --START--
INFO: Run Behavior\BuildLiteBehavior [ RunTime:0.000051s ]
INFO: [ app_init ] --END-- [ RunTime:0.000175s ]
INFO: [ app_begin ] --START--
INFO: Run Behavior\ReadHtmlCacheBehavior [ RunTime:0.000947s ]
INFO: [ app_begin ] --END-- [ RunTime:0.001034s ]
SQL: SHOW COLUMNS FROM `linfei_config` [ RunTime:0.0007s ]
SQL: SELECT `navstyle` FROM `linfei_config` LIMIT 1   [ RunTime:0.0003s ]
SQL: SHOW COLUMNS FROM `linfei_admin` [ RunTime:0.0006s ]
SQL: SELECT `group` FROM `linfei_admin` WHERE `id` = 1 LIMIT 1   [ RunTime:0.0003s ]
SQL: SHOW COLUMNS FROM `linfei_group` [ RunTime:0.0005s ]
SQL: SELECT `permissions` FROM `linfei_group` WHERE `id` = 1 LIMIT 1   [ RunTime:0.0003s ]
SQL: SHOW COLUMNS FROM `linfei_classify` [ RunTime:0.0005s ]
SQL: SELECT `m` FROM `linfei_classify` WHERE `id` = 3 LIMIT 1   [ RunTime:0.0003s ]
ERR: 1146:Table 'linfei.linfei_s' doesn't exist
 [ SQL语句 ] : SHOW COLUMNS FROM `linfei_s`
ERR: 1146:Table 'linfei.linfei_s' doesn't exist
 [ SQL语句 ] : SHOW COLUMNS FROM `linfei_s`

[ 2017-03-15T22:22:53+08:00 ] 127.0.0.1 /Admin/Uploads/uploads.php?num=1&name=img&id=imgs
INFO: [ app_init ] --START--
INFO: Run Behavior\BuildLiteBehavior [ RunTime:0.000018s ]
INFO: [ app_init ] --END-- [ RunTime:0.000108s ]

[ 2017-03-15T22:22:58+08:00 ] 127.0.0.1 /Admin/Uploads/uploads.php?num=1&name=img
INFO: [ app_init ] --START--
INFO: Run Behavior\BuildLiteBehavior [ RunTime:0.000022s ]
INFO: [ app_init ] --END-- [ RunTime:0.000219s ]

[ 2017-03-15T22:23:20+08:00 ] 127.0.0.1 /Admin/Product/addproduct.php
INFO: [ app_init ] --START--
INFO: Run Behavior\BuildLiteBehavior [ RunTime:0.000019s ]
INFO: [ app_init ] --END-- [ RunTime:0.000110s ]

[ 2017-03-15T22:23:21+08:00 ] 127.0.0.1 /Admin/Product/index.php
INFO: [ app_init ] --START--
INFO: Run Behavior\BuildLiteBehavior [ RunTime:0.000031s ]
INFO: [ app_init ] --END-- [ RunTime:0.000177s ]

[ 2017-03-15T22:23:28+08:00 ] 127.0.0.1 /Admin/Admin/status.php
INFO: [ app_init ] --START--
INFO: Run Behavior\BuildLiteBehavior [ RunTime:0.000021s ]
INFO: [ app_init ] --END-- [ RunTime:0.000152s ]
INFO: [ app_begin ] --START--
INFO: Run Behavior\ReadHtmlCacheBehavior [ RunTime:0.000738s ]
INFO: [ app_begin ] --END-- [ RunTime:0.000820s ]
SQL: SHOW COLUMNS FROM `linfei_config` [ RunTime:0.0008s ]
SQL: SELECT `navstyle` FROM `linfei_config` LIMIT 1   [ RunTime:0.0003s ]
SQL: SHOW COLUMNS FROM `linfei_admin` [ RunTime:0.0006s ]
SQL: SELECT `group` FROM `linfei_admin` WHERE `id` = 1 LIMIT 1   [ RunTime:0.0003s ]
SQL: SHOW COLUMNS FROM `linfei_group` [ RunTime:0.0007s ]
SQL: SELECT `permissions` FROM `linfei_group` WHERE `id` = 1 LIMIT 1   [ RunTime:0.0003s ]
SQL: SHOW COLUMNS FROM `linfei_product` [ RunTime:0.0007s ]
SQL: UPDATE `linfei_product` SET `recommended`='1' WHERE `id` = 4 [ RunTime:0.0301s ]

[ 2017-03-15T22:23:28+08:00 ] 127.0.0.1 /Admin/Product/index.php
INFO: [ app_init ] --START--
INFO: Run Behavior\BuildLiteBehavior [ RunTime:0.000056s ]
INFO: [ app_init ] --END-- [ RunTime:0.000261s ]

[ 2017-03-15T22:23:28+08:00 ] 127.0.0.1 /Admin/Admin/status.php
INFO: [ app_init ] --START--
INFO: Run Behavior\BuildLiteBehavior [ RunTime:0.000035s ]
INFO: [ app_init ] --END-- [ RunTime:0.000196s ]
INFO: [ app_begin ] --START--
INFO: Run Behavior\ReadHtmlCacheBehavior [ RunTime:0.001713s ]
INFO: [ app_begin ] --END-- [ RunTime:0.002014s ]
SQL: SHOW COLUMNS FROM `linfei_config` [ RunTime:0.0006s ]
SQL: SELECT `navstyle` FROM `linfei_config` LIMIT 1   [ RunTime:0.0005s ]
SQL: SHOW COLUMNS FROM `linfei_admin` [ RunTime:0.0007s ]
SQL: SELECT `group` FROM `linfei_admin` WHERE `id` = 1 LIMIT 1   [ RunTime:0.0002s ]
SQL: SHOW COLUMNS FROM `linfei_group` [ RunTime:0.0007s ]
SQL: SELECT `permissions` FROM `linfei_group` WHERE `id` = 1 LIMIT 1   [ RunTime:0.0003s ]
SQL: SHOW COLUMNS FROM `linfei_product` [ RunTime:0.0006s ]
SQL: UPDATE `linfei_product` SET `new`='1' WHERE `id` = 4 [ RunTime:0.0313s ]

[ 2017-03-15T22:23:29+08:00 ] 127.0.0.1 /Admin/Product/index.php
INFO: [ app_init ] --START--
INFO: Run Behavior\BuildLiteBehavior [ RunTime:0.000049s ]
INFO: [ app_init ] --END-- [ RunTime:0.000327s ]

[ 2017-03-15T22:23:29+08:00 ] 127.0.0.1 /Admin/Admin/status.php
INFO: [ app_init ] --START--
INFO: Run Behavior\BuildLiteBehavior [ RunTime:0.000020s ]
INFO: [ app_init ] --END-- [ RunTime:0.000119s ]
INFO: [ app_begin ] --START--
INFO: Run Behavior\ReadHtmlCacheBehavior [ RunTime:0.000735s ]
INFO: [ app_begin ] --END-- [ RunTime:0.000827s ]
SQL: SHOW COLUMNS FROM `linfei_config` [ RunTime:0.0009s ]
SQL: SELECT `navstyle` FROM `linfei_config` LIMIT 1   [ RunTime:0.0003s ]
SQL: SHOW COLUMNS FROM `linfei_admin` [ RunTime:0.0005s ]
SQL: SELECT `group` FROM `linfei_admin` WHERE `id` = 1 LIMIT 1   [ RunTime:0.0003s ]
SQL: SHOW COLUMNS FROM `linfei_group` [ RunTime:0.0005s ]
SQL: SELECT `permissions` FROM `linfei_group` WHERE `id` = 1 LIMIT 1   [ RunTime:0.0002s ]
SQL: SHOW COLUMNS FROM `linfei_product` [ RunTime:0.0006s ]
SQL: UPDATE `linfei_product` SET `selling`='1' WHERE `id` = 4 [ RunTime:0.0261s ]

[ 2017-03-15T22:23:29+08:00 ] 127.0.0.1 /Admin/Product/index.php
INFO: [ app_init ] --START--
INFO: Run Behavior\BuildLiteBehavior [ RunTime:0.000034s ]
INFO: [ app_init ] --END-- [ RunTime:0.000173s ]

[ 2017-03-15T22:27:26+08:00 ] 127.0.0.1 /Admin/Advertising/index.php
INFO: [ app_init ] --START--
INFO: Run Behavior\BuildLiteBehavior [ RunTime:0.000060s ]
INFO: [ app_init ] --END-- [ RunTime:0.000281s ]

[ 2017-03-15T22:27:28+08:00 ] 127.0.0.1 /Admin/Advertising/adv.php
INFO: [ app_init ] --START--
INFO: Run Behavior\BuildLiteBehavior [ RunTime:0.000019s ]
INFO: [ app_init ] --END-- [ RunTime:0.000111s ]

[ 2017-03-15T22:27:32+08:00 ] 127.0.0.1 /Admin/Advertising/addadvertising.php?id=5
INFO: [ app_init ] --START--
INFO: Run Behavior\BuildLiteBehavior [ RunTime:0.000050s ]
INFO: [ app_init ] --END-- [ RunTime:0.000166s ]

[ 2017-03-15T22:30:27+08:00 ] 127.0.0.1 /Admin/Advertising/index.php
INFO: [ app_init ] --START--
INFO: Run Behavior\BuildLiteBehavior [ RunTime:0.000018s ]
INFO: [ app_init ] --END-- [ RunTime:0.000106s ]

[ 2017-03-15T22:30:31+08:00 ] 127.0.0.1 /Admin/Advertising/addadvertising.php
INFO: [ app_init ] --START--
INFO: Run Behavior\BuildLiteBehavior [ RunTime:0.000021s ]
INFO: [ app_init ] --END-- [ RunTime:0.000122s ]

[ 2017-03-15T22:31:16+08:00 ] 127.0.0.1 /Admin/Advertising/addadvertising.php
INFO: [ app_init ] --START--
INFO: Run Behavior\BuildLiteBehavior [ RunTime:0.000019s ]
INFO: [ app_init ] --END-- [ RunTime:0.000115s ]

[ 2017-03-15T22:31:17+08:00 ] 127.0.0.1 /Admin/Advertising/adv.php
INFO: [ app_init ] --START--
INFO: Run Behavior\BuildLiteBehavior [ RunTime:0.000032s ]
INFO: [ app_init ] --END-- [ RunTime:0.000195s ]

[ 2017-03-15T22:31:19+08:00 ] 127.0.0.1 /Admin/Advertising/addadvertising.php
INFO: [ app_init ] --START--
INFO: Run Behavior\BuildLiteBehavior [ RunTime:0.000020s ]
INFO: [ app_init ] --END-- [ RunTime:0.000115s ]

[ 2017-03-15T22:31:38+08:00 ] 127.0.0.1 /Admin/Advertising/addadvertising.php
INFO: [ app_init ] --START--
INFO: Run Behavior\BuildLiteBehavior [ RunTime:0.000026s ]
INFO: [ app_init ] --END-- [ RunTime:0.000203s ]

[ 2017-03-15T22:31:40+08:00 ] 127.0.0.1 /Admin/Advertising/adv.php
INFO: [ app_init ] --START--
INFO: Run Behavior\BuildLiteBehavior [ RunTime:0.000019s ]
INFO: [ app_init ] --END-- [ RunTime:0.000111s ]

[ 2017-03-15T22:31:48+08:00 ] 127.0.0.1 /Admin/Advertising/addadvertising.php
INFO: [ app_init ] --START--
INFO: Run Behavior\BuildLiteBehavior [ RunTime:0.000021s ]
INFO: [ app_init ] --END-- [ RunTime:0.000122s ]

[ 2017-03-15T22:32:08+08:00 ] 127.0.0.1 /Admin/Advertising/addadvertising.php
INFO: [ app_init ] --START--
INFO: Run Behavior\BuildLiteBehavior [ RunTime:0.000020s ]
INFO: [ app_init ] --END-- [ RunTime:0.000119s ]

[ 2017-03-15T22:32:09+08:00 ] 127.0.0.1 /Admin/Advertising/adv.php
INFO: [ app_init ] --START--
INFO: Run Behavior\BuildLiteBehavior [ RunTime:0.000038s ]
INFO: [ app_init ] --END-- [ RunTime:0.000234s ]

[ 2017-03-15T22:37:38+08:00 ] 127.0.0.1 /Admin/Advertising/addadvertising.php
INFO: [ app_init ] --START--
INFO: Run Behavior\BuildLiteBehavior [ RunTime:0.000027s ]
INFO: [ app_init ] --END-- [ RunTime:0.000148s ]

[ 2017-03-15T22:38:10+08:00 ] 127.0.0.1 /Admin/Uploads/uploads.php?num=1&name=ggimg&id=imgs
INFO: [ app_init ] --START--
INFO: Run Behavior\BuildLiteBehavior [ RunTime:0.000021s ]
INFO: [ app_init ] --END-- [ RunTime:0.000126s ]

[ 2017-03-15T22:38:17+08:00 ] 127.0.0.1 /Admin/Uploads/uploads.php?num=1&name=ggimg
INFO: [ app_init ] --START--
INFO: Run Behavior\BuildLiteBehavior [ RunTime:0.000020s ]
INFO: [ app_init ] --END-- [ RunTime:0.000118s ]

[ 2017-03-15T22:38:18+08:00 ] 127.0.0.1 /Admin/Advertising/addadvertising.php
INFO: [ app_init ] --START--
INFO: Run Behavior\BuildLiteBehavior [ RunTime:0.000022s ]
INFO: [ app_init ] --END-- [ RunTime:0.000129s ]

[ 2017-03-15T22:38:20+08:00 ] 127.0.0.1 /Admin/Advertising/adv.php
INFO: [ app_init ] --START--
INFO: Run Behavior\BuildLiteBehavior [ RunTime:0.000032s ]
INFO: [ app_init ] --END-- [ RunTime:0.000190s ]

[ 2017-03-15T22:43:17+08:00 ] 127.0.0.1 /Admin/Classify/addclassify.php
INFO: [ app_init ] --START--
INFO: Run Behavior\BuildLiteBehavior [ RunTime:0.000018s ]
INFO: [ app_init ] --END-- [ RunTime:0.000109s ]

[ 2017-03-15T22:47:48+08:00 ] 127.0.0.1 /Admin/classify/ajaxclass.php?type=article
INFO: [ app_init ] --START--
INFO: Run Behavior\BuildLiteBehavior [ RunTime:0.000020s ]
INFO: [ app_init ] --END-- [ RunTime:0.000120s ]
INFO: [ app_begin ] --START--
INFO: Run Behavior\ReadHtmlCacheBehavior [ RunTime:0.000853s ]
INFO: [ app_begin ] --END-- [ RunTime:0.000942s ]
SQL: SHOW COLUMNS FROM `linfei_config` [ RunTime:0.0009s ]
SQL: SELECT `navstyle` FROM `linfei_config` LIMIT 1   [ RunTime:0.0003s ]
SQL: SHOW COLUMNS FROM `linfei_admin` [ RunTime:0.0005s ]
SQL: SELECT `group` FROM `linfei_admin` WHERE `id` = 1 LIMIT 1   [ RunTime:0.0003s ]
SQL: SHOW COLUMNS FROM `linfei_group` [ RunTime:0.0005s ]
SQL: SELECT `permissions` FROM `linfei_group` WHERE `id` = 1 LIMIT 1   [ RunTime:0.0003s ]
SQL: SHOW COLUMNS FROM `linfei_classify` [ RunTime:0.0011s ]
SQL: SELECT `id`,`name`,`pid`,`layer`,concat(path,id) AS `bpath` FROM `linfei_classify` WHERE (  layer != 3 ) AND `type` = 'article' ORDER BY bpath  [ RunTime:0.0005s ]

[ 2017-03-15T22:51:21+08:00 ] 127.0.0.1 /Admin/Classify/addclassify.php
INFO: [ app_init ] --START--
INFO: Run Behavior\BuildLiteBehavior [ RunTime:0.000021s ]
INFO: [ app_init ] --END-- [ RunTime:0.000197s ]

[ 2017-03-15T22:51:58+08:00 ] 127.0.0.1 /Admin/Classify/addclassify.php
INFO: [ app_init ] --START--
INFO: Run Behavior\BuildLiteBehavior [ RunTime:0.000021s ]
INFO: [ app_init ] --END-- [ RunTime:0.000169s ]

[ 2017-03-15T22:52:01+08:00 ] 127.0.0.1 /Admin/Classify/index.php
INFO: [ app_init ] --START--
INFO: Run Behavior\BuildLiteBehavior [ RunTime:0.000034s ]
INFO: [ app_init ] --END-- [ RunTime:0.000165s ]

[ 2017-03-15T22:52:02+08:00 ] 127.0.0.1 /Admin/Classify/addclassify.php?classid=1
INFO: [ app_init ] --START--
INFO: Run Behavior\BuildLiteBehavior [ RunTime:0.000019s ]
INFO: [ app_init ] --END-- [ RunTime:0.000149s ]

[ 2017-03-15T22:52:12+08:00 ] 127.0.0.1 /Admin/Classify/addclassify.php
INFO: [ app_init ] --START--
INFO: Run Behavior\BuildLiteBehavior [ RunTime:0.000018s ]
INFO: [ app_init ] --END-- [ RunTime:0.000107s ]

[ 2017-03-15T22:52:14+08:00 ] 127.0.0.1 /Admin/Classify/index.php
INFO: [ app_init ] --START--
INFO: Run Behavior\BuildLiteBehavior [ RunTime:0.000019s ]
INFO: [ app_init ] --END-- [ RunTime:0.000112s ]

[ 2017-03-15T22:52:15+08:00 ] 127.0.0.1 /Admin/Classify/addclassify.php
INFO: [ app_init ] --START--
INFO: Run Behavior\BuildLiteBehavior [ RunTime:0.000020s ]
INFO: [ app_init ] --END-- [ RunTime:0.000119s ]

[ 2017-03-15T22:52:17+08:00 ] 127.0.0.1 /Admin/classify/ajaxclass.php?type=article
INFO: [ app_init ] --START--
INFO: Run Behavior\BuildLiteBehavior [ RunTime:0.000039s ]
INFO: [ app_init ] --END-- [ RunTime:0.000221s ]
INFO: [ app_begin ] --START--
INFO: Run Behavior\ReadHtmlCacheBehavior [ RunTime:0.000876s ]
INFO: [ app_begin ] --END-- [ RunTime:0.000995s ]
SQL: SHOW COLUMNS FROM `linfei_config` [ RunTime:0.0007s ]
SQL: SELECT `navstyle` FROM `linfei_config` LIMIT 1   [ RunTime:0.0002s ]
SQL: SHOW COLUMNS FROM `linfei_admin` [ RunTime:0.0006s ]
SQL: SELECT `group` FROM `linfei_admin` WHERE `id` = 1 LIMIT 1   [ RunTime:0.0002s ]
SQL: SHOW COLUMNS FROM `linfei_group` [ RunTime:0.0005s ]
SQL: SELECT `permissions` FROM `linfei_group` WHERE `id` = 1 LIMIT 1   [ RunTime:0.0003s ]
SQL: SHOW COLUMNS FROM `linfei_classify` [ RunTime:0.0005s ]
SQL: SELECT `id`,`name`,`pid`,`layer`,concat(path,id) AS `bpath` FROM `linfei_classify` WHERE (  layer != 3 ) AND `type` = 'article' ORDER BY bpath  [ RunTime:0.0003s ]

[ 2017-03-15T22:52:50+08:00 ] 127.0.0.1 /Admin/Classify/addclassify.php
INFO: [ app_init ] --START--
INFO: Run Behavior\BuildLiteBehavior [ RunTime:0.000020s ]
INFO: [ app_init ] --END-- [ RunTime:0.000116s ]

[ 2017-03-15T22:52:52+08:00 ] 127.0.0.1 /Admin/classify/index.php
INFO: [ app_init ] --START--
INFO: Run Behavior\BuildLiteBehavior [ RunTime:0.000040s ]
INFO: [ app_init ] --END-- [ RunTime:0.000239s ]

[ 2017-03-15T22:53:07+08:00 ] 127.0.0.1 /Admin/Article/addarticle.php
INFO: [ app_init ] --START--
INFO: Run Behavior\BuildLiteBehavior [ RunTime:0.000021s ]
INFO: [ app_init ] --END-- [ RunTime:0.000118s ]

[ 2017-03-15T22:53:07+08:00 ] 127.0.0.1 /Admin/Common/ajaxmodel.php
INFO: [ app_init ] --START--
INFO: Run Behavior\BuildLiteBehavior [ RunTime:0.000019s ]
INFO: [ app_init ] --END-- [ RunTime:0.000147s ]
INFO: [ app_begin ] --START--
INFO: Run Behavior\ReadHtmlCacheBehavior [ RunTime:0.000829s ]
INFO: [ app_begin ] --END-- [ RunTime:0.000936s ]
SQL: SHOW COLUMNS FROM `linfei_config` [ RunTime:0.0008s ]
SQL: SELECT `navstyle` FROM `linfei_config` LIMIT 1   [ RunTime:0.0003s ]
SQL: SHOW COLUMNS FROM `linfei_admin` [ RunTime:0.0009s ]
SQL: SELECT `group` FROM `linfei_admin` WHERE `id` = 1 LIMIT 1   [ RunTime:0.0005s ]
SQL: SHOW COLUMNS FROM `linfei_group` [ RunTime:0.0006s ]
SQL: SELECT `permissions` FROM `linfei_group` WHERE `id` = 1 LIMIT 1   [ RunTime:0.0003s ]
SQL: SHOW COLUMNS FROM `linfei_classify` [ RunTime:0.0007s ]
SQL: SELECT `m` FROM `linfei_classify` WHERE `id` = 4 LIMIT 1   [ RunTime:0.0003s ]
ERR: 1146:Table 'linfei.linfei_s' doesn't exist
 [ SQL语句 ] : SHOW COLUMNS FROM `linfei_s`
ERR: 1146:Table 'linfei.linfei_s' doesn't exist
 [ SQL语句 ] : SHOW COLUMNS FROM `linfei_s`

[ 2017-03-15T22:53:24+08:00 ] 127.0.0.1 /Admin/Uploads/uploads.php?num=1&name=img&id=imgs
INFO: [ app_init ] --START--
INFO: Run Behavior\BuildLiteBehavior [ RunTime:0.000024s ]
INFO: [ app_init ] --END-- [ RunTime:0.000135s ]

[ 2017-03-15T22:53:28+08:00 ] 127.0.0.1 /Admin/Uploads/uploads.php?num=1&name=img
INFO: [ app_init ] --START--
INFO: Run Behavior\BuildLiteBehavior [ RunTime:0.000018s ]
INFO: [ app_init ] --END-- [ RunTime:0.000108s ]

[ 2017-03-15T22:53:34+08:00 ] 127.0.0.1 /Admin/Article/addarticle.php
INFO: [ app_init ] --START--
INFO: Run Behavior\BuildLiteBehavior [ RunTime:0.000020s ]
INFO: [ app_init ] --END-- [ RunTime:0.000122s ]

[ 2017-03-15T22:53:35+08:00 ] 127.0.0.1 /Admin/article/index.php
INFO: [ app_init ] --START--
INFO: Run Behavior\BuildLiteBehavior [ RunTime:0.000029s ]
INFO: [ app_init ] --END-- [ RunTime:0.000142s ]

[ 2017-03-15T22:53:39+08:00 ] 127.0.0.1 /Admin/Admin/status.php
INFO: [ app_init ] --START--
INFO: Run Behavior\BuildLiteBehavior [ RunTime:0.000021s ]
INFO: [ app_init ] --END-- [ RunTime:0.000126s ]
INFO: [ app_begin ] --START--
INFO: Run Behavior\ReadHtmlCacheBehavior [ RunTime:0.000731s ]
INFO: [ app_begin ] --END-- [ RunTime:0.000843s ]
SQL: SHOW COLUMNS FROM `linfei_config` [ RunTime:0.0006s ]
SQL: SELECT `navstyle` FROM `linfei_config` LIMIT 1   [ RunTime:0.0003s ]
SQL: SHOW COLUMNS FROM `linfei_admin` [ RunTime:0.0006s ]
SQL: SELECT `group` FROM `linfei_admin` WHERE `id` = 1 LIMIT 1   [ RunTime:0.0003s ]
SQL: SHOW COLUMNS FROM `linfei_group` [ RunTime:0.0006s ]
SQL: SELECT `permissions` FROM `linfei_group` WHERE `id` = 1 LIMIT 1   [ RunTime:0.0003s ]
SQL: SHOW COLUMNS FROM `linfei_article` [ RunTime:0.0008s ]
SQL: UPDATE `linfei_article` SET `recommended`='1' WHERE `id` = 1 [ RunTime:0.0232s ]

[ 2017-03-15T22:53:40+08:00 ] 127.0.0.1 /Admin/article/index.php
INFO: [ app_init ] --START--
INFO: Run Behavior\BuildLiteBehavior [ RunTime:0.000022s ]
INFO: [ app_init ] --END-- [ RunTime:0.000140s ]

[ 2017-03-15T22:53:40+08:00 ] 127.0.0.1 /Admin/Admin/status.php
INFO: [ app_init ] --START--
INFO: Run Behavior\BuildLiteBehavior [ RunTime:0.000022s ]
INFO: [ app_init ] --END-- [ RunTime:0.000131s ]
INFO: [ app_begin ] --START--
INFO: Run Behavior\ReadHtmlCacheBehavior [ RunTime:0.000840s ]
INFO: [ app_begin ] --END-- [ RunTime:0.000939s ]
SQL: SHOW COLUMNS FROM `linfei_config` [ RunTime:0.0094s ]
SQL: SELECT `navstyle` FROM `linfei_config` LIMIT 1   [ RunTime:0.0106s ]
SQL: SHOW COLUMNS FROM `linfei_admin` [ RunTime:0.0006s ]
SQL: SELECT `group` FROM `linfei_admin` WHERE `id` = 1 LIMIT 1   [ RunTime:0.0050s ]
SQL: SHOW COLUMNS FROM `linfei_group` [ RunTime:0.0009s ]
SQL: SELECT `permissions` FROM `linfei_group` WHERE `id` = 1 LIMIT 1   [ RunTime:0.0019s ]
SQL: SHOW COLUMNS FROM `linfei_article` [ RunTime:0.0007s ]
SQL: UPDATE `linfei_article` SET `recommendeds`='1' WHERE `id` = 1 [ RunTime:0.0359s ]

[ 2017-03-15T22:53:40+08:00 ] 127.0.0.1 /Admin/article/index.php
INFO: [ app_init ] --START--
INFO: Run Behavior\BuildLiteBehavior [ RunTime:0.000021s ]
INFO: [ app_init ] --END-- [ RunTime:0.000125s ]

[ 2017-03-15T22:53:41+08:00 ] 127.0.0.1 /Admin/Admin/status.php
INFO: [ app_init ] --START--
INFO: Run Behavior\BuildLiteBehavior [ RunTime:0.000019s ]
INFO: [ app_init ] --END-- [ RunTime:0.000116s ]
INFO: [ app_begin ] --START--
INFO: Run Behavior\ReadHtmlCacheBehavior [ RunTime:0.000966s ]
INFO: [ app_begin ] --END-- [ RunTime:0.001063s ]
SQL: SHOW COLUMNS FROM `linfei_config` [ RunTime:0.0006s ]
SQL: SELECT `navstyle` FROM `linfei_config` LIMIT 1   [ RunTime:0.0002s ]
SQL: SHOW COLUMNS FROM `linfei_admin` [ RunTime:0.0004s ]
SQL: SELECT `group` FROM `linfei_admin` WHERE `id` = 1 LIMIT 1   [ RunTime:0.0001s ]
SQL: SHOW COLUMNS FROM `linfei_group` [ RunTime:0.0003s ]
SQL: SELECT `permissions` FROM `linfei_group` WHERE `id` = 1 LIMIT 1   [ RunTime:0.0001s ]
SQL: SHOW COLUMNS FROM `linfei_article` [ RunTime:0.0004s ]
SQL: UPDATE `linfei_article` SET `headlines`='1' WHERE `id` = 1 [ RunTime:0.0222s ]

[ 2017-03-15T22:53:41+08:00 ] 127.0.0.1 /Admin/article/index.php
INFO: [ app_init ] --START--
INFO: Run Behavior\BuildLiteBehavior [ RunTime:0.000020s ]
INFO: [ app_init ] --END-- [ RunTime:0.000118s ]

[ 2017-03-15T22:53:52+08:00 ] 127.0.0.1 /Admin/article/addarticle.php?id=1&p=
INFO: [ app_init ] --START--
INFO: Run Behavior\BuildLiteBehavior [ RunTime:0.000025s ]
INFO: [ app_init ] --END-- [ RunTime:0.000146s ]

[ 2017-03-15T22:53:52+08:00 ] 127.0.0.1 /Admin/Common/ajaxmodel.php
INFO: [ app_init ] --START--
INFO: Run Behavior\BuildLiteBehavior [ RunTime:0.000027s ]
INFO: [ app_init ] --END-- [ RunTime:0.000134s ]
INFO: [ app_begin ] --START--
INFO: Run Behavior\ReadHtmlCacheBehavior [ RunTime:0.000795s ]
INFO: [ app_begin ] --END-- [ RunTime:0.000910s ]
SQL: SHOW COLUMNS FROM `linfei_config` [ RunTime:0.0008s ]
SQL: SELECT `navstyle` FROM `linfei_config` LIMIT 1   [ RunTime:0.0002s ]
SQL: SHOW COLUMNS FROM `linfei_admin` [ RunTime:0.0006s ]
SQL: SELECT `group` FROM `linfei_admin` WHERE `id` = 1 LIMIT 1   [ RunTime:0.0003s ]
SQL: SHOW COLUMNS FROM `linfei_group` [ RunTime:0.0004s ]
SQL: SELECT `permissions` FROM `linfei_group` WHERE `id` = 1 LIMIT 1   [ RunTime:0.0002s ]
SQL: SHOW COLUMNS FROM `linfei_classify` [ RunTime:0.0005s ]
SQL: SELECT `m` FROM `linfei_classify` WHERE `id` = 4 LIMIT 1   [ RunTime:0.0002s ]
ERR: 1146:Table 'linfei.linfei_s' doesn't exist
 [ SQL语句 ] : SHOW COLUMNS FROM `linfei_s`
ERR: 1146:Table 'linfei.linfei_s' doesn't exist
 [ SQL语句 ] : SHOW COLUMNS FROM `linfei_s`

[ 2017-03-15T22:54:18+08:00 ] 127.0.0.1 /Admin/article/addarticle.php?id=1&p=
INFO: [ app_init ] --START--
INFO: Run Behavior\BuildLiteBehavior [ RunTime:0.000020s ]
INFO: [ app_init ] --END-- [ RunTime:0.000115s ]

[ 2017-03-15T22:54:19+08:00 ] 127.0.0.1 /Admin/article/index.php
INFO: [ app_init ] --START--
INFO: Run Behavior\BuildLiteBehavior [ RunTime:0.000039s ]
INFO: [ app_init ] --END-- [ RunTime:0.000248s ]

[ 2017-03-15T22:55:04+08:00 ] 127.0.0.1 /Admin/Classify/index.php
INFO: [ app_init ] --START--
INFO: Run Behavior\BuildLiteBehavior [ RunTime:0.000019s ]
INFO: [ app_init ] --END-- [ RunTime:0.000120s ]

[ 2017-03-15T22:55:06+08:00 ] 127.0.0.1 /Admin/Classify/index.php?type=2
INFO: [ app_init ] --START--
INFO: Run Behavior\BuildLiteBehavior [ RunTime:0.000019s ]
INFO: [ app_init ] --END-- [ RunTime:0.000111s ]

[ 2017-03-15T22:58:30+08:00 ] 127.0.0.1 /Admin/Article/index.php
INFO: [ app_init ] --START--
INFO: Run Behavior\BuildLiteBehavior [ RunTime:0.000021s ]
INFO: [ app_init ] --END-- [ RunTime:0.000128s ]

