[ 2017-03-07T09:03:44+08:00 ] 127.0.0.1 /admin
INFO: [ app_init ] --START--
INFO: Run Behavior\BuildLiteBehavior [ RunTime:0.000020s ]
INFO: [ app_init ] --END-- [ RunTime:0.000154s ]

[ 2017-03-07T09:03:44+08:00 ] 127.0.0.1 /Admin/Login/index.php
INFO: [ app_init ] --START--
INFO: Run Behavior\BuildLiteBehavior [ RunTime:0.000018s ]
INFO: [ app_init ] --END-- [ RunTime:0.000105s ]

[ 2017-03-07T09:03:44+08:00 ] 127.0.0.1 /Admin/Login/code.php
INFO: [ app_init ] --START--
INFO: Run Behavior\BuildLiteBehavior [ RunTime:0.000023s ]
INFO: [ app_init ] --END-- [ RunTime:0.000133s ]

[ 2017-03-07T09:03:55+08:00 ] 127.0.0.1 /Admin/Login/index.php
INFO: [ app_init ] --START--
INFO: Run Behavior\BuildLiteBehavior [ RunTime:0.000020s ]
INFO: [ app_init ] --END-- [ RunTime:0.000116s ]

[ 2017-03-07T09:03:55+08:00 ] 127.0.0.1 /Admin/Login/index/error/%E9%AA%8C%E8%AF%81%E7%A0%81%E9%94%99%E8%AF%AF%EF%BC%81.php
INFO: [ app_init ] --START--
INFO: Run Behavior\BuildLiteBehavior [ RunTime:0.000017s ]
INFO: [ app_init ] --END-- [ RunTime:0.000104s ]

[ 2017-03-07T09:03:55+08:00 ] 127.0.0.1 /Admin/Login/code.php
INFO: [ app_init ] --START--
INFO: Run Behavior\BuildLiteBehavior [ RunTime:0.000019s ]
INFO: [ app_init ] --END-- [ RunTime:0.000110s ]

[ 2017-03-07T09:04:04+08:00 ] 127.0.0.1 /Admin/Login/code.php?0.5258337845971319
INFO: [ app_init ] --START--
INFO: Run Behavior\BuildLiteBehavior [ RunTime:0.000019s ]
INFO: [ app_init ] --END-- [ RunTime:0.000115s ]

[ 2017-03-07T09:04:09+08:00 ] 127.0.0.1 /Admin/Login/code.php?0.6431947786955083
INFO: [ app_init ] --START--
INFO: Run Behavior\BuildLiteBehavior [ RunTime:0.000019s ]
INFO: [ app_init ] --END-- [ RunTime:0.000110s ]

[ 2017-03-07T09:04:13+08:00 ] 127.0.0.1 /Admin/Login/index.php
INFO: [ app_init ] --START--
INFO: Run Behavior\BuildLiteBehavior [ RunTime:0.000020s ]
INFO: [ app_init ] --END-- [ RunTime:0.000116s ]

[ 2017-03-07T09:04:13+08:00 ] 127.0.0.1 /Admin/Login/index/error/%E9%AA%8C%E8%AF%81%E7%A0%81%E9%94%99%E8%AF%AF%EF%BC%81.php
INFO: [ app_init ] --START--
INFO: Run Behavior\BuildLiteBehavior [ RunTime:0.000018s ]
INFO: [ app_init ] --END-- [ RunTime:0.000105s ]

[ 2017-03-07T09:04:13+08:00 ] 127.0.0.1 /Admin/Login/code.php
INFO: [ app_init ] --START--
INFO: Run Behavior\BuildLiteBehavior [ RunTime:0.000021s ]
INFO: [ app_init ] --END-- [ RunTime:0.000143s ]

[ 2017-03-07T09:04:24+08:00 ] 127.0.0.1 /Admin/Login/index.php
INFO: [ app_init ] --START--
INFO: Run Behavior\BuildLiteBehavior [ RunTime:0.000021s ]
INFO: [ app_init ] --END-- [ RunTime:0.000118s ]

[ 2017-03-07T09:04:25+08:00 ] 127.0.0.1 /Admin/Index/index.php
INFO: [ app_init ] --START--
INFO: Run Behavior\BuildLiteBehavior [ RunTime:0.000019s ]
INFO: [ app_init ] --END-- [ RunTime:0.000115s ]
ERR: 1146:Table 'zhoufei.linfei_config' doesn't exist
 [ SQL语句 ] : SHOW COLUMNS FROM `linfei_config`

[ 2017-03-07T09:04:29+08:00 ] 127.0.0.1 /Admin/Index/index.php
INFO: [ app_init ] --START--
INFO: Run Behavior\BuildLiteBehavior [ RunTime:0.000020s ]
INFO: [ app_init ] --END-- [ RunTime:0.000116s ]
ERR: 1146:Table 'zhoufei.linfei_config' doesn't exist
 [ SQL语句 ] : SHOW COLUMNS FROM `linfei_config`

[ 2017-03-07T09:07:57+08:00 ] 127.0.0.1 /admin
INFO: [ app_init ] --START--
INFO: Run Behavior\BuildLiteBehavior [ RunTime:0.000021s ]
INFO: [ app_init ] --END-- [ RunTime:0.000117s ]

[ 2017-03-07T09:16:27+08:00 ] 127.0.0.1 /admin
INFO: [ app_init ] --START--
INFO: Run Behavior\BuildLiteBehavior [ RunTime:0.000021s ]
INFO: [ app_init ] --END-- [ RunTime:0.000126s ]

[ 2017-03-07T09:22:17+08:00 ] 127.0.0.1 /admin
INFO: [ app_init ] --START--
INFO: Run Behavior\BuildLiteBehavior [ RunTime:0.000020s ]
INFO: [ app_init ] --END-- [ RunTime:0.000121s ]

[ 2017-03-07T09:24:17+08:00 ] 127.0.0.1 /admin
INFO: [ app_init ] --START--
INFO: Run Behavior\BuildLiteBehavior [ RunTime:0.000021s ]
INFO: [ app_init ] --END-- [ RunTime:0.000120s ]

[ 2017-03-07T09:24:21+08:00 ] 127.0.0.1 /admin
INFO: [ app_init ] --START--
INFO: Run Behavior\BuildLiteBehavior [ RunTime:0.000023s ]
INFO: [ app_init ] --END-- [ RunTime:0.000147s ]
INFO: [ app_begin ] --START--
INFO: Run Behavior\ReadHtmlCacheBehavior [ RunTime:0.001351s ]
INFO: [ app_begin ] --END-- [ RunTime:0.001577s ]
SQL: SHOW COLUMNS FROM `zhoufei_admin` [ RunTime:0.0024s ]
SQL: SELECT `group` FROM `zhoufei_admin` WHERE `id` = 1 LIMIT 1   [ RunTime:0.0003s ]
SQL: SHOW COLUMNS FROM `zhoufei_group` [ RunTime:0.0024s ]
SQL: SELECT `permissions` FROM `zhoufei_group` WHERE `id` = 1 LIMIT 1   [ RunTime:0.0004s ]
SQL: SELECT VERSION() as version [ RunTime:0.0002s ]
INFO: [ view_parse ] --START--
INFO: [ template_filter ] --START--
INFO: Run Behavior\ContentReplaceBehavior [ RunTime:0.000131s ]
INFO: [ template_filter ] --END-- [ RunTime:0.000242s ]
NOTIC: [8] Undefined index: p D:\wamp64\www\linfei\App\Runtime\Cache\Admin\9675e563f317ebdf59be859a50a0abae.php 第 145 行.
NOTIC: [8] Undefined index: p D:\wamp64\www\linfei\App\Runtime\Cache\Admin\9675e563f317ebdf59be859a50a0abae.php 第 145 行.
NOTIC: [8] Undefined index: p D:\wamp64\www\linfei\App\Runtime\Cache\Admin\9675e563f317ebdf59be859a50a0abae.php 第 145 行.
NOTIC: [8] Undefined index: p D:\wamp64\www\linfei\App\Runtime\Cache\Admin\9675e563f317ebdf59be859a50a0abae.php 第 145 行.
NOTIC: [8] Undefined index: p D:\wamp64\www\linfei\App\Runtime\Cache\Admin\9675e563f317ebdf59be859a50a0abae.php 第 145 行.
NOTIC: [8] Undefined index: p D:\wamp64\www\linfei\App\Runtime\Cache\Admin\9675e563f317ebdf59be859a50a0abae.php 第 145 行.
NOTIC: [8] Undefined index: p D:\wamp64\www\linfei\App\Runtime\Cache\Admin\9675e563f317ebdf59be859a50a0abae.php 第 145 行.
NOTIC: [8] Undefined index: p D:\wamp64\www\linfei\App\Runtime\Cache\Admin\9675e563f317ebdf59be859a50a0abae.php 第 145 行.
NOTIC: [8] Undefined index: p D:\wamp64\www\linfei\App\Runtime\Cache\Admin\9675e563f317ebdf59be859a50a0abae.php 第 145 行.
NOTIC: [8] Undefined index: p D:\wamp64\www\linfei\App\Runtime\Cache\Admin\9675e563f317ebdf59be859a50a0abae.php 第 145 行.
NOTIC: [8] Undefined index: p D:\wamp64\www\linfei\App\Runtime\Cache\Admin\9675e563f317ebdf59be859a50a0abae.php 第 145 行.
NOTIC: [8] Undefined index: p D:\wamp64\www\linfei\App\Runtime\Cache\Admin\9675e563f317ebdf59be859a50a0abae.php 第 145 行.
NOTIC: [8] Undefined index: p D:\wamp64\www\linfei\App\Runtime\Cache\Admin\9675e563f317ebdf59be859a50a0abae.php 第 145 行.
NOTIC: [8] Undefined index: p D:\wamp64\www\linfei\App\Runtime\Cache\Admin\9675e563f317ebdf59be859a50a0abae.php 第 145 行.
NOTIC: [8] Undefined index: p D:\wamp64\www\linfei\App\Runtime\Cache\Admin\9675e563f317ebdf59be859a50a0abae.php 第 145 行.
NOTIC: [8] Undefined index: p D:\wamp64\www\linfei\App\Runtime\Cache\Admin\9675e563f317ebdf59be859a50a0abae.php 第 145 行.
NOTIC: [8] Undefined index: p D:\wamp64\www\linfei\App\Runtime\Cache\Admin\9675e563f317ebdf59be859a50a0abae.php 第 145 行.
NOTIC: [8] Undefined index: p D:\wamp64\www\linfei\App\Runtime\Cache\Admin\9675e563f317ebdf59be859a50a0abae.php 第 145 行.
NOTIC: [8] Undefined index: p D:\wamp64\www\linfei\App\Runtime\Cache\Admin\9675e563f317ebdf59be859a50a0abae.php 第 145 行.
NOTIC: [8] Undefined index: p D:\wamp64\www\linfei\App\Runtime\Cache\Admin\9675e563f317ebdf59be859a50a0abae.php 第 145 行.
NOTIC: [8] Undefined index: p D:\wamp64\www\linfei\App\Runtime\Cache\Admin\9675e563f317ebdf59be859a50a0abae.php 第 145 行.
NOTIC: [8] Undefined index: p D:\wamp64\www\linfei\App\Runtime\Cache\Admin\9675e563f317ebdf59be859a50a0abae.php 第 145 行.
NOTIC: [8] Undefined index: p D:\wamp64\www\linfei\App\Runtime\Cache\Admin\9675e563f317ebdf59be859a50a0abae.php 第 145 行.
NOTIC: [8] Undefined index: p D:\wamp64\www\linfei\App\Runtime\Cache\Admin\9675e563f317ebdf59be859a50a0abae.php 第 145 行.
NOTIC: [8] Undefined index: p D:\wamp64\www\linfei\App\Runtime\Cache\Admin\9675e563f317ebdf59be859a50a0abae.php 第 145 行.
NOTIC: [8] Undefined index: p D:\wamp64\www\linfei\App\Runtime\Cache\Admin\9675e563f317ebdf59be859a50a0abae.php 第 145 行.
NOTIC: [8] Undefined index: p D:\wamp64\www\linfei\App\Runtime\Cache\Admin\9675e563f317ebdf59be859a50a0abae.php 第 145 行.
INFO: Run Behavior\ParseTemplateBehavior [ RunTime:0.115778s ]
INFO: [ view_parse ] --END-- [ RunTime:0.115903s ]
INFO: [ view_filter ] --START--
INFO: Run Behavior\WriteHtmlCacheBehavior [ RunTime:0.000689s ]
INFO: Run Behavior\TokenBuildBehavior [ RunTime:0.001190s ]
INFO: [ view_filter ] --END-- [ RunTime:0.001985s ]
INFO: [ app_end ] --START--
INFO: Run Behavior\ShowPageTraceBehavior [ RunTime:0.001138s ]
INFO: [ app_end ] --END-- [ RunTime:0.001241s ]

[ 2017-03-07T09:24:23+08:00 ] 127.0.0.1 /admin
INFO: [ app_init ] --START--
INFO: Run Behavior\BuildLiteBehavior [ RunTime:0.000021s ]
INFO: [ app_init ] --END-- [ RunTime:0.000115s ]

[ 2017-03-07T09:24:24+08:00 ] 127.0.0.1 /admin
INFO: [ app_init ] --START--
INFO: Run Behavior\BuildLiteBehavior [ RunTime:0.000036s ]
INFO: [ app_init ] --END-- [ RunTime:0.000195s ]
INFO: [ app_begin ] --START--
INFO: Run Behavior\ReadHtmlCacheBehavior [ RunTime:0.000830s ]
INFO: [ app_begin ] --END-- [ RunTime:0.000936s ]
SQL: SHOW COLUMNS FROM `zhoufei_admin` [ RunTime:0.0022s ]
SQL: SELECT `group` FROM `zhoufei_admin` WHERE `id` = 1 LIMIT 1   [ RunTime:0.0003s ]
SQL: SHOW COLUMNS FROM `zhoufei_group` [ RunTime:0.0018s ]
SQL: SELECT `permissions` FROM `zhoufei_group` WHERE `id` = 1 LIMIT 1   [ RunTime:0.0003s ]
SQL: SELECT VERSION() as version [ RunTime:0.0002s ]
INFO: [ view_parse ] --START--
INFO: [ template_filter ] --START--
INFO: Run Behavior\ContentReplaceBehavior [ RunTime:0.000097s ]
INFO: [ template_filter ] --END-- [ RunTime:0.000179s ]
NOTIC: [8] Undefined index: p D:\wamp64\www\linfei\App\Runtime\Cache\Admin\9675e563f317ebdf59be859a50a0abae.php 第 145 行.
NOTIC: [8] Undefined index: p D:\wamp64\www\linfei\App\Runtime\Cache\Admin\9675e563f317ebdf59be859a50a0abae.php 第 145 行.
NOTIC: [8] Undefined index: p D:\wamp64\www\linfei\App\Runtime\Cache\Admin\9675e563f317ebdf59be859a50a0abae.php 第 145 行.
NOTIC: [8] Undefined index: p D:\wamp64\www\linfei\App\Runtime\Cache\Admin\9675e563f317ebdf59be859a50a0abae.php 第 145 行.
NOTIC: [8] Undefined index: p D:\wamp64\www\linfei\App\Runtime\Cache\Admin\9675e563f317ebdf59be859a50a0abae.php 第 145 行.
NOTIC: [8] Undefined index: p D:\wamp64\www\linfei\App\Runtime\Cache\Admin\9675e563f317ebdf59be859a50a0abae.php 第 145 行.
NOTIC: [8] Undefined index: p D:\wamp64\www\linfei\App\Runtime\Cache\Admin\9675e563f317ebdf59be859a50a0abae.php 第 145 行.
NOTIC: [8] Undefined index: p D:\wamp64\www\linfei\App\Runtime\Cache\Admin\9675e563f317ebdf59be859a50a0abae.php 第 145 行.
NOTIC: [8] Undefined index: p D:\wamp64\www\linfei\App\Runtime\Cache\Admin\9675e563f317ebdf59be859a50a0abae.php 第 145 行.
NOTIC: [8] Undefined index: p D:\wamp64\www\linfei\App\Runtime\Cache\Admin\9675e563f317ebdf59be859a50a0abae.php 第 145 行.
NOTIC: [8] Undefined index: p D:\wamp64\www\linfei\App\Runtime\Cache\Admin\9675e563f317ebdf59be859a50a0abae.php 第 145 行.
NOTIC: [8] Undefined index: p D:\wamp64\www\linfei\App\Runtime\Cache\Admin\9675e563f317ebdf59be859a50a0abae.php 第 145 行.
NOTIC: [8] Undefined index: p D:\wamp64\www\linfei\App\Runtime\Cache\Admin\9675e563f317ebdf59be859a50a0abae.php 第 145 行.
NOTIC: [8] Undefined index: p D:\wamp64\www\linfei\App\Runtime\Cache\Admin\9675e563f317ebdf59be859a50a0abae.php 第 145 行.
NOTIC: [8] Undefined index: p D:\wamp64\www\linfei\App\Runtime\Cache\Admin\9675e563f317ebdf59be859a50a0abae.php 第 145 行.
NOTIC: [8] Undefined index: p D:\wamp64\www\linfei\App\Runtime\Cache\Admin\9675e563f317ebdf59be859a50a0abae.php 第 145 行.
NOTIC: [8] Undefined index: p D:\wamp64\www\linfei\App\Runtime\Cache\Admin\9675e563f317ebdf59be859a50a0abae.php 第 145 行.
NOTIC: [8] Undefined index: p D:\wamp64\www\linfei\App\Runtime\Cache\Admin\9675e563f317ebdf59be859a50a0abae.php 第 145 行.
NOTIC: [8] Undefined index: p D:\wamp64\www\linfei\App\Runtime\Cache\Admin\9675e563f317ebdf59be859a50a0abae.php 第 145 行.
NOTIC: [8] Undefined index: p D:\wamp64\www\linfei\App\Runtime\Cache\Admin\9675e563f317ebdf59be859a50a0abae.php 第 145 行.
NOTIC: [8] Undefined index: p D:\wamp64\www\linfei\App\Runtime\Cache\Admin\9675e563f317ebdf59be859a50a0abae.php 第 145 行.
NOTIC: [8] Undefined index: p D:\wamp64\www\linfei\App\Runtime\Cache\Admin\9675e563f317ebdf59be859a50a0abae.php 第 145 行.
NOTIC: [8] Undefined index: p D:\wamp64\www\linfei\App\Runtime\Cache\Admin\9675e563f317ebdf59be859a50a0abae.php 第 145 行.
NOTIC: [8] Undefined index: p D:\wamp64\www\linfei\App\Runtime\Cache\Admin\9675e563f317ebdf59be859a50a0abae.php 第 145 行.
NOTIC: [8] Undefined index: p D:\wamp64\www\linfei\App\Runtime\Cache\Admin\9675e563f317ebdf59be859a50a0abae.php 第 145 行.
NOTIC: [8] Undefined index: p D:\wamp64\www\linfei\App\Runtime\Cache\Admin\9675e563f317ebdf59be859a50a0abae.php 第 145 行.
NOTIC: [8] Undefined index: p D:\wamp64\www\linfei\App\Runtime\Cache\Admin\9675e563f317ebdf59be859a50a0abae.php 第 145 行.
INFO: Run Behavior\ParseTemplateBehavior [ RunTime:0.111849s ]
INFO: [ view_parse ] --END-- [ RunTime:0.111923s ]
INFO: [ view_filter ] --START--
INFO: Run Behavior\WriteHtmlCacheBehavior [ RunTime:0.000725s ]
INFO: Run Behavior\TokenBuildBehavior [ RunTime:0.001248s ]
INFO: [ view_filter ] --END-- [ RunTime:0.002085s ]
INFO: [ app_end ] --START--
INFO: Run Behavior\ShowPageTraceBehavior [ RunTime:0.000974s ]
INFO: [ app_end ] --END-- [ RunTime:0.001079s ]

[ 2017-03-07T09:24:25+08:00 ] 127.0.0.1 /admin
INFO: [ app_init ] --START--
INFO: Run Behavior\BuildLiteBehavior [ RunTime:0.000019s ]
INFO: [ app_init ] --END-- [ RunTime:0.000114s ]
INFO: [ app_begin ] --START--
INFO: Run Behavior\ReadHtmlCacheBehavior [ RunTime:0.000630s ]
INFO: [ app_begin ] --END-- [ RunTime:0.000718s ]
SQL: SHOW COLUMNS FROM `zhoufei_admin` [ RunTime:0.0021s ]
SQL: SELECT `group` FROM `zhoufei_admin` WHERE `id` = 1 LIMIT 1   [ RunTime:0.0003s ]
SQL: SHOW COLUMNS FROM `zhoufei_group` [ RunTime:0.0019s ]
SQL: SELECT `permissions` FROM `zhoufei_group` WHERE `id` = 1 LIMIT 1   [ RunTime:0.0003s ]
SQL: SELECT VERSION() as version [ RunTime:0.0002s ]
INFO: [ view_parse ] --START--
INFO: [ template_filter ] --START--
INFO: Run Behavior\ContentReplaceBehavior [ RunTime:0.000101s ]
INFO: [ template_filter ] --END-- [ RunTime:0.000181s ]
NOTIC: [8] Undefined index: p D:\wamp64\www\linfei\App\Runtime\Cache\Admin\9675e563f317ebdf59be859a50a0abae.php 第 145 行.
NOTIC: [8] Undefined index: p D:\wamp64\www\linfei\App\Runtime\Cache\Admin\9675e563f317ebdf59be859a50a0abae.php 第 145 行.
NOTIC: [8] Undefined index: p D:\wamp64\www\linfei\App\Runtime\Cache\Admin\9675e563f317ebdf59be859a50a0abae.php 第 145 行.
NOTIC: [8] Undefined index: p D:\wamp64\www\linfei\App\Runtime\Cache\Admin\9675e563f317ebdf59be859a50a0abae.php 第 145 行.
NOTIC: [8] Undefined index: p D:\wamp64\www\linfei\App\Runtime\Cache\Admin\9675e563f317ebdf59be859a50a0abae.php 第 145 行.
NOTIC: [8] Undefined index: p D:\wamp64\www\linfei\App\Runtime\Cache\Admin\9675e563f317ebdf59be859a50a0abae.php 第 145 行.
NOTIC: [8] Undefined index: p D:\wamp64\www\linfei\App\Runtime\Cache\Admin\9675e563f317ebdf59be859a50a0abae.php 第 145 行.
NOTIC: [8] Undefined index: p D:\wamp64\www\linfei\App\Runtime\Cache\Admin\9675e563f317ebdf59be859a50a0abae.php 第 145 行.
NOTIC: [8] Undefined index: p D:\wamp64\www\linfei\App\Runtime\Cache\Admin\9675e563f317ebdf59be859a50a0abae.php 第 145 行.
NOTIC: [8] Undefined index: p D:\wamp64\www\linfei\App\Runtime\Cache\Admin\9675e563f317ebdf59be859a50a0abae.php 第 145 行.
NOTIC: [8] Undefined index: p D:\wamp64\www\linfei\App\Runtime\Cache\Admin\9675e563f317ebdf59be859a50a0abae.php 第 145 行.
NOTIC: [8] Undefined index: p D:\wamp64\www\linfei\App\Runtime\Cache\Admin\9675e563f317ebdf59be859a50a0abae.php 第 145 行.
NOTIC: [8] Undefined index: p D:\wamp64\www\linfei\App\Runtime\Cache\Admin\9675e563f317ebdf59be859a50a0abae.php 第 145 行.
NOTIC: [8] Undefined index: p D:\wamp64\www\linfei\App\Runtime\Cache\Admin\9675e563f317ebdf59be859a50a0abae.php 第 145 行.
NOTIC: [8] Undefined index: p D:\wamp64\www\linfei\App\Runtime\Cache\Admin\9675e563f317ebdf59be859a50a0abae.php 第 145 行.
NOTIC: [8] Undefined index: p D:\wamp64\www\linfei\App\Runtime\Cache\Admin\9675e563f317ebdf59be859a50a0abae.php 第 145 行.
NOTIC: [8] Undefined index: p D:\wamp64\www\linfei\App\Runtime\Cache\Admin\9675e563f317ebdf59be859a50a0abae.php 第 145 行.
NOTIC: [8] Undefined index: p D:\wamp64\www\linfei\App\Runtime\Cache\Admin\9675e563f317ebdf59be859a50a0abae.php 第 145 行.
NOTIC: [8] Undefined index: p D:\wamp64\www\linfei\App\Runtime\Cache\Admin\9675e563f317ebdf59be859a50a0abae.php 第 145 行.
NOTIC: [8] Undefined index: p D:\wamp64\www\linfei\App\Runtime\Cache\Admin\9675e563f317ebdf59be859a50a0abae.php 第 145 行.
NOTIC: [8] Undefined index: p D:\wamp64\www\linfei\App\Runtime\Cache\Admin\9675e563f317ebdf59be859a50a0abae.php 第 145 行.
NOTIC: [8] Undefined index: p D:\wamp64\www\linfei\App\Runtime\Cache\Admin\9675e563f317ebdf59be859a50a0abae.php 第 145 行.
NOTIC: [8] Undefined index: p D:\wamp64\www\linfei\App\Runtime\Cache\Admin\9675e563f317ebdf59be859a50a0abae.php 第 145 行.
NOTIC: [8] Undefined index: p D:\wamp64\www\linfei\App\Runtime\Cache\Admin\9675e563f317ebdf59be859a50a0abae.php 第 145 行.
NOTIC: [8] Undefined index: p D:\wamp64\www\linfei\App\Runtime\Cache\Admin\9675e563f317ebdf59be859a50a0abae.php 第 145 行.
NOTIC: [8] Undefined index: p D:\wamp64\www\linfei\App\Runtime\Cache\Admin\9675e563f317ebdf59be859a50a0abae.php 第 145 行.
NOTIC: [8] Undefined index: p D:\wamp64\www\linfei\App\Runtime\Cache\Admin\9675e563f317ebdf59be859a50a0abae.php 第 145 行.
INFO: Run Behavior\ParseTemplateBehavior [ RunTime:0.116730s ]
INFO: [ view_parse ] --END-- [ RunTime:0.116809s ]
INFO: [ view_filter ] --START--
INFO: Run Behavior\WriteHtmlCacheBehavior [ RunTime:0.000757s ]
INFO: Run Behavior\TokenBuildBehavior [ RunTime:0.001316s ]
INFO: [ view_filter ] --END-- [ RunTime:0.002187s ]
INFO: [ app_end ] --START--
INFO: Run Behavior\ShowPageTraceBehavior [ RunTime:0.001116s ]
INFO: [ app_end ] --END-- [ RunTime:0.001214s ]

[ 2017-03-07T09:29:25+08:00 ] 127.0.0.1 /admin
INFO: [ app_init ] --START--
INFO: Run Behavior\BuildLiteBehavior [ RunTime:0.000020s ]
INFO: [ app_init ] --END-- [ RunTime:0.000121s ]

[ 2017-03-07T09:30:29+08:00 ] 127.0.0.1 /admin
INFO: [ app_init ] --START--
INFO: Run Behavior\BuildLiteBehavior [ RunTime:0.000020s ]
INFO: [ app_init ] --END-- [ RunTime:0.000117s ]

[ 2017-03-07T09:30:46+08:00 ] 127.0.0.1 /admin
INFO: [ app_init ] --START--
INFO: Run Behavior\BuildLiteBehavior [ RunTime:0.000021s ]
INFO: [ app_init ] --END-- [ RunTime:0.000121s ]

[ 2017-03-07T09:31:48+08:00 ] 127.0.0.1 /admin
INFO: [ app_init ] --START--
INFO: Run Behavior\BuildLiteBehavior [ RunTime:0.000021s ]
INFO: [ app_init ] --END-- [ RunTime:0.000122s ]

[ 2017-03-07T09:31:54+08:00 ] 127.0.0.1 /admin
INFO: [ app_init ] --START--
INFO: Run Behavior\BuildLiteBehavior [ RunTime:0.000019s ]
INFO: [ app_init ] --END-- [ RunTime:0.000178s ]

[ 2017-03-07T09:34:01+08:00 ] 127.0.0.1 /admin
INFO: [ app_init ] --START--
INFO: Run Behavior\BuildLiteBehavior [ RunTime:0.000020s ]
INFO: [ app_init ] --END-- [ RunTime:0.000117s ]

[ 2017-03-07T09:34:37+08:00 ] 127.0.0.1 /admin
INFO: [ app_init ] --START--
INFO: Run Behavior\BuildLiteBehavior [ RunTime:0.000021s ]
INFO: [ app_init ] --END-- [ RunTime:0.000161s ]

[ 2017-03-07T09:35:42+08:00 ] 127.0.0.1 /admin
INFO: [ app_init ] --START--
INFO: Run Behavior\BuildLiteBehavior [ RunTime:0.000040s ]
INFO: [ app_init ] --END-- [ RunTime:0.000238s ]

[ 2017-03-07T09:37:04+08:00 ] 127.0.0.1 /admin
INFO: [ app_init ] --START--
INFO: Run Behavior\BuildLiteBehavior [ RunTime:0.000019s ]
INFO: [ app_init ] --END-- [ RunTime:0.000119s ]

[ 2017-03-07T09:37:44+08:00 ] 127.0.0.1 /admin
INFO: [ app_init ] --START--
INFO: Run Behavior\BuildLiteBehavior [ RunTime:0.000018s ]
INFO: [ app_init ] --END-- [ RunTime:0.000110s ]

[ 2017-03-07T09:40:06+08:00 ] 127.0.0.1 /admin
INFO: [ app_init ] --START--
INFO: Run Behavior\BuildLiteBehavior [ RunTime:0.000020s ]
INFO: [ app_init ] --END-- [ RunTime:0.000119s ]

[ 2017-03-07T09:40:25+08:00 ] 127.0.0.1 /admin
INFO: [ app_init ] --START--
INFO: Run Behavior\BuildLiteBehavior [ RunTime:0.000019s ]
INFO: [ app_init ] --END-- [ RunTime:0.000125s ]

[ 2017-03-07T09:40:45+08:00 ] 127.0.0.1 /admin
INFO: [ app_init ] --START--
INFO: Run Behavior\BuildLiteBehavior [ RunTime:0.000024s ]
INFO: [ app_init ] --END-- [ RunTime:0.000142s ]

[ 2017-03-07T09:40:46+08:00 ] 127.0.0.1 /admin
INFO: [ app_init ] --START--
INFO: Run Behavior\BuildLiteBehavior [ RunTime:0.000019s ]
INFO: [ app_init ] --END-- [ RunTime:0.000112s ]

[ 2017-03-07T09:40:46+08:00 ] 127.0.0.1 /admin
INFO: [ app_init ] --START--
INFO: Run Behavior\BuildLiteBehavior [ RunTime:0.000029s ]
INFO: [ app_init ] --END-- [ RunTime:0.000136s ]

[ 2017-03-07T09:40:46+08:00 ] 127.0.0.1 /admin
INFO: [ app_init ] --START--
INFO: Run Behavior\BuildLiteBehavior [ RunTime:0.000023s ]
INFO: [ app_init ] --END-- [ RunTime:0.000176s ]

[ 2017-03-07T09:40:46+08:00 ] 127.0.0.1 /admin
INFO: [ app_init ] --START--
INFO: Run Behavior\BuildLiteBehavior [ RunTime:0.000020s ]
INFO: [ app_init ] --END-- [ RunTime:0.000119s ]

[ 2017-03-07T09:40:46+08:00 ] 127.0.0.1 /admin
INFO: [ app_init ] --START--
INFO: Run Behavior\BuildLiteBehavior [ RunTime:0.000027s ]
INFO: [ app_init ] --END-- [ RunTime:0.000129s ]

[ 2017-03-07T09:40:47+08:00 ] 127.0.0.1 /admin
INFO: [ app_init ] --START--
INFO: Run Behavior\BuildLiteBehavior [ RunTime:0.000022s ]
INFO: [ app_init ] --END-- [ RunTime:0.000123s ]

[ 2017-03-07T09:40:47+08:00 ] 127.0.0.1 /admin
INFO: [ app_init ] --START--
INFO: Run Behavior\BuildLiteBehavior [ RunTime:0.000021s ]
INFO: [ app_init ] --END-- [ RunTime:0.000119s ]

[ 2017-03-07T09:40:47+08:00 ] 127.0.0.1 /admin
INFO: [ app_init ] --START--
INFO: Run Behavior\BuildLiteBehavior [ RunTime:0.000021s ]
INFO: [ app_init ] --END-- [ RunTime:0.000120s ]

[ 2017-03-07T09:40:47+08:00 ] 127.0.0.1 /admin
INFO: [ app_init ] --START--
INFO: Run Behavior\BuildLiteBehavior [ RunTime:0.000039s ]
INFO: [ app_init ] --END-- [ RunTime:0.000185s ]

[ 2017-03-07T09:40:47+08:00 ] 127.0.0.1 /admin
INFO: [ app_init ] --START--
INFO: Run Behavior\BuildLiteBehavior [ RunTime:0.000020s ]
INFO: [ app_init ] --END-- [ RunTime:0.000118s ]

[ 2017-03-07T09:40:47+08:00 ] 127.0.0.1 /admin
INFO: [ app_init ] --START--
INFO: Run Behavior\BuildLiteBehavior [ RunTime:0.000019s ]
INFO: [ app_init ] --END-- [ RunTime:0.000126s ]

[ 2017-03-07T09:41:07+08:00 ] 127.0.0.1 /admin
INFO: [ app_init ] --START--
INFO: Run Behavior\BuildLiteBehavior [ RunTime:0.000022s ]
INFO: [ app_init ] --END-- [ RunTime:0.000117s ]

[ 2017-03-07T09:43:00+08:00 ] 127.0.0.1 /admin
INFO: [ app_init ] --START--
INFO: Run Behavior\BuildLiteBehavior [ RunTime:0.000021s ]
INFO: [ app_init ] --END-- [ RunTime:0.000128s ]

[ 2017-03-07T09:43:44+08:00 ] 127.0.0.1 /admin
INFO: [ app_init ] --START--
INFO: Run Behavior\BuildLiteBehavior [ RunTime:0.000020s ]
INFO: [ app_init ] --END-- [ RunTime:0.000119s ]

[ 2017-03-07T09:43:47+08:00 ] 127.0.0.1 /admin
INFO: [ app_init ] --START--
INFO: Run Behavior\BuildLiteBehavior [ RunTime:0.000037s ]
INFO: [ app_init ] --END-- [ RunTime:0.000223s ]

[ 2017-03-07T09:43:48+08:00 ] 127.0.0.1 /admin
INFO: [ app_init ] --START--
INFO: Run Behavior\BuildLiteBehavior [ RunTime:0.000024s ]
INFO: [ app_init ] --END-- [ RunTime:0.000129s ]

[ 2017-03-07T09:43:48+08:00 ] 127.0.0.1 /admin
INFO: [ app_init ] --START--
INFO: Run Behavior\BuildLiteBehavior [ RunTime:0.000019s ]
INFO: [ app_init ] --END-- [ RunTime:0.000108s ]

[ 2017-03-07T09:43:48+08:00 ] 127.0.0.1 /admin
INFO: [ app_init ] --START--
INFO: Run Behavior\BuildLiteBehavior [ RunTime:0.000019s ]
INFO: [ app_init ] --END-- [ RunTime:0.000112s ]

[ 2017-03-07T09:43:48+08:00 ] 127.0.0.1 /admin
INFO: [ app_init ] --START--
INFO: Run Behavior\BuildLiteBehavior [ RunTime:0.000039s ]
INFO: [ app_init ] --END-- [ RunTime:0.000167s ]

[ 2017-03-07T09:43:49+08:00 ] 127.0.0.1 /admin
INFO: [ app_init ] --START--
INFO: Run Behavior\BuildLiteBehavior [ RunTime:0.000021s ]
INFO: [ app_init ] --END-- [ RunTime:0.000120s ]

[ 2017-03-07T09:43:49+08:00 ] 127.0.0.1 /admin
INFO: [ app_init ] --START--
INFO: Run Behavior\BuildLiteBehavior [ RunTime:0.000021s ]
INFO: [ app_init ] --END-- [ RunTime:0.000138s ]

[ 2017-03-07T09:43:49+08:00 ] 127.0.0.1 /admin
INFO: [ app_init ] --START--
INFO: Run Behavior\BuildLiteBehavior [ RunTime:0.000025s ]
INFO: [ app_init ] --END-- [ RunTime:0.000136s ]

[ 2017-03-07T09:43:49+08:00 ] 127.0.0.1 /admin
INFO: [ app_init ] --START--
INFO: Run Behavior\BuildLiteBehavior [ RunTime:0.000020s ]
INFO: [ app_init ] --END-- [ RunTime:0.000120s ]

[ 2017-03-07T09:43:49+08:00 ] 127.0.0.1 /admin
INFO: [ app_init ] --START--
INFO: Run Behavior\BuildLiteBehavior [ RunTime:0.000023s ]
INFO: [ app_init ] --END-- [ RunTime:0.000129s ]

[ 2017-03-07T09:43:49+08:00 ] 127.0.0.1 /admin
INFO: [ app_init ] --START--
INFO: Run Behavior\BuildLiteBehavior [ RunTime:0.000022s ]
INFO: [ app_init ] --END-- [ RunTime:0.000122s ]

[ 2017-03-07T09:43:49+08:00 ] 127.0.0.1 /admin
INFO: [ app_init ] --START--
INFO: Run Behavior\BuildLiteBehavior [ RunTime:0.000020s ]
INFO: [ app_init ] --END-- [ RunTime:0.000116s ]

[ 2017-03-07T09:43:50+08:00 ] 127.0.0.1 /admin
INFO: [ app_init ] --START--
INFO: Run Behavior\BuildLiteBehavior [ RunTime:0.000022s ]
INFO: [ app_init ] --END-- [ RunTime:0.000143s ]

[ 2017-03-07T09:43:50+08:00 ] 127.0.0.1 /admin
INFO: [ app_init ] --START--
INFO: Run Behavior\BuildLiteBehavior [ RunTime:0.000028s ]
INFO: [ app_init ] --END-- [ RunTime:0.000161s ]

[ 2017-03-07T09:43:50+08:00 ] 127.0.0.1 /admin
INFO: [ app_init ] --START--
INFO: Run Behavior\BuildLiteBehavior [ RunTime:0.000021s ]
INFO: [ app_init ] --END-- [ RunTime:0.000137s ]

[ 2017-03-07T09:43:50+08:00 ] 127.0.0.1 /admin
INFO: [ app_init ] --START--
INFO: Run Behavior\BuildLiteBehavior [ RunTime:0.000038s ]
INFO: [ app_init ] --END-- [ RunTime:0.000160s ]

[ 2017-03-07T09:43:50+08:00 ] 127.0.0.1 /admin
INFO: [ app_init ] --START--
INFO: Run Behavior\BuildLiteBehavior [ RunTime:0.000023s ]
INFO: [ app_init ] --END-- [ RunTime:0.000128s ]

[ 2017-03-07T09:43:50+08:00 ] 127.0.0.1 /admin
INFO: [ app_init ] --START--
INFO: Run Behavior\BuildLiteBehavior [ RunTime:0.000023s ]
INFO: [ app_init ] --END-- [ RunTime:0.000133s ]

[ 2017-03-07T09:43:51+08:00 ] 127.0.0.1 /admin
INFO: [ app_init ] --START--
INFO: Run Behavior\BuildLiteBehavior [ RunTime:0.000064s ]
INFO: [ app_init ] --END-- [ RunTime:0.000334s ]

[ 2017-03-07T09:43:51+08:00 ] 127.0.0.1 /admin
INFO: [ app_init ] --START--
INFO: Run Behavior\BuildLiteBehavior [ RunTime:0.000036s ]
INFO: [ app_init ] --END-- [ RunTime:0.000138s ]

[ 2017-03-07T09:43:51+08:00 ] 127.0.0.1 /admin
INFO: [ app_init ] --START--
INFO: Run Behavior\BuildLiteBehavior [ RunTime:0.000022s ]
INFO: [ app_init ] --END-- [ RunTime:0.000124s ]

[ 2017-03-07T09:43:51+08:00 ] 127.0.0.1 /admin
INFO: [ app_init ] --START--
INFO: Run Behavior\BuildLiteBehavior [ RunTime:0.000022s ]
INFO: [ app_init ] --END-- [ RunTime:0.000130s ]

[ 2017-03-07T09:43:51+08:00 ] 127.0.0.1 /admin
INFO: [ app_init ] --START--
INFO: Run Behavior\BuildLiteBehavior [ RunTime:0.000022s ]
INFO: [ app_init ] --END-- [ RunTime:0.000123s ]

[ 2017-03-07T09:43:51+08:00 ] 127.0.0.1 /admin
INFO: [ app_init ] --START--
INFO: Run Behavior\BuildLiteBehavior [ RunTime:0.000024s ]
INFO: [ app_init ] --END-- [ RunTime:0.000298s ]

[ 2017-03-07T09:43:51+08:00 ] 127.0.0.1 /admin
INFO: [ app_init ] --START--
INFO: Run Behavior\BuildLiteBehavior [ RunTime:0.000021s ]
INFO: [ app_init ] --END-- [ RunTime:0.000138s ]

[ 2017-03-07T09:43:52+08:00 ] 127.0.0.1 /admin
INFO: [ app_init ] --START--
INFO: Run Behavior\BuildLiteBehavior [ RunTime:0.000022s ]
INFO: [ app_init ] --END-- [ RunTime:0.000138s ]

[ 2017-03-07T09:43:52+08:00 ] 127.0.0.1 /admin
INFO: [ app_init ] --START--
INFO: Run Behavior\BuildLiteBehavior [ RunTime:0.000044s ]
INFO: [ app_init ] --END-- [ RunTime:0.000262s ]

[ 2017-03-07T09:43:52+08:00 ] 127.0.0.1 /admin
INFO: [ app_init ] --START--
INFO: Run Behavior\BuildLiteBehavior [ RunTime:0.000024s ]
INFO: [ app_init ] --END-- [ RunTime:0.000182s ]

[ 2017-03-07T09:43:52+08:00 ] 127.0.0.1 /admin
INFO: [ app_init ] --START--
INFO: Run Behavior\BuildLiteBehavior [ RunTime:0.000032s ]
INFO: [ app_init ] --END-- [ RunTime:0.000167s ]

[ 2017-03-07T09:43:52+08:00 ] 127.0.0.1 /admin
INFO: [ app_init ] --START--
INFO: Run Behavior\BuildLiteBehavior [ RunTime:0.000019s ]
INFO: [ app_init ] --END-- [ RunTime:0.000110s ]

[ 2017-03-07T09:43:52+08:00 ] 127.0.0.1 /admin
INFO: [ app_init ] --START--
INFO: Run Behavior\BuildLiteBehavior [ RunTime:0.000019s ]
INFO: [ app_init ] --END-- [ RunTime:0.000111s ]

[ 2017-03-07T09:43:53+08:00 ] 127.0.0.1 /admin
INFO: [ app_init ] --START--
INFO: Run Behavior\BuildLiteBehavior [ RunTime:0.000019s ]
INFO: [ app_init ] --END-- [ RunTime:0.000110s ]

[ 2017-03-07T09:43:53+08:00 ] 127.0.0.1 /admin
INFO: [ app_init ] --START--
INFO: Run Behavior\BuildLiteBehavior [ RunTime:0.000019s ]
INFO: [ app_init ] --END-- [ RunTime:0.000109s ]

[ 2017-03-07T09:43:53+08:00 ] 127.0.0.1 /admin
INFO: [ app_init ] --START--
INFO: Run Behavior\BuildLiteBehavior [ RunTime:0.000020s ]
INFO: [ app_init ] --END-- [ RunTime:0.000113s ]

[ 2017-03-07T09:45:39+08:00 ] 127.0.0.1 /admin
INFO: [ app_init ] --START--
INFO: Run Behavior\BuildLiteBehavior [ RunTime:0.000037s ]
INFO: [ app_init ] --END-- [ RunTime:0.000153s ]

[ 2017-03-07T09:46:06+08:00 ] 127.0.0.1 /admin
INFO: [ app_init ] --START--
INFO: Run Behavior\BuildLiteBehavior [ RunTime:0.000020s ]
INFO: [ app_init ] --END-- [ RunTime:0.000117s ]

[ 2017-03-07T09:46:59+08:00 ] 127.0.0.1 /admin
INFO: [ app_init ] --START--
INFO: Run Behavior\BuildLiteBehavior [ RunTime:0.000035s ]
INFO: [ app_init ] --END-- [ RunTime:0.000139s ]

[ 2017-03-07T09:48:02+08:00 ] 127.0.0.1 /admin
INFO: [ app_init ] --START--
INFO: Run Behavior\BuildLiteBehavior [ RunTime:0.000019s ]
INFO: [ app_init ] --END-- [ RunTime:0.000115s ]

[ 2017-03-07T09:52:11+08:00 ] 127.0.0.1 /admin
INFO: [ app_init ] --START--
INFO: Run Behavior\BuildLiteBehavior [ RunTime:0.000020s ]
INFO: [ app_init ] --END-- [ RunTime:0.000119s ]

[ 2017-03-07T09:53:26+08:00 ] 127.0.0.1 /admin
INFO: [ app_init ] --START--
INFO: Run Behavior\BuildLiteBehavior [ RunTime:0.000018s ]
INFO: [ app_init ] --END-- [ RunTime:0.000110s ]

[ 2017-03-07T09:53:50+08:00 ] 127.0.0.1 /admin
INFO: [ app_init ] --START--
INFO: Run Behavior\BuildLiteBehavior [ RunTime:0.000020s ]
INFO: [ app_init ] --END-- [ RunTime:0.000120s ]

[ 2017-03-07T09:55:00+08:00 ] 127.0.0.1 /admin
INFO: [ app_init ] --START--
INFO: Run Behavior\BuildLiteBehavior [ RunTime:0.000020s ]
INFO: [ app_init ] --END-- [ RunTime:0.000118s ]

[ 2017-03-07T09:56:01+08:00 ] 127.0.0.1 /admin
INFO: [ app_init ] --START--
INFO: Run Behavior\BuildLiteBehavior [ RunTime:0.000021s ]
INFO: [ app_init ] --END-- [ RunTime:0.000119s ]

[ 2017-03-07T09:59:08+08:00 ] 127.0.0.1 /admin
INFO: [ app_init ] --START--
INFO: Run Behavior\BuildLiteBehavior [ RunTime:0.000020s ]
INFO: [ app_init ] --END-- [ RunTime:0.000126s ]

[ 2017-03-07T09:59:28+08:00 ] 127.0.0.1 /admin
INFO: [ app_init ] --START--
INFO: Run Behavior\BuildLiteBehavior [ RunTime:0.000020s ]
INFO: [ app_init ] --END-- [ RunTime:0.000117s ]

[ 2017-03-07T10:09:16+08:00 ] 127.0.0.1 /admin
INFO: [ app_init ] --START--
INFO: Run Behavior\BuildLiteBehavior [ RunTime:0.000020s ]
INFO: [ app_init ] --END-- [ RunTime:0.000122s ]

[ 2017-03-07T10:10:58+08:00 ] 127.0.0.1 /admin
INFO: [ app_init ] --START--
INFO: Run Behavior\BuildLiteBehavior [ RunTime:0.000020s ]
INFO: [ app_init ] --END-- [ RunTime:0.000120s ]

[ 2017-03-07T10:11:34+08:00 ] 127.0.0.1 /admin
INFO: [ app_init ] --START--
INFO: Run Behavior\BuildLiteBehavior [ RunTime:0.000019s ]
INFO: [ app_init ] --END-- [ RunTime:0.000117s ]

[ 2017-03-07T10:11:37+08:00 ] 127.0.0.1 /admin
INFO: [ app_init ] --START--
INFO: Run Behavior\BuildLiteBehavior [ RunTime:0.000020s ]
INFO: [ app_init ] --END-- [ RunTime:0.000116s ]

[ 2017-03-07T10:11:50+08:00 ] 127.0.0.1 /admin
INFO: [ app_init ] --START--
INFO: Run Behavior\BuildLiteBehavior [ RunTime:0.000019s ]
INFO: [ app_init ] --END-- [ RunTime:0.000117s ]

[ 2017-03-07T10:11:51+08:00 ] 127.0.0.1 /Admin/Config/navstyle.php
INFO: [ app_init ] --START--
INFO: Run Behavior\BuildLiteBehavior [ RunTime:0.000038s ]
INFO: [ app_init ] --END-- [ RunTime:0.000156s ]
INFO: [ app_begin ] --START--
INFO: Run Behavior\ReadHtmlCacheBehavior [ RunTime:0.001169s ]
INFO: [ app_begin ] --END-- [ RunTime:0.001287s ]
SQL: SHOW COLUMNS FROM `zhoufei_config` [ RunTime:0.0022s ]
SQL: SELECT `navstyle` FROM `zhoufei_config` LIMIT 1   [ RunTime:0.0003s ]
SQL: SHOW COLUMNS FROM `zhoufei_admin` [ RunTime:0.0005s ]
SQL: SELECT `group` FROM `zhoufei_admin` WHERE `id` = 1 LIMIT 1   [ RunTime:0.0002s ]
SQL: SHOW COLUMNS FROM `zhoufei_group` [ RunTime:0.0004s ]
SQL: SELECT `permissions` FROM `zhoufei_group` WHERE `id` = 1 LIMIT 1   [ RunTime:0.0003s ]
SQL: SELECT `id` FROM `zhoufei_config` LIMIT 1   [ RunTime:0.0004s ]
SQL: UPDATE `zhoufei_config` SET `navstyle`='0' WHERE `id` = 1 [ RunTime:0.0313s ]

[ 2017-03-07T10:11:53+08:00 ] 127.0.0.1 /admin
INFO: [ app_init ] --START--
INFO: Run Behavior\BuildLiteBehavior [ RunTime:0.000020s ]
INFO: [ app_init ] --END-- [ RunTime:0.000115s ]

[ 2017-03-07T10:11:54+08:00 ] 127.0.0.1 /Admin/Config/navstyle.php
INFO: [ app_init ] --START--
INFO: Run Behavior\BuildLiteBehavior [ RunTime:0.000020s ]
INFO: [ app_init ] --END-- [ RunTime:0.000116s ]
INFO: [ app_begin ] --START--
INFO: Run Behavior\ReadHtmlCacheBehavior [ RunTime:0.000705s ]
INFO: [ app_begin ] --END-- [ RunTime:0.000789s ]
SQL: SHOW COLUMNS FROM `zhoufei_config` [ RunTime:0.0027s ]
SQL: SELECT `navstyle` FROM `zhoufei_config` LIMIT 1   [ RunTime:0.0003s ]
SQL: SHOW COLUMNS FROM `zhoufei_admin` [ RunTime:0.0005s ]
SQL: SELECT `group` FROM `zhoufei_admin` WHERE `id` = 1 LIMIT 1   [ RunTime:0.0003s ]
SQL: SHOW COLUMNS FROM `zhoufei_group` [ RunTime:0.0005s ]
SQL: SELECT `permissions` FROM `zhoufei_group` WHERE `id` = 1 LIMIT 1   [ RunTime:0.0003s ]
SQL: SELECT `id` FROM `zhoufei_config` LIMIT 1   [ RunTime:0.0003s ]
SQL: UPDATE `zhoufei_config` SET `navstyle`='1' WHERE `id` = 1 [ RunTime:0.0463s ]

[ 2017-03-07T10:11:55+08:00 ] 127.0.0.1 /admin
INFO: [ app_init ] --START--
INFO: Run Behavior\BuildLiteBehavior [ RunTime:0.000019s ]
INFO: [ app_init ] --END-- [ RunTime:0.000174s ]

[ 2017-03-07T10:11:56+08:00 ] 127.0.0.1 /Admin/Config/navstyle.php
INFO: [ app_init ] --START--
INFO: Run Behavior\BuildLiteBehavior [ RunTime:0.000035s ]
INFO: [ app_init ] --END-- [ RunTime:0.000187s ]
INFO: [ app_begin ] --START--
INFO: Run Behavior\ReadHtmlCacheBehavior [ RunTime:0.000596s ]
INFO: [ app_begin ] --END-- [ RunTime:0.000684s ]
SQL: SHOW COLUMNS FROM `zhoufei_config` [ RunTime:0.0028s ]
SQL: SELECT `navstyle` FROM `zhoufei_config` LIMIT 1   [ RunTime:0.0013s ]
SQL: SHOW COLUMNS FROM `zhoufei_admin` [ RunTime:0.0006s ]
SQL: SELECT `group` FROM `zhoufei_admin` WHERE `id` = 1 LIMIT 1   [ RunTime:0.0003s ]
SQL: SHOW COLUMNS FROM `zhoufei_group` [ RunTime:0.0005s ]
SQL: SELECT `permissions` FROM `zhoufei_group` WHERE `id` = 1 LIMIT 1   [ RunTime:0.0002s ]
SQL: SELECT `id` FROM `zhoufei_config` LIMIT 1   [ RunTime:0.0002s ]
SQL: UPDATE `zhoufei_config` SET `navstyle`='0' WHERE `id` = 1 [ RunTime:0.0305s ]

[ 2017-03-07T10:11:57+08:00 ] 127.0.0.1 /Admin/Config/navstyle.php
INFO: [ app_init ] --START--
INFO: Run Behavior\BuildLiteBehavior [ RunTime:0.000020s ]
INFO: [ app_init ] --END-- [ RunTime:0.000121s ]
INFO: [ app_begin ] --START--
INFO: Run Behavior\ReadHtmlCacheBehavior [ RunTime:0.000654s ]
INFO: [ app_begin ] --END-- [ RunTime:0.000738s ]
SQL: SHOW COLUMNS FROM `zhoufei_config` [ RunTime:0.0156s ]
SQL: SELECT `navstyle` FROM `zhoufei_config` LIMIT 1   [ RunTime:0.0003s ]
SQL: SHOW COLUMNS FROM `zhoufei_admin` [ RunTime:0.0005s ]
SQL: SELECT `group` FROM `zhoufei_admin` WHERE `id` = 1 LIMIT 1   [ RunTime:0.0090s ]
SQL: SHOW COLUMNS FROM `zhoufei_group` [ RunTime:0.0010s ]
SQL: SELECT `permissions` FROM `zhoufei_group` WHERE `id` = 1 LIMIT 1   [ RunTime:0.0004s ]
SQL: SELECT `id` FROM `zhoufei_config` LIMIT 1   [ RunTime:0.0003s ]
SQL: UPDATE `zhoufei_config` SET `navstyle`='0' WHERE `id` = 1 [ RunTime:0.0330s ]

[ 2017-03-07T10:11:58+08:00 ] 127.0.0.1 /admin
INFO: [ app_init ] --START--
INFO: Run Behavior\BuildLiteBehavior [ RunTime:0.000024s ]
INFO: [ app_init ] --END-- [ RunTime:0.000135s ]

[ 2017-03-07T10:12:00+08:00 ] 127.0.0.1 /Admin/Config/navstyle.php
INFO: [ app_init ] --START--
INFO: Run Behavior\BuildLiteBehavior [ RunTime:0.000023s ]
INFO: [ app_init ] --END-- [ RunTime:0.000135s ]
INFO: [ app_begin ] --START--
INFO: Run Behavior\ReadHtmlCacheBehavior [ RunTime:0.000638s ]
INFO: [ app_begin ] --END-- [ RunTime:0.000776s ]
SQL: SHOW COLUMNS FROM `zhoufei_config` [ RunTime:0.0025s ]
SQL: SELECT `navstyle` FROM `zhoufei_config` LIMIT 1   [ RunTime:0.0004s ]
SQL: SHOW COLUMNS FROM `zhoufei_admin` [ RunTime:0.0007s ]
SQL: SELECT `group` FROM `zhoufei_admin` WHERE `id` = 1 LIMIT 1   [ RunTime:0.0004s ]
SQL: SHOW COLUMNS FROM `zhoufei_group` [ RunTime:0.0006s ]
SQL: SELECT `permissions` FROM `zhoufei_group` WHERE `id` = 1 LIMIT 1   [ RunTime:0.0003s ]
SQL: SELECT `id` FROM `zhoufei_config` LIMIT 1   [ RunTime:0.0003s ]
SQL: UPDATE `zhoufei_config` SET `navstyle`='1' WHERE `id` = 1 [ RunTime:0.0239s ]

[ 2017-03-07T10:12:01+08:00 ] 127.0.0.1 /admin
INFO: [ app_init ] --START--
INFO: Run Behavior\BuildLiteBehavior [ RunTime:0.000019s ]
INFO: [ app_init ] --END-- [ RunTime:0.000115s ]

[ 2017-03-07T10:12:02+08:00 ] 127.0.0.1 /Admin/Config/navstyle.php
INFO: [ app_init ] --START--
INFO: Run Behavior\BuildLiteBehavior [ RunTime:0.000024s ]
INFO: [ app_init ] --END-- [ RunTime:0.000134s ]
INFO: [ app_begin ] --START--
INFO: Run Behavior\ReadHtmlCacheBehavior [ RunTime:0.000835s ]
INFO: [ app_begin ] --END-- [ RunTime:0.000950s ]
SQL: SHOW COLUMNS FROM `zhoufei_config` [ RunTime:0.0007s ]
SQL: SELECT `navstyle` FROM `zhoufei_config` LIMIT 1   [ RunTime:0.0004s ]
SQL: SHOW COLUMNS FROM `zhoufei_admin` [ RunTime:0.0007s ]
SQL: SELECT `group` FROM `zhoufei_admin` WHERE `id` = 1 LIMIT 1   [ RunTime:0.0004s ]
SQL: SHOW COLUMNS FROM `zhoufei_group` [ RunTime:0.0006s ]
SQL: SELECT `permissions` FROM `zhoufei_group` WHERE `id` = 1 LIMIT 1   [ RunTime:0.0003s ]
SQL: SELECT `id` FROM `zhoufei_config` LIMIT 1   [ RunTime:0.0002s ]
SQL: UPDATE `zhoufei_config` SET `navstyle`='0' WHERE `id` = 1 [ RunTime:0.0189s ]

[ 2017-03-07T10:12:03+08:00 ] 127.0.0.1 /admin
INFO: [ app_init ] --START--
INFO: Run Behavior\BuildLiteBehavior [ RunTime:0.000019s ]
INFO: [ app_init ] --END-- [ RunTime:0.000115s ]

[ 2017-03-07T10:14:29+08:00 ] 127.0.0.1 /admin
INFO: [ app_init ] --START--
INFO: Run Behavior\BuildLiteBehavior [ RunTime:0.000019s ]
INFO: [ app_init ] --END-- [ RunTime:0.000121s ]

[ 2017-03-07T10:14:45+08:00 ] 127.0.0.1 /admin
INFO: [ app_init ] --START--
INFO: Run Behavior\BuildLiteBehavior [ RunTime:0.000019s ]
INFO: [ app_init ] --END-- [ RunTime:0.000115s ]

[ 2017-03-07T15:04:12+08:00 ] 127.0.0.1 /admin
INFO: [ app_init ] --START--
INFO: Run Behavior\BuildLiteBehavior [ RunTime:0.000019s ]
INFO: [ app_init ] --END-- [ RunTime:0.000117s ]

[ 2017-03-07T15:04:14+08:00 ] 127.0.0.1 /Admin/Config/navstyle.php
INFO: [ app_init ] --START--
INFO: Run Behavior\BuildLiteBehavior [ RunTime:0.000024s ]
INFO: [ app_init ] --END-- [ RunTime:0.000127s ]
INFO: [ app_begin ] --START--
INFO: Run Behavior\ReadHtmlCacheBehavior [ RunTime:0.000880s ]
INFO: [ app_begin ] --END-- [ RunTime:0.000996s ]
SQL: SHOW COLUMNS FROM `zhoufei_config` [ RunTime:0.0036s ]
SQL: SELECT `navstyle` FROM `zhoufei_config` LIMIT 1   [ RunTime:0.0005s ]
SQL: SHOW COLUMNS FROM `zhoufei_admin` [ RunTime:0.0006s ]
SQL: SELECT `group` FROM `zhoufei_admin` WHERE `id` = 1 LIMIT 1   [ RunTime:0.0003s ]
SQL: SHOW COLUMNS FROM `zhoufei_group` [ RunTime:0.0019s ]
SQL: SELECT `permissions` FROM `zhoufei_group` WHERE `id` = 1 LIMIT 1   [ RunTime:0.0003s ]
SQL: SELECT `id` FROM `zhoufei_config` LIMIT 1   [ RunTime:0.0003s ]
SQL: UPDATE `zhoufei_config` SET `navstyle`='0' WHERE `id` = 1 [ RunTime:0.0352s ]

[ 2017-03-07T15:04:15+08:00 ] 127.0.0.1 /admin
INFO: [ app_init ] --START--
INFO: Run Behavior\BuildLiteBehavior [ RunTime:0.000020s ]
INFO: [ app_init ] --END-- [ RunTime:0.000115s ]

[ 2017-03-07T15:04:21+08:00 ] 127.0.0.1 /Admin/Classify/index.php
INFO: [ app_init ] --START--
INFO: Run Behavior\BuildLiteBehavior [ RunTime:0.000020s ]
INFO: [ app_init ] --END-- [ RunTime:0.000115s ]

[ 2017-03-07T15:04:25+08:00 ] 127.0.0.1 /Admin/Classify/addclassify.php
INFO: [ app_init ] --START--
INFO: Run Behavior\BuildLiteBehavior [ RunTime:0.000022s ]
INFO: [ app_init ] --END-- [ RunTime:0.000130s ]

[ 2017-03-07T19:24:57+08:00 ] 127.0.0.1 /Admin/Login/index.php
INFO: [ app_init ] --START--
INFO: Run Behavior\BuildLiteBehavior [ RunTime:0.000021s ]
INFO: [ app_init ] --END-- [ RunTime:0.000117s ]

[ 2017-03-07T19:25:00+08:00 ] 127.0.0.1 /Admin/Index/index
INFO: [ app_init ] --START--
INFO: Run Behavior\BuildLiteBehavior [ RunTime:0.000018s ]
INFO: [ app_init ] --END-- [ RunTime:0.000142s ]
ERR: SQLSTATE[HY000] [1049] Unknown database 'zhoufei3'

[ 2017-03-07T19:36:50+08:00 ] 127.0.0.1 /admin
INFO: [ app_init ] --START--
INFO: Run Behavior\BuildLiteBehavior [ RunTime:0.000020s ]
INFO: [ app_init ] --END-- [ RunTime:0.000117s ]

[ 2017-03-07T19:36:54+08:00 ] 127.0.0.1 /Admin/Config/navstyle.php
INFO: [ app_init ] --START--
INFO: Run Behavior\BuildLiteBehavior [ RunTime:0.000021s ]
INFO: [ app_init ] --END-- [ RunTime:0.000128s ]
INFO: [ app_begin ] --START--
INFO: Run Behavior\ReadHtmlCacheBehavior [ RunTime:0.001182s ]
INFO: [ app_begin ] --END-- [ RunTime:0.001349s ]
SQL: SHOW COLUMNS FROM `linfei_config` [ RunTime:0.0033s ]
SQL: SELECT `navstyle` FROM `linfei_config` LIMIT 1   [ RunTime:0.0003s ]
SQL: SHOW COLUMNS FROM `linfei_admin` [ RunTime:0.0029s ]
SQL: SELECT `group` FROM `linfei_admin` WHERE `id` = 1 LIMIT 1   [ RunTime:0.0007s ]
SQL: SHOW COLUMNS FROM `linfei_group` [ RunTime:0.0023s ]
SQL: SELECT `permissions` FROM `linfei_group` WHERE `id` = 1 LIMIT 1   [ RunTime:0.0002s ]
SQL: SELECT `id` FROM `linfei_config` LIMIT 1   [ RunTime:0.0002s ]
SQL: UPDATE `linfei_config` SET `navstyle`='1' WHERE `id` = 1 [ RunTime:0.0224s ]

[ 2017-03-07T19:36:56+08:00 ] 127.0.0.1 /admin
INFO: [ app_init ] --START--
INFO: Run Behavior\BuildLiteBehavior [ RunTime:0.000020s ]
INFO: [ app_init ] --END-- [ RunTime:0.000116s ]

[ 2017-03-07T19:36:57+08:00 ] 127.0.0.1 /Admin/Config/navstyle.php
INFO: [ app_init ] --START--
INFO: Run Behavior\BuildLiteBehavior [ RunTime:0.000021s ]
INFO: [ app_init ] --END-- [ RunTime:0.000140s ]
INFO: [ app_begin ] --START--
INFO: Run Behavior\ReadHtmlCacheBehavior [ RunTime:0.000969s ]
INFO: [ app_begin ] --END-- [ RunTime:0.001060s ]
SQL: SHOW COLUMNS FROM `linfei_config` [ RunTime:0.0023s ]
SQL: SELECT `navstyle` FROM `linfei_config` LIMIT 1   [ RunTime:0.0003s ]
SQL: SHOW COLUMNS FROM `linfei_admin` [ RunTime:0.0020s ]
SQL: SELECT `group` FROM `linfei_admin` WHERE `id` = 1 LIMIT 1   [ RunTime:0.0003s ]
SQL: SHOW COLUMNS FROM `linfei_group` [ RunTime:0.0023s ]
SQL: SELECT `permissions` FROM `linfei_group` WHERE `id` = 1 LIMIT 1   [ RunTime:0.0003s ]
SQL: SELECT `id` FROM `linfei_config` LIMIT 1   [ RunTime:0.0002s ]
SQL: UPDATE `linfei_config` SET `navstyle`='0' WHERE `id` = 1 [ RunTime:0.0463s ]

[ 2017-03-07T19:36:59+08:00 ] 127.0.0.1 /admin
INFO: [ app_init ] --START--
INFO: Run Behavior\BuildLiteBehavior [ RunTime:0.000018s ]
INFO: [ app_init ] --END-- [ RunTime:0.000106s ]

[ 2017-03-07T19:43:46+08:00 ] 127.0.0.1 /admin
INFO: [ app_init ] --START--
INFO: Run Behavior\BuildLiteBehavior [ RunTime:0.000020s ]
INFO: [ app_init ] --END-- [ RunTime:0.000124s ]

[ 2017-03-07T19:43:49+08:00 ] 127.0.0.1 /Admin/Backup/index.php
INFO: [ app_init ] --START--
INFO: Run Behavior\BuildLiteBehavior [ RunTime:0.000021s ]
INFO: [ app_init ] --END-- [ RunTime:0.000121s ]

[ 2017-03-07T19:43:54+08:00 ] 127.0.0.1 /Admin/Config/navstyle.php
INFO: [ app_init ] --START--
INFO: Run Behavior\BuildLiteBehavior [ RunTime:0.000022s ]
INFO: [ app_init ] --END-- [ RunTime:0.000131s ]
INFO: [ app_begin ] --START--
INFO: Run Behavior\ReadHtmlCacheBehavior [ RunTime:0.000873s ]
INFO: [ app_begin ] --END-- [ RunTime:0.000966s ]
SQL: SHOW COLUMNS FROM `linfei_config` [ RunTime:0.0024s ]
SQL: SELECT `navstyle` FROM `linfei_config` LIMIT 1   [ RunTime:0.0003s ]
SQL: SHOW COLUMNS FROM `linfei_admin` [ RunTime:0.0018s ]
SQL: SELECT `group` FROM `linfei_admin` WHERE `id` = 1 LIMIT 1   [ RunTime:0.0003s ]
SQL: SHOW COLUMNS FROM `linfei_group` [ RunTime:0.0019s ]
SQL: SELECT `permissions` FROM `linfei_group` WHERE `id` = 1 LIMIT 1   [ RunTime:0.0003s ]
SQL: SELECT `id` FROM `linfei_config` LIMIT 1   [ RunTime:0.0003s ]
SQL: UPDATE `linfei_config` SET `navstyle`='1' WHERE `id` = 1 [ RunTime:0.0241s ]

[ 2017-03-07T19:43:54+08:00 ] 127.0.0.1 /Admin/Config/navstyle.php
INFO: [ app_init ] --START--
INFO: Run Behavior\BuildLiteBehavior [ RunTime:0.000021s ]
INFO: [ app_init ] --END-- [ RunTime:0.000121s ]
INFO: [ app_begin ] --START--
INFO: Run Behavior\ReadHtmlCacheBehavior [ RunTime:0.000802s ]
INFO: [ app_begin ] --END-- [ RunTime:0.000889s ]
SQL: SHOW COLUMNS FROM `linfei_config` [ RunTime:0.0029s ]
SQL: SELECT `navstyle` FROM `linfei_config` LIMIT 1   [ RunTime:0.0003s ]
SQL: SHOW COLUMNS FROM `linfei_admin` [ RunTime:0.0025s ]
SQL: SELECT `group` FROM `linfei_admin` WHERE `id` = 1 LIMIT 1   [ RunTime:0.0003s ]
SQL: SHOW COLUMNS FROM `linfei_group` [ RunTime:0.0020s ]
SQL: SELECT `permissions` FROM `linfei_group` WHERE `id` = 1 LIMIT 1   [ RunTime:0.0004s ]
SQL: SELECT `id` FROM `linfei_config` LIMIT 1   [ RunTime:0.0003s ]
SQL: UPDATE `linfei_config` SET `navstyle`='1' WHERE `id` = 1 [ RunTime:0.0180s ]

[ 2017-03-07T19:45:41+08:00 ] 127.0.0.1 /admin
INFO: [ app_init ] --START--
INFO: Run Behavior\BuildLiteBehavior [ RunTime:0.000020s ]
INFO: [ app_init ] --END-- [ RunTime:0.000122s ]

[ 2017-03-07T19:45:43+08:00 ] 127.0.0.1 /Admin/Config/navstyle.php
INFO: [ app_init ] --START--
INFO: Run Behavior\BuildLiteBehavior [ RunTime:0.000039s ]
INFO: [ app_init ] --END-- [ RunTime:0.000207s ]
INFO: [ app_begin ] --START--
INFO: Run Behavior\ReadHtmlCacheBehavior [ RunTime:0.001018s ]
INFO: [ app_begin ] --END-- [ RunTime:0.001202s ]
SQL: SHOW COLUMNS FROM `linfei_config` [ RunTime:0.0024s ]
SQL: SELECT `navstyle` FROM `linfei_config` LIMIT 1   [ RunTime:0.0004s ]
SQL: SHOW COLUMNS FROM `linfei_admin` [ RunTime:0.0023s ]
SQL: SELECT `group` FROM `linfei_admin` WHERE `id` = 1 LIMIT 1   [ RunTime:0.0003s ]
SQL: SHOW COLUMNS FROM `linfei_group` [ RunTime:0.0026s ]
SQL: SELECT `permissions` FROM `linfei_group` WHERE `id` = 1 LIMIT 1   [ RunTime:0.0003s ]
SQL: SELECT `id` FROM `linfei_config` LIMIT 1   [ RunTime:0.0003s ]
SQL: UPDATE `linfei_config` SET `navstyle`='0' WHERE `id` = 1 [ RunTime:0.0341s ]

[ 2017-03-07T19:45:44+08:00 ] 127.0.0.1 /admin
INFO: [ app_init ] --START--
INFO: Run Behavior\BuildLiteBehavior [ RunTime:0.000021s ]
INFO: [ app_init ] --END-- [ RunTime:0.000124s ]

[ 2017-03-07T19:47:49+08:00 ] 127.0.0.1 /Admin/Backup/abc.php
INFO: [ app_init ] --START--
INFO: Run Behavior\BuildLiteBehavior [ RunTime:0.000021s ]
INFO: [ app_init ] --END-- [ RunTime:0.000120s ]
ERR: 非法操作:abc

[ 2017-03-07T19:47:53+08:00 ] 127.0.0.1 /Admin/Backup/abc.php
INFO: [ app_init ] --START--
INFO: Run Behavior\BuildLiteBehavior [ RunTime:0.000020s ]
INFO: [ app_init ] --END-- [ RunTime:0.000117s ]
ERR: 非法操作:abc

[ 2017-03-07T19:48:22+08:00 ] 127.0.0.1 /admin
INFO: [ app_init ] --START--
INFO: Run Behavior\BuildLiteBehavior [ RunTime:0.000019s ]
INFO: [ app_init ] --END-- [ RunTime:0.000111s ]

[ 2017-03-07T19:48:24+08:00 ] 127.0.0.1 /Admin/Backup/bac.php
INFO: [ app_init ] --START--
INFO: Run Behavior\BuildLiteBehavior [ RunTime:0.000018s ]
INFO: [ app_init ] --END-- [ RunTime:0.000109s ]

[ 2017-03-07T19:50:11+08:00 ] 127.0.0.1 /Admin/Backup/bac.php
INFO: [ app_init ] --START--
INFO: Run Behavior\BuildLiteBehavior [ RunTime:0.000020s ]
INFO: [ app_init ] --END-- [ RunTime:0.000120s ]

[ 2017-03-07T19:50:13+08:00 ] 127.0.0.1 /Admin/Backup/bac.php
INFO: [ app_init ] --START--
INFO: Run Behavior\BuildLiteBehavior [ RunTime:0.000018s ]
INFO: [ app_init ] --END-- [ RunTime:0.000107s ]

[ 2017-03-07T19:50:21+08:00 ] 127.0.0.1 /Admin/Backup/bac.php
INFO: [ app_init ] --START--
INFO: Run Behavior\BuildLiteBehavior [ RunTime:0.000020s ]
INFO: [ app_init ] --END-- [ RunTime:0.000167s ]

[ 2017-03-07T19:50:46+08:00 ] 127.0.0.1 /Admin/Backup/bac.php
INFO: [ app_init ] --START--
INFO: Run Behavior\BuildLiteBehavior [ RunTime:0.000021s ]
INFO: [ app_init ] --END-- [ RunTime:0.000119s ]

[ 2017-03-07T19:51:54+08:00 ] 127.0.0.1 /Admin/Backup/bac.php
INFO: [ app_init ] --START--
INFO: Run Behavior\BuildLiteBehavior [ RunTime:0.000023s ]
INFO: [ app_init ] --END-- [ RunTime:0.000194s ]
ERR: 模板不存在:./App/Admin/View/Backup/bac.html

[ 2017-03-07T19:59:22+08:00 ] 127.0.0.1 /Admin/
INFO: [ app_init ] --START--
INFO: Run Behavior\BuildLiteBehavior [ RunTime:0.000020s ]
INFO: [ app_init ] --END-- [ RunTime:0.000117s ]

[ 2017-03-07T19:59:33+08:00 ] 127.0.0.1 /Admin/Config/custom.php
INFO: [ app_init ] --START--
INFO: Run Behavior\BuildLiteBehavior [ RunTime:0.000021s ]
INFO: [ app_init ] --END-- [ RunTime:0.000154s ]

[ 2017-03-07T19:59:47+08:00 ] 127.0.0.1 /Admin/User/grouplist.php
INFO: [ app_init ] --START--
INFO: Run Behavior\BuildLiteBehavior [ RunTime:0.000019s ]
INFO: [ app_init ] --END-- [ RunTime:0.000112s ]

[ 2017-03-07T19:59:49+08:00 ] 127.0.0.1 /Admin/User/addgroup.php
INFO: [ app_init ] --START--
INFO: Run Behavior\BuildLiteBehavior [ RunTime:0.000050s ]
INFO: [ app_init ] --END-- [ RunTime:0.000228s ]

[ 2017-03-07T20:00:34+08:00 ] 127.0.0.1 /Admin/Config/index.php
INFO: [ app_init ] --START--
INFO: Run Behavior\BuildLiteBehavior [ RunTime:0.000019s ]
INFO: [ app_init ] --END-- [ RunTime:0.000144s ]

[ 2017-03-07T20:00:44+08:00 ] 127.0.0.1 /Admin/Config/custom.php
INFO: [ app_init ] --START--
INFO: Run Behavior\BuildLiteBehavior [ RunTime:0.000020s ]
INFO: [ app_init ] --END-- [ RunTime:0.000115s ]

[ 2017-03-07T20:00:45+08:00 ] 127.0.0.1 /Admin/Config/settingurl.php
INFO: [ app_init ] --START--
INFO: Run Behavior\BuildLiteBehavior [ RunTime:0.000020s ]
INFO: [ app_init ] --END-- [ RunTime:0.000115s ]

[ 2017-03-07T20:00:47+08:00 ] 127.0.0.1 /Admin/Model/index.php
INFO: [ app_init ] --START--
INFO: Run Behavior\BuildLiteBehavior [ RunTime:0.000019s ]
INFO: [ app_init ] --END-- [ RunTime:0.000111s ]

[ 2017-03-07T20:00:57+08:00 ] 127.0.0.1 /Admin/Article/addarticle.php
INFO: [ app_init ] --START--
INFO: Run Behavior\BuildLiteBehavior [ RunTime:0.000021s ]
INFO: [ app_init ] --END-- [ RunTime:0.000120s ]

[ 2017-03-07T20:01:02+08:00 ] 127.0.0.1 /Admin/Pic/index.php
INFO: [ app_init ] --START--
INFO: Run Behavior\BuildLiteBehavior [ RunTime:0.000020s ]
INFO: [ app_init ] --END-- [ RunTime:0.000115s ]

[ 2017-03-07T20:01:03+08:00 ] 127.0.0.1 /Admin/Pic/addpic.php
INFO: [ app_init ] --START--
INFO: Run Behavior\BuildLiteBehavior [ RunTime:0.000018s ]
INFO: [ app_init ] --END-- [ RunTime:0.000109s ]

[ 2017-03-07T20:01:12+08:00 ] 127.0.0.1 /Admin/Backup/bac.php
INFO: [ app_init ] --START--
INFO: Run Behavior\BuildLiteBehavior [ RunTime:0.000021s ]
INFO: [ app_init ] --END-- [ RunTime:0.000121s ]
ERR: 模板不存在:./App/Admin/View/Backup/bac.html

[ 2017-03-07T20:01:51+08:00 ] 127.0.0.1 /Admin/Config/index.php
INFO: [ app_init ] --START--
INFO: Run Behavior\BuildLiteBehavior [ RunTime:0.000019s ]
INFO: [ app_init ] --END-- [ RunTime:0.000119s ]

[ 2017-03-07T20:01:53+08:00 ] 127.0.0.1 /Admin/Config/custom.php
INFO: [ app_init ] --START--
INFO: Run Behavior\BuildLiteBehavior [ RunTime:0.000018s ]
INFO: [ app_init ] --END-- [ RunTime:0.000153s ]

[ 2017-03-07T20:01:54+08:00 ] 127.0.0.1 /Admin/Config/settingurl.php
INFO: [ app_init ] --START--
INFO: Run Behavior\BuildLiteBehavior [ RunTime:0.000020s ]
INFO: [ app_init ] --END-- [ RunTime:0.000113s ]

[ 2017-03-07T20:01:57+08:00 ] 127.0.0.1 /Admin/Classify/index.php
INFO: [ app_init ] --START--
INFO: Run Behavior\BuildLiteBehavior [ RunTime:0.000020s ]
INFO: [ app_init ] --END-- [ RunTime:0.000115s ]

[ 2017-03-07T20:02:00+08:00 ] 127.0.0.1 /Admin/Config/custom.php
INFO: [ app_init ] --START--
INFO: Run Behavior\BuildLiteBehavior [ RunTime:0.000020s ]
INFO: [ app_init ] --END-- [ RunTime:0.000116s ]

[ 2017-03-07T20:02:02+08:00 ] 127.0.0.1 /Admin/Config/reditorcustom.php
INFO: [ app_init ] --START--
INFO: Run Behavior\BuildLiteBehavior [ RunTime:0.000020s ]
INFO: [ app_init ] --END-- [ RunTime:0.000118s ]

[ 2017-03-07T20:03:01+08:00 ] 127.0.0.1 /Admin/Backup/bac.php
INFO: [ app_init ] --START--
INFO: Run Behavior\BuildLiteBehavior [ RunTime:0.000019s ]
INFO: [ app_init ] --END-- [ RunTime:0.000179s ]
ERR: 模板不存在:./App/Admin/View/Backup/bac.html

[ 2017-03-07T20:03:03+08:00 ] 127.0.0.1 /Admin/Backup/bac.php
INFO: [ app_init ] --START--
INFO: Run Behavior\BuildLiteBehavior [ RunTime:0.000019s ]
INFO: [ app_init ] --END-- [ RunTime:0.000112s ]
ERR: 模板不存在:./App/Admin/View/Backup/bac.html

[ 2017-03-07T20:03:18+08:00 ] 127.0.0.1 /Admin/Backup/bac.php
INFO: [ app_init ] --START--
INFO: Run Behavior\BuildLiteBehavior [ RunTime:0.000018s ]
INFO: [ app_init ] --END-- [ RunTime:0.000110s ]

[ 2017-03-07T20:03:51+08:00 ] 127.0.0.1 /Admin/Backup/bac.php
INFO: [ app_init ] --START--
INFO: Run Behavior\BuildLiteBehavior [ RunTime:0.000026s ]
INFO: [ app_init ] --END-- [ RunTime:0.000142s ]

[ 2017-03-07T20:04:35+08:00 ] 127.0.0.1 /Admin/Backup/bac.php
INFO: [ app_init ] --START--
INFO: Run Behavior\BuildLiteBehavior [ RunTime:0.000022s ]
INFO: [ app_init ] --END-- [ RunTime:0.000123s ]

[ 2017-03-07T20:05:00+08:00 ] 127.0.0.1 /Admin/Backup/bac.php
INFO: [ app_init ] --START--
INFO: Run Behavior\BuildLiteBehavior [ RunTime:0.000020s ]
INFO: [ app_init ] --END-- [ RunTime:0.000117s ]

[ 2017-03-07T20:06:01+08:00 ] 127.0.0.1 /Admin/Backup/bac.php
INFO: [ app_init ] --START--
INFO: Run Behavior\BuildLiteBehavior [ RunTime:0.000020s ]
INFO: [ app_init ] --END-- [ RunTime:0.000117s ]

[ 2017-03-07T20:07:15+08:00 ] 127.0.0.1 /Admin/Backup/bac.php
INFO: [ app_init ] --START--
INFO: Run Behavior\BuildLiteBehavior [ RunTime:0.000020s ]
INFO: [ app_init ] --END-- [ RunTime:0.000119s ]

[ 2017-03-07T20:07:33+08:00 ] 127.0.0.1 /Admin/Backup/bac.php
INFO: [ app_init ] --START--
INFO: Run Behavior\BuildLiteBehavior [ RunTime:0.000020s ]
INFO: [ app_init ] --END-- [ RunTime:0.000117s ]

[ 2017-03-07T20:08:04+08:00 ] 127.0.0.1 /Admin/Backup/bac.php
INFO: [ app_init ] --START--
INFO: Run Behavior\BuildLiteBehavior [ RunTime:0.000019s ]
INFO: [ app_init ] --END-- [ RunTime:0.000110s ]

[ 2017-03-07T20:08:38+08:00 ] 127.0.0.1 /Admin/Backup/bac.php
INFO: [ app_init ] --START--
INFO: Run Behavior\BuildLiteBehavior [ RunTime:0.000020s ]
INFO: [ app_init ] --END-- [ RunTime:0.000120s ]

[ 2017-03-07T20:09:01+08:00 ] 127.0.0.1 /Admin/Backup/bac.php
INFO: [ app_init ] --START--
INFO: Run Behavior\BuildLiteBehavior [ RunTime:0.000018s ]
INFO: [ app_init ] --END-- [ RunTime:0.000108s ]

[ 2017-03-07T20:11:04+08:00 ] 127.0.0.1 /Admin/Backup/bac.php
INFO: [ app_init ] --START--
INFO: Run Behavior\BuildLiteBehavior [ RunTime:0.000020s ]
INFO: [ app_init ] --END-- [ RunTime:0.000125s ]

[ 2017-03-07T20:12:14+08:00 ] 127.0.0.1 /Admin/Backup/bac.php
INFO: [ app_init ] --START--
INFO: Run Behavior\BuildLiteBehavior [ RunTime:0.000020s ]
INFO: [ app_init ] --END-- [ RunTime:0.000127s ]

[ 2017-03-07T20:12:37+08:00 ] 127.0.0.1 /Admin/Backup/bac.php
INFO: [ app_init ] --START--
INFO: Run Behavior\BuildLiteBehavior [ RunTime:0.000019s ]
INFO: [ app_init ] --END-- [ RunTime:0.000116s ]

[ 2017-03-07T20:13:22+08:00 ] 127.0.0.1 /Admin/Backup/bac.php
INFO: [ app_init ] --START--
INFO: Run Behavior\BuildLiteBehavior [ RunTime:0.000032s ]
INFO: [ app_init ] --END-- [ RunTime:0.000199s ]

[ 2017-03-07T20:13:55+08:00 ] 127.0.0.1 /Admin/Backup/bac.php
INFO: [ app_init ] --START--
INFO: Run Behavior\BuildLiteBehavior [ RunTime:0.000021s ]
INFO: [ app_init ] --END-- [ RunTime:0.000135s ]

[ 2017-03-07T20:14:09+08:00 ] 127.0.0.1 /Admin/Backup/bac.php
INFO: [ app_init ] --START--
INFO: Run Behavior\BuildLiteBehavior [ RunTime:0.000020s ]
INFO: [ app_init ] --END-- [ RunTime:0.000123s ]

[ 2017-03-07T20:14:34+08:00 ] 127.0.0.1 /Admin/Backup/bac.php
INFO: [ app_init ] --START--
INFO: Run Behavior\BuildLiteBehavior [ RunTime:0.000020s ]
INFO: [ app_init ] --END-- [ RunTime:0.000119s ]

[ 2017-03-07T20:17:16+08:00 ] 127.0.0.1 /Admin/Backup/bac.php
INFO: [ app_init ] --START--
INFO: Run Behavior\BuildLiteBehavior [ RunTime:0.000020s ]
INFO: [ app_init ] --END-- [ RunTime:0.000122s ]

