[ 2017-03-16T09:18:27+08:00 ] 127.0.0.1 /admin
INFO: [ app_init ] --START--
INFO: Run Behavior\BuildLiteBehavior [ RunTime:0.000021s ]
INFO: [ app_init ] --END-- [ RunTime:0.000194s ]

[ 2017-03-16T09:18:28+08:00 ] 127.0.0.1 /Admin/Login/index.php
INFO: [ app_init ] --START--
INFO: Run Behavior\BuildLiteBehavior [ RunTime:0.000017s ]
INFO: [ app_init ] --END-- [ RunTime:0.000105s ]

[ 2017-03-16T09:18:28+08:00 ] 127.0.0.1 /Admin/Login/code.php
INFO: [ app_init ] --START--
INFO: Run Behavior\BuildLiteBehavior [ RunTime:0.000022s ]
INFO: [ app_init ] --END-- [ RunTime:0.000120s ]

[ 2017-03-16T10:42:00+08:00 ] 127.0.0.1 /Admin/Login/index.php
INFO: [ app_init ] --START--
INFO: Run Behavior\BuildLiteBehavior [ RunTime:0.000020s ]
INFO: [ app_init ] --END-- [ RunTime:0.000156s ]

[ 2017-03-16T10:42:01+08:00 ] 127.0.0.1 /Admin/Login/index/error/%E9%AA%8C%E8%AF%81%E7%A0%81%E9%94%99%E8%AF%AF%EF%BC%81.php
INFO: [ app_init ] --START--
INFO: Run Behavior\BuildLiteBehavior [ RunTime:0.000018s ]
INFO: [ app_init ] --END-- [ RunTime:0.000107s ]

[ 2017-03-16T10:42:01+08:00 ] 127.0.0.1 /Admin/Login/code.php
INFO: [ app_init ] --START--
INFO: Run Behavior\BuildLiteBehavior [ RunTime:0.000020s ]
INFO: [ app_init ] --END-- [ RunTime:0.000116s ]

[ 2017-03-16T10:42:09+08:00 ] 127.0.0.1 /Admin/Login/index.php
INFO: [ app_init ] --START--
INFO: Run Behavior\BuildLiteBehavior [ RunTime:0.000019s ]
INFO: [ app_init ] --END-- [ RunTime:0.000116s ]

[ 2017-03-16T10:42:09+08:00 ] 127.0.0.1 /Admin/Login/index/error/%E7%94%A8%E6%88%B7%E5%90%8D%E6%88%96%E5%AF%86%E7%A0%81%E9%94%99%E8%AF%AF%EF%BC%81.php
INFO: [ app_init ] --START--
INFO: Run Behavior\BuildLiteBehavior [ RunTime:0.000018s ]
INFO: [ app_init ] --END-- [ RunTime:0.000110s ]

[ 2017-03-16T10:42:09+08:00 ] 127.0.0.1 /Admin/Login/code.php
INFO: [ app_init ] --START--
INFO: Run Behavior\BuildLiteBehavior [ RunTime:0.000057s ]
INFO: [ app_init ] --END-- [ RunTime:0.000283s ]

[ 2017-03-16T10:42:17+08:00 ] 127.0.0.1 /Admin/Login/index.php
INFO: [ app_init ] --START--
INFO: Run Behavior\BuildLiteBehavior [ RunTime:0.000019s ]
INFO: [ app_init ] --END-- [ RunTime:0.000117s ]

[ 2017-03-16T10:42:18+08:00 ] 127.0.0.1 /Admin/Login/index/error/%E7%94%A8%E6%88%B7%E5%90%8D%E6%88%96%E5%AF%86%E7%A0%81%E9%94%99%E8%AF%AF%EF%BC%81.php
INFO: [ app_init ] --START--
INFO: Run Behavior\BuildLiteBehavior [ RunTime:0.000037s ]
INFO: [ app_init ] --END-- [ RunTime:0.000162s ]

[ 2017-03-16T10:42:18+08:00 ] 127.0.0.1 /Admin/Login/code.php
INFO: [ app_init ] --START--
INFO: Run Behavior\BuildLiteBehavior [ RunTime:0.000019s ]
INFO: [ app_init ] --END-- [ RunTime:0.000109s ]

[ 2017-03-16T10:43:03+08:00 ] 127.0.0.1 /Admin/Login/index.php
INFO: [ app_init ] --START--
INFO: Run Behavior\BuildLiteBehavior [ RunTime:0.000019s ]
INFO: [ app_init ] --END-- [ RunTime:0.000120s ]

[ 2017-03-16T10:43:03+08:00 ] 127.0.0.1 /Admin/Login/index/error/%E7%94%A8%E6%88%B7%E5%90%8D%E6%88%96%E5%AF%86%E7%A0%81%E9%94%99%E8%AF%AF%EF%BC%81.php
INFO: [ app_init ] --START--
INFO: Run Behavior\BuildLiteBehavior [ RunTime:0.000018s ]
INFO: [ app_init ] --END-- [ RunTime:0.000107s ]

[ 2017-03-16T10:43:03+08:00 ] 127.0.0.1 /Admin/Login/code.php
INFO: [ app_init ] --START--
INFO: Run Behavior\BuildLiteBehavior [ RunTime:0.000019s ]
INFO: [ app_init ] --END-- [ RunTime:0.000108s ]

[ 2017-03-16T10:43:16+08:00 ] 127.0.0.1 /Admin/Login/code.php?0.943615761838877
INFO: [ app_init ] --START--
INFO: Run Behavior\BuildLiteBehavior [ RunTime:0.000032s ]
INFO: [ app_init ] --END-- [ RunTime:0.000136s ]

[ 2017-03-16T10:43:21+08:00 ] 127.0.0.1 /Admin/Login/index.php
INFO: [ app_init ] --START--
INFO: Run Behavior\BuildLiteBehavior [ RunTime:0.000021s ]
INFO: [ app_init ] --END-- [ RunTime:0.000126s ]

[ 2017-03-16T10:43:22+08:00 ] 127.0.0.1 /Admin/Index/index.php
INFO: [ app_init ] --START--
INFO: Run Behavior\BuildLiteBehavior [ RunTime:0.000020s ]
INFO: [ app_init ] --END-- [ RunTime:0.000119s ]

[ 2017-03-16T10:43:38+08:00 ] 127.0.0.1 /Admin/User/index.php
INFO: [ app_init ] --START--
INFO: Run Behavior\BuildLiteBehavior [ RunTime:0.000020s ]
INFO: [ app_init ] --END-- [ RunTime:0.000117s ]

[ 2017-03-16T10:43:39+08:00 ] 127.0.0.1 /Admin/User/index.php?level=1
INFO: [ app_init ] --START--
INFO: Run Behavior\BuildLiteBehavior [ RunTime:0.000020s ]
INFO: [ app_init ] --END-- [ RunTime:0.000118s ]

[ 2017-03-16T10:43:41+08:00 ] 127.0.0.1 /Admin/User/editor.php?uid=1
INFO: [ app_init ] --START--
INFO: Run Behavior\BuildLiteBehavior [ RunTime:0.000019s ]
INFO: [ app_init ] --END-- [ RunTime:0.000144s ]

[ 2017-03-16T10:43:51+08:00 ] 127.0.0.1 /Admin/User/editor.php?uid=1
INFO: [ app_init ] --START--
INFO: Run Behavior\BuildLiteBehavior [ RunTime:0.000025s ]
INFO: [ app_init ] --END-- [ RunTime:0.000473s ]

[ 2017-03-16T10:43:52+08:00 ] 127.0.0.1 /Admin/User/editor.php?uid=1
INFO: [ app_init ] --START--
INFO: Run Behavior\BuildLiteBehavior [ RunTime:0.000073s ]
INFO: [ app_init ] --END-- [ RunTime:0.000459s ]

[ 2017-03-16T12:25:15+08:00 ] 127.0.0.1 /Admin/Advertising/addadvertising.php
INFO: [ app_init ] --START--
INFO: Run Behavior\BuildLiteBehavior [ RunTime:0.000020s ]
INFO: [ app_init ] --END-- [ RunTime:0.000116s ]

[ 2017-03-16T12:25:48+08:00 ] 127.0.0.1 /Admin/Advertising/addadvertising.php
INFO: [ app_init ] --START--
INFO: Run Behavior\BuildLiteBehavior [ RunTime:0.000020s ]
INFO: [ app_init ] --END-- [ RunTime:0.000121s ]

[ 2017-03-16T12:26:10+08:00 ] 127.0.0.1 /Admin/Advertising/addadvertising.php
INFO: [ app_init ] --START--
INFO: Run Behavior\BuildLiteBehavior [ RunTime:0.000020s ]
INFO: [ app_init ] --END-- [ RunTime:0.000117s ]

[ 2017-03-16T12:26:36+08:00 ] 127.0.0.1 /Admin/Uploads/uploads.php?num=1&name=ggimg&id=imgs
INFO: [ app_init ] --START--
INFO: Run Behavior\BuildLiteBehavior [ RunTime:0.000020s ]
INFO: [ app_init ] --END-- [ RunTime:0.000116s ]

[ 2017-03-16T12:26:42+08:00 ] 127.0.0.1 /Admin/Uploads/uploads.php?num=1&name=ggimg
INFO: [ app_init ] --START--
INFO: Run Behavior\BuildLiteBehavior [ RunTime:0.000020s ]
INFO: [ app_init ] --END-- [ RunTime:0.000118s ]

[ 2017-03-16T12:26:43+08:00 ] 127.0.0.1 /Admin/Advertising/addadvertising.php
INFO: [ app_init ] --START--
INFO: Run Behavior\BuildLiteBehavior [ RunTime:0.000038s ]
INFO: [ app_init ] --END-- [ RunTime:0.000212s ]

[ 2017-03-16T12:26:45+08:00 ] 127.0.0.1 /Admin/Advertising/adv.php
INFO: [ app_init ] --START--
INFO: Run Behavior\BuildLiteBehavior [ RunTime:0.000042s ]
INFO: [ app_init ] --END-- [ RunTime:0.000261s ]

[ 2017-03-16T12:28:37+08:00 ] 127.0.0.1 /Admin/Advertising/adv.php
INFO: [ app_init ] --START--
INFO: Run Behavior\BuildLiteBehavior [ RunTime:0.000018s ]
INFO: [ app_init ] --END-- [ RunTime:0.000107s ]

[ 2017-03-16T12:28:37+08:00 ] 127.0.0.1 /Admin/Advertising/addadvertising.php
INFO: [ app_init ] --START--
INFO: Run Behavior\BuildLiteBehavior [ RunTime:0.000031s ]
INFO: [ app_init ] --END-- [ RunTime:0.000157s ]

[ 2017-03-16T12:29:20+08:00 ] 127.0.0.1 /Admin/Advertising/addadvertising.php
INFO: [ app_init ] --START--
INFO: Run Behavior\BuildLiteBehavior [ RunTime:0.000020s ]
INFO: [ app_init ] --END-- [ RunTime:0.000120s ]

[ 2017-03-16T12:29:21+08:00 ] 127.0.0.1 /Admin/Advertising/adv.php
INFO: [ app_init ] --START--
INFO: Run Behavior\BuildLiteBehavior [ RunTime:0.000040s ]
INFO: [ app_init ] --END-- [ RunTime:0.000254s ]

[ 2017-03-16T12:29:42+08:00 ] 127.0.0.1 /Admin/Advertising/addadvertising.php
INFO: [ app_init ] --START--
INFO: Run Behavior\BuildLiteBehavior [ RunTime:0.000031s ]
INFO: [ app_init ] --END-- [ RunTime:0.000135s ]

[ 2017-03-16T12:29:44+08:00 ] 127.0.0.1 /Admin/Advertising/adv.php
INFO: [ app_init ] --START--
INFO: Run Behavior\BuildLiteBehavior [ RunTime:0.000020s ]
INFO: [ app_init ] --END-- [ RunTime:0.000113s ]

[ 2017-03-16T12:29:59+08:00 ] 127.0.0.1 /Admin/Advertising/adv.php?p=2
INFO: [ app_init ] --START--
INFO: Run Behavior\BuildLiteBehavior [ RunTime:0.000021s ]
INFO: [ app_init ] --END-- [ RunTime:0.000122s ]

[ 2017-03-16T12:30:02+08:00 ] 127.0.0.1 /Admin/Advertising/addadvertising.php?id=11
INFO: [ app_init ] --START--
INFO: Run Behavior\BuildLiteBehavior [ RunTime:0.000021s ]
INFO: [ app_init ] --END-- [ RunTime:0.000118s ]

[ 2017-03-16T12:30:13+08:00 ] 127.0.0.1 /Admin/Advertising/addadvertising.php?id=11
INFO: [ app_init ] --START--
INFO: Run Behavior\BuildLiteBehavior [ RunTime:0.000047s ]
INFO: [ app_init ] --END-- [ RunTime:0.000241s ]

[ 2017-03-16T12:30:15+08:00 ] 127.0.0.1 /Admin/Advertising/adv.php
INFO: [ app_init ] --START--
INFO: Run Behavior\BuildLiteBehavior [ RunTime:0.000034s ]
INFO: [ app_init ] --END-- [ RunTime:0.000203s ]

[ 2017-03-16T12:51:02+08:00 ] 127.0.0.1 /Admin/Advertising/addadvertising.php
INFO: [ app_init ] --START--
INFO: Run Behavior\BuildLiteBehavior [ RunTime:0.000020s ]
INFO: [ app_init ] --END-- [ RunTime:0.000121s ]

[ 2017-03-16T12:51:29+08:00 ] 127.0.0.1 /Admin/Uploads/uploads.php?num=1&name=ggimg&id=imgs
INFO: [ app_init ] --START--
INFO: Run Behavior\BuildLiteBehavior [ RunTime:0.000021s ]
INFO: [ app_init ] --END-- [ RunTime:0.000115s ]

[ 2017-03-16T12:51:34+08:00 ] 127.0.0.1 /Admin/Uploads/uploads.php?num=1&name=ggimg
INFO: [ app_init ] --START--
INFO: Run Behavior\BuildLiteBehavior [ RunTime:0.000022s ]
INFO: [ app_init ] --END-- [ RunTime:0.000132s ]

[ 2017-03-16T12:51:36+08:00 ] 127.0.0.1 /Admin/Advertising/addadvertising.php
INFO: [ app_init ] --START--
INFO: Run Behavior\BuildLiteBehavior [ RunTime:0.000030s ]
INFO: [ app_init ] --END-- [ RunTime:0.000193s ]

[ 2017-03-16T12:51:37+08:00 ] 127.0.0.1 /Admin/Advertising/adv.php
INFO: [ app_init ] --START--
INFO: Run Behavior\BuildLiteBehavior [ RunTime:0.000036s ]
INFO: [ app_init ] --END-- [ RunTime:0.000220s ]

[ 2017-03-16T12:51:39+08:00 ] 127.0.0.1 /Admin/Advertising/addadvertising.php
INFO: [ app_init ] --START--
INFO: Run Behavior\BuildLiteBehavior [ RunTime:0.000018s ]
INFO: [ app_init ] --END-- [ RunTime:0.000107s ]

[ 2017-03-16T12:52:12+08:00 ] 127.0.0.1 /Admin/Uploads/uploads.php?num=1&name=ggimg&id=imgs
INFO: [ app_init ] --START--
INFO: Run Behavior\BuildLiteBehavior [ RunTime:0.000019s ]
INFO: [ app_init ] --END-- [ RunTime:0.000120s ]

[ 2017-03-16T12:52:16+08:00 ] 127.0.0.1 /Admin/Uploads/uploads.php?num=1&name=ggimg
INFO: [ app_init ] --START--
INFO: Run Behavior\BuildLiteBehavior [ RunTime:0.000023s ]
INFO: [ app_init ] --END-- [ RunTime:0.000181s ]

[ 2017-03-16T12:52:17+08:00 ] 127.0.0.1 /Admin/Advertising/addadvertising.php
INFO: [ app_init ] --START--
INFO: Run Behavior\BuildLiteBehavior [ RunTime:0.000019s ]
INFO: [ app_init ] --END-- [ RunTime:0.000161s ]

[ 2017-03-16T12:52:18+08:00 ] 127.0.0.1 /Admin/Advertising/adv.php
INFO: [ app_init ] --START--
INFO: Run Behavior\BuildLiteBehavior [ RunTime:0.000019s ]
INFO: [ app_init ] --END-- [ RunTime:0.000114s ]

[ 2017-03-16T12:52:19+08:00 ] 127.0.0.1 /Admin/Advertising/addadvertising.php
INFO: [ app_init ] --START--
INFO: Run Behavior\BuildLiteBehavior [ RunTime:0.000019s ]
INFO: [ app_init ] --END-- [ RunTime:0.000111s ]

[ 2017-03-16T12:52:55+08:00 ] 127.0.0.1 /Admin/Uploads/uploads.php?num=1&name=ggimg&id=imgs
INFO: [ app_init ] --START--
INFO: Run Behavior\BuildLiteBehavior [ RunTime:0.000027s ]
INFO: [ app_init ] --END-- [ RunTime:0.000165s ]

[ 2017-03-16T12:53:00+08:00 ] 127.0.0.1 /Admin/Uploads/uploads.php?num=1&name=ggimg
INFO: [ app_init ] --START--
INFO: Run Behavior\BuildLiteBehavior [ RunTime:0.000022s ]
INFO: [ app_init ] --END-- [ RunTime:0.000128s ]

[ 2017-03-16T12:53:02+08:00 ] 127.0.0.1 /Admin/Advertising/addadvertising.php
INFO: [ app_init ] --START--
INFO: Run Behavior\BuildLiteBehavior [ RunTime:0.000022s ]
INFO: [ app_init ] --END-- [ RunTime:0.000123s ]

[ 2017-03-16T12:53:03+08:00 ] 127.0.0.1 /Admin/Advertising/adv.php
INFO: [ app_init ] --START--
INFO: Run Behavior\BuildLiteBehavior [ RunTime:0.000049s ]
INFO: [ app_init ] --END-- [ RunTime:0.000255s ]

[ 2017-03-16T12:53:05+08:00 ] 127.0.0.1 /Admin/Advertising/addadvertising.php
INFO: [ app_init ] --START--
INFO: Run Behavior\BuildLiteBehavior [ RunTime:0.000020s ]
INFO: [ app_init ] --END-- [ RunTime:0.000118s ]

[ 2017-03-16T12:53:33+08:00 ] 127.0.0.1 /Admin/Uploads/uploads.php?num=1&name=ggimg&id=imgs
INFO: [ app_init ] --START--
INFO: Run Behavior\BuildLiteBehavior [ RunTime:0.000019s ]
INFO: [ app_init ] --END-- [ RunTime:0.000113s ]

[ 2017-03-16T12:53:37+08:00 ] 127.0.0.1 /Admin/Uploads/uploads.php?num=1&name=ggimg
INFO: [ app_init ] --START--
INFO: Run Behavior\BuildLiteBehavior [ RunTime:0.000021s ]
INFO: [ app_init ] --END-- [ RunTime:0.000119s ]

[ 2017-03-16T12:53:39+08:00 ] 127.0.0.1 /Admin/Advertising/addadvertising.php
INFO: [ app_init ] --START--
INFO: Run Behavior\BuildLiteBehavior [ RunTime:0.000037s ]
INFO: [ app_init ] --END-- [ RunTime:0.000237s ]

[ 2017-03-16T12:53:40+08:00 ] 127.0.0.1 /Admin/Advertising/adv.php
INFO: [ app_init ] --START--
INFO: Run Behavior\BuildLiteBehavior [ RunTime:0.000044s ]
INFO: [ app_init ] --END-- [ RunTime:0.000267s ]

[ 2017-03-16T13:02:50+08:00 ] 127.0.0.1 /Admin/Advertising/addadvertising.php
INFO: [ app_init ] --START--
INFO: Run Behavior\BuildLiteBehavior [ RunTime:0.000021s ]
INFO: [ app_init ] --END-- [ RunTime:0.000122s ]

[ 2017-03-16T13:02:56+08:00 ] 127.0.0.1 /Admin/Uploads/uploads.php?num=1&name=ggimg&id=imgs
INFO: [ app_init ] --START--
INFO: Run Behavior\BuildLiteBehavior [ RunTime:0.000026s ]
INFO: [ app_init ] --END-- [ RunTime:0.000146s ]

[ 2017-03-16T13:03:03+08:00 ] 127.0.0.1 /Admin/Uploads/uploads.php?num=1&name=ggimg
INFO: [ app_init ] --START--
INFO: Run Behavior\BuildLiteBehavior [ RunTime:0.000022s ]
INFO: [ app_init ] --END-- [ RunTime:0.000129s ]

[ 2017-03-16T13:03:26+08:00 ] 127.0.0.1 /Admin/Uploads/uploads.php?num=1&name=ggimg&id=imgs
INFO: [ app_init ] --START--
INFO: Run Behavior\BuildLiteBehavior [ RunTime:0.000042s ]
INFO: [ app_init ] --END-- [ RunTime:0.000278s ]

[ 2017-03-16T13:03:30+08:00 ] 127.0.0.1 /Admin/Advertising/addadvertising.php
INFO: [ app_init ] --START--
INFO: Run Behavior\BuildLiteBehavior [ RunTime:0.000019s ]
INFO: [ app_init ] --END-- [ RunTime:0.000116s ]

[ 2017-03-16T13:03:31+08:00 ] 127.0.0.1 /Admin/Advertising/adv.php
INFO: [ app_init ] --START--
INFO: Run Behavior\BuildLiteBehavior [ RunTime:0.000019s ]
INFO: [ app_init ] --END-- [ RunTime:0.000114s ]

[ 2017-03-16T13:03:34+08:00 ] 127.0.0.1 /Admin/Advertising/adv.php?p=3
INFO: [ app_init ] --START--
INFO: Run Behavior\BuildLiteBehavior [ RunTime:0.000018s ]
INFO: [ app_init ] --END-- [ RunTime:0.000113s ]

[ 2017-03-16T13:05:27+08:00 ] 127.0.0.1 /Admin/Config/index.php
INFO: [ app_init ] --START--
INFO: Run Behavior\BuildLiteBehavior [ RunTime:0.000020s ]
INFO: [ app_init ] --END-- [ RunTime:0.000119s ]

[ 2017-03-16T13:06:22+08:00 ] 127.0.0.1 /Admin/Config/index.php
INFO: [ app_init ] --START--
INFO: Run Behavior\BuildLiteBehavior [ RunTime:0.000021s ]
INFO: [ app_init ] --END-- [ RunTime:0.000155s ]

[ 2017-03-16T13:06:23+08:00 ] 127.0.0.1 /Admin/Config/index.php
INFO: [ app_init ] --START--
INFO: Run Behavior\BuildLiteBehavior [ RunTime:0.000043s ]
INFO: [ app_init ] --END-- [ RunTime:0.000261s ]

[ 2017-03-16T13:27:07+08:00 ] 127.0.0.1 /Admin/Classify/index.php
INFO: [ app_init ] --START--
INFO: Run Behavior\BuildLiteBehavior [ RunTime:0.000021s ]
INFO: [ app_init ] --END-- [ RunTime:0.000121s ]

[ 2017-03-16T13:27:15+08:00 ] 127.0.0.1 /Admin/Classify/ajaxstatus.php
INFO: [ app_init ] --START--
INFO: Run Behavior\BuildLiteBehavior [ RunTime:0.000019s ]
INFO: [ app_init ] --END-- [ RunTime:0.000116s ]
INFO: [ app_begin ] --START--
INFO: Run Behavior\ReadHtmlCacheBehavior [ RunTime:0.000528s ]
INFO: [ app_begin ] --END-- [ RunTime:0.000618s ]
SQL: SHOW COLUMNS FROM `linfei_config` [ RunTime:0.0006s ]
SQL: SELECT `navstyle` FROM `linfei_config` LIMIT 1   [ RunTime:0.0001s ]
SQL: SHOW COLUMNS FROM `linfei_admin` [ RunTime:0.0004s ]
SQL: SELECT `group` FROM `linfei_admin` WHERE `id` = 1 LIMIT 1   [ RunTime:0.0001s ]
SQL: SHOW COLUMNS FROM `linfei_group` [ RunTime:0.0003s ]
SQL: SELECT `permissions` FROM `linfei_group` WHERE `id` = 1 LIMIT 1   [ RunTime:0.0002s ]
SQL: SHOW COLUMNS FROM `linfei_classify` [ RunTime:0.0005s ]
SQL: UPDATE `linfei_classify` SET `top`='0' WHERE `id` = 1 [ RunTime:0.0514s ]

[ 2017-03-16T13:27:16+08:00 ] 127.0.0.1 /Admin/Classify/ajaxstatus.php
INFO: [ app_init ] --START--
INFO: Run Behavior\BuildLiteBehavior [ RunTime:0.000020s ]
INFO: [ app_init ] --END-- [ RunTime:0.000118s ]
INFO: [ app_begin ] --START--
INFO: Run Behavior\ReadHtmlCacheBehavior [ RunTime:0.000564s ]
INFO: [ app_begin ] --END-- [ RunTime:0.000648s ]
SQL: SHOW COLUMNS FROM `linfei_config` [ RunTime:0.0006s ]
SQL: SELECT `navstyle` FROM `linfei_config` LIMIT 1   [ RunTime:0.0002s ]
SQL: SHOW COLUMNS FROM `linfei_admin` [ RunTime:0.0005s ]
SQL: SELECT `group` FROM `linfei_admin` WHERE `id` = 1 LIMIT 1   [ RunTime:0.0002s ]
SQL: SHOW COLUMNS FROM `linfei_group` [ RunTime:0.0004s ]
SQL: SELECT `permissions` FROM `linfei_group` WHERE `id` = 1 LIMIT 1   [ RunTime:0.0002s ]
SQL: SHOW COLUMNS FROM `linfei_classify` [ RunTime:0.0005s ]
SQL: UPDATE `linfei_classify` SET `top`='1' WHERE `id` = 1 [ RunTime:0.0322s ]

[ 2017-03-16T13:27:17+08:00 ] 127.0.0.1 /Admin/Classify/ajaxstatus.php
INFO: [ app_init ] --START--
INFO: Run Behavior\BuildLiteBehavior [ RunTime:0.000020s ]
INFO: [ app_init ] --END-- [ RunTime:0.000116s ]
INFO: [ app_begin ] --START--
INFO: Run Behavior\ReadHtmlCacheBehavior [ RunTime:0.000553s ]
INFO: [ app_begin ] --END-- [ RunTime:0.000640s ]
SQL: SHOW COLUMNS FROM `linfei_config` [ RunTime:0.0005s ]
SQL: SELECT `navstyle` FROM `linfei_config` LIMIT 1   [ RunTime:0.0002s ]
SQL: SHOW COLUMNS FROM `linfei_admin` [ RunTime:0.0005s ]
SQL: SELECT `group` FROM `linfei_admin` WHERE `id` = 1 LIMIT 1   [ RunTime:0.0002s ]
SQL: SHOW COLUMNS FROM `linfei_group` [ RunTime:0.0004s ]
SQL: SELECT `permissions` FROM `linfei_group` WHERE `id` = 1 LIMIT 1   [ RunTime:0.0002s ]
SQL: SHOW COLUMNS FROM `linfei_classify` [ RunTime:0.0005s ]
SQL: UPDATE `linfei_classify` SET `bottom`='0' WHERE `id` = 1 [ RunTime:0.0274s ]

[ 2017-03-16T13:27:35+08:00 ] 127.0.0.1 /Admin/Classify/ajaxstatus.php
INFO: [ app_init ] --START--
INFO: Run Behavior\BuildLiteBehavior [ RunTime:0.000020s ]
INFO: [ app_init ] --END-- [ RunTime:0.000117s ]
INFO: [ app_begin ] --START--
INFO: Run Behavior\ReadHtmlCacheBehavior [ RunTime:0.000532s ]
INFO: [ app_begin ] --END-- [ RunTime:0.000619s ]
SQL: SHOW COLUMNS FROM `linfei_config` [ RunTime:0.0013s ]
SQL: SELECT `navstyle` FROM `linfei_config` LIMIT 1   [ RunTime:0.0003s ]
SQL: SHOW COLUMNS FROM `linfei_admin` [ RunTime:0.0006s ]
SQL: SELECT `group` FROM `linfei_admin` WHERE `id` = 1 LIMIT 1   [ RunTime:0.0004s ]
SQL: SHOW COLUMNS FROM `linfei_group` [ RunTime:0.0006s ]
SQL: SELECT `permissions` FROM `linfei_group` WHERE `id` = 1 LIMIT 1   [ RunTime:0.0003s ]
SQL: SHOW COLUMNS FROM `linfei_classify` [ RunTime:0.0005s ]
SQL: UPDATE `linfei_classify` SET `bottom`='1' WHERE `id` = 1 [ RunTime:0.0415s ]

[ 2017-03-16T13:27:37+08:00 ] 127.0.0.1 /Admin/Classify/ajaxstatus.php
INFO: [ app_init ] --START--
INFO: Run Behavior\BuildLiteBehavior [ RunTime:0.000019s ]
INFO: [ app_init ] --END-- [ RunTime:0.000115s ]
INFO: [ app_begin ] --START--
INFO: Run Behavior\ReadHtmlCacheBehavior [ RunTime:0.000622s ]
INFO: [ app_begin ] --END-- [ RunTime:0.000715s ]
SQL: SHOW COLUMNS FROM `linfei_config` [ RunTime:0.0012s ]
SQL: SELECT `navstyle` FROM `linfei_config` LIMIT 1   [ RunTime:0.0003s ]
SQL: SHOW COLUMNS FROM `linfei_admin` [ RunTime:0.0005s ]
SQL: SELECT `group` FROM `linfei_admin` WHERE `id` = 1 LIMIT 1   [ RunTime:0.0003s ]
SQL: SHOW COLUMNS FROM `linfei_group` [ RunTime:0.0004s ]
SQL: SELECT `permissions` FROM `linfei_group` WHERE `id` = 1 LIMIT 1   [ RunTime:0.0003s ]
SQL: SHOW COLUMNS FROM `linfei_classify` [ RunTime:0.0005s ]
SQL: UPDATE `linfei_classify` SET `bottom`='0' WHERE `id` = 3 [ RunTime:0.0499s ]

[ 2017-03-16T13:33:41+08:00 ] 127.0.0.1 /Admin/Classify/index.php
INFO: [ app_init ] --START--
INFO: Run Behavior\BuildLiteBehavior [ RunTime:0.000019s ]
INFO: [ app_init ] --END-- [ RunTime:0.000115s ]

[ 2017-03-16T13:33:42+08:00 ] 127.0.0.1 /Admin/Classify/ajaxstatus.php
INFO: [ app_init ] --START--
INFO: Run Behavior\BuildLiteBehavior [ RunTime:0.000020s ]
INFO: [ app_init ] --END-- [ RunTime:0.000117s ]
INFO: [ app_begin ] --START--
INFO: Run Behavior\ReadHtmlCacheBehavior [ RunTime:0.000727s ]
INFO: [ app_begin ] --END-- [ RunTime:0.000847s ]
SQL: SHOW COLUMNS FROM `linfei_config` [ RunTime:0.0006s ]
SQL: SELECT `navstyle` FROM `linfei_config` LIMIT 1   [ RunTime:0.0002s ]
SQL: SHOW COLUMNS FROM `linfei_admin` [ RunTime:0.0004s ]
SQL: SELECT `group` FROM `linfei_admin` WHERE `id` = 1 LIMIT 1   [ RunTime:0.0002s ]
SQL: SHOW COLUMNS FROM `linfei_group` [ RunTime:0.0004s ]
SQL: SELECT `permissions` FROM `linfei_group` WHERE `id` = 1 LIMIT 1   [ RunTime:0.0002s ]
SQL: SHOW COLUMNS FROM `linfei_classify` [ RunTime:0.0004s ]
SQL: UPDATE `linfei_classify` SET `bottom`='1' WHERE `id` = 3 [ RunTime:0.0288s ]

[ 2017-03-16T13:33:43+08:00 ] 127.0.0.1 /Admin/Classify/ajaxstatus.php
INFO: [ app_init ] --START--
INFO: Run Behavior\BuildLiteBehavior [ RunTime:0.000020s ]
INFO: [ app_init ] --END-- [ RunTime:0.000118s ]
INFO: [ app_begin ] --START--
INFO: Run Behavior\ReadHtmlCacheBehavior [ RunTime:0.000596s ]
INFO: [ app_begin ] --END-- [ RunTime:0.000680s ]
SQL: SHOW COLUMNS FROM `linfei_config` [ RunTime:0.0005s ]
SQL: SELECT `navstyle` FROM `linfei_config` LIMIT 1   [ RunTime:0.0002s ]
SQL: SHOW COLUMNS FROM `linfei_admin` [ RunTime:0.0004s ]
SQL: SELECT `group` FROM `linfei_admin` WHERE `id` = 1 LIMIT 1   [ RunTime:0.0002s ]
SQL: SHOW COLUMNS FROM `linfei_group` [ RunTime:0.0003s ]
SQL: SELECT `permissions` FROM `linfei_group` WHERE `id` = 1 LIMIT 1   [ RunTime:0.0002s ]
SQL: SHOW COLUMNS FROM `linfei_classify` [ RunTime:0.0005s ]
SQL: UPDATE `linfei_classify` SET `bottom`='0' WHERE `id` = 3 [ RunTime:0.0660s ]

[ 2017-03-16T13:33:45+08:00 ] 127.0.0.1 /Admin/Classify/ajaxstatus.php
INFO: [ app_init ] --START--
INFO: Run Behavior\BuildLiteBehavior [ RunTime:0.000020s ]
INFO: [ app_init ] --END-- [ RunTime:0.000112s ]
INFO: [ app_begin ] --START--
INFO: Run Behavior\ReadHtmlCacheBehavior [ RunTime:0.000734s ]
INFO: [ app_begin ] --END-- [ RunTime:0.000843s ]
SQL: SHOW COLUMNS FROM `linfei_config` [ RunTime:0.0007s ]
SQL: SELECT `navstyle` FROM `linfei_config` LIMIT 1   [ RunTime:0.0003s ]
SQL: SHOW COLUMNS FROM `linfei_admin` [ RunTime:0.0005s ]
SQL: SELECT `group` FROM `linfei_admin` WHERE `id` = 1 LIMIT 1   [ RunTime:0.0002s ]
SQL: SHOW COLUMNS FROM `linfei_group` [ RunTime:0.0004s ]
SQL: SELECT `permissions` FROM `linfei_group` WHERE `id` = 1 LIMIT 1   [ RunTime:0.0002s ]
SQL: SHOW COLUMNS FROM `linfei_classify` [ RunTime:0.0007s ]
SQL: UPDATE `linfei_classify` SET `bottom`='1' WHERE `id` = 3 [ RunTime:0.0265s ]

[ 2017-03-16T13:33:46+08:00 ] 127.0.0.1 /Admin/Classify/ajaxstatus.php
INFO: [ app_init ] --START--
INFO: Run Behavior\BuildLiteBehavior [ RunTime:0.000020s ]
INFO: [ app_init ] --END-- [ RunTime:0.000118s ]
INFO: [ app_begin ] --START--
INFO: Run Behavior\ReadHtmlCacheBehavior [ RunTime:0.000592s ]
INFO: [ app_begin ] --END-- [ RunTime:0.000679s ]
SQL: SHOW COLUMNS FROM `linfei_config` [ RunTime:0.0005s ]
SQL: SELECT `navstyle` FROM `linfei_config` LIMIT 1   [ RunTime:0.0001s ]
SQL: SHOW COLUMNS FROM `linfei_admin` [ RunTime:0.0003s ]
SQL: SELECT `group` FROM `linfei_admin` WHERE `id` = 1 LIMIT 1   [ RunTime:0.0002s ]
SQL: SHOW COLUMNS FROM `linfei_group` [ RunTime:0.0003s ]
SQL: SELECT `permissions` FROM `linfei_group` WHERE `id` = 1 LIMIT 1   [ RunTime:0.0001s ]
SQL: SHOW COLUMNS FROM `linfei_classify` [ RunTime:0.0004s ]
SQL: UPDATE `linfei_classify` SET `bottom`='0' WHERE `id` = 3 [ RunTime:0.0252s ]

[ 2017-03-16T13:37:51+08:00 ] 127.0.0.1 /Admin/Config/custom.php
INFO: [ app_init ] --START--
INFO: Run Behavior\BuildLiteBehavior [ RunTime:0.000019s ]
INFO: [ app_init ] --END-- [ RunTime:0.000118s ]

[ 2017-03-16T13:37:54+08:00 ] 127.0.0.1 /Admin/Config/reditorcustom.php
INFO: [ app_init ] --START--
INFO: Run Behavior\BuildLiteBehavior [ RunTime:0.000023s ]
INFO: [ app_init ] --END-- [ RunTime:0.000121s ]

[ 2017-03-16T13:38:45+08:00 ] 127.0.0.1 /Admin/Config/reditorcustom.php
INFO: [ app_init ] --START--
INFO: Run Behavior\BuildLiteBehavior [ RunTime:0.000018s ]
INFO: [ app_init ] --END-- [ RunTime:0.000110s ]

[ 2017-03-16T13:38:47+08:00 ] 127.0.0.1 /Admin/Config/custom.php
INFO: [ app_init ] --START--
INFO: Run Behavior\BuildLiteBehavior [ RunTime:0.000048s ]
INFO: [ app_init ] --END-- [ RunTime:0.000283s ]

[ 2017-03-16T13:48:24+08:00 ] 127.0.0.1 /Admin/Advertising/addadvertising.php
INFO: [ app_init ] --START--
INFO: Run Behavior\BuildLiteBehavior [ RunTime:0.000020s ]
INFO: [ app_init ] --END-- [ RunTime:0.000116s ]

[ 2017-03-16T13:48:46+08:00 ] 127.0.0.1 /Admin/Uploads/uploads.php?num=1&name=ggimg&id=imgs
INFO: [ app_init ] --START--
INFO: Run Behavior\BuildLiteBehavior [ RunTime:0.000018s ]
INFO: [ app_init ] --END-- [ RunTime:0.000107s ]

[ 2017-03-16T13:48:50+08:00 ] 127.0.0.1 /Admin/Uploads/uploads.php?num=1&name=ggimg
INFO: [ app_init ] --START--
INFO: Run Behavior\BuildLiteBehavior [ RunTime:0.000020s ]
INFO: [ app_init ] --END-- [ RunTime:0.000136s ]

[ 2017-03-16T13:48:51+08:00 ] 127.0.0.1 /Admin/Advertising/addadvertising.php
INFO: [ app_init ] --START--
INFO: Run Behavior\BuildLiteBehavior [ RunTime:0.000021s ]
INFO: [ app_init ] --END-- [ RunTime:0.000117s ]

[ 2017-03-16T13:48:52+08:00 ] 127.0.0.1 /Admin/Advertising/adv.php
INFO: [ app_init ] --START--
INFO: Run Behavior\BuildLiteBehavior [ RunTime:0.000040s ]
INFO: [ app_init ] --END-- [ RunTime:0.000234s ]

[ 2017-03-16T13:49:10+08:00 ] 127.0.0.1 /Admin/Advertising/adv.php?p=2
INFO: [ app_init ] --START--
INFO: Run Behavior\BuildLiteBehavior [ RunTime:0.000019s ]
INFO: [ app_init ] --END-- [ RunTime:0.000115s ]

[ 2017-03-16T13:49:12+08:00 ] 127.0.0.1 /Admin/Advertising/adv.php?p=3
INFO: [ app_init ] --START--
INFO: Run Behavior\BuildLiteBehavior [ RunTime:0.000022s ]
INFO: [ app_init ] --END-- [ RunTime:0.000127s ]

[ 2017-03-16T13:49:14+08:00 ] 127.0.0.1 /Admin/Advertising/addadvertising.php?id=17
INFO: [ app_init ] --START--
INFO: Run Behavior\BuildLiteBehavior [ RunTime:0.000019s ]
INFO: [ app_init ] --END-- [ RunTime:0.000112s ]

[ 2017-03-16T13:49:23+08:00 ] 127.0.0.1 /Admin/Advertising/addadvertising.php?id=17
INFO: [ app_init ] --START--
INFO: Run Behavior\BuildLiteBehavior [ RunTime:0.000022s ]
INFO: [ app_init ] --END-- [ RunTime:0.000122s ]

[ 2017-03-16T13:49:24+08:00 ] 127.0.0.1 /Admin/Advertising/adv.php
INFO: [ app_init ] --START--
INFO: Run Behavior\BuildLiteBehavior [ RunTime:0.000039s ]
INFO: [ app_init ] --END-- [ RunTime:0.000229s ]

[ 2017-03-16T13:53:35+08:00 ] 127.0.0.1 /Admin/Config/custom.php
INFO: [ app_init ] --START--
INFO: Run Behavior\BuildLiteBehavior [ RunTime:0.000018s ]
INFO: [ app_init ] --END-- [ RunTime:0.000113s ]

[ 2017-03-16T13:53:39+08:00 ] 127.0.0.1 /Admin/Config/reditorcustom.php?customid=2
INFO: [ app_init ] --START--
INFO: Run Behavior\BuildLiteBehavior [ RunTime:0.000020s ]
INFO: [ app_init ] --END-- [ RunTime:0.000116s ]

[ 2017-03-16T13:53:44+08:00 ] 127.0.0.1 /Admin/Config/reditorcustom.php
INFO: [ app_init ] --START--
INFO: Run Behavior\BuildLiteBehavior [ RunTime:0.000021s ]
INFO: [ app_init ] --END-- [ RunTime:0.000117s ]

[ 2017-03-16T13:53:45+08:00 ] 127.0.0.1 /Admin/Config/custom.php
INFO: [ app_init ] --START--
INFO: Run Behavior\BuildLiteBehavior [ RunTime:0.000026s ]
INFO: [ app_init ] --END-- [ RunTime:0.000152s ]

[ 2017-03-16T14:04:19+08:00 ] 127.0.0.1 /Admin/Admin/recycling.php
INFO: [ app_init ] --START--
INFO: Run Behavior\BuildLiteBehavior [ RunTime:0.000020s ]
INFO: [ app_init ] --END-- [ RunTime:0.000121s ]

[ 2017-03-16T14:04:20+08:00 ] 127.0.0.1 /Admin/Config/custom.php
INFO: [ app_init ] --START--
INFO: Run Behavior\BuildLiteBehavior [ RunTime:0.000020s ]
INFO: [ app_init ] --END-- [ RunTime:0.000113s ]

[ 2017-03-16T20:15:22+08:00 ] 127.0.0.1 /Admin/Config/custom.php
INFO: [ app_init ] --START--
INFO: Run Behavior\BuildLiteBehavior [ RunTime:0.000020s ]
INFO: [ app_init ] --END-- [ RunTime:0.000118s ]

[ 2017-03-16T20:16:01+08:00 ] 127.0.0.1 /Admin/Advertising/index.php
INFO: [ app_init ] --START--
INFO: Run Behavior\BuildLiteBehavior [ RunTime:0.000034s ]
INFO: [ app_init ] --END-- [ RunTime:0.000192s ]

[ 2017-03-16T20:19:51+08:00 ] 127.0.0.1 /Admin/Classify/index.php
INFO: [ app_init ] --START--
INFO: Run Behavior\BuildLiteBehavior [ RunTime:0.000020s ]
INFO: [ app_init ] --END-- [ RunTime:0.000153s ]

[ 2017-03-16T20:19:58+08:00 ] 127.0.0.1 /Admin/Classify/addclassify.php?classid=1
INFO: [ app_init ] --START--
INFO: Run Behavior\BuildLiteBehavior [ RunTime:0.000019s ]
INFO: [ app_init ] --END-- [ RunTime:0.000113s ]

[ 2017-03-16T20:21:00+08:00 ] 127.0.0.1 /Admin/Classify/addclassify.php?classid=1
INFO: [ app_init ] --START--
INFO: Run Behavior\BuildLiteBehavior [ RunTime:0.000021s ]
INFO: [ app_init ] --END-- [ RunTime:0.000141s ]

[ 2017-03-16T20:21:01+08:00 ] 127.0.0.1 /Admin/classify/index.php
INFO: [ app_init ] --START--
INFO: Run Behavior\BuildLiteBehavior [ RunTime:0.000026s ]
INFO: [ app_init ] --END-- [ RunTime:0.000155s ]

[ 2017-03-16T20:23:02+08:00 ] 127.0.0.1 /Admin/Classify/addclassify.php?classid=1
INFO: [ app_init ] --START--
INFO: Run Behavior\BuildLiteBehavior [ RunTime:0.000021s ]
INFO: [ app_init ] --END-- [ RunTime:0.000119s ]

[ 2017-03-16T20:23:27+08:00 ] 127.0.0.1 /Admin/Classify/addclassify.php?classid=1
INFO: [ app_init ] --START--
INFO: Run Behavior\BuildLiteBehavior [ RunTime:0.000021s ]
INFO: [ app_init ] --END-- [ RunTime:0.000124s ]

[ 2017-03-16T20:23:28+08:00 ] 127.0.0.1 /Admin/classify/index.php
INFO: [ app_init ] --START--
INFO: Run Behavior\BuildLiteBehavior [ RunTime:0.000029s ]
INFO: [ app_init ] --END-- [ RunTime:0.000166s ]

[ 2017-03-16T20:23:39+08:00 ] 127.0.0.1 /Admin/Classify/addclassify.php?classid=1
INFO: [ app_init ] --START--
INFO: Run Behavior\BuildLiteBehavior [ RunTime:0.000024s ]
INFO: [ app_init ] --END-- [ RunTime:0.000207s ]

[ 2017-03-16T20:23:48+08:00 ] 127.0.0.1 /Admin/Classify/addclassify.php?classid=1
INFO: [ app_init ] --START--
INFO: Run Behavior\BuildLiteBehavior [ RunTime:0.000020s ]
INFO: [ app_init ] --END-- [ RunTime:0.000119s ]

[ 2017-03-16T20:23:50+08:00 ] 127.0.0.1 /Admin/classify/index.php
INFO: [ app_init ] --START--
INFO: Run Behavior\BuildLiteBehavior [ RunTime:0.000019s ]
INFO: [ app_init ] --END-- [ RunTime:0.000148s ]

[ 2017-03-16T20:28:34+08:00 ] 127.0.0.1 /Admin/Classify/index.php
INFO: [ app_init ] --START--
INFO: Run Behavior\BuildLiteBehavior [ RunTime:0.000042s ]
INFO: [ app_init ] --END-- [ RunTime:0.000209s ]

[ 2017-03-16T20:28:36+08:00 ] 127.0.0.1 /Admin/Classify/addclassify.php?classid=1
INFO: [ app_init ] --START--
INFO: Run Behavior\BuildLiteBehavior [ RunTime:0.000020s ]
INFO: [ app_init ] --END-- [ RunTime:0.000113s ]

[ 2017-03-16T20:35:01+08:00 ] 127.0.0.1 /Admin/Advertising/index.php
INFO: [ app_init ] --START--
INFO: Run Behavior\BuildLiteBehavior [ RunTime:0.000020s ]
INFO: [ app_init ] --END-- [ RunTime:0.000122s ]

[ 2017-03-16T20:35:26+08:00 ] 127.0.0.1 /Admin/Advertising/adv.php
INFO: [ app_init ] --START--
INFO: Run Behavior\BuildLiteBehavior [ RunTime:0.000019s ]
INFO: [ app_init ] --END-- [ RunTime:0.000133s ]

[ 2017-03-16T20:35:57+08:00 ] 127.0.0.1 /Admin/Advertising/addadvertising.php
INFO: [ app_init ] --START--
INFO: Run Behavior\BuildLiteBehavior [ RunTime:0.000021s ]
INFO: [ app_init ] --END-- [ RunTime:0.000127s ]

[ 2017-03-16T20:36:14+08:00 ] 127.0.0.1 /Admin/Classify/index.php
INFO: [ app_init ] --START--
INFO: Run Behavior\BuildLiteBehavior [ RunTime:0.000019s ]
INFO: [ app_init ] --END-- [ RunTime:0.000118s ]

[ 2017-03-16T20:38:11+08:00 ] 127.0.0.1 /Admin/Advertising/addadvertising.php
INFO: [ app_init ] --START--
INFO: Run Behavior\BuildLiteBehavior [ RunTime:0.000020s ]
INFO: [ app_init ] --END-- [ RunTime:0.000120s ]

[ 2017-03-16T20:38:29+08:00 ] 127.0.0.1 /Admin/Uploads/uploads.php?num=1&name=ggimg&id=imgs
INFO: [ app_init ] --START--
INFO: Run Behavior\BuildLiteBehavior [ RunTime:0.000018s ]
INFO: [ app_init ] --END-- [ RunTime:0.000106s ]

[ 2017-03-16T20:38:41+08:00 ] 127.0.0.1 /Admin/Uploads/uploads.php?num=1&name=ggimg
INFO: [ app_init ] --START--
INFO: Run Behavior\BuildLiteBehavior [ RunTime:0.000034s ]
INFO: [ app_init ] --END-- [ RunTime:0.000194s ]

[ 2017-03-16T20:38:43+08:00 ] 127.0.0.1 /Admin/Advertising/addadvertising.php
INFO: [ app_init ] --START--
INFO: Run Behavior\BuildLiteBehavior [ RunTime:0.000045s ]
INFO: [ app_init ] --END-- [ RunTime:0.000170s ]

[ 2017-03-16T20:38:44+08:00 ] 127.0.0.1 /Admin/Advertising/adv.php
INFO: [ app_init ] --START--
INFO: Run Behavior\BuildLiteBehavior [ RunTime:0.000020s ]
INFO: [ app_init ] --END-- [ RunTime:0.000113s ]

[ 2017-03-16T21:25:01+08:00 ] 127.0.0.1 /Admin/Classify/index.php
INFO: [ app_init ] --START--
INFO: Run Behavior\BuildLiteBehavior [ RunTime:0.000023s ]
INFO: [ app_init ] --END-- [ RunTime:0.000182s ]

[ 2017-03-16T22:20:17+08:00 ] 127.0.0.1 /Admin/Classify/addclassify.php?classid=4
INFO: [ app_init ] --START--
INFO: Run Behavior\BuildLiteBehavior [ RunTime:0.000020s ]
INFO: [ app_init ] --END-- [ RunTime:0.000120s ]

[ 2017-03-16T22:25:17+08:00 ] 127.0.0.1 /Admin/Advertising/addadvertising.php
INFO: [ app_init ] --START--
INFO: Run Behavior\BuildLiteBehavior [ RunTime:0.000019s ]
INFO: [ app_init ] --END-- [ RunTime:0.000121s ]

[ 2017-03-16T22:25:40+08:00 ] 127.0.0.1 /Admin/Advertising/addadvertising.php
INFO: [ app_init ] --START--
INFO: Run Behavior\BuildLiteBehavior [ RunTime:0.000023s ]
INFO: [ app_init ] --END-- [ RunTime:0.000129s ]

[ 2017-03-16T22:25:55+08:00 ] 127.0.0.1 /Admin/Uploads/uploads.php?num=1&name=ggimg&id=imgs
INFO: [ app_init ] --START--
INFO: Run Behavior\BuildLiteBehavior [ RunTime:0.000023s ]
INFO: [ app_init ] --END-- [ RunTime:0.000139s ]

[ 2017-03-16T22:25:58+08:00 ] 127.0.0.1 /Admin/Uploads/uploads.php?num=1&name=ggimg
INFO: [ app_init ] --START--
INFO: Run Behavior\BuildLiteBehavior [ RunTime:0.000024s ]
INFO: [ app_init ] --END-- [ RunTime:0.000139s ]

[ 2017-03-16T22:25:59+08:00 ] 127.0.0.1 /Admin/Advertising/addadvertising.php
INFO: [ app_init ] --START--
INFO: Run Behavior\BuildLiteBehavior [ RunTime:0.000055s ]
INFO: [ app_init ] --END-- [ RunTime:0.000255s ]

[ 2017-03-16T22:26:00+08:00 ] 127.0.0.1 /Admin/Advertising/adv.php
INFO: [ app_init ] --START--
INFO: Run Behavior\BuildLiteBehavior [ RunTime:0.000028s ]
INFO: [ app_init ] --END-- [ RunTime:0.000167s ]

[ 2017-03-16T22:51:26+08:00 ] 127.0.0.1 /Admin/Classify/index.php
INFO: [ app_init ] --START--
INFO: Run Behavior\BuildLiteBehavior [ RunTime:0.000021s ]
INFO: [ app_init ] --END-- [ RunTime:0.000126s ]

[ 2017-03-16T22:51:30+08:00 ] 127.0.0.1 /Admin/Config/custom.php
INFO: [ app_init ] --START--
INFO: Run Behavior\BuildLiteBehavior [ RunTime:0.000020s ]
INFO: [ app_init ] --END-- [ RunTime:0.000119s ]

[ 2017-03-16T22:51:32+08:00 ] 127.0.0.1 /Admin/Config/watermark.php
INFO: [ app_init ] --START--
INFO: Run Behavior\BuildLiteBehavior [ RunTime:0.000049s ]
INFO: [ app_init ] --END-- [ RunTime:0.000274s ]

[ 2017-03-16T22:51:33+08:00 ] 127.0.0.1 /Admin/Config/index.php
INFO: [ app_init ] --START--
INFO: Run Behavior\BuildLiteBehavior [ RunTime:0.000019s ]
INFO: [ app_init ] --END-- [ RunTime:0.000108s ]

[ 2017-03-16T22:52:33+08:00 ] 127.0.0.1 /Admin/Config/index.php
INFO: [ app_init ] --START--
INFO: Run Behavior\BuildLiteBehavior [ RunTime:0.000020s ]
INFO: [ app_init ] --END-- [ RunTime:0.000122s ]

[ 2017-03-16T22:52:34+08:00 ] 127.0.0.1 /Admin/Config/settingurl.php
INFO: [ app_init ] --START--
INFO: Run Behavior\BuildLiteBehavior [ RunTime:0.000022s ]
INFO: [ app_init ] --END-- [ RunTime:0.000176s ]

[ 2017-03-16T23:26:08+08:00 ] 127.0.0.1 /Admin/Article/index.php
INFO: [ app_init ] --START--
INFO: Run Behavior\BuildLiteBehavior [ RunTime:0.000020s ]
INFO: [ app_init ] --END-- [ RunTime:0.000118s ]

[ 2017-03-16T23:26:10+08:00 ] 127.0.0.1 /Admin/article/addarticle.php?id=1&p=
INFO: [ app_init ] --START--
INFO: Run Behavior\BuildLiteBehavior [ RunTime:0.000020s ]
INFO: [ app_init ] --END-- [ RunTime:0.000114s ]

[ 2017-03-16T23:26:11+08:00 ] 127.0.0.1 /Admin/Common/ajaxmodel.php
INFO: [ app_init ] --START--
INFO: Run Behavior\BuildLiteBehavior [ RunTime:0.000020s ]
INFO: [ app_init ] --END-- [ RunTime:0.000117s ]
INFO: [ app_begin ] --START--
INFO: Run Behavior\ReadHtmlCacheBehavior [ RunTime:0.000446s ]
INFO: [ app_begin ] --END-- [ RunTime:0.000536s ]
SQL: SHOW COLUMNS FROM `linfei_config` [ RunTime:0.0006s ]
SQL: SELECT `navstyle` FROM `linfei_config` LIMIT 1   [ RunTime:0.0002s ]
SQL: SHOW COLUMNS FROM `linfei_admin` [ RunTime:0.0005s ]
SQL: SELECT `group` FROM `linfei_admin` WHERE `id` = 1 LIMIT 1   [ RunTime:0.0003s ]
SQL: SHOW COLUMNS FROM `linfei_group` [ RunTime:0.0003s ]
SQL: SELECT `permissions` FROM `linfei_group` WHERE `id` = 1 LIMIT 1   [ RunTime:0.0002s ]
SQL: SHOW COLUMNS FROM `linfei_classify` [ RunTime:0.0005s ]
SQL: SELECT `m` FROM `linfei_classify` WHERE `id` = 4 LIMIT 1   [ RunTime:0.0002s ]
ERR: 1146:Table 'linfei.linfei_s' doesn't exist
 [ SQL语句 ] : SHOW COLUMNS FROM `linfei_s`
ERR: 1146:Table 'linfei.linfei_s' doesn't exist
 [ SQL语句 ] : SHOW COLUMNS FROM `linfei_s`

[ 2017-03-16T23:26:26+08:00 ] 127.0.0.1 /Admin/article/addarticle.php?id=1&p=
INFO: [ app_init ] --START--
INFO: Run Behavior\BuildLiteBehavior [ RunTime:0.000020s ]
INFO: [ app_init ] --END-- [ RunTime:0.000119s ]

[ 2017-03-16T23:26:28+08:00 ] 127.0.0.1 /Admin/article/index.php
INFO: [ app_init ] --START--
INFO: Run Behavior\BuildLiteBehavior [ RunTime:0.000043s ]
INFO: [ app_init ] --END-- [ RunTime:0.000248s ]

[ 2017-03-16T23:28:11+08:00 ] 127.0.0.1 /Admin/article/addarticle.php?id=2&p=
INFO: [ app_init ] --START--
INFO: Run Behavior\BuildLiteBehavior [ RunTime:0.000020s ]
INFO: [ app_init ] --END-- [ RunTime:0.000118s ]

[ 2017-03-16T23:28:11+08:00 ] 127.0.0.1 /Admin/Common/ajaxmodel.php
INFO: [ app_init ] --START--
INFO: Run Behavior\BuildLiteBehavior [ RunTime:0.000035s ]
INFO: [ app_init ] --END-- [ RunTime:0.000237s ]
INFO: [ app_begin ] --START--
INFO: Run Behavior\ReadHtmlCacheBehavior [ RunTime:0.000487s ]
INFO: [ app_begin ] --END-- [ RunTime:0.000626s ]
SQL: SHOW COLUMNS FROM `linfei_config` [ RunTime:0.0005s ]
SQL: SELECT `navstyle` FROM `linfei_config` LIMIT 1   [ RunTime:0.0002s ]
SQL: SHOW COLUMNS FROM `linfei_admin` [ RunTime:0.0005s ]
SQL: SELECT `group` FROM `linfei_admin` WHERE `id` = 1 LIMIT 1   [ RunTime:0.0002s ]
SQL: SHOW COLUMNS FROM `linfei_group` [ RunTime:0.0005s ]
SQL: SELECT `permissions` FROM `linfei_group` WHERE `id` = 1 LIMIT 1   [ RunTime:0.0002s ]
SQL: SHOW COLUMNS FROM `linfei_classify` [ RunTime:0.0004s ]
SQL: SELECT `m` FROM `linfei_classify` WHERE `id` = 4 LIMIT 1   [ RunTime:0.0002s ]
ERR: 1146:Table 'linfei.linfei_s' doesn't exist
 [ SQL语句 ] : SHOW COLUMNS FROM `linfei_s`
ERR: 1146:Table 'linfei.linfei_s' doesn't exist
 [ SQL语句 ] : SHOW COLUMNS FROM `linfei_s`

[ 2017-03-16T23:28:22+08:00 ] 127.0.0.1 /Admin/article/addarticle.php?id=2&p=
INFO: [ app_init ] --START--
INFO: Run Behavior\BuildLiteBehavior [ RunTime:0.000031s ]
INFO: [ app_init ] --END-- [ RunTime:0.000162s ]

[ 2017-03-16T23:28:24+08:00 ] 127.0.0.1 /Admin/article/index.php
INFO: [ app_init ] --START--
INFO: Run Behavior\BuildLiteBehavior [ RunTime:0.000037s ]
INFO: [ app_init ] --END-- [ RunTime:0.000155s ]

