[ 2017-02-10T09:04:00+08:00 ] 127.0.0.1 /admin
INFO: [ app_init ] --START--
INFO: Run Behavior\BuildLiteBehavior [ RunTime:0.000021s ]
INFO: [ app_init ] --END-- [ RunTime:0.000118s ]

[ 2017-02-10T09:04:01+08:00 ] 127.0.0.1 /Admin/Login/login.php
INFO: [ app_init ] --START--
INFO: Run Behavior\BuildLiteBehavior [ RunTime:0.000019s ]
INFO: [ app_init ] --END-- [ RunTime:0.000115s ]

[ 2017-02-10T09:04:01+08:00 ] 127.0.0.1 /Admin/Login/code.php
INFO: [ app_init ] --START--
INFO: Run Behavior\BuildLiteBehavior [ RunTime:0.000019s ]
INFO: [ app_init ] --END-- [ RunTime:0.000179s ]

[ 2017-02-10T09:04:09+08:00 ] 127.0.0.1 /Admin/Login/login.php
INFO: [ app_init ] --START--
INFO: Run Behavior\BuildLiteBehavior [ RunTime:0.000021s ]
INFO: [ app_init ] --END-- [ RunTime:0.000132s ]

[ 2017-02-10T09:04:09+08:00 ] 127.0.0.1 /Admin/Index/index.php
INFO: [ app_init ] --START--
INFO: Run Behavior\BuildLiteBehavior [ RunTime:0.000018s ]
INFO: [ app_init ] --END-- [ RunTime:0.000106s ]

[ 2017-02-10T09:04:16+08:00 ] 127.0.0.1 /Admin/Templates/pc.php
INFO: [ app_init ] --START--
INFO: Run Behavior\BuildLiteBehavior [ RunTime:0.000020s ]
INFO: [ app_init ] --END-- [ RunTime:0.000121s ]

[ 2017-02-10T09:04:22+08:00 ] 127.0.0.1 /Admin/Advertising/index.php
INFO: [ app_init ] --START--
INFO: Run Behavior\BuildLiteBehavior [ RunTime:0.000021s ]
INFO: [ app_init ] --END-- [ RunTime:0.000120s ]

[ 2017-02-10T09:04:25+08:00 ] 127.0.0.1 /Admin/Advertising/addadvertising.php
INFO: [ app_init ] --START--
INFO: Run Behavior\BuildLiteBehavior [ RunTime:0.000021s ]
INFO: [ app_init ] --END-- [ RunTime:0.000120s ]

[ 2017-02-10T09:05:56+08:00 ] 127.0.0.1 /Admin/Advertising/addadvertising.php
INFO: [ app_init ] --START--
INFO: Run Behavior\BuildLiteBehavior [ RunTime:0.000036s ]
INFO: [ app_init ] --END-- [ RunTime:0.000208s ]

[ 2017-02-10T09:07:01+08:00 ] 127.0.0.1 /Admin/Advertising/addadvertising.php
INFO: [ app_init ] --START--
INFO: Run Behavior\BuildLiteBehavior [ RunTime:0.000020s ]
INFO: [ app_init ] --END-- [ RunTime:0.000127s ]

[ 2017-02-10T09:07:03+08:00 ] 127.0.0.1 /Admin/Advertising/addadvertising.php
INFO: [ app_init ] --START--
INFO: Run Behavior\BuildLiteBehavior [ RunTime:0.000021s ]
INFO: [ app_init ] --END-- [ RunTime:0.000117s ]

[ 2017-02-10T09:07:43+08:00 ] 127.0.0.1 /Admin/Advertising/addadvertising.php
INFO: [ app_init ] --START--
INFO: Run Behavior\BuildLiteBehavior [ RunTime:0.000020s ]
INFO: [ app_init ] --END-- [ RunTime:0.000121s ]

[ 2017-02-10T09:07:44+08:00 ] 127.0.0.1 /Admin/article/index.php
INFO: [ app_init ] --START--
INFO: Run Behavior\BuildLiteBehavior [ RunTime:0.000046s ]
INFO: [ app_init ] --END-- [ RunTime:0.000273s ]

[ 2017-02-10T09:18:27+08:00 ] 127.0.0.1 /Admin/Advertising/addadvertising.php
INFO: [ app_init ] --START--
INFO: Run Behavior\BuildLiteBehavior [ RunTime:0.000020s ]
INFO: [ app_init ] --END-- [ RunTime:0.000119s ]

[ 2017-02-10T09:18:48+08:00 ] 127.0.0.1 /Admin/Advertising/addadvertising.php
INFO: [ app_init ] --START--
INFO: Run Behavior\BuildLiteBehavior [ RunTime:0.000053s ]
INFO: [ app_init ] --END-- [ RunTime:0.000177s ]

[ 2017-02-10T09:18:52+08:00 ] 127.0.0.1 /Admin/Advertising/addadvertising.php
INFO: [ app_init ] --START--
INFO: Run Behavior\BuildLiteBehavior [ RunTime:0.000020s ]
INFO: [ app_init ] --END-- [ RunTime:0.000123s ]

[ 2017-02-10T09:18:55+08:00 ] 127.0.0.1 /Admin/Advertising/addadvertising.php
INFO: [ app_init ] --START--
INFO: Run Behavior\BuildLiteBehavior [ RunTime:0.000019s ]
INFO: [ app_init ] --END-- [ RunTime:0.000114s ]

[ 2017-02-10T09:18:59+08:00 ] 127.0.0.1 /Admin/Advertising/addadvertising.php
INFO: [ app_init ] --START--
INFO: Run Behavior\BuildLiteBehavior [ RunTime:0.000020s ]
INFO: [ app_init ] --END-- [ RunTime:0.000120s ]

[ 2017-02-10T09:19:31+08:00 ] 127.0.0.1 /Admin/Advertising/addadvertising.php
INFO: [ app_init ] --START--
INFO: Run Behavior\BuildLiteBehavior [ RunTime:0.000019s ]
INFO: [ app_init ] --END-- [ RunTime:0.000115s ]

[ 2017-02-10T09:19:33+08:00 ] 127.0.0.1 /Admin/Advertising/addadvertising.php
INFO: [ app_init ] --START--
INFO: Run Behavior\BuildLiteBehavior [ RunTime:0.000022s ]
INFO: [ app_init ] --END-- [ RunTime:0.000124s ]

[ 2017-02-10T09:19:35+08:00 ] 127.0.0.1 /Admin/Advertising/addadvertising.php
INFO: [ app_init ] --START--
INFO: Run Behavior\BuildLiteBehavior [ RunTime:0.000020s ]
INFO: [ app_init ] --END-- [ RunTime:0.000111s ]

[ 2017-02-10T09:19:35+08:00 ] 127.0.0.1 /Admin/Advertising/addadvertising.php
INFO: [ app_init ] --START--
INFO: Run Behavior\BuildLiteBehavior [ RunTime:0.000021s ]
INFO: [ app_init ] --END-- [ RunTime:0.000120s ]

[ 2017-02-10T09:19:39+08:00 ] 127.0.0.1 /Admin/Advertising/addadvertising.php
INFO: [ app_init ] --START--
INFO: Run Behavior\BuildLiteBehavior [ RunTime:0.000019s ]
INFO: [ app_init ] --END-- [ RunTime:0.000115s ]

[ 2017-02-10T09:19:43+08:00 ] 127.0.0.1 /Admin/Advertising/addadvertising.php
INFO: [ app_init ] --START--
INFO: Run Behavior\BuildLiteBehavior [ RunTime:0.000023s ]
INFO: [ app_init ] --END-- [ RunTime:0.000142s ]

[ 2017-02-10T09:20:56+08:00 ] 127.0.0.1 /Admin/Advertising/addadvertising.php
INFO: [ app_init ] --START--
INFO: Run Behavior\BuildLiteBehavior [ RunTime:0.000018s ]
INFO: [ app_init ] --END-- [ RunTime:0.000113s ]

[ 2017-02-10T09:20:58+08:00 ] 127.0.0.1 /Admin/Advertising/addadvertising.php
INFO: [ app_init ] --START--
INFO: Run Behavior\BuildLiteBehavior [ RunTime:0.000021s ]
INFO: [ app_init ] --END-- [ RunTime:0.000120s ]

[ 2017-02-10T09:21:01+08:00 ] 127.0.0.1 /Admin/Advertising/addadvertising.php
INFO: [ app_init ] --START--
INFO: Run Behavior\BuildLiteBehavior [ RunTime:0.000021s ]
INFO: [ app_init ] --END-- [ RunTime:0.000121s ]

[ 2017-02-10T09:21:04+08:00 ] 127.0.0.1 /Admin/Advertising/addadvertising.php
INFO: [ app_init ] --START--
INFO: Run Behavior\BuildLiteBehavior [ RunTime:0.000019s ]
INFO: [ app_init ] --END-- [ RunTime:0.000114s ]

[ 2017-02-10T09:21:09+08:00 ] 127.0.0.1 /Admin/Advertising/addadvertising.php
INFO: [ app_init ] --START--
INFO: Run Behavior\BuildLiteBehavior [ RunTime:0.000019s ]
INFO: [ app_init ] --END-- [ RunTime:0.000116s ]

[ 2017-02-10T09:21:12+08:00 ] 127.0.0.1 /Admin/Advertising/addadvertising.php
INFO: [ app_init ] --START--
INFO: Run Behavior\BuildLiteBehavior [ RunTime:0.000023s ]
INFO: [ app_init ] --END-- [ RunTime:0.000125s ]

[ 2017-02-10T09:23:35+08:00 ] 127.0.0.1 /Admin/Uploads/uploads.php?num=10&name=img&id=imgs
INFO: [ app_init ] --START--
INFO: Run Behavior\BuildLiteBehavior [ RunTime:0.000020s ]
INFO: [ app_init ] --END-- [ RunTime:0.000116s ]

[ 2017-02-10T09:23:39+08:00 ] 127.0.0.1 /Admin/Uploads/uploads.php?num=10&name=img
INFO: [ app_init ] --START--
INFO: Run Behavior\BuildLiteBehavior [ RunTime:0.000055s ]
INFO: [ app_init ] --END-- [ RunTime:0.000314s ]

[ 2017-02-10T09:24:04+08:00 ] 127.0.0.1 /Admin/Uploads/uploads.php?num=10&name=img&id=imgs
INFO: [ app_init ] --START--
INFO: Run Behavior\BuildLiteBehavior [ RunTime:0.000021s ]
INFO: [ app_init ] --END-- [ RunTime:0.000122s ]

[ 2017-02-10T09:24:08+08:00 ] 127.0.0.1 /Admin/Advertising/addadvertising.php
INFO: [ app_init ] --START--
INFO: Run Behavior\BuildLiteBehavior [ RunTime:0.000019s ]
INFO: [ app_init ] --END-- [ RunTime:0.000113s ]

[ 2017-02-10T09:24:11+08:00 ] 127.0.0.1 /Admin/Uploads/uploads.php?num=1&name=img&id=imgs
INFO: [ app_init ] --START--
INFO: Run Behavior\BuildLiteBehavior [ RunTime:0.000021s ]
INFO: [ app_init ] --END-- [ RunTime:0.000128s ]

[ 2017-02-10T09:24:19+08:00 ] 127.0.0.1 /Admin/Uploads/uploads.php?num=1&name=img
INFO: [ app_init ] --START--
INFO: Run Behavior\BuildLiteBehavior [ RunTime:0.000054s ]
INFO: [ app_init ] --END-- [ RunTime:0.000279s ]

[ 2017-02-10T09:24:22+08:00 ] 127.0.0.1 /Admin/Uploads/uploads.php?num=1&name=img&id=imgs
INFO: [ app_init ] --START--
INFO: Run Behavior\BuildLiteBehavior [ RunTime:0.000029s ]
INFO: [ app_init ] --END-- [ RunTime:0.000181s ]

[ 2017-02-10T09:24:25+08:00 ] 127.0.0.1 /Admin/Uploads/uploads.php?num=1&name=img
INFO: [ app_init ] --START--
INFO: Run Behavior\BuildLiteBehavior [ RunTime:0.000019s ]
INFO: [ app_init ] --END-- [ RunTime:0.000110s ]

[ 2017-02-10T09:24:35+08:00 ] 127.0.0.1 /Admin/Advertising/addadvertising.php
INFO: [ app_init ] --START--
INFO: Run Behavior\BuildLiteBehavior [ RunTime:0.000019s ]
INFO: [ app_init ] --END-- [ RunTime:0.000115s ]

[ 2017-02-10T09:25:30+08:00 ] 127.0.0.1 /Admin/Advertising/addadvertising.php
INFO: [ app_init ] --START--
INFO: Run Behavior\BuildLiteBehavior [ RunTime:0.000021s ]
INFO: [ app_init ] --END-- [ RunTime:0.000128s ]

[ 2017-02-10T09:25:33+08:00 ] 127.0.0.1 /Admin/Uploads/uploads.php?num=1&name=img&id=imgs
INFO: [ app_init ] --START--
INFO: Run Behavior\BuildLiteBehavior [ RunTime:0.000024s ]
INFO: [ app_init ] --END-- [ RunTime:0.000131s ]

[ 2017-02-10T09:25:36+08:00 ] 127.0.0.1 /Admin/Uploads/uploads.php?num=1&name=img
INFO: [ app_init ] --START--
INFO: Run Behavior\BuildLiteBehavior [ RunTime:0.000019s ]
INFO: [ app_init ] --END-- [ RunTime:0.000113s ]

[ 2017-02-10T09:25:42+08:00 ] 127.0.0.1 /Admin/Advertising/addadvertising.php
INFO: [ app_init ] --START--
INFO: Run Behavior\BuildLiteBehavior [ RunTime:0.000020s ]
INFO: [ app_init ] --END-- [ RunTime:0.000121s ]

[ 2017-02-10T09:27:27+08:00 ] 127.0.0.1 /Admin/Advertising/addadvertising.php
INFO: [ app_init ] --START--
INFO: Run Behavior\BuildLiteBehavior [ RunTime:0.000020s ]
INFO: [ app_init ] --END-- [ RunTime:0.000121s ]

[ 2017-02-10T09:27:31+08:00 ] 127.0.0.1 /Admin/Uploads/uploads.php?num=1&name=ggimg&id=imgs
INFO: [ app_init ] --START--
INFO: Run Behavior\BuildLiteBehavior [ RunTime:0.000032s ]
INFO: [ app_init ] --END-- [ RunTime:0.000168s ]

[ 2017-02-10T09:27:33+08:00 ] 127.0.0.1 /Admin/Uploads/uploads.php?num=1&name=ggimg
INFO: [ app_init ] --START--
INFO: Run Behavior\BuildLiteBehavior [ RunTime:0.000020s ]
INFO: [ app_init ] --END-- [ RunTime:0.000112s ]

[ 2017-02-10T09:27:35+08:00 ] 127.0.0.1 /Admin/Advertising/addadvertising.php
INFO: [ app_init ] --START--
INFO: Run Behavior\BuildLiteBehavior [ RunTime:0.000022s ]
INFO: [ app_init ] --END-- [ RunTime:0.000130s ]

[ 2017-02-10T09:27:42+08:00 ] 127.0.0.1 /Admin/Advertising/addadvertising.php
INFO: [ app_init ] --START--
INFO: Run Behavior\BuildLiteBehavior [ RunTime:0.000019s ]
INFO: [ app_init ] --END-- [ RunTime:0.000119s ]

[ 2017-02-10T09:27:44+08:00 ] 127.0.0.1 /Admin/Advertising/addadvertising.php
INFO: [ app_init ] --START--
INFO: Run Behavior\BuildLiteBehavior [ RunTime:0.000018s ]
INFO: [ app_init ] --END-- [ RunTime:0.000108s ]

[ 2017-02-10T09:28:28+08:00 ] 127.0.0.1 /Admin/Advertising/addadvertising.php
INFO: [ app_init ] --START--
INFO: Run Behavior\BuildLiteBehavior [ RunTime:0.000021s ]
INFO: [ app_init ] --END-- [ RunTime:0.000122s ]

[ 2017-02-10T09:28:37+08:00 ] 127.0.0.1 /Admin/Advertising/addadvertising.php
INFO: [ app_init ] --START--
INFO: Run Behavior\BuildLiteBehavior [ RunTime:0.000066s ]
INFO: [ app_init ] --END-- [ RunTime:0.000165s ]

[ 2017-02-10T09:28:39+08:00 ] 127.0.0.1 /Admin/Advertising/addadvertising.php
INFO: [ app_init ] --START--
INFO: Run Behavior\BuildLiteBehavior [ RunTime:0.000018s ]
INFO: [ app_init ] --END-- [ RunTime:0.000108s ]

[ 2017-02-10T09:28:43+08:00 ] 127.0.0.1 /Admin/Advertising/addadvertising.php
INFO: [ app_init ] --START--
INFO: Run Behavior\BuildLiteBehavior [ RunTime:0.000036s ]
INFO: [ app_init ] --END-- [ RunTime:0.000179s ]

[ 2017-02-10T09:28:52+08:00 ] 127.0.0.1 /Admin/Advertising/addadvertising.php
INFO: [ app_init ] --START--
INFO: Run Behavior\BuildLiteBehavior [ RunTime:0.000019s ]
INFO: [ app_init ] --END-- [ RunTime:0.000123s ]

[ 2017-02-10T09:28:53+08:00 ] 127.0.0.1 /Admin/Advertising/addadvertising.php
INFO: [ app_init ] --START--
INFO: Run Behavior\BuildLiteBehavior [ RunTime:0.000020s ]
INFO: [ app_init ] --END-- [ RunTime:0.000116s ]

[ 2017-02-10T09:28:57+08:00 ] 127.0.0.1 /Admin/Advertising/addadvertising.php
INFO: [ app_init ] --START--
INFO: Run Behavior\BuildLiteBehavior [ RunTime:0.000019s ]
INFO: [ app_init ] --END-- [ RunTime:0.000115s ]

[ 2017-02-10T09:29:00+08:00 ] 127.0.0.1 /Admin/Advertising/addadvertising.php
INFO: [ app_init ] --START--
INFO: Run Behavior\BuildLiteBehavior [ RunTime:0.000020s ]
INFO: [ app_init ] --END-- [ RunTime:0.000118s ]

[ 2017-02-10T09:32:23+08:00 ] 127.0.0.1 /Admin/Advertising/index.php
INFO: [ app_init ] --START--
INFO: Run Behavior\BuildLiteBehavior [ RunTime:0.000021s ]
INFO: [ app_init ] --END-- [ RunTime:0.000125s ]

[ 2017-02-10T09:34:13+08:00 ] 127.0.0.1 /Admin/Advertising/adv.php
INFO: [ app_init ] --START--
INFO: Run Behavior\BuildLiteBehavior [ RunTime:0.000021s ]
INFO: [ app_init ] --END-- [ RunTime:0.000123s ]

[ 2017-02-10T09:43:16+08:00 ] 127.0.0.1 /Admin/Advertising/adv.php
INFO: [ app_init ] --START--
INFO: Run Behavior\BuildLiteBehavior [ RunTime:0.000020s ]
INFO: [ app_init ] --END-- [ RunTime:0.000120s ]

[ 2017-02-10T09:43:50+08:00 ] 127.0.0.1 /Admin/Advertising/adv.php
INFO: [ app_init ] --START--
INFO: Run Behavior\BuildLiteBehavior [ RunTime:0.000019s ]
INFO: [ app_init ] --END-- [ RunTime:0.000116s ]

[ 2017-02-10T09:44:55+08:00 ] 127.0.0.1 /Admin/Advertising/adv.php
INFO: [ app_init ] --START--
INFO: Run Behavior\BuildLiteBehavior [ RunTime:0.000019s ]
INFO: [ app_init ] --END-- [ RunTime:0.000117s ]

[ 2017-02-10T09:44:58+08:00 ] 127.0.0.1 /Admin/Advertising/adv.php
INFO: [ app_init ] --START--
INFO: Run Behavior\BuildLiteBehavior [ RunTime:0.000019s ]
INFO: [ app_init ] --END-- [ RunTime:0.000115s ]

[ 2017-02-10T09:47:40+08:00 ] 127.0.0.1 /Admin/Advertising/adv.php
INFO: [ app_init ] --START--
INFO: Run Behavior\BuildLiteBehavior [ RunTime:0.000019s ]
INFO: [ app_init ] --END-- [ RunTime:0.000117s ]

[ 2017-02-10T09:47:42+08:00 ] 127.0.0.1 /Admin/Advertising/adv.php
INFO: [ app_init ] --START--
INFO: Run Behavior\BuildLiteBehavior [ RunTime:0.000017s ]
INFO: [ app_init ] --END-- [ RunTime:0.000106s ]

[ 2017-02-10T09:48:28+08:00 ] 127.0.0.1 /Admin/Article/index.php
INFO: [ app_init ] --START--
INFO: Run Behavior\BuildLiteBehavior [ RunTime:0.000019s ]
INFO: [ app_init ] --END-- [ RunTime:0.000119s ]

[ 2017-02-10T09:49:23+08:00 ] 127.0.0.1 /Admin/Advertising/adv.php
INFO: [ app_init ] --START--
INFO: Run Behavior\BuildLiteBehavior [ RunTime:0.000020s ]
INFO: [ app_init ] --END-- [ RunTime:0.000116s ]

[ 2017-02-10T09:50:06+08:00 ] 127.0.0.1 /Admin/Advertising/adv.php
INFO: [ app_init ] --START--
INFO: Run Behavior\BuildLiteBehavior [ RunTime:0.000020s ]
INFO: [ app_init ] --END-- [ RunTime:0.000118s ]
ERR: 不存在的图像文件

[ 2017-02-10T09:50:06+08:00 ] 127.0.0.1 /Admin/Advertising/%3C!DOCTYPE%20html%20PUBLIC
INFO: [ app_init ] --START--
INFO: Run Behavior\BuildLiteBehavior [ RunTime:0.000051s ]
INFO: [ app_init ] --END-- [ RunTime:0.000213s ]
ERR: 非法操作:

[ 2017-02-10T09:54:26+08:00 ] 127.0.0.1 /Admin/Advertising/adv.php
INFO: [ app_init ] --START--
INFO: Run Behavior\BuildLiteBehavior [ RunTime:0.000021s ]
INFO: [ app_init ] --END-- [ RunTime:0.000127s ]
ERR: 不存在的图像文件

[ 2017-02-10T09:54:26+08:00 ] 127.0.0.1 /Admin/Advertising/%3C!DOCTYPE%20html%20PUBLIC
INFO: [ app_init ] --START--
INFO: Run Behavior\BuildLiteBehavior [ RunTime:0.000020s ]
INFO: [ app_init ] --END-- [ RunTime:0.000118s ]
ERR: 非法操作:

[ 2017-02-10T09:54:54+08:00 ] 127.0.0.1 /Admin/Advertising/adv.php
INFO: [ app_init ] --START--
INFO: Run Behavior\BuildLiteBehavior [ RunTime:0.000020s ]
INFO: [ app_init ] --END-- [ RunTime:0.000117s ]
ERR: 不存在的图像文件

[ 2017-02-10T09:54:54+08:00 ] 127.0.0.1 /Admin/Advertising/%3C!DOCTYPE%20html%20PUBLIC
INFO: [ app_init ] --START--
INFO: Run Behavior\BuildLiteBehavior [ RunTime:0.000036s ]
INFO: [ app_init ] --END-- [ RunTime:0.000186s ]
ERR: 非法操作:

[ 2017-02-10T09:56:54+08:00 ] 127.0.0.1 /Admin/Advertising/adv.php
INFO: [ app_init ] --START--
INFO: Run Behavior\BuildLiteBehavior [ RunTime:0.000019s ]
INFO: [ app_init ] --END-- [ RunTime:0.000117s ]
ERR: 不存在的图像文件

[ 2017-02-10T09:56:54+08:00 ] 127.0.0.1 /Admin/Advertising/%3C!DOCTYPE%20html%20PUBLIC
INFO: [ app_init ] --START--
INFO: Run Behavior\BuildLiteBehavior [ RunTime:0.000023s ]
INFO: [ app_init ] --END-- [ RunTime:0.000138s ]
ERR: 非法操作:

[ 2017-02-10T10:00:40+08:00 ] 127.0.0.1 /Admin/Advertising/adv.php
INFO: [ app_init ] --START--
INFO: Run Behavior\BuildLiteBehavior [ RunTime:0.000020s ]
INFO: [ app_init ] --END-- [ RunTime:0.000119s ]

[ 2017-02-10T10:01:23+08:00 ] 127.0.0.1 /Admin/Advertising/adv.php
INFO: [ app_init ] --START--
INFO: Run Behavior\BuildLiteBehavior [ RunTime:0.000021s ]
INFO: [ app_init ] --END-- [ RunTime:0.000121s ]

[ 2017-02-10T10:01:23+08:00 ] 127.0.0.1 /Admin/Advertising/Array
INFO: [ app_init ] --START--
INFO: Run Behavior\BuildLiteBehavior [ RunTime:0.000023s ]
INFO: [ app_init ] --END-- [ RunTime:0.000130s ]
ERR: 非法操作:Array

[ 2017-02-10T10:02:38+08:00 ] 127.0.0.1 /Admin/Advertising/adv.php
INFO: [ app_init ] --START--
INFO: Run Behavior\BuildLiteBehavior [ RunTime:0.000019s ]
INFO: [ app_init ] --END-- [ RunTime:0.000116s ]

[ 2017-02-10T10:02:49+08:00 ] 127.0.0.1 /Admin/Advertising/adv.php
INFO: [ app_init ] --START--
INFO: Run Behavior\BuildLiteBehavior [ RunTime:0.000021s ]
INFO: [ app_init ] --END-- [ RunTime:0.000124s ]

[ 2017-02-10T10:02:55+08:00 ] 127.0.0.1 /Admin/Advertising/adv.php
INFO: [ app_init ] --START--
INFO: Run Behavior\BuildLiteBehavior [ RunTime:0.000019s ]
INFO: [ app_init ] --END-- [ RunTime:0.000115s ]

[ 2017-02-10T10:03:40+08:00 ] 127.0.0.1 /Admin/Advertising/adv.php
INFO: [ app_init ] --START--
INFO: Run Behavior\BuildLiteBehavior [ RunTime:0.000021s ]
INFO: [ app_init ] --END-- [ RunTime:0.000123s ]

[ 2017-02-10T10:04:44+08:00 ] 127.0.0.1 /Admin/Advertising/adv.php
INFO: [ app_init ] --START--
INFO: Run Behavior\BuildLiteBehavior [ RunTime:0.000019s ]
INFO: [ app_init ] --END-- [ RunTime:0.000114s ]

[ 2017-02-10T10:06:32+08:00 ] 127.0.0.1 /Admin/Advertising/adv.php
INFO: [ app_init ] --START--
INFO: Run Behavior\BuildLiteBehavior [ RunTime:0.000019s ]
INFO: [ app_init ] --END-- [ RunTime:0.000118s ]

[ 2017-02-10T10:07:19+08:00 ] 127.0.0.1 /Admin/Advertising/adv.php
INFO: [ app_init ] --START--
INFO: Run Behavior\BuildLiteBehavior [ RunTime:0.000019s ]
INFO: [ app_init ] --END-- [ RunTime:0.000120s ]

[ 2017-02-10T10:07:32+08:00 ] 127.0.0.1 /Admin/Advertising/adv.php
INFO: [ app_init ] --START--
INFO: Run Behavior\BuildLiteBehavior [ RunTime:0.000020s ]
INFO: [ app_init ] --END-- [ RunTime:0.000145s ]

[ 2017-02-10T10:07:44+08:00 ] 127.0.0.1 /Admin/Advertising/adv.php
INFO: [ app_init ] --START--
INFO: Run Behavior\BuildLiteBehavior [ RunTime:0.000021s ]
INFO: [ app_init ] --END-- [ RunTime:0.000152s ]

[ 2017-02-10T10:08:43+08:00 ] 127.0.0.1 /Admin/Advertising/adv.php
INFO: [ app_init ] --START--
INFO: Run Behavior\BuildLiteBehavior [ RunTime:0.000021s ]
INFO: [ app_init ] --END-- [ RunTime:0.000118s ]

[ 2017-02-10T10:09:17+08:00 ] 127.0.0.1 /Admin/Advertising/adv.php
INFO: [ app_init ] --START--
INFO: Run Behavior\BuildLiteBehavior [ RunTime:0.000022s ]
INFO: [ app_init ] --END-- [ RunTime:0.000128s ]

[ 2017-02-10T10:09:44+08:00 ] 127.0.0.1 /Admin/Advertising/adv.php
INFO: [ app_init ] --START--
INFO: Run Behavior\BuildLiteBehavior [ RunTime:0.000019s ]
INFO: [ app_init ] --END-- [ RunTime:0.000120s ]

[ 2017-02-10T10:10:41+08:00 ] 127.0.0.1 /Admin/Product/status.php
INFO: [ app_init ] --START--
INFO: Run Behavior\BuildLiteBehavior [ RunTime:0.000022s ]
INFO: [ app_init ] --END-- [ RunTime:0.000123s ]
INFO: [ app_begin ] --START--
INFO: Run Behavior\ReadHtmlCacheBehavior [ RunTime:0.000692s ]
INFO: [ app_begin ] --END-- [ RunTime:0.000775s ]
SQL: SHOW COLUMNS FROM `linfei_config` [ RunTime:0.0005s ]
SQL: SELECT `navstyle` FROM `linfei_config` LIMIT 1   [ RunTime:0.0002s ]
SQL: SHOW COLUMNS FROM `linfei_product` [ RunTime:0.0010s ]
SQL: UPDATE `linfei_product` SET `status`='0' WHERE `id` = 6 [ RunTime:0.0004s ]

[ 2017-02-10T10:10:45+08:00 ] 127.0.0.1 /Admin/Advertising/adv.php
INFO: [ app_init ] --START--
INFO: Run Behavior\BuildLiteBehavior [ RunTime:0.000021s ]
INFO: [ app_init ] --END-- [ RunTime:0.000121s ]

[ 2017-02-10T10:11:27+08:00 ] 127.0.0.1 /Admin/Advertising/adv.php
INFO: [ app_init ] --START--
INFO: Run Behavior\BuildLiteBehavior [ RunTime:0.000021s ]
INFO: [ app_init ] --END-- [ RunTime:0.000124s ]

[ 2017-02-10T10:11:46+08:00 ] 127.0.0.1 /Admin/Advertising/adv.php
INFO: [ app_init ] --START--
INFO: Run Behavior\BuildLiteBehavior [ RunTime:0.000022s ]
INFO: [ app_init ] --END-- [ RunTime:0.000125s ]

[ 2017-02-10T10:16:54+08:00 ] 127.0.0.1 /Admin/Advertising/adv.php
INFO: [ app_init ] --START--
INFO: Run Behavior\BuildLiteBehavior [ RunTime:0.000020s ]
INFO: [ app_init ] --END-- [ RunTime:0.000119s ]

[ 2017-02-10T10:22:21+08:00 ] 127.0.0.1 /Admin/Advertising/adv.php
INFO: [ app_init ] --START--
INFO: Run Behavior\BuildLiteBehavior [ RunTime:0.000019s ]
INFO: [ app_init ] --END-- [ RunTime:0.000119s ]

[ 2017-02-10T10:23:29+08:00 ] 127.0.0.1 /Admin/Advertising/adv.php
INFO: [ app_init ] --START--
INFO: Run Behavior\BuildLiteBehavior [ RunTime:0.000020s ]
INFO: [ app_init ] --END-- [ RunTime:0.000124s ]

[ 2017-02-10T10:24:40+08:00 ] 127.0.0.1 /Admin/Advertising/adv.php
INFO: [ app_init ] --START--
INFO: Run Behavior\BuildLiteBehavior [ RunTime:0.000020s ]
INFO: [ app_init ] --END-- [ RunTime:0.000117s ]

[ 2017-02-10T10:25:00+08:00 ] 127.0.0.1 /Admin/Product/status.php
INFO: [ app_init ] --START--
INFO: Run Behavior\BuildLiteBehavior [ RunTime:0.000019s ]
INFO: [ app_init ] --END-- [ RunTime:0.000117s ]
INFO: [ app_begin ] --START--
INFO: Run Behavior\ReadHtmlCacheBehavior [ RunTime:0.000610s ]
INFO: [ app_begin ] --END-- [ RunTime:0.000702s ]
SQL: SHOW COLUMNS FROM `linfei_config` [ RunTime:0.0008s ]
SQL: SELECT `navstyle` FROM `linfei_config` LIMIT 1   [ RunTime:0.0003s ]
SQL: SHOW COLUMNS FROM `linfei_product` [ RunTime:0.0011s ]

[ 2017-02-10T10:25:01+08:00 ] 127.0.0.1 /Admin/Product/status.php
INFO: [ app_init ] --START--
INFO: Run Behavior\BuildLiteBehavior [ RunTime:0.000021s ]
INFO: [ app_init ] --END-- [ RunTime:0.000132s ]
INFO: [ app_begin ] --START--
INFO: Run Behavior\ReadHtmlCacheBehavior [ RunTime:0.000617s ]
INFO: [ app_begin ] --END-- [ RunTime:0.000708s ]
SQL: SHOW COLUMNS FROM `linfei_config` [ RunTime:0.0006s ]
SQL: SELECT `navstyle` FROM `linfei_config` LIMIT 1   [ RunTime:0.0002s ]
SQL: SHOW COLUMNS FROM `linfei_product` [ RunTime:0.0017s ]

[ 2017-02-10T10:25:04+08:00 ] 127.0.0.1 /Admin/Advertising/adv.php
INFO: [ app_init ] --START--
INFO: Run Behavior\BuildLiteBehavior [ RunTime:0.000019s ]
INFO: [ app_init ] --END-- [ RunTime:0.000113s ]

[ 2017-02-10T10:26:03+08:00 ] 127.0.0.1 /Admin/Advertising/adv.php
INFO: [ app_init ] --START--
INFO: Run Behavior\BuildLiteBehavior [ RunTime:0.000019s ]
INFO: [ app_init ] --END-- [ RunTime:0.000118s ]

[ 2017-02-10T10:26:19+08:00 ] 127.0.0.1 /Admin/Advertising/index.php
INFO: [ app_init ] --START--
INFO: Run Behavior\BuildLiteBehavior [ RunTime:0.000020s ]
INFO: [ app_init ] --END-- [ RunTime:0.000114s ]

[ 2017-02-10T10:26:29+08:00 ] 127.0.0.1 /Admin/Advertising/adv.php
INFO: [ app_init ] --START--
INFO: Run Behavior\BuildLiteBehavior [ RunTime:0.000020s ]
INFO: [ app_init ] --END-- [ RunTime:0.000118s ]

[ 2017-02-10T10:26:31+08:00 ] 127.0.0.1 /Admin/Advertising/addadvertising.php
INFO: [ app_init ] --START--
INFO: Run Behavior\BuildLiteBehavior [ RunTime:0.000019s ]
INFO: [ app_init ] --END-- [ RunTime:0.000110s ]

[ 2017-02-10T10:26:33+08:00 ] 127.0.0.1 /Admin/Advertising/adv.php
INFO: [ app_init ] --START--
INFO: Run Behavior\BuildLiteBehavior [ RunTime:0.000019s ]
INFO: [ app_init ] --END-- [ RunTime:0.000115s ]

[ 2017-02-10T10:27:44+08:00 ] 127.0.0.1 /Admin/Advertising/adv.php
INFO: [ app_init ] --START--
INFO: Run Behavior\BuildLiteBehavior [ RunTime:0.000020s ]
INFO: [ app_init ] --END-- [ RunTime:0.000116s ]

[ 2017-02-10T10:27:57+08:00 ] 127.0.0.1 /Admin/Article/index.php
INFO: [ app_init ] --START--
INFO: Run Behavior\BuildLiteBehavior [ RunTime:0.000019s ]
INFO: [ app_init ] --END-- [ RunTime:0.000117s ]

[ 2017-02-10T10:28:03+08:00 ] 127.0.0.1 /Admin/Advertising/index.php
INFO: [ app_init ] --START--
INFO: Run Behavior\BuildLiteBehavior [ RunTime:0.000019s ]
INFO: [ app_init ] --END-- [ RunTime:0.000117s ]

[ 2017-02-10T10:29:19+08:00 ] 127.0.0.1 /Admin/Advertising/addadvertising.php
INFO: [ app_init ] --START--
INFO: Run Behavior\BuildLiteBehavior [ RunTime:0.000020s ]
INFO: [ app_init ] --END-- [ RunTime:0.000119s ]

[ 2017-02-10T11:01:15+08:00 ] 127.0.0.1 /Admin/Advertising/addadvertising.php
INFO: [ app_init ] --START--
INFO: Run Behavior\BuildLiteBehavior [ RunTime:0.000019s ]
INFO: [ app_init ] --END-- [ RunTime:0.000118s ]

[ 2017-02-10T11:01:15+08:00 ] 127.0.0.1 /Admin/Advertising/js/jquery-1.11.3.min.js
INFO: [ app_init ] --START--
INFO: Run Behavior\BuildLiteBehavior [ RunTime:0.000024s ]
INFO: [ app_init ] --END-- [ RunTime:0.000153s ]
ERR: 非法操作:js

[ 2017-02-10T11:01:15+08:00 ] 127.0.0.1 /Admin/Advertising/js/locales/foundation-datepicker.zh-CN.js
INFO: [ app_init ] --START--
INFO: Run Behavior\BuildLiteBehavior [ RunTime:0.000023s ]
INFO: [ app_init ] --END-- [ RunTime:0.000151s ]
ERR: 非法操作:js

[ 2017-02-10T11:01:15+08:00 ] 127.0.0.1 /Admin/Advertising/js/foundation-datepicker.js
INFO: [ app_init ] --START--
INFO: Run Behavior\BuildLiteBehavior [ RunTime:0.000019s ]
INFO: [ app_init ] --END-- [ RunTime:0.000125s ]
ERR: 非法操作:js

[ 2017-02-10T11:01:15+08:00 ] 127.0.0.1 /Admin/Advertising/js/locales/foundation-datepicker.zh-CN.js
INFO: [ app_init ] --START--
INFO: Run Behavior\BuildLiteBehavior [ RunTime:0.000019s ]
INFO: [ app_init ] --END-- [ RunTime:0.000110s ]
ERR: 非法操作:js

[ 2017-02-10T11:03:16+08:00 ] 127.0.0.1 /Admin/Advertising/addadvertising.php
INFO: [ app_init ] --START--
INFO: Run Behavior\BuildLiteBehavior [ RunTime:0.000018s ]
INFO: [ app_init ] --END-- [ RunTime:0.000115s ]

[ 2017-02-10T11:03:16+08:00 ] 127.0.0.1 /Admin/Advertising/js/jquery-1.11.3.min.js
INFO: [ app_init ] --START--
INFO: Run Behavior\BuildLiteBehavior [ RunTime:0.000037s ]
INFO: [ app_init ] --END-- [ RunTime:0.000294s ]
ERR: 非法操作:js

[ 2017-02-10T11:03:16+08:00 ] 127.0.0.1 /Admin/Advertising/js/foundation-datepicker.js
INFO: [ app_init ] --START--
INFO: Run Behavior\BuildLiteBehavior [ RunTime:0.000022s ]
INFO: [ app_init ] --END-- [ RunTime:0.000160s ]
ERR: 非法操作:js

[ 2017-02-10T11:03:16+08:00 ] 127.0.0.1 /Admin/Advertising/js/locales/foundation-datepicker.zh-CN.js
INFO: [ app_init ] --START--
INFO: Run Behavior\BuildLiteBehavior [ RunTime:0.000020s ]
INFO: [ app_init ] --END-- [ RunTime:0.000122s ]
ERR: 非法操作:js

[ 2017-02-10T11:03:16+08:00 ] 127.0.0.1 /Admin/Advertising/js/jquery-1.11.3.min.js
INFO: [ app_init ] --START--
INFO: Run Behavior\BuildLiteBehavior [ RunTime:0.000019s ]
INFO: [ app_init ] --END-- [ RunTime:0.000129s ]
ERR: 非法操作:js

[ 2017-02-10T11:03:16+08:00 ] 127.0.0.1 /Admin/Advertising/js/foundation-datepicker.js
INFO: [ app_init ] --START--
INFO: Run Behavior\BuildLiteBehavior [ RunTime:0.000019s ]
INFO: [ app_init ] --END-- [ RunTime:0.000180s ]
ERR: 非法操作:js

[ 2017-02-10T11:03:16+08:00 ] 127.0.0.1 /Admin/Advertising/js/locales/foundation-datepicker.zh-CN.js
INFO: [ app_init ] --START--
INFO: Run Behavior\BuildLiteBehavior [ RunTime:0.000017s ]
INFO: [ app_init ] --END-- [ RunTime:0.000104s ]
ERR: 非法操作:js

[ 2017-02-10T11:03:33+08:00 ] 127.0.0.1 /Admin/Advertising/addadvertising.php
INFO: [ app_init ] --START--
INFO: Run Behavior\BuildLiteBehavior [ RunTime:0.000020s ]
INFO: [ app_init ] --END-- [ RunTime:0.000117s ]

[ 2017-02-10T11:03:33+08:00 ] 127.0.0.1 /Admin/Advertising/js/jquery-1.11.3.min.js
INFO: [ app_init ] --START--
INFO: Run Behavior\BuildLiteBehavior [ RunTime:0.000035s ]
INFO: [ app_init ] --END-- [ RunTime:0.000144s ]
ERR: 非法操作:js

[ 2017-02-10T11:03:33+08:00 ] 127.0.0.1 /Admin/Advertising/js/foundation-datepicker.js
INFO: [ app_init ] --START--
INFO: Run Behavior\BuildLiteBehavior [ RunTime:0.000023s ]
INFO: [ app_init ] --END-- [ RunTime:0.000134s ]
ERR: 非法操作:js

[ 2017-02-10T11:03:33+08:00 ] 127.0.0.1 /Admin/Advertising/js/locales/foundation-datepicker.zh-CN.js
INFO: [ app_init ] --START--
INFO: Run Behavior\BuildLiteBehavior [ RunTime:0.000019s ]
INFO: [ app_init ] --END-- [ RunTime:0.000123s ]
ERR: 非法操作:js

[ 2017-02-10T11:03:33+08:00 ] 127.0.0.1 /Admin/Advertising/js/jquery-1.11.3.min.js
INFO: [ app_init ] --START--
INFO: Run Behavior\BuildLiteBehavior [ RunTime:0.000038s ]
INFO: [ app_init ] --END-- [ RunTime:0.000196s ]
ERR: 非法操作:js

[ 2017-02-10T11:03:33+08:00 ] 127.0.0.1 /Admin/Advertising/js/foundation-datepicker.js
INFO: [ app_init ] --START--
INFO: Run Behavior\BuildLiteBehavior [ RunTime:0.000021s ]
INFO: [ app_init ] --END-- [ RunTime:0.000124s ]
ERR: 非法操作:js

[ 2017-02-10T11:03:33+08:00 ] 127.0.0.1 /Admin/Advertising/js/locales/foundation-datepicker.zh-CN.js
INFO: [ app_init ] --START--
INFO: Run Behavior\BuildLiteBehavior [ RunTime:0.000021s ]
INFO: [ app_init ] --END-- [ RunTime:0.000122s ]
ERR: 非法操作:js

[ 2017-02-10T11:05:15+08:00 ] 127.0.0.1 /Admin/Advertising/addadvertising.php
INFO: [ app_init ] --START--
INFO: Run Behavior\BuildLiteBehavior [ RunTime:0.000021s ]
INFO: [ app_init ] --END-- [ RunTime:0.000129s ]

[ 2017-02-10T11:05:15+08:00 ] 127.0.0.1 /Admin/Advertising/js/jquery-1.11.3.min.js
INFO: [ app_init ] --START--
INFO: Run Behavior\BuildLiteBehavior [ RunTime:0.000020s ]
INFO: [ app_init ] --END-- [ RunTime:0.000115s ]
ERR: 非法操作:js

[ 2017-02-10T11:05:15+08:00 ] 127.0.0.1 /Admin/Advertising/js/locales/foundation-datepicker.zh-CN.js
INFO: [ app_init ] --START--
INFO: Run Behavior\BuildLiteBehavior [ RunTime:0.000029s ]
INFO: [ app_init ] --END-- [ RunTime:0.000150s ]
ERR: 非法操作:js

[ 2017-02-10T11:05:15+08:00 ] 127.0.0.1 /Admin/Advertising/js/foundation-datepicker.js
INFO: [ app_init ] --START--
INFO: Run Behavior\BuildLiteBehavior [ RunTime:0.000021s ]
INFO: [ app_init ] --END-- [ RunTime:0.000129s ]
ERR: 非法操作:js

[ 2017-02-10T11:05:15+08:00 ] 127.0.0.1 /Admin/Advertising/js/jquery-1.11.3.min.js
INFO: [ app_init ] --START--
INFO: Run Behavior\BuildLiteBehavior [ RunTime:0.000046s ]
INFO: [ app_init ] --END-- [ RunTime:0.000193s ]
ERR: 非法操作:js

[ 2017-02-10T11:05:15+08:00 ] 127.0.0.1 /Admin/Advertising/js/foundation-datepicker.js
INFO: [ app_init ] --START--
INFO: Run Behavior\BuildLiteBehavior [ RunTime:0.000019s ]
INFO: [ app_init ] --END-- [ RunTime:0.000109s ]
ERR: 非法操作:js

[ 2017-02-10T11:05:15+08:00 ] 127.0.0.1 /Admin/Advertising/js/locales/foundation-datepicker.zh-CN.js
INFO: [ app_init ] --START--
INFO: Run Behavior\BuildLiteBehavior [ RunTime:0.000019s ]
INFO: [ app_init ] --END-- [ RunTime:0.000110s ]
ERR: 非法操作:js

[ 2017-02-10T11:09:09+08:00 ] 127.0.0.1 /Admin/Advertising/addadvertising.php
INFO: [ app_init ] --START--
INFO: Run Behavior\BuildLiteBehavior [ RunTime:0.000024s ]
INFO: [ app_init ] --END-- [ RunTime:0.000119s ]

[ 2017-02-10T11:10:38+08:00 ] 127.0.0.1 /Admin/Advertising/addadvertising.php
INFO: [ app_init ] --START--
INFO: Run Behavior\BuildLiteBehavior [ RunTime:0.000017s ]
INFO: [ app_init ] --END-- [ RunTime:0.000106s ]

[ 2017-02-10T11:10:43+08:00 ] 127.0.0.1 /Admin/Advertising/addadvertising.php
INFO: [ app_init ] --START--
INFO: Run Behavior\BuildLiteBehavior [ RunTime:0.000019s ]
INFO: [ app_init ] --END-- [ RunTime:0.000113s ]

[ 2017-02-10T11:11:49+08:00 ] 127.0.0.1 /Admin/Advertising/addadvertising.php
INFO: [ app_init ] --START--
INFO: Run Behavior\BuildLiteBehavior [ RunTime:0.000018s ]
INFO: [ app_init ] --END-- [ RunTime:0.000116s ]

[ 2017-02-10T11:12:15+08:00 ] 127.0.0.1 /Admin/Advertising/addadvertising.php
INFO: [ app_init ] --START--
INFO: Run Behavior\BuildLiteBehavior [ RunTime:0.000040s ]
INFO: [ app_init ] --END-- [ RunTime:0.000176s ]

[ 2017-02-10T11:12:58+08:00 ] 127.0.0.1 /Admin/Advertising/addadvertising.php
INFO: [ app_init ] --START--
INFO: Run Behavior\BuildLiteBehavior [ RunTime:0.000022s ]
INFO: [ app_init ] --END-- [ RunTime:0.000133s ]

[ 2017-02-10T11:13:30+08:00 ] 127.0.0.1 /Admin/Advertising/addadvertising.php
INFO: [ app_init ] --START--
INFO: Run Behavior\BuildLiteBehavior [ RunTime:0.000020s ]
INFO: [ app_init ] --END-- [ RunTime:0.000118s ]

[ 2017-02-10T11:18:30+08:00 ] 127.0.0.1 /Admin/Advertising/addadvertising.php
INFO: [ app_init ] --START--
INFO: Run Behavior\BuildLiteBehavior [ RunTime:0.000019s ]
INFO: [ app_init ] --END-- [ RunTime:0.000117s ]

[ 2017-02-10T11:18:45+08:00 ] 127.0.0.1 /Admin/Advertising/addadvertising.php
INFO: [ app_init ] --START--
INFO: Run Behavior\BuildLiteBehavior [ RunTime:0.000051s ]
INFO: [ app_init ] --END-- [ RunTime:0.000309s ]

[ 2017-02-10T11:18:49+08:00 ] 127.0.0.1 /Admin/Advertising/addadvertising.php
INFO: [ app_init ] --START--
INFO: Run Behavior\BuildLiteBehavior [ RunTime:0.000041s ]
INFO: [ app_init ] --END-- [ RunTime:0.000246s ]

[ 2017-02-10T11:19:31+08:00 ] 127.0.0.1 /Admin/Advertising/addadvertising.php
INFO: [ app_init ] --START--
INFO: Run Behavior\BuildLiteBehavior [ RunTime:0.000023s ]
INFO: [ app_init ] --END-- [ RunTime:0.000192s ]

[ 2017-02-10T11:23:45+08:00 ] 127.0.0.1 /Admin/Advertising/addadvertising.php
INFO: [ app_init ] --START--
INFO: Run Behavior\BuildLiteBehavior [ RunTime:0.000022s ]
INFO: [ app_init ] --END-- [ RunTime:0.000128s ]

[ 2017-02-10T11:23:54+08:00 ] 127.0.0.1 /Admin/Advertising/addadvertising.php
INFO: [ app_init ] --START--
INFO: Run Behavior\BuildLiteBehavior [ RunTime:0.000018s ]
INFO: [ app_init ] --END-- [ RunTime:0.000117s ]

[ 2017-02-10T11:25:24+08:00 ] 127.0.0.1 /Admin/Advertising/addadvertising.php
INFO: [ app_init ] --START--
INFO: Run Behavior\BuildLiteBehavior [ RunTime:0.000020s ]
INFO: [ app_init ] --END-- [ RunTime:0.000117s ]

[ 2017-02-10T11:25:38+08:00 ] 127.0.0.1 /Admin/Advertising/addadvertising.php
INFO: [ app_init ] --START--
INFO: Run Behavior\BuildLiteBehavior [ RunTime:0.000020s ]
INFO: [ app_init ] --END-- [ RunTime:0.000118s ]

[ 2017-02-10T11:29:30+08:00 ] 127.0.0.1 /Admin/Advertising/addadvertising.php
INFO: [ app_init ] --START--
INFO: Run Behavior\BuildLiteBehavior [ RunTime:0.000019s ]
INFO: [ app_init ] --END-- [ RunTime:0.000119s ]

[ 2017-02-10T11:29:34+08:00 ] 127.0.0.1 /Admin/Advertising/addadvertising.php
INFO: [ app_init ] --START--
INFO: Run Behavior\BuildLiteBehavior [ RunTime:0.000056s ]
INFO: [ app_init ] --END-- [ RunTime:0.000304s ]

[ 2017-02-10T11:29:36+08:00 ] 127.0.0.1 /Admin/Advertising/addadvertising.php
INFO: [ app_init ] --START--
INFO: Run Behavior\BuildLiteBehavior [ RunTime:0.000018s ]
INFO: [ app_init ] --END-- [ RunTime:0.000108s ]

[ 2017-02-10T11:29:53+08:00 ] 127.0.0.1 /Admin/Advertising/addadvertising.php
INFO: [ app_init ] --START--
INFO: Run Behavior\BuildLiteBehavior [ RunTime:0.000019s ]
INFO: [ app_init ] --END-- [ RunTime:0.000116s ]

[ 2017-02-10T11:29:55+08:00 ] 127.0.0.1 /Admin/Advertising/addadvertising.php
INFO: [ app_init ] --START--
INFO: Run Behavior\BuildLiteBehavior [ RunTime:0.000020s ]
INFO: [ app_init ] --END-- [ RunTime:0.000118s ]

[ 2017-02-10T11:30:00+08:00 ] 127.0.0.1 /Admin/Advertising/addadvertising.php
INFO: [ app_init ] --START--
INFO: Run Behavior\BuildLiteBehavior [ RunTime:0.000020s ]
INFO: [ app_init ] --END-- [ RunTime:0.000120s ]

[ 2017-02-10T11:31:20+08:00 ] 127.0.0.1 /Admin/Advertising/addadvertising.php
INFO: [ app_init ] --START--
INFO: Run Behavior\BuildLiteBehavior [ RunTime:0.000020s ]
INFO: [ app_init ] --END-- [ RunTime:0.000119s ]

[ 2017-02-10T11:33:20+08:00 ] 127.0.0.1 /Admin/Advertising/addadvertising.php
INFO: [ app_init ] --START--
INFO: Run Behavior\BuildLiteBehavior [ RunTime:0.000020s ]
INFO: [ app_init ] --END-- [ RunTime:0.000124s ]

[ 2017-02-10T11:33:21+08:00 ] 127.0.0.1 /Admin/Advertising/addadvertising.php
INFO: [ app_init ] --START--
INFO: Run Behavior\BuildLiteBehavior [ RunTime:0.000018s ]
INFO: [ app_init ] --END-- [ RunTime:0.000109s ]

[ 2017-02-10T11:33:53+08:00 ] 127.0.0.1 /Admin/Advertising/addadvertising.php
INFO: [ app_init ] --START--
INFO: Run Behavior\BuildLiteBehavior [ RunTime:0.000019s ]
INFO: [ app_init ] --END-- [ RunTime:0.000120s ]

[ 2017-02-10T11:37:15+08:00 ] 127.0.0.1 /Admin/Advertising/addadvertising.php
INFO: [ app_init ] --START--
INFO: Run Behavior\BuildLiteBehavior [ RunTime:0.000022s ]
INFO: [ app_init ] --END-- [ RunTime:0.000129s ]

[ 2017-02-10T11:38:54+08:00 ] 127.0.0.1 /Admin/Advertising/addadvertising.php
INFO: [ app_init ] --START--
INFO: Run Behavior\BuildLiteBehavior [ RunTime:0.000020s ]
INFO: [ app_init ] --END-- [ RunTime:0.000124s ]

[ 2017-02-10T11:39:15+08:00 ] 127.0.0.1 /Admin/Advertising/addadvertising.php
INFO: [ app_init ] --START--
INFO: Run Behavior\BuildLiteBehavior [ RunTime:0.000020s ]
INFO: [ app_init ] --END-- [ RunTime:0.000120s ]

[ 2017-02-10T11:39:28+08:00 ] 127.0.0.1 /Admin/Advertising/addadvertising.php
INFO: [ app_init ] --START--
INFO: Run Behavior\BuildLiteBehavior [ RunTime:0.000021s ]
INFO: [ app_init ] --END-- [ RunTime:0.000123s ]

[ 2017-02-10T11:39:39+08:00 ] 127.0.0.1 /Admin/Advertising/addadvertising.php
INFO: [ app_init ] --START--
INFO: Run Behavior\BuildLiteBehavior [ RunTime:0.000019s ]
INFO: [ app_init ] --END-- [ RunTime:0.000123s ]

[ 2017-02-10T11:40:14+08:00 ] 127.0.0.1 /Admin/Advertising/addadvertising.php
INFO: [ app_init ] --START--
INFO: Run Behavior\BuildLiteBehavior [ RunTime:0.000019s ]
INFO: [ app_init ] --END-- [ RunTime:0.000117s ]

[ 2017-02-10T11:40:31+08:00 ] 127.0.0.1 /Admin/Advertising/addadvertising.php
INFO: [ app_init ] --START--
INFO: Run Behavior\BuildLiteBehavior [ RunTime:0.000020s ]
INFO: [ app_init ] --END-- [ RunTime:0.000115s ]

[ 2017-02-10T11:41:16+08:00 ] 127.0.0.1 /Admin/Advertising/addadvertising.php
INFO: [ app_init ] --START--
INFO: Run Behavior\BuildLiteBehavior [ RunTime:0.000019s ]
INFO: [ app_init ] --END-- [ RunTime:0.000116s ]

[ 2017-02-10T11:41:30+08:00 ] 127.0.0.1 /Admin/Advertising/addadvertising.php
INFO: [ app_init ] --START--
INFO: Run Behavior\BuildLiteBehavior [ RunTime:0.000019s ]
INFO: [ app_init ] --END-- [ RunTime:0.000115s ]

[ 2017-02-10T11:42:05+08:00 ] 127.0.0.1 /Admin/Advertising/addadvertising.php
INFO: [ app_init ] --START--
INFO: Run Behavior\BuildLiteBehavior [ RunTime:0.000020s ]
INFO: [ app_init ] --END-- [ RunTime:0.000128s ]

[ 2017-02-10T11:42:23+08:00 ] 127.0.0.1 /Admin/Advertising/addadvertising.php
INFO: [ app_init ] --START--
INFO: Run Behavior\BuildLiteBehavior [ RunTime:0.000019s ]
INFO: [ app_init ] --END-- [ RunTime:0.000118s ]

[ 2017-02-10T11:43:12+08:00 ] 127.0.0.1 /Admin/Advertising/addadvertising.php
INFO: [ app_init ] --START--
INFO: Run Behavior\BuildLiteBehavior [ RunTime:0.000019s ]
INFO: [ app_init ] --END-- [ RunTime:0.000115s ]

[ 2017-02-10T11:43:33+08:00 ] 127.0.0.1 /Admin/Advertising/addadvertising.php
INFO: [ app_init ] --START--
INFO: Run Behavior\BuildLiteBehavior [ RunTime:0.000018s ]
INFO: [ app_init ] --END-- [ RunTime:0.000114s ]

[ 2017-02-10T11:44:13+08:00 ] 127.0.0.1 /Admin/Advertising/addadvertising.php
INFO: [ app_init ] --START--
INFO: Run Behavior\BuildLiteBehavior [ RunTime:0.000020s ]
INFO: [ app_init ] --END-- [ RunTime:0.000119s ]

[ 2017-02-10T11:44:45+08:00 ] 127.0.0.1 /Admin/Advertising/addadvertising.php
INFO: [ app_init ] --START--
INFO: Run Behavior\BuildLiteBehavior [ RunTime:0.000021s ]
INFO: [ app_init ] --END-- [ RunTime:0.000124s ]

[ 2017-02-10T11:45:16+08:00 ] 127.0.0.1 /Admin/Advertising/addadvertising.php
INFO: [ app_init ] --START--
INFO: Run Behavior\BuildLiteBehavior [ RunTime:0.000027s ]
INFO: [ app_init ] --END-- [ RunTime:0.000146s ]

[ 2017-02-10T11:45:26+08:00 ] 127.0.0.1 /Admin/Advertising/addadvertising.php
INFO: [ app_init ] --START--
INFO: Run Behavior\BuildLiteBehavior [ RunTime:0.000019s ]
INFO: [ app_init ] --END-- [ RunTime:0.000115s ]

[ 2017-02-10T11:45:39+08:00 ] 127.0.0.1 /Admin/Advertising/addadvertising.php
INFO: [ app_init ] --START--
INFO: Run Behavior\BuildLiteBehavior [ RunTime:0.000021s ]
INFO: [ app_init ] --END-- [ RunTime:0.000128s ]

[ 2017-02-10T11:46:13+08:00 ] 127.0.0.1 /Admin/Advertising/addadvertising.php
INFO: [ app_init ] --START--
INFO: Run Behavior\BuildLiteBehavior [ RunTime:0.000019s ]
INFO: [ app_init ] --END-- [ RunTime:0.000117s ]

[ 2017-02-10T11:47:08+08:00 ] 127.0.0.1 /Admin/Advertising/addadvertising.php
INFO: [ app_init ] --START--
INFO: Run Behavior\BuildLiteBehavior [ RunTime:0.000022s ]
INFO: [ app_init ] --END-- [ RunTime:0.000129s ]

[ 2017-02-10T11:48:07+08:00 ] 127.0.0.1 /Admin/Advertising/addadvertising.php
INFO: [ app_init ] --START--
INFO: Run Behavior\BuildLiteBehavior [ RunTime:0.000020s ]
INFO: [ app_init ] --END-- [ RunTime:0.000117s ]

[ 2017-02-10T11:49:17+08:00 ] 127.0.0.1 /Admin/Advertising/addadvertising.php
INFO: [ app_init ] --START--
INFO: Run Behavior\BuildLiteBehavior [ RunTime:0.000019s ]
INFO: [ app_init ] --END-- [ RunTime:0.000117s ]

[ 2017-02-10T11:49:32+08:00 ] 127.0.0.1 /Admin/Advertising/addadvertising.php
INFO: [ app_init ] --START--
INFO: Run Behavior\BuildLiteBehavior [ RunTime:0.000021s ]
INFO: [ app_init ] --END-- [ RunTime:0.000130s ]

[ 2017-02-10T11:50:24+08:00 ] 127.0.0.1 /Admin/Advertising/addadvertising.php
INFO: [ app_init ] --START--
INFO: Run Behavior\BuildLiteBehavior [ RunTime:0.000019s ]
INFO: [ app_init ] --END-- [ RunTime:0.000115s ]

[ 2017-02-10T11:51:03+08:00 ] 127.0.0.1 /Admin/Advertising/addadvertising.php
INFO: [ app_init ] --START--
INFO: Run Behavior\BuildLiteBehavior [ RunTime:0.000018s ]
INFO: [ app_init ] --END-- [ RunTime:0.000113s ]

[ 2017-02-10T11:51:20+08:00 ] 127.0.0.1 /Admin/Advertising/addadvertising.php
INFO: [ app_init ] --START--
INFO: Run Behavior\BuildLiteBehavior [ RunTime:0.000019s ]
INFO: [ app_init ] --END-- [ RunTime:0.000115s ]

[ 2017-02-10T11:51:51+08:00 ] 127.0.0.1 /Admin/Advertising/addadvertising.php
INFO: [ app_init ] --START--
INFO: Run Behavior\BuildLiteBehavior [ RunTime:0.000020s ]
INFO: [ app_init ] --END-- [ RunTime:0.000122s ]

[ 2017-02-10T11:52:16+08:00 ] 127.0.0.1 /Admin/Advertising/addadvertising.php
INFO: [ app_init ] --START--
INFO: Run Behavior\BuildLiteBehavior [ RunTime:0.000022s ]
INFO: [ app_init ] --END-- [ RunTime:0.000134s ]

[ 2017-02-10T11:52:22+08:00 ] 127.0.0.1 /Admin/Advertising/addadvertising.php
INFO: [ app_init ] --START--
INFO: Run Behavior\BuildLiteBehavior [ RunTime:0.000020s ]
INFO: [ app_init ] --END-- [ RunTime:0.000115s ]

[ 2017-02-10T11:54:37+08:00 ] 127.0.0.1 /Admin/Advertising/addadvertising.php
INFO: [ app_init ] --START--
INFO: Run Behavior\BuildLiteBehavior [ RunTime:0.000021s ]
INFO: [ app_init ] --END-- [ RunTime:0.000120s ]

[ 2017-02-10T11:55:13+08:00 ] 127.0.0.1 /Admin/Advertising/addadvertising.php
INFO: [ app_init ] --START--
INFO: Run Behavior\BuildLiteBehavior [ RunTime:0.000019s ]
INFO: [ app_init ] --END-- [ RunTime:0.000115s ]

[ 2017-02-10T11:55:17+08:00 ] 127.0.0.1 /Admin/Advertising/addadvertising.php
INFO: [ app_init ] --START--
INFO: Run Behavior\BuildLiteBehavior [ RunTime:0.000021s ]
INFO: [ app_init ] --END-- [ RunTime:0.000127s ]

[ 2017-02-10T11:55:37+08:00 ] 127.0.0.1 /Admin/Advertising/addadvertising.php
INFO: [ app_init ] --START--
INFO: Run Behavior\BuildLiteBehavior [ RunTime:0.000020s ]
INFO: [ app_init ] --END-- [ RunTime:0.000120s ]

[ 2017-02-10T11:55:54+08:00 ] 127.0.0.1 /Admin/Advertising/addadvertising.php
INFO: [ app_init ] --START--
INFO: Run Behavior\BuildLiteBehavior [ RunTime:0.000020s ]
INFO: [ app_init ] --END-- [ RunTime:0.000125s ]

[ 2017-02-10T11:56:04+08:00 ] 127.0.0.1 /Admin/Advertising/addadvertising.php
INFO: [ app_init ] --START--
INFO: Run Behavior\BuildLiteBehavior [ RunTime:0.000022s ]
INFO: [ app_init ] --END-- [ RunTime:0.000127s ]

[ 2017-02-10T11:56:36+08:00 ] 127.0.0.1 /Admin/Advertising/addadvertising.php
INFO: [ app_init ] --START--
INFO: Run Behavior\BuildLiteBehavior [ RunTime:0.000020s ]
INFO: [ app_init ] --END-- [ RunTime:0.000115s ]

[ 2017-02-10T11:56:50+08:00 ] 127.0.0.1 /Admin/Advertising/addadvertising.php
INFO: [ app_init ] --START--
INFO: Run Behavior\BuildLiteBehavior [ RunTime:0.000019s ]
INFO: [ app_init ] --END-- [ RunTime:0.000116s ]

[ 2017-02-10T11:57:00+08:00 ] 127.0.0.1 /Admin/Advertising/addadvertising.php
INFO: [ app_init ] --START--
INFO: Run Behavior\BuildLiteBehavior [ RunTime:0.000021s ]
INFO: [ app_init ] --END-- [ RunTime:0.000126s ]

[ 2017-02-10T11:57:10+08:00 ] 127.0.0.1 /Admin/Advertising/addadvertising.php
INFO: [ app_init ] --START--
INFO: Run Behavior\BuildLiteBehavior [ RunTime:0.000056s ]
INFO: [ app_init ] --END-- [ RunTime:0.000198s ]

[ 2017-02-10T11:58:07+08:00 ] 127.0.0.1 /Admin/Advertising/addadvertising.php
INFO: [ app_init ] --START--
INFO: Run Behavior\BuildLiteBehavior [ RunTime:0.000020s ]
INFO: [ app_init ] --END-- [ RunTime:0.000121s ]

[ 2017-02-10T11:58:36+08:00 ] 127.0.0.1 /Admin/Advertising/addadvertising.php
INFO: [ app_init ] --START--
INFO: Run Behavior\BuildLiteBehavior [ RunTime:0.000024s ]
INFO: [ app_init ] --END-- [ RunTime:0.000129s ]

[ 2017-02-10T11:59:19+08:00 ] 127.0.0.1 /Admin/Advertising/addadvertising.php
INFO: [ app_init ] --START--
INFO: Run Behavior\BuildLiteBehavior [ RunTime:0.000019s ]
INFO: [ app_init ] --END-- [ RunTime:0.000116s ]

[ 2017-02-10T11:59:36+08:00 ] 127.0.0.1 /Admin/Advertising/addadvertising.php
INFO: [ app_init ] --START--
INFO: Run Behavior\BuildLiteBehavior [ RunTime:0.000020s ]
INFO: [ app_init ] --END-- [ RunTime:0.000117s ]

[ 2017-02-10T12:00:00+08:00 ] 127.0.0.1 /Admin/Advertising/addadvertising.php
INFO: [ app_init ] --START--
INFO: Run Behavior\BuildLiteBehavior [ RunTime:0.000020s ]
INFO: [ app_init ] --END-- [ RunTime:0.000122s ]

[ 2017-02-10T12:00:26+08:00 ] 127.0.0.1 /Admin/Advertising/addadvertising.php
INFO: [ app_init ] --START--
INFO: Run Behavior\BuildLiteBehavior [ RunTime:0.000020s ]
INFO: [ app_init ] --END-- [ RunTime:0.000115s ]

[ 2017-02-10T12:18:28+08:00 ] 127.0.0.1 /Admin/Advertising/addadvertising.php
INFO: [ app_init ] --START--
INFO: Run Behavior\BuildLiteBehavior [ RunTime:0.000020s ]
INFO: [ app_init ] --END-- [ RunTime:0.000120s ]

[ 2017-02-10T12:21:15+08:00 ] 127.0.0.1 /Admin/Advertising/addadvertising.php
INFO: [ app_init ] --START--
INFO: Run Behavior\BuildLiteBehavior [ RunTime:0.000019s ]
INFO: [ app_init ] --END-- [ RunTime:0.000116s ]

[ 2017-02-10T12:22:47+08:00 ] 127.0.0.1 /Admin/Classify/addclassify.php
INFO: [ app_init ] --START--
INFO: Run Behavior\BuildLiteBehavior [ RunTime:0.000020s ]
INFO: [ app_init ] --END-- [ RunTime:0.000118s ]

[ 2017-02-10T12:23:09+08:00 ] 127.0.0.1 /Admin/Product/addproduct.php
INFO: [ app_init ] --START--
INFO: Run Behavior\BuildLiteBehavior [ RunTime:0.000021s ]
INFO: [ app_init ] --END-- [ RunTime:0.000119s ]

[ 2017-02-10T12:23:25+08:00 ] 127.0.0.1 /Admin/Config/index.php
INFO: [ app_init ] --START--
INFO: Run Behavior\BuildLiteBehavior [ RunTime:0.000021s ]
INFO: [ app_init ] --END-- [ RunTime:0.000123s ]

[ 2017-02-10T12:24:43+08:00 ] 127.0.0.1 /Admin/Config/index.php
INFO: [ app_init ] --START--
INFO: Run Behavior\BuildLiteBehavior [ RunTime:0.000019s ]
INFO: [ app_init ] --END-- [ RunTime:0.000111s ]

[ 2017-02-10T12:24:47+08:00 ] 127.0.0.1 /Admin/Advertising/addadvertising.php
INFO: [ app_init ] --START--
INFO: Run Behavior\BuildLiteBehavior [ RunTime:0.000019s ]
INFO: [ app_init ] --END-- [ RunTime:0.000120s ]

[ 2017-02-10T12:34:38+08:00 ] 127.0.0.1 /Admin/Advertising/addadvertising.php
INFO: [ app_init ] --START--
INFO: Run Behavior\BuildLiteBehavior [ RunTime:0.000021s ]
INFO: [ app_init ] --END-- [ RunTime:0.000126s ]

[ 2017-02-10T12:36:51+08:00 ] 127.0.0.1 /Admin/Advertising/addadvertising.php
INFO: [ app_init ] --START--
INFO: Run Behavior\BuildLiteBehavior [ RunTime:0.000020s ]
INFO: [ app_init ] --END-- [ RunTime:0.000120s ]

[ 2017-02-10T12:37:15+08:00 ] 127.0.0.1 /Admin/Advertising/addadvertising.php
INFO: [ app_init ] --START--
INFO: Run Behavior\BuildLiteBehavior [ RunTime:0.000020s ]
INFO: [ app_init ] --END-- [ RunTime:0.000122s ]

[ 2017-02-10T12:37:30+08:00 ] 127.0.0.1 /Admin/Advertising/addadvertising.php
INFO: [ app_init ] --START--
INFO: Run Behavior\BuildLiteBehavior [ RunTime:0.000018s ]
INFO: [ app_init ] --END-- [ RunTime:0.000114s ]

[ 2017-02-10T12:37:43+08:00 ] 127.0.0.1 /Admin/Advertising/addadvertising.php
INFO: [ app_init ] --START--
INFO: Run Behavior\BuildLiteBehavior [ RunTime:0.000020s ]
INFO: [ app_init ] --END-- [ RunTime:0.000117s ]

[ 2017-02-10T12:37:46+08:00 ] 127.0.0.1 /Admin/Advertising/addadvertising.php
INFO: [ app_init ] --START--
INFO: Run Behavior\BuildLiteBehavior [ RunTime:0.000032s ]
INFO: [ app_init ] --END-- [ RunTime:0.000284s ]

[ 2017-02-10T12:37:51+08:00 ] 127.0.0.1 /Admin/Advertising/addadvertising.php
INFO: [ app_init ] --START--
INFO: Run Behavior\BuildLiteBehavior [ RunTime:0.000027s ]
INFO: [ app_init ] --END-- [ RunTime:0.000148s ]

[ 2017-02-10T12:37:59+08:00 ] 127.0.0.1 /Admin/Advertising/addadvertising.php
INFO: [ app_init ] --START--
INFO: Run Behavior\BuildLiteBehavior [ RunTime:0.000021s ]
INFO: [ app_init ] --END-- [ RunTime:0.000120s ]

[ 2017-02-10T12:39:05+08:00 ] 127.0.0.1 /Admin/Advertising/addadvertising.php
INFO: [ app_init ] --START--
INFO: Run Behavior\BuildLiteBehavior [ RunTime:0.000020s ]
INFO: [ app_init ] --END-- [ RunTime:0.000127s ]

[ 2017-02-10T12:39:07+08:00 ] 127.0.0.1 /Admin/Advertising/addadvertising.php
INFO: [ app_init ] --START--
INFO: Run Behavior\BuildLiteBehavior [ RunTime:0.000029s ]
INFO: [ app_init ] --END-- [ RunTime:0.000177s ]

[ 2017-02-10T12:39:13+08:00 ] 127.0.0.1 /Admin/Advertising/addadvertising.php
INFO: [ app_init ] --START--
INFO: Run Behavior\BuildLiteBehavior [ RunTime:0.000020s ]
INFO: [ app_init ] --END-- [ RunTime:0.000121s ]

[ 2017-02-10T12:39:20+08:00 ] 127.0.0.1 /Admin/Advertising/addadvertising.php
INFO: [ app_init ] --START--
INFO: Run Behavior\BuildLiteBehavior [ RunTime:0.000019s ]
INFO: [ app_init ] --END-- [ RunTime:0.000115s ]

[ 2017-02-10T12:39:31+08:00 ] 127.0.0.1 /Admin/Advertising/addadvertising.php
INFO: [ app_init ] --START--
INFO: Run Behavior\BuildLiteBehavior [ RunTime:0.000020s ]
INFO: [ app_init ] --END-- [ RunTime:0.000122s ]

[ 2017-02-10T12:39:36+08:00 ] 127.0.0.1 /Admin/Advertising/addadvertising.php
INFO: [ app_init ] --START--
INFO: Run Behavior\BuildLiteBehavior [ RunTime:0.000019s ]
INFO: [ app_init ] --END-- [ RunTime:0.000115s ]

[ 2017-02-10T12:39:37+08:00 ] 127.0.0.1 /Admin/Advertising/addadvertising.php
INFO: [ app_init ] --START--
INFO: Run Behavior\BuildLiteBehavior [ RunTime:0.000020s ]
INFO: [ app_init ] --END-- [ RunTime:0.000149s ]

[ 2017-02-10T15:20:21+08:00 ] 127.0.0.1 /Admin/Advertising/addadvertising.php
INFO: [ app_init ] --START--
INFO: Run Behavior\BuildLiteBehavior [ RunTime:0.000021s ]
INFO: [ app_init ] --END-- [ RunTime:0.000122s ]

